TCP Ping trying to connect to server 127.0.0.1 (127.0.0.1) on port 1491
 ... connected to Pong server: asking for 501 repetitions of 16384 bytes TCP messages
 ... Pong server agreed :-)
tcp_ping received 16384 bytes back
Round trip time was 0.16378 milliseconds in repetition 1
tcp_ping received 16384 bytes back
Round trip time was 0.067875 milliseconds in repetition 2
tcp_ping received 16384 bytes back
Round trip time was 0.081431 milliseconds in repetition 3
tcp_ping received 16384 bytes back
Round trip time was 0.068501 milliseconds in repetition 4
tcp_ping received 16384 bytes back
Round trip time was 0.084097 milliseconds in repetition 5
tcp_ping received 16384 bytes back
Round trip time was 0.068946 milliseconds in repetition 6
tcp_ping received 16384 bytes back
Round trip time was 0.082433 milliseconds in repetition 7
tcp_ping received 16384 bytes back
Round trip time was 0.072966 milliseconds in repetition 8
tcp_ping received 16384 bytes back
Round trip time was 0.155063 milliseconds in repetition 9
tcp_ping received 16384 bytes back
Round trip time was 0.096809 milliseconds in repetition 10
tcp_ping received 16384 bytes back
Round trip time was 0.078267 milliseconds in repetition 11
tcp_ping received 16384 bytes back
Round trip time was 0.077224 milliseconds in repetition 12
tcp_ping received 16384 bytes back
Round trip time was 0.154056 milliseconds in repetition 13
tcp_ping received 16384 bytes back
Round trip time was 0.076968 milliseconds in repetition 14
tcp_ping received 16384 bytes back
Round trip time was 0.076838 milliseconds in repetition 15
tcp_ping received 16384 bytes back
Round trip time was 0.1167 milliseconds in repetition 16
tcp_ping received 16384 bytes back
Round trip time was 0.089586 milliseconds in repetition 17
tcp_ping received 16384 bytes back
Round trip time was 0.094785 milliseconds in repetition 18
tcp_ping received 16384 bytes back
Round trip time was 0.267236 milliseconds in repetition 19
tcp_ping received 16384 bytes back
Round trip time was 0.096818 milliseconds in repetition 20
tcp_ping received 16384 bytes back
Round trip time was 0.206906 milliseconds in repetition 21
tcp_ping received 16384 bytes back
Round trip time was 0.19863 milliseconds in repetition 22
tcp_ping received 16384 bytes back
Round trip time was 0.143015 milliseconds in repetition 23
tcp_ping received 16384 bytes back
Round trip time was 0.162315 milliseconds in repetition 24
tcp_ping received 16384 bytes back
Round trip time was 0.537868 milliseconds in repetition 25
tcp_ping received 16384 bytes back
Round trip time was 0.240957 milliseconds in repetition 26
tcp_ping received 16384 bytes back
Round trip time was 0.444422 milliseconds in repetition 27
tcp_ping received 16384 bytes back
Round trip time was 0.3254 milliseconds in repetition 28
tcp_ping received 16384 bytes back
Round trip time was 0.224679 milliseconds in repetition 29
tcp_ping received 16384 bytes back
Round trip time was 0.244476 milliseconds in repetition 30
tcp_ping received 16384 bytes back
Round trip time was 0.227092 milliseconds in repetition 31
tcp_ping received 16384 bytes back
Round trip time was 0.219624 milliseconds in repetition 32
tcp_ping received 16384 bytes back
Round trip time was 0.199118 milliseconds in repetition 33
tcp_ping received 16384 bytes back
Round trip time was 0.311552 milliseconds in repetition 34
tcp_ping received 16384 bytes back
Round trip time was 0.141699 milliseconds in repetition 35
tcp_ping received 16384 bytes back
Round trip time was 0.164197 milliseconds in repetition 36
tcp_ping received 16384 bytes back
Round trip time was 0.223986 milliseconds in repetition 37
tcp_ping received 16384 bytes back
Round trip time was 0.154978 milliseconds in repetition 38
tcp_ping received 16384 bytes back
Round trip time was 0.141159 milliseconds in repetition 39
tcp_ping received 16384 bytes back
Round trip time was 0.120192 milliseconds in repetition 40
tcp_ping received 16384 bytes back
Round trip time was 0.288766 milliseconds in repetition 41
tcp_ping received 16384 bytes back
Round trip time was 0.192709 milliseconds in repetition 42
tcp_ping received 16384 bytes back
Round trip time was 0.12918 milliseconds in repetition 43
tcp_ping received 16384 bytes back
Round trip time was 0.105614 milliseconds in repetition 44
tcp_ping received 16384 bytes back
Round trip time was 0.202777 milliseconds in repetition 45
tcp_ping received 16384 bytes back
Round trip time was 0.075166 milliseconds in repetition 46
tcp_ping received 16384 bytes back
Round trip time was 0.148994 milliseconds in repetition 47
tcp_ping received 16384 bytes back
Round trip time was 0.070285 milliseconds in repetition 48
tcp_ping received 16384 bytes back
Round trip time was 0.072857 milliseconds in repetition 49
tcp_ping received 16384 bytes back
Round trip time was 0.085064 milliseconds in repetition 50
tcp_ping received 16384 bytes back
Round trip time was 0.087666 milliseconds in repetition 51
tcp_ping received 16384 bytes back
Round trip time was 0.072795 milliseconds in repetition 52
tcp_ping received 16384 bytes back
Round trip time was 0.08217 milliseconds in repetition 53
tcp_ping received 16384 bytes back
Round trip time was 0.184002 milliseconds in repetition 54
tcp_ping received 16384 bytes back
Round trip time was 0.268525 milliseconds in repetition 55
tcp_ping received 16384 bytes back
Round trip time was 0.137447 milliseconds in repetition 56
tcp_ping received 16384 bytes back
Round trip time was 0.114314 milliseconds in repetition 57
tcp_ping received 16384 bytes back
Round trip time was 0.125089 milliseconds in repetition 58
tcp_ping received 16384 bytes back
Round trip time was 0.349723 milliseconds in repetition 59
tcp_ping received 16384 bytes back
Round trip time was 0.144085 milliseconds in repetition 60
tcp_ping received 16384 bytes back
Round trip time was 0.148064 milliseconds in repetition 61
tcp_ping received 16384 bytes back
Round trip time was 0.150138 milliseconds in repetition 62
tcp_ping received 16384 bytes back
Round trip time was 0.079253 milliseconds in repetition 63
tcp_ping received 16384 bytes back
Round trip time was 0.157282 milliseconds in repetition 64
tcp_ping received 16384 bytes back
Round trip time was 0.079287 milliseconds in repetition 65
tcp_ping received 16384 bytes back
Round trip time was 0.076941 milliseconds in repetition 66
tcp_ping received 16384 bytes back
Round trip time was 0.067706 milliseconds in repetition 67
tcp_ping received 16384 bytes back
Round trip time was 0.157803 milliseconds in repetition 68
tcp_ping received 16384 bytes back
Round trip time was 0.067926 milliseconds in repetition 69
tcp_ping received 16384 bytes back
Round trip time was 0.084904 milliseconds in repetition 70
tcp_ping received 16384 bytes back
Round trip time was 0.070991 milliseconds in repetition 71
tcp_ping received 16384 bytes back
Round trip time was 0.077275 milliseconds in repetition 72
tcp_ping received 16384 bytes back
Round trip time was 0.139076 milliseconds in repetition 73
tcp_ping received 16384 bytes back
Round trip time was 0.108783 milliseconds in repetition 74
tcp_ping received 16384 bytes back
Round trip time was 0.071383 milliseconds in repetition 75
tcp_ping received 16384 bytes back
Round trip time was 0.074031 milliseconds in repetition 76
tcp_ping received 16384 bytes back
Round trip time was 0.14511 milliseconds in repetition 77
tcp_ping received 16384 bytes back
Round trip time was 0.152309 milliseconds in repetition 78
tcp_ping received 16384 bytes back
Round trip time was 0.084675 milliseconds in repetition 79
tcp_ping received 16384 bytes back
Round trip time was 0.072754 milliseconds in repetition 80
tcp_ping received 16384 bytes back
Round trip time was 0.075606 milliseconds in repetition 81
tcp_ping received 16384 bytes back
Round trip time was 0.074176 milliseconds in repetition 82
tcp_ping received 16384 bytes back
Round trip time was 0.084202 milliseconds in repetition 83
tcp_ping received 16384 bytes back
Round trip time was 0.070804 milliseconds in repetition 84
tcp_ping received 16384 bytes back
Round trip time was 0.087094 milliseconds in repetition 85
tcp_ping received 16384 bytes back
Round trip time was 0.097754 milliseconds in repetition 86
tcp_ping received 16384 bytes back
Round trip time was 0.188878 milliseconds in repetition 87
tcp_ping received 16384 bytes back
Round trip time was 0.101472 milliseconds in repetition 88
tcp_ping received 16384 bytes back
Round trip time was 0.216976 milliseconds in repetition 89
tcp_ping received 16384 bytes back
Round trip time was 0.123239 milliseconds in repetition 90
tcp_ping received 16384 bytes back
Round trip time was 0.156159 milliseconds in repetition 91
tcp_ping received 16384 bytes back
Round trip time was 0.083363 milliseconds in repetition 92
tcp_ping received 16384 bytes back
Round trip time was 0.078631 milliseconds in repetition 93
tcp_ping received 16384 bytes back
Round trip time was 0.166175 milliseconds in repetition 94
tcp_ping received 16384 bytes back
Round trip time was 0.077817 milliseconds in repetition 95
tcp_ping received 16384 bytes back
Round trip time was 0.14903 milliseconds in repetition 96
tcp_ping received 16384 bytes back
Round trip time was 0.078675 milliseconds in repetition 97
tcp_ping received 16384 bytes back
Round trip time was 0.067917 milliseconds in repetition 98
tcp_ping received 16384 bytes back
Round trip time was 0.0728 milliseconds in repetition 99
tcp_ping received 16384 bytes back
Round trip time was 0.080001 milliseconds in repetition 100
tcp_ping received 16384 bytes back
Round trip time was 0.155966 milliseconds in repetition 101
tcp_ping received 16384 bytes back
Round trip time was 0.07376 milliseconds in repetition 102
tcp_ping received 16384 bytes back
Round trip time was 0.073074 milliseconds in repetition 103
tcp_ping received 16384 bytes back
Round trip time was 0.071155 milliseconds in repetition 104
tcp_ping received 16384 bytes back
Round trip time was 0.070713 milliseconds in repetition 105
tcp_ping received 16384 bytes back
Round trip time was 0.165566 milliseconds in repetition 106
tcp_ping received 16384 bytes back
Round trip time was 0.076235 milliseconds in repetition 107
tcp_ping received 16384 bytes back
Round trip time was 0.247093 milliseconds in repetition 108
tcp_ping received 16384 bytes back
Round trip time was 0.074783 milliseconds in repetition 109
tcp_ping received 16384 bytes back
Round trip time was 0.185756 milliseconds in repetition 110
tcp_ping received 16384 bytes back
Round trip time was 0.07663 milliseconds in repetition 111
tcp_ping received 16384 bytes back
Round trip time was 0.066005 milliseconds in repetition 112
tcp_ping received 16384 bytes back
Round trip time was 0.083299 milliseconds in repetition 113
tcp_ping received 16384 bytes back
Round trip time was 0.074797 milliseconds in repetition 114
tcp_ping received 16384 bytes back
Round trip time was 0.071328 milliseconds in repetition 115
tcp_ping received 16384 bytes back
Round trip time was 0.229938 milliseconds in repetition 116
tcp_ping received 16384 bytes back
Round trip time was 0.167356 milliseconds in repetition 117
tcp_ping received 16384 bytes back
Round trip time was 0.196694 milliseconds in repetition 118
tcp_ping received 16384 bytes back
Round trip time was 0.128574 milliseconds in repetition 119
tcp_ping received 16384 bytes back
Round trip time was 0.160191 milliseconds in repetition 120
tcp_ping received 16384 bytes back
Round trip time was 0.100529 milliseconds in repetition 121
tcp_ping received 16384 bytes back
Round trip time was 0.142155 milliseconds in repetition 122
tcp_ping received 16384 bytes back
Round trip time was 0.119173 milliseconds in repetition 123
tcp_ping received 16384 bytes back
Round trip time was 0.110284 milliseconds in repetition 124
tcp_ping received 16384 bytes back
Round trip time was 0.077339 milliseconds in repetition 125
tcp_ping received 16384 bytes back
Round trip time was 0.157164 milliseconds in repetition 126
tcp_ping received 16384 bytes back
Round trip time was 0.099851 milliseconds in repetition 127
tcp_ping received 16384 bytes back
Round trip time was 0.088631 milliseconds in repetition 128
tcp_ping received 16384 bytes back
Round trip time was 0.088982 milliseconds in repetition 129
tcp_ping received 16384 bytes back
Round trip time was 0.074305 milliseconds in repetition 130
tcp_ping received 16384 bytes back
Round trip time was 0.075327 milliseconds in repetition 131
tcp_ping received 16384 bytes back
Round trip time was 0.153352 milliseconds in repetition 132
tcp_ping received 16384 bytes back
Round trip time was 0.100339 milliseconds in repetition 133
tcp_ping received 16384 bytes back
Round trip time was 0.089656 milliseconds in repetition 134
tcp_ping received 16384 bytes back
Round trip time was 0.157511 milliseconds in repetition 135
tcp_ping received 16384 bytes back
Round trip time was 0.075922 milliseconds in repetition 136
tcp_ping received 16384 bytes back
Round trip time was 0.085193 milliseconds in repetition 137
tcp_ping received 16384 bytes back
Round trip time was 0.08553 milliseconds in repetition 138
tcp_ping received 16384 bytes back
Round trip time was 0.272289 milliseconds in repetition 139
tcp_ping received 16384 bytes back
Round trip time was 0.068091 milliseconds in repetition 140
tcp_ping received 16384 bytes back
Round trip time was 0.074516 milliseconds in repetition 141
tcp_ping received 16384 bytes back
Round trip time was 0.066757 milliseconds in repetition 142
tcp_ping received 16384 bytes back
Round trip time was 0.151377 milliseconds in repetition 143
tcp_ping received 16384 bytes back
Round trip time was 0.071368 milliseconds in repetition 144
tcp_ping received 16384 bytes back
Round trip time was 0.080249 milliseconds in repetition 145
tcp_ping received 16384 bytes back
Round trip time was 0.173814 milliseconds in repetition 146
tcp_ping received 16384 bytes back
Round trip time was 0.099248 milliseconds in repetition 147
tcp_ping received 16384 bytes back
Round trip time was 0.082468 milliseconds in repetition 148
tcp_ping received 16384 bytes back
Round trip time was 0.092209 milliseconds in repetition 149
tcp_ping received 16384 bytes back
Round trip time was 0.190769 milliseconds in repetition 150
tcp_ping received 16384 bytes back
Round trip time was 0.07531 milliseconds in repetition 151
tcp_ping received 16384 bytes back
Round trip time was 0.065205 milliseconds in repetition 152
tcp_ping received 16384 bytes back
Round trip time was 0.086476 milliseconds in repetition 153
tcp_ping received 16384 bytes back
Round trip time was 0.207346 milliseconds in repetition 154
tcp_ping received 16384 bytes back
Round trip time was 0.079373 milliseconds in repetition 155
tcp_ping received 16384 bytes back
Round trip time was 0.075307 milliseconds in repetition 156
tcp_ping received 16384 bytes back
Round trip time was 0.074829 milliseconds in repetition 157
tcp_ping received 16384 bytes back
Round trip time was 0.079127 milliseconds in repetition 158
tcp_ping received 16384 bytes back
Round trip time was 0.069831 milliseconds in repetition 159
tcp_ping received 16384 bytes back
Round trip time was 0.104646 milliseconds in repetition 160
tcp_ping received 16384 bytes back
Round trip time was 0.105918 milliseconds in repetition 161
tcp_ping received 16384 bytes back
Round trip time was 0.076659 milliseconds in repetition 162
tcp_ping received 16384 bytes back
Round trip time was 0.093811 milliseconds in repetition 163
tcp_ping received 16384 bytes back
Round trip time was 0.185042 milliseconds in repetition 164
tcp_ping received 16384 bytes back
Round trip time was 0.092149 milliseconds in repetition 165
tcp_ping received 16384 bytes back
Round trip time was 0.158129 milliseconds in repetition 166
tcp_ping received 16384 bytes back
Round trip time was 0.132959 milliseconds in repetition 167
tcp_ping received 16384 bytes back
Round trip time was 0.08207 milliseconds in repetition 168
tcp_ping received 16384 bytes back
Round trip time was 0.06817 milliseconds in repetition 169
tcp_ping received 16384 bytes back
Round trip time was 0.145873 milliseconds in repetition 170
tcp_ping received 16384 bytes back
Round trip time was 0.072904 milliseconds in repetition 171
tcp_ping received 16384 bytes back
Round trip time was 0.145538 milliseconds in repetition 172
tcp_ping received 16384 bytes back
Round trip time was 0.077144 milliseconds in repetition 173
tcp_ping received 16384 bytes back
Round trip time was 0.081081 milliseconds in repetition 174
tcp_ping received 16384 bytes back
Round trip time was 0.15084 milliseconds in repetition 175
tcp_ping received 16384 bytes back
Round trip time was 0.080467 milliseconds in repetition 176
tcp_ping received 16384 bytes back
Round trip time was 0.140821 milliseconds in repetition 177
tcp_ping received 16384 bytes back
Round trip time was 0.074496 milliseconds in repetition 178
tcp_ping received 16384 bytes back
Round trip time was 0.070718 milliseconds in repetition 179
tcp_ping received 16384 bytes back
Round trip time was 0.075069 milliseconds in repetition 180
tcp_ping received 16384 bytes back
Round trip time was 0.138826 milliseconds in repetition 181
tcp_ping received 16384 bytes back
Round trip time was 0.095222 milliseconds in repetition 182
tcp_ping received 16384 bytes back
Round trip time was 0.074337 milliseconds in repetition 183
tcp_ping received 16384 bytes back
Round trip time was 0.115181 milliseconds in repetition 184
tcp_ping received 16384 bytes back
Round trip time was 0.119766 milliseconds in repetition 185
tcp_ping received 16384 bytes back
Round trip time was 0.095558 milliseconds in repetition 186
tcp_ping received 16384 bytes back
Round trip time was 0.175281 milliseconds in repetition 187
tcp_ping received 16384 bytes back
Round trip time was 0.081037 milliseconds in repetition 188
tcp_ping received 16384 bytes back
Round trip time was 0.073004 milliseconds in repetition 189
tcp_ping received 16384 bytes back
Round trip time was 0.175977 milliseconds in repetition 190
tcp_ping received 16384 bytes back
Round trip time was 0.075949 milliseconds in repetition 191
tcp_ping received 16384 bytes back
Round trip time was 0.086885 milliseconds in repetition 192
tcp_ping received 16384 bytes back
Round trip time was 0.132707 milliseconds in repetition 193
tcp_ping received 16384 bytes back
Round trip time was 0.146254 milliseconds in repetition 194
tcp_ping received 16384 bytes back
Round trip time was 0.108463 milliseconds in repetition 195
tcp_ping received 16384 bytes back
Round trip time was 0.14175 milliseconds in repetition 196
tcp_ping received 16384 bytes back
Round trip time was 0.228321 milliseconds in repetition 197
tcp_ping received 16384 bytes back
Round trip time was 0.080048 milliseconds in repetition 198
tcp_ping received 16384 bytes back
Round trip time was 0.259496 milliseconds in repetition 199
tcp_ping received 16384 bytes back
Round trip time was 0.087075 milliseconds in repetition 200
tcp_ping received 16384 bytes back
Round trip time was 0.071926 milliseconds in repetition 201
tcp_ping received 16384 bytes back
Round trip time was 0.262833 milliseconds in repetition 202
tcp_ping received 16384 bytes back
Round trip time was 0.084814 milliseconds in repetition 203
tcp_ping received 16384 bytes back
Round trip time was 0.088885 milliseconds in repetition 204
tcp_ping received 16384 bytes back
Round trip time was 0.104264 milliseconds in repetition 205
tcp_ping received 16384 bytes back
Round trip time was 0.178001 milliseconds in repetition 206
tcp_ping received 16384 bytes back
Round trip time was 0.081782 milliseconds in repetition 207
tcp_ping received 16384 bytes back
Round trip time was 0.085157 milliseconds in repetition 208
tcp_ping received 16384 bytes back
Round trip time was 0.150844 milliseconds in repetition 209
tcp_ping received 16384 bytes back
Round trip time was 0.077352 milliseconds in repetition 210
tcp_ping received 16384 bytes back
Round trip time was 0.077971 milliseconds in repetition 211
tcp_ping received 16384 bytes back
Round trip time was 0.072725 milliseconds in repetition 212
tcp_ping received 16384 bytes back
Round trip time was 0.067229 milliseconds in repetition 213
tcp_ping received 16384 bytes back
Round trip time was 0.072133 milliseconds in repetition 214
tcp_ping received 16384 bytes back
Round trip time was 0.142127 milliseconds in repetition 215
tcp_ping received 16384 bytes back
Round trip time was 0.077706 milliseconds in repetition 216
tcp_ping received 16384 bytes back
Round trip time was 0.070426 milliseconds in repetition 217
tcp_ping received 16384 bytes back
Round trip time was 0.065158 milliseconds in repetition 218
tcp_ping received 16384 bytes back
Round trip time was 0.067213 milliseconds in repetition 219
tcp_ping received 16384 bytes back
Round trip time was 0.288054 milliseconds in repetition 220
tcp_ping received 16384 bytes back
Round trip time was 0.073544 milliseconds in repetition 221
tcp_ping received 16384 bytes back
Round trip time was 0.066821 milliseconds in repetition 222
tcp_ping received 16384 bytes back
Round trip time was 0.06695 milliseconds in repetition 223
tcp_ping received 16384 bytes back
Round trip time was 0.091927 milliseconds in repetition 224
tcp_ping received 16384 bytes back
Round trip time was 0.092845 milliseconds in repetition 225
tcp_ping received 16384 bytes back
Round trip time was 0.068271 milliseconds in repetition 226
tcp_ping received 16384 bytes back
Round trip time was 0.071376 milliseconds in repetition 227
tcp_ping received 16384 bytes back
Round trip time was 0.064142 milliseconds in repetition 228
tcp_ping received 16384 bytes back
Round trip time was 0.200531 milliseconds in repetition 229
tcp_ping received 16384 bytes back
Round trip time was 0.076995 milliseconds in repetition 230
tcp_ping received 16384 bytes back
Round trip time was 0.150623 milliseconds in repetition 231
tcp_ping received 16384 bytes back
Round trip time was 0.076304 milliseconds in repetition 232
tcp_ping received 16384 bytes back
Round trip time was 0.081708 milliseconds in repetition 233
tcp_ping received 16384 bytes back
Round trip time was 0.068717 milliseconds in repetition 234
tcp_ping received 16384 bytes back
Round trip time was 0.08304 milliseconds in repetition 235
tcp_ping received 16384 bytes back
Round trip time was 0.315805 milliseconds in repetition 236
tcp_ping received 16384 bytes back
Round trip time was 0.095559 milliseconds in repetition 237
tcp_ping received 16384 bytes back
Round trip time was 0.087053 milliseconds in repetition 238
tcp_ping received 16384 bytes back
Round trip time was 0.104853 milliseconds in repetition 239
tcp_ping received 16384 bytes back
Round trip time was 0.094764 milliseconds in repetition 240
tcp_ping received 16384 bytes back
Round trip time was 0.15599 milliseconds in repetition 241
tcp_ping received 16384 bytes back
Round trip time was 0.082978 milliseconds in repetition 242
tcp_ping received 16384 bytes back
Round trip time was 0.077348 milliseconds in repetition 243
tcp_ping received 16384 bytes back
Round trip time was 0.07137 milliseconds in repetition 244
tcp_ping received 16384 bytes back
Round trip time was 0.073458 milliseconds in repetition 245
tcp_ping received 16384 bytes back
Round trip time was 0.068946 milliseconds in repetition 246
tcp_ping received 16384 bytes back
Round trip time was 0.077683 milliseconds in repetition 247
tcp_ping received 16384 bytes back
Round trip time was 0.07107 milliseconds in repetition 248
tcp_ping received 16384 bytes back
Round trip time was 0.069218 milliseconds in repetition 249
tcp_ping received 16384 bytes back
Round trip time was 0.072394 milliseconds in repetition 250
tcp_ping received 16384 bytes back
Round trip time was 0.086285 milliseconds in repetition 251
tcp_ping received 16384 bytes back
Round trip time was 0.102466 milliseconds in repetition 252
tcp_ping received 16384 bytes back
Round trip time was 0.096577 milliseconds in repetition 253
tcp_ping received 16384 bytes back
Round trip time was 0.094639 milliseconds in repetition 254
tcp_ping received 16384 bytes back
Round trip time was 0.17322 milliseconds in repetition 255
tcp_ping received 16384 bytes back
Round trip time was 0.110363 milliseconds in repetition 256
tcp_ping received 16384 bytes back
Round trip time was 0.168346 milliseconds in repetition 257
tcp_ping received 16384 bytes back
Round trip time was 0.101482 milliseconds in repetition 258
tcp_ping received 16384 bytes back
Round trip time was 0.103671 milliseconds in repetition 259
tcp_ping received 16384 bytes back
Round trip time was 0.087559 milliseconds in repetition 260
tcp_ping received 16384 bytes back
Round trip time was 0.080778 milliseconds in repetition 261
tcp_ping received 16384 bytes back
Round trip time was 0.095489 milliseconds in repetition 262
tcp_ping received 16384 bytes back
Round trip time was 0.082856 milliseconds in repetition 263
tcp_ping received 16384 bytes back
Round trip time was 0.302668 milliseconds in repetition 264
tcp_ping received 16384 bytes back
Round trip time was 0.084889 milliseconds in repetition 265
tcp_ping received 16384 bytes back
Round trip time was 0.077301 milliseconds in repetition 266
tcp_ping received 16384 bytes back
Round trip time was 0.072642 milliseconds in repetition 267
tcp_ping received 16384 bytes back
Round trip time was 0.176601 milliseconds in repetition 268
tcp_ping received 16384 bytes back
Round trip time was 0.092748 milliseconds in repetition 269
tcp_ping received 16384 bytes back
Round trip time was 0.080209 milliseconds in repetition 270
tcp_ping received 16384 bytes back
Round trip time was 0.095788 milliseconds in repetition 271
tcp_ping received 16384 bytes back
Round trip time was 0.101107 milliseconds in repetition 272
tcp_ping received 16384 bytes back
Round trip time was 0.087267 milliseconds in repetition 273
tcp_ping received 16384 bytes back
Round trip time was 0.098688 milliseconds in repetition 274
tcp_ping received 16384 bytes back
Round trip time was 0.078892 milliseconds in repetition 275
tcp_ping received 16384 bytes back
Round trip time was 0.072589 milliseconds in repetition 276
tcp_ping received 16384 bytes back
Round trip time was 0.070959 milliseconds in repetition 277
tcp_ping received 16384 bytes back
Round trip time was 0.147824 milliseconds in repetition 278
tcp_ping received 16384 bytes back
Round trip time was 0.072242 milliseconds in repetition 279
tcp_ping received 16384 bytes back
Round trip time was 0.066162 milliseconds in repetition 280
tcp_ping received 16384 bytes back
Round trip time was 0.070832 milliseconds in repetition 281
tcp_ping received 16384 bytes back
Round trip time was 0.071865 milliseconds in repetition 282
tcp_ping received 16384 bytes back
Round trip time was 0.066677 milliseconds in repetition 283
tcp_ping received 16384 bytes back
Round trip time was 0.146527 milliseconds in repetition 284
tcp_ping received 16384 bytes back
Round trip time was 0.063 milliseconds in repetition 285
tcp_ping received 16384 bytes back
Round trip time was 0.097562 milliseconds in repetition 286
tcp_ping received 16384 bytes back
Round trip time was 0.074643 milliseconds in repetition 287
tcp_ping received 16384 bytes back
Round trip time was 0.065694 milliseconds in repetition 288
tcp_ping received 16384 bytes back
Round trip time was 0.150719 milliseconds in repetition 289
tcp_ping received 16384 bytes back
Round trip time was 0.083534 milliseconds in repetition 290
tcp_ping received 16384 bytes back
Round trip time was 0.155399 milliseconds in repetition 291
tcp_ping received 16384 bytes back
Round trip time was 0.073524 milliseconds in repetition 292
tcp_ping received 16384 bytes back
Round trip time was 0.070532 milliseconds in repetition 293
tcp_ping received 16384 bytes back
Round trip time was 0.1429 milliseconds in repetition 294
tcp_ping received 16384 bytes back
Round trip time was 0.089053 milliseconds in repetition 295
tcp_ping received 16384 bytes back
Round trip time was 0.095661 milliseconds in repetition 296
tcp_ping received 16384 bytes back
Round trip time was 0.073746 milliseconds in repetition 297
tcp_ping received 16384 bytes back
Round trip time was 0.188165 milliseconds in repetition 298
tcp_ping received 16384 bytes back
Round trip time was 0.101496 milliseconds in repetition 299
tcp_ping received 16384 bytes back
Round trip time was 0.088143 milliseconds in repetition 300
tcp_ping received 16384 bytes back
Round trip time was 0.074547 milliseconds in repetition 301
tcp_ping received 16384 bytes back
Round trip time was 0.14937 milliseconds in repetition 302
tcp_ping received 16384 bytes back
Round trip time was 0.174201 milliseconds in repetition 303
tcp_ping received 16384 bytes back
Round trip time was 0.0892 milliseconds in repetition 304
tcp_ping received 16384 bytes back
Round trip time was 0.156869 milliseconds in repetition 305
tcp_ping received 16384 bytes back
Round trip time was 0.085666 milliseconds in repetition 306
tcp_ping received 16384 bytes back
Round trip time was 0.074265 milliseconds in repetition 307
tcp_ping received 16384 bytes back
Round trip time was 0.077727 milliseconds in repetition 308
tcp_ping received 16384 bytes back
Round trip time was 0.077161 milliseconds in repetition 309
tcp_ping received 16384 bytes back
Round trip time was 0.070502 milliseconds in repetition 310
tcp_ping received 16384 bytes back
Round trip time was 0.166447 milliseconds in repetition 311
tcp_ping received 16384 bytes back
Round trip time was 0.094403 milliseconds in repetition 312
tcp_ping received 16384 bytes back
Round trip time was 0.113996 milliseconds in repetition 313
tcp_ping received 16384 bytes back
Round trip time was 0.085353 milliseconds in repetition 314
tcp_ping received 16384 bytes back
Round trip time was 0.098606 milliseconds in repetition 315
tcp_ping received 16384 bytes back
Round trip time was 0.085258 milliseconds in repetition 316
tcp_ping received 16384 bytes back
Round trip time was 0.094563 milliseconds in repetition 317
tcp_ping received 16384 bytes back
Round trip time was 0.087135 milliseconds in repetition 318
tcp_ping received 16384 bytes back
Round trip time was 0.09426 milliseconds in repetition 319
tcp_ping received 16384 bytes back
Round trip time was 0.081045 milliseconds in repetition 320
tcp_ping received 16384 bytes back
Round trip time was 0.174681 milliseconds in repetition 321
tcp_ping received 16384 bytes back
Round trip time was 0.074568 milliseconds in repetition 322
tcp_ping received 16384 bytes back
Round trip time was 0.073347 milliseconds in repetition 323
tcp_ping received 16384 bytes back
Round trip time was 0.111253 milliseconds in repetition 324
tcp_ping received 16384 bytes back
Round trip time was 0.117797 milliseconds in repetition 325
tcp_ping received 16384 bytes back
Round trip time was 0.078278 milliseconds in repetition 326
tcp_ping received 16384 bytes back
Round trip time was 0.164877 milliseconds in repetition 327
tcp_ping received 16384 bytes back
Round trip time was 0.124818 milliseconds in repetition 328
tcp_ping received 16384 bytes back
Round trip time was 0.2158 milliseconds in repetition 329
tcp_ping received 16384 bytes back
Round trip time was 0.120679 milliseconds in repetition 330
tcp_ping received 16384 bytes back
Round trip time was 0.134449 milliseconds in repetition 331
tcp_ping received 16384 bytes back
Round trip time was 0.089703 milliseconds in repetition 332
tcp_ping received 16384 bytes back
Round trip time was 0.109763 milliseconds in repetition 333
tcp_ping received 16384 bytes back
Round trip time was 0.16761 milliseconds in repetition 334
tcp_ping received 16384 bytes back
Round trip time was 0.093622 milliseconds in repetition 335
tcp_ping received 16384 bytes back
Round trip time was 0.266211 milliseconds in repetition 336
tcp_ping received 16384 bytes back
Round trip time was 0.090548 milliseconds in repetition 337
tcp_ping received 16384 bytes back
Round trip time was 0.078776 milliseconds in repetition 338
tcp_ping received 16384 bytes back
Round trip time was 0.078422 milliseconds in repetition 339
tcp_ping received 16384 bytes back
Round trip time was 0.092926 milliseconds in repetition 340
tcp_ping received 16384 bytes back
Round trip time was 0.289142 milliseconds in repetition 341
tcp_ping received 16384 bytes back
Round trip time was 0.096942 milliseconds in repetition 342
tcp_ping received 16384 bytes back
Round trip time was 0.084065 milliseconds in repetition 343
tcp_ping received 16384 bytes back
Round trip time was 0.073754 milliseconds in repetition 344
tcp_ping received 16384 bytes back
Round trip time was 0.064338 milliseconds in repetition 345
tcp_ping received 16384 bytes back
Round trip time was 0.07534 milliseconds in repetition 346
tcp_ping received 16384 bytes back
Round trip time was 0.083446 milliseconds in repetition 347
tcp_ping received 16384 bytes back
Round trip time was 0.068713 milliseconds in repetition 348
tcp_ping received 16384 bytes back
Round trip time was 0.073892 milliseconds in repetition 349
tcp_ping received 16384 bytes back
Round trip time was 0.069553 milliseconds in repetition 350
tcp_ping received 16384 bytes back
Round trip time was 0.072001 milliseconds in repetition 351
tcp_ping received 16384 bytes back
Round trip time was 0.075145 milliseconds in repetition 352
tcp_ping received 16384 bytes back
Round trip time was 0.069234 milliseconds in repetition 353
tcp_ping received 16384 bytes back
Round trip time was 0.088474 milliseconds in repetition 354
tcp_ping received 16384 bytes back
Round trip time was 0.134831 milliseconds in repetition 355
tcp_ping received 16384 bytes back
Round trip time was 0.12683 milliseconds in repetition 356
tcp_ping received 16384 bytes back
Round trip time was 0.081008 milliseconds in repetition 357
tcp_ping received 16384 bytes back
Round trip time was 0.071614 milliseconds in repetition 358
tcp_ping received 16384 bytes back
Round trip time was 0.071388 milliseconds in repetition 359
tcp_ping received 16384 bytes back
Round trip time was 0.068107 milliseconds in repetition 360
tcp_ping received 16384 bytes back
Round trip time was 0.080702 milliseconds in repetition 361
tcp_ping received 16384 bytes back
Round trip time was 0.073867 milliseconds in repetition 362
tcp_ping received 16384 bytes back
Round trip time was 0.066349 milliseconds in repetition 363
tcp_ping received 16384 bytes back
Round trip time was 0.161486 milliseconds in repetition 364
tcp_ping received 16384 bytes back
Round trip time was 0.144475 milliseconds in repetition 365
tcp_ping received 16384 bytes back
Round trip time was 0.079055 milliseconds in repetition 366
tcp_ping received 16384 bytes back
Round trip time was 0.082831 milliseconds in repetition 367
tcp_ping received 16384 bytes back
Round trip time was 0.074343 milliseconds in repetition 368
tcp_ping received 16384 bytes back
Round trip time was 0.142491 milliseconds in repetition 369
tcp_ping received 16384 bytes back
Round trip time was 0.075567 milliseconds in repetition 370
tcp_ping received 16384 bytes back
Round trip time was 0.088385 milliseconds in repetition 371
tcp_ping received 16384 bytes back
Round trip time was 0.094506 milliseconds in repetition 372
tcp_ping received 16384 bytes back
Round trip time was 0.077816 milliseconds in repetition 373
tcp_ping received 16384 bytes back
Round trip time was 0.141151 milliseconds in repetition 374
tcp_ping received 16384 bytes back
Round trip time was 0.104975 milliseconds in repetition 375
tcp_ping received 16384 bytes back
Round trip time was 0.084041 milliseconds in repetition 376
tcp_ping received 16384 bytes back
Round trip time was 0.118196 milliseconds in repetition 377
tcp_ping received 16384 bytes back
Round trip time was 0.074504 milliseconds in repetition 378
tcp_ping received 16384 bytes back
Round trip time was 0.066358 milliseconds in repetition 379
tcp_ping received 16384 bytes back
Round trip time was 0.072975 milliseconds in repetition 380
tcp_ping received 16384 bytes back
Round trip time was 0.070313 milliseconds in repetition 381
tcp_ping received 16384 bytes back
Round trip time was 0.075217 milliseconds in repetition 382
tcp_ping received 16384 bytes back
Round trip time was 0.079898 milliseconds in repetition 383
tcp_ping received 16384 bytes back
Round trip time was 0.073373 milliseconds in repetition 384
tcp_ping received 16384 bytes back
Round trip time was 0.073149 milliseconds in repetition 385
tcp_ping received 16384 bytes back
Round trip time was 0.069525 milliseconds in repetition 386
tcp_ping received 16384 bytes back
Round trip time was 0.391203 milliseconds in repetition 387
tcp_ping received 16384 bytes back
Round trip time was 0.075089 milliseconds in repetition 388
tcp_ping received 16384 bytes back
Round trip time was 0.071934 milliseconds in repetition 389
tcp_ping received 16384 bytes back
Round trip time was 0.079131 milliseconds in repetition 390
tcp_ping received 16384 bytes back
Round trip time was 0.163752 milliseconds in repetition 391
tcp_ping received 16384 bytes back
Round trip time was 0.088935 milliseconds in repetition 392
tcp_ping received 16384 bytes back
Round trip time was 0.08832 milliseconds in repetition 393
tcp_ping received 16384 bytes back
Round trip time was 0.118576 milliseconds in repetition 394
tcp_ping received 16384 bytes back
Round trip time was 0.096354 milliseconds in repetition 395
tcp_ping received 16384 bytes back
Round trip time was 0.083211 milliseconds in repetition 396
tcp_ping received 16384 bytes back
Round trip time was 0.087073 milliseconds in repetition 397
tcp_ping received 16384 bytes back
Round trip time was 0.091716 milliseconds in repetition 398
tcp_ping received 16384 bytes back
Round trip time was 0.154489 milliseconds in repetition 399
tcp_ping received 16384 bytes back
Round trip time was 0.107155 milliseconds in repetition 400
tcp_ping received 16384 bytes back
Round trip time was 0.237584 milliseconds in repetition 401
tcp_ping received 16384 bytes back
Round trip time was 0.116017 milliseconds in repetition 402
tcp_ping received 16384 bytes back
Round trip time was 0.087022 milliseconds in repetition 403
tcp_ping received 16384 bytes back
Round trip time was 0.207193 milliseconds in repetition 404
tcp_ping received 16384 bytes back
Round trip time was 0.102464 milliseconds in repetition 405
tcp_ping received 16384 bytes back
Round trip time was 0.068158 milliseconds in repetition 406
tcp_ping received 16384 bytes back
Round trip time was 0.212692 milliseconds in repetition 407
tcp_ping received 16384 bytes back
Round trip time was 0.079624 milliseconds in repetition 408
tcp_ping received 16384 bytes back
Round trip time was 0.190699 milliseconds in repetition 409
tcp_ping received 16384 bytes back
Round trip time was 0.08686 milliseconds in repetition 410
tcp_ping received 16384 bytes back
Round trip time was 0.144983 milliseconds in repetition 411
tcp_ping received 16384 bytes back
Round trip time was 0.092562 milliseconds in repetition 412
tcp_ping received 16384 bytes back
Round trip time was 0.080057 milliseconds in repetition 413
tcp_ping received 16384 bytes back
Round trip time was 0.075331 milliseconds in repetition 414
tcp_ping received 16384 bytes back
Round trip time was 0.080938 milliseconds in repetition 415
tcp_ping received 16384 bytes back
Round trip time was 0.091591 milliseconds in repetition 416
tcp_ping received 16384 bytes back
Round trip time was 0.181773 milliseconds in repetition 417
tcp_ping received 16384 bytes back
Round trip time was 0.092395 milliseconds in repetition 418
tcp_ping received 16384 bytes back
Round trip time was 0.082833 milliseconds in repetition 419
tcp_ping received 16384 bytes back
Round trip time was 0.089505 milliseconds in repetition 420
tcp_ping received 16384 bytes back
Round trip time was 0.311252 milliseconds in repetition 421
tcp_ping received 16384 bytes back
Round trip time was 0.123252 milliseconds in repetition 422
tcp_ping received 16384 bytes back
Round trip time was 0.080535 milliseconds in repetition 423
tcp_ping received 16384 bytes back
Round trip time was 0.283224 milliseconds in repetition 424
tcp_ping received 16384 bytes back
Round trip time was 0.09667 milliseconds in repetition 425
tcp_ping received 16384 bytes back
Round trip time was 0.092787 milliseconds in repetition 426
tcp_ping received 16384 bytes back
Round trip time was 0.077165 milliseconds in repetition 427
tcp_ping received 16384 bytes back
Round trip time was 0.08056 milliseconds in repetition 428
tcp_ping received 16384 bytes back
Round trip time was 0.074656 milliseconds in repetition 429
tcp_ping received 16384 bytes back
Round trip time was 0.173533 milliseconds in repetition 430
tcp_ping received 16384 bytes back
Round trip time was 0.078097 milliseconds in repetition 431
tcp_ping received 16384 bytes back
Round trip time was 0.073986 milliseconds in repetition 432
tcp_ping received 16384 bytes back
Round trip time was 0.076962 milliseconds in repetition 433
tcp_ping received 16384 bytes back
Round trip time was 0.072891 milliseconds in repetition 434
tcp_ping received 16384 bytes back
Round trip time was 0.076954 milliseconds in repetition 435
tcp_ping received 16384 bytes back
Round trip time was 0.134547 milliseconds in repetition 436
tcp_ping received 16384 bytes back
Round trip time was 0.091776 milliseconds in repetition 437
tcp_ping received 16384 bytes back
Round trip time was 0.073361 milliseconds in repetition 438
tcp_ping received 16384 bytes back
Round trip time was 0.071781 milliseconds in repetition 439
tcp_ping received 16384 bytes back
Round trip time was 0.141483 milliseconds in repetition 440
tcp_ping received 16384 bytes back
Round trip time was 0.076602 milliseconds in repetition 441
tcp_ping received 16384 bytes back
Round trip time was 0.070699 milliseconds in repetition 442
tcp_ping received 16384 bytes back
Round trip time was 0.083956 milliseconds in repetition 443
tcp_ping received 16384 bytes back
Round trip time was 0.218294 milliseconds in repetition 444
tcp_ping received 16384 bytes back
Round trip time was 0.112528 milliseconds in repetition 445
tcp_ping received 16384 bytes back
Round trip time was 0.097064 milliseconds in repetition 446
tcp_ping received 16384 bytes back
Round trip time was 0.086536 milliseconds in repetition 447
tcp_ping received 16384 bytes back
Round trip time was 0.08021 milliseconds in repetition 448
tcp_ping received 16384 bytes back
Round trip time was 0.068392 milliseconds in repetition 449
tcp_ping received 16384 bytes back
Round trip time was 0.069396 milliseconds in repetition 450
tcp_ping received 16384 bytes back
Round trip time was 0.086604 milliseconds in repetition 451
tcp_ping received 16384 bytes back
Round trip time was 0.090663 milliseconds in repetition 452
tcp_ping received 16384 bytes back
Round trip time was 0.10779 milliseconds in repetition 453
tcp_ping received 16384 bytes back
Round trip time was 0.125126 milliseconds in repetition 454
tcp_ping received 16384 bytes back
Round trip time was 0.18329 milliseconds in repetition 455
tcp_ping received 16384 bytes back
Round trip time was 0.083072 milliseconds in repetition 456
tcp_ping received 16384 bytes back
Round trip time was 0.22599 milliseconds in repetition 457
tcp_ping received 16384 bytes back
Round trip time was 0.076662 milliseconds in repetition 458
tcp_ping received 16384 bytes back
Round trip time was 0.23427 milliseconds in repetition 459
tcp_ping received 16384 bytes back
Round trip time was 0.073759 milliseconds in repetition 460
tcp_ping received 16384 bytes back
Round trip time was 0.072964 milliseconds in repetition 461
tcp_ping received 16384 bytes back
Round trip time was 0.074615 milliseconds in repetition 462
tcp_ping received 16384 bytes back
Round trip time was 0.24354 milliseconds in repetition 463
tcp_ping received 16384 bytes back
Round trip time was 0.08339 milliseconds in repetition 464
tcp_ping received 16384 bytes back
Round trip time was 0.090091 milliseconds in repetition 465
tcp_ping received 16384 bytes back
Round trip time was 0.075881 milliseconds in repetition 466
tcp_ping received 16384 bytes back
Round trip time was 0.081139 milliseconds in repetition 467
tcp_ping received 16384 bytes back
Round trip time was 0.090975 milliseconds in repetition 468
tcp_ping received 16384 bytes back
Round trip time was 0.147669 milliseconds in repetition 469
tcp_ping received 16384 bytes back
Round trip time was 0.074775 milliseconds in repetition 470
tcp_ping received 16384 bytes back
Round trip time was 0.071572 milliseconds in repetition 471
tcp_ping received 16384 bytes back
Round trip time was 0.067716 milliseconds in repetition 472
tcp_ping received 16384 bytes back
Round trip time was 0.147648 milliseconds in repetition 473
tcp_ping received 16384 bytes back
Round trip time was 0.10086 milliseconds in repetition 474
tcp_ping received 16384 bytes back
Round trip time was 0.077817 milliseconds in repetition 475
tcp_ping received 16384 bytes back
Round trip time was 0.079575 milliseconds in repetition 476
tcp_ping received 16384 bytes back
Round trip time was 0.094275 milliseconds in repetition 477
tcp_ping received 16384 bytes back
Round trip time was 0.240177 milliseconds in repetition 478
tcp_ping received 16384 bytes back
Round trip time was 0.075925 milliseconds in repetition 479
tcp_ping received 16384 bytes back
Round trip time was 0.073746 milliseconds in repetition 480
tcp_ping received 16384 bytes back
Round trip time was 0.178442 milliseconds in repetition 481
tcp_ping received 16384 bytes back
Round trip time was 0.085244 milliseconds in repetition 482
tcp_ping received 16384 bytes back
Round trip time was 0.073573 milliseconds in repetition 483
tcp_ping received 16384 bytes back
Round trip time was 0.156581 milliseconds in repetition 484
tcp_ping received 16384 bytes back
Round trip time was 0.088907 milliseconds in repetition 485
tcp_ping received 16384 bytes back
Round trip time was 0.074559 milliseconds in repetition 486
tcp_ping received 16384 bytes back
Round trip time was 0.071888 milliseconds in repetition 487
tcp_ping received 16384 bytes back
Round trip time was 0.074559 milliseconds in repetition 488
tcp_ping received 16384 bytes back
Round trip time was 0.06893 milliseconds in repetition 489
tcp_ping received 16384 bytes back
Round trip time was 0.069105 milliseconds in repetition 490
tcp_ping received 16384 bytes back
Round trip time was 0.067201 milliseconds in repetition 491
tcp_ping received 16384 bytes back
Round trip time was 0.073602 milliseconds in repetition 492
tcp_ping received 16384 bytes back
Round trip time was 0.074317 milliseconds in repetition 493
tcp_ping received 16384 bytes back
Round trip time was 0.075537 milliseconds in repetition 494
tcp_ping received 16384 bytes back
Round trip time was 0.081679 milliseconds in repetition 495
tcp_ping received 16384 bytes back
Round trip time was 0.073956 milliseconds in repetition 496
tcp_ping received 16384 bytes back
Round trip time was 0.074664 milliseconds in repetition 497
tcp_ping received 16384 bytes back
Round trip time was 0.067931 milliseconds in repetition 498
tcp_ping received 16384 bytes back
Round trip time was 0.204669 milliseconds in repetition 499
tcp_ping received 16384 bytes back
Round trip time was 0.077784 milliseconds in repetition 500
tcp_ping received 16384 bytes back
Round trip time was 0.093513 milliseconds in repetition 501

 ... clock resolution was 1e-06
TCP Ping:  Statistics over 501 repetitions of 16384 byte messages

RTT : percentile 10: 0.070804, median: 0.087022, percentile 90: 0.188165, average: 0.112885, variance: 0.0035957

RTT histogram:
0.0629995 127
0.0867429 190
0.110486 40
0.13423 33
0.157973 45
0.181717 20
0.20546 12
0.229204 12
0.252947 5
0.276691 6
0.300434 5
0.324177 2
0.347921 1
0.371664 0
0.395408 1
0.419151 0
0.442895 1
0.466638 0
0.490382 0
0.514125 0
0.537868 1

   median Throughput : 376548 KB/s   overall Throughput : 290277 KB/s

