TCP Ping trying to connect to server 127.0.0.1 (127.0.0.1) on port 1491
 ... connected to Pong server: asking for 501 repetitions of 384 bytes TCP messages
 ... Pong server agreed :-)
tcp_ping received 384 bytes back
Round trip time was 0.057748 milliseconds in repetition 1
tcp_ping received 384 bytes back
Round trip time was 0.099561 milliseconds in repetition 2
tcp_ping received 384 bytes back
Round trip time was 0.049135 milliseconds in repetition 3
tcp_ping received 384 bytes back
Round trip time was 0.040833 milliseconds in repetition 4
tcp_ping received 384 bytes back
Round trip time was 0.085664 milliseconds in repetition 5
tcp_ping received 384 bytes back
Round trip time was 0.070053 milliseconds in repetition 6
tcp_ping received 384 bytes back
Round trip time was 0.049967 milliseconds in repetition 7
tcp_ping received 384 bytes back
Round trip time was 0.036605 milliseconds in repetition 8
tcp_ping received 384 bytes back
Round trip time was 0.05889 milliseconds in repetition 9
tcp_ping received 384 bytes back
Round trip time was 0.063782 milliseconds in repetition 10
tcp_ping received 384 bytes back
Round trip time was 0.048444 milliseconds in repetition 11
tcp_ping received 384 bytes back
Round trip time was 0.059855 milliseconds in repetition 12
tcp_ping received 384 bytes back
Round trip time was 0.043697 milliseconds in repetition 13
tcp_ping received 384 bytes back
Round trip time was 0.086787 milliseconds in repetition 14
tcp_ping received 384 bytes back
Round trip time was 0.07102 milliseconds in repetition 15
tcp_ping received 384 bytes back
Round trip time was 0.055213 milliseconds in repetition 16
tcp_ping received 384 bytes back
Round trip time was 0.045166 milliseconds in repetition 17
tcp_ping received 384 bytes back
Round trip time was 0.067322 milliseconds in repetition 18
tcp_ping received 384 bytes back
Round trip time was 0.045349 milliseconds in repetition 19
tcp_ping received 384 bytes back
Round trip time was 0.062327 milliseconds in repetition 20
tcp_ping received 384 bytes back
Round trip time was 0.065669 milliseconds in repetition 21
tcp_ping received 384 bytes back
Round trip time was 0.055589 milliseconds in repetition 22
tcp_ping received 384 bytes back
Round trip time was 0.069587 milliseconds in repetition 23
tcp_ping received 384 bytes back
Round trip time was 0.059477 milliseconds in repetition 24
tcp_ping received 384 bytes back
Round trip time was 0.049088 milliseconds in repetition 25
tcp_ping received 384 bytes back
Round trip time was 0.047711 milliseconds in repetition 26
tcp_ping received 384 bytes back
Round trip time was 0.053774 milliseconds in repetition 27
tcp_ping received 384 bytes back
Round trip time was 0.063128 milliseconds in repetition 28
tcp_ping received 384 bytes back
Round trip time was 0.046048 milliseconds in repetition 29
tcp_ping received 384 bytes back
Round trip time was 0.058704 milliseconds in repetition 30
tcp_ping received 384 bytes back
Round trip time was 0.055622 milliseconds in repetition 31
tcp_ping received 384 bytes back
Round trip time was 0.043563 milliseconds in repetition 32
tcp_ping received 384 bytes back
Round trip time was 0.074821 milliseconds in repetition 33
tcp_ping received 384 bytes back
Round trip time was 0.095211 milliseconds in repetition 34
tcp_ping received 384 bytes back
Round trip time was 0.065376 milliseconds in repetition 35
tcp_ping received 384 bytes back
Round trip time was 0.116736 milliseconds in repetition 36
tcp_ping received 384 bytes back
Round trip time was 0.064936 milliseconds in repetition 37
tcp_ping received 384 bytes back
Round trip time was 0.085591 milliseconds in repetition 38
tcp_ping received 384 bytes back
Round trip time was 0.055391 milliseconds in repetition 39
tcp_ping received 384 bytes back
Round trip time was 0.049415 milliseconds in repetition 40
tcp_ping received 384 bytes back
Round trip time was 0.059975 milliseconds in repetition 41
tcp_ping received 384 bytes back
Round trip time was 0.045691 milliseconds in repetition 42
tcp_ping received 384 bytes back
Round trip time was 0.057891 milliseconds in repetition 43
tcp_ping received 384 bytes back
Round trip time was 0.065579 milliseconds in repetition 44
tcp_ping received 384 bytes back
Round trip time was 0.05284 milliseconds in repetition 45
tcp_ping received 384 bytes back
Round trip time was 0.043252 milliseconds in repetition 46
tcp_ping received 384 bytes back
Round trip time was 0.057202 milliseconds in repetition 47
tcp_ping received 384 bytes back
Round trip time was 0.046816 milliseconds in repetition 48
tcp_ping received 384 bytes back
Round trip time was 0.044834 milliseconds in repetition 49
tcp_ping received 384 bytes back
Round trip time was 0.068039 milliseconds in repetition 50
tcp_ping received 384 bytes back
Round trip time was 0.053038 milliseconds in repetition 51
tcp_ping received 384 bytes back
Round trip time was 0.037738 milliseconds in repetition 52
tcp_ping received 384 bytes back
Round trip time was 0.061329 milliseconds in repetition 53
tcp_ping received 384 bytes back
Round trip time was 0.049011 milliseconds in repetition 54
tcp_ping received 384 bytes back
Round trip time was 0.055689 milliseconds in repetition 55
tcp_ping received 384 bytes back
Round trip time was 0.036784 milliseconds in repetition 56
tcp_ping received 384 bytes back
Round trip time was 0.053428 milliseconds in repetition 57
tcp_ping received 384 bytes back
Round trip time was 0.051035 milliseconds in repetition 58
tcp_ping received 384 bytes back
Round trip time was 0.047424 milliseconds in repetition 59
tcp_ping received 384 bytes back
Round trip time was 0.042915 milliseconds in repetition 60
tcp_ping received 384 bytes back
Round trip time was 0.046033 milliseconds in repetition 61
tcp_ping received 384 bytes back
Round trip time was 0.043356 milliseconds in repetition 62
tcp_ping received 384 bytes back
Round trip time was 0.042703 milliseconds in repetition 63
tcp_ping received 384 bytes back
Round trip time was 0.043776 milliseconds in repetition 64
tcp_ping received 384 bytes back
Round trip time was 0.042991 milliseconds in repetition 65
tcp_ping received 384 bytes back
Round trip time was 0.0533 milliseconds in repetition 66
tcp_ping received 384 bytes back
Round trip time was 0.035582 milliseconds in repetition 67
tcp_ping received 384 bytes back
Round trip time was 0.046472 milliseconds in repetition 68
tcp_ping received 384 bytes back
Round trip time was 0.05543 milliseconds in repetition 69
tcp_ping received 384 bytes back
Round trip time was 0.05388 milliseconds in repetition 70
tcp_ping received 384 bytes back
Round trip time was 0.052718 milliseconds in repetition 71
tcp_ping received 384 bytes back
Round trip time was 0.054554 milliseconds in repetition 72
tcp_ping received 384 bytes back
Round trip time was 0.045551 milliseconds in repetition 73
tcp_ping received 384 bytes back
Round trip time was 0.040851 milliseconds in repetition 74
tcp_ping received 384 bytes back
Round trip time was 0.04435 milliseconds in repetition 75
tcp_ping received 384 bytes back
Round trip time was 0.042684 milliseconds in repetition 76
tcp_ping received 384 bytes back
Round trip time was 0.048017 milliseconds in repetition 77
tcp_ping received 384 bytes back
Round trip time was 0.043169 milliseconds in repetition 78
tcp_ping received 384 bytes back
Round trip time was 0.04898 milliseconds in repetition 79
tcp_ping received 384 bytes back
Round trip time was 0.045873 milliseconds in repetition 80
tcp_ping received 384 bytes back
Round trip time was 0.072179 milliseconds in repetition 81
tcp_ping received 384 bytes back
Round trip time was 0.047422 milliseconds in repetition 82
tcp_ping received 384 bytes back
Round trip time was 0.054099 milliseconds in repetition 83
tcp_ping received 384 bytes back
Round trip time was 0.042431 milliseconds in repetition 84
tcp_ping received 384 bytes back
Round trip time was 0.048368 milliseconds in repetition 85
tcp_ping received 384 bytes back
Round trip time was 0.04055 milliseconds in repetition 86
tcp_ping received 384 bytes back
Round trip time was 0.047584 milliseconds in repetition 87
tcp_ping received 384 bytes back
Round trip time was 0.049713 milliseconds in repetition 88
tcp_ping received 384 bytes back
Round trip time was 0.059385 milliseconds in repetition 89
tcp_ping received 384 bytes back
Round trip time was 0.073917 milliseconds in repetition 90
tcp_ping received 384 bytes back
Round trip time was 0.047169 milliseconds in repetition 91
tcp_ping received 384 bytes back
Round trip time was 0.053126 milliseconds in repetition 92
tcp_ping received 384 bytes back
Round trip time was 0.056057 milliseconds in repetition 93
tcp_ping received 384 bytes back
Round trip time was 0.060658 milliseconds in repetition 94
tcp_ping received 384 bytes back
Round trip time was 0.055419 milliseconds in repetition 95
tcp_ping received 384 bytes back
Round trip time was 0.04268 milliseconds in repetition 96
tcp_ping received 384 bytes back
Round trip time was 0.046546 milliseconds in repetition 97
tcp_ping received 384 bytes back
Round trip time was 0.045064 milliseconds in repetition 98
tcp_ping received 384 bytes back
Round trip time was 0.046479 milliseconds in repetition 99
tcp_ping received 384 bytes back
Round trip time was 0.048831 milliseconds in repetition 100
tcp_ping received 384 bytes back
Round trip time was 0.049632 milliseconds in repetition 101
tcp_ping received 384 bytes back
Round trip time was 0.048687 milliseconds in repetition 102
tcp_ping received 384 bytes back
Round trip time was 0.049162 milliseconds in repetition 103
tcp_ping received 384 bytes back
Round trip time was 0.044062 milliseconds in repetition 104
tcp_ping received 384 bytes back
Round trip time was 0.070252 milliseconds in repetition 105
tcp_ping received 384 bytes back
Round trip time was 0.037027 milliseconds in repetition 106
tcp_ping received 384 bytes back
Round trip time was 0.042438 milliseconds in repetition 107
tcp_ping received 384 bytes back
Round trip time was 0.047854 milliseconds in repetition 108
tcp_ping received 384 bytes back
Round trip time was 0.04387 milliseconds in repetition 109
tcp_ping received 384 bytes back
Round trip time was 0.045241 milliseconds in repetition 110
tcp_ping received 384 bytes back
Round trip time was 0.047755 milliseconds in repetition 111
tcp_ping received 384 bytes back
Round trip time was 0.034278 milliseconds in repetition 112
tcp_ping received 384 bytes back
Round trip time was 0.046293 milliseconds in repetition 113
tcp_ping received 384 bytes back
Round trip time was 0.047745 milliseconds in repetition 114
tcp_ping received 384 bytes back
Round trip time was 0.047155 milliseconds in repetition 115
tcp_ping received 384 bytes back
Round trip time was 0.045702 milliseconds in repetition 116
tcp_ping received 384 bytes back
Round trip time was 0.051052 milliseconds in repetition 117
tcp_ping received 384 bytes back
Round trip time was 0.048283 milliseconds in repetition 118
tcp_ping received 384 bytes back
Round trip time was 0.042309 milliseconds in repetition 119
tcp_ping received 384 bytes back
Round trip time was 0.047613 milliseconds in repetition 120
tcp_ping received 384 bytes back
Round trip time was 0.044394 milliseconds in repetition 121
tcp_ping received 384 bytes back
Round trip time was 0.039251 milliseconds in repetition 122
tcp_ping received 384 bytes back
Round trip time was 0.033618 milliseconds in repetition 123
tcp_ping received 384 bytes back
Round trip time was 0.042912 milliseconds in repetition 124
tcp_ping received 384 bytes back
Round trip time was 0.041266 milliseconds in repetition 125
tcp_ping received 384 bytes back
Round trip time was 0.035891 milliseconds in repetition 126
tcp_ping received 384 bytes back
Round trip time was 0.046931 milliseconds in repetition 127
tcp_ping received 384 bytes back
Round trip time was 0.046509 milliseconds in repetition 128
tcp_ping received 384 bytes back
Round trip time was 0.039778 milliseconds in repetition 129
tcp_ping received 384 bytes back
Round trip time was 0.036955 milliseconds in repetition 130
tcp_ping received 384 bytes back
Round trip time was 0.052248 milliseconds in repetition 131
tcp_ping received 384 bytes back
Round trip time was 0.043579 milliseconds in repetition 132
tcp_ping received 384 bytes back
Round trip time was 0.065096 milliseconds in repetition 133
tcp_ping received 384 bytes back
Round trip time was 0.067469 milliseconds in repetition 134
tcp_ping received 384 bytes back
Round trip time was 0.071083 milliseconds in repetition 135
tcp_ping received 384 bytes back
Round trip time was 0.053301 milliseconds in repetition 136
tcp_ping received 384 bytes back
Round trip time was 0.050779 milliseconds in repetition 137
tcp_ping received 384 bytes back
Round trip time was 0.062095 milliseconds in repetition 138
tcp_ping received 384 bytes back
Round trip time was 0.060615 milliseconds in repetition 139
tcp_ping received 384 bytes back
Round trip time was 0.050989 milliseconds in repetition 140
tcp_ping received 384 bytes back
Round trip time was 0.049709 milliseconds in repetition 141
tcp_ping received 384 bytes back
Round trip time was 0.042757 milliseconds in repetition 142
tcp_ping received 384 bytes back
Round trip time was 0.050745 milliseconds in repetition 143
tcp_ping received 384 bytes back
Round trip time was 0.063489 milliseconds in repetition 144
tcp_ping received 384 bytes back
Round trip time was 0.061409 milliseconds in repetition 145
tcp_ping received 384 bytes back
Round trip time was 0.071889 milliseconds in repetition 146
tcp_ping received 384 bytes back
Round trip time was 0.051274 milliseconds in repetition 147
tcp_ping received 384 bytes back
Round trip time was 0.060022 milliseconds in repetition 148
tcp_ping received 384 bytes back
Round trip time was 0.076602 milliseconds in repetition 149
tcp_ping received 384 bytes back
Round trip time was 0.052333 milliseconds in repetition 150
tcp_ping received 384 bytes back
Round trip time was 0.052046 milliseconds in repetition 151
tcp_ping received 384 bytes back
Round trip time was 0.110182 milliseconds in repetition 152
tcp_ping received 384 bytes back
Round trip time was 0.062863 milliseconds in repetition 153
tcp_ping received 384 bytes back
Round trip time was 0.049551 milliseconds in repetition 154
tcp_ping received 384 bytes back
Round trip time was 0.0572 milliseconds in repetition 155
tcp_ping received 384 bytes back
Round trip time was 0.057192 milliseconds in repetition 156
tcp_ping received 384 bytes back
Round trip time was 0.0429 milliseconds in repetition 157
tcp_ping received 384 bytes back
Round trip time was 0.063359 milliseconds in repetition 158
tcp_ping received 384 bytes back
Round trip time was 0.048166 milliseconds in repetition 159
tcp_ping received 384 bytes back
Round trip time was 0.047731 milliseconds in repetition 160
tcp_ping received 384 bytes back
Round trip time was 0.052332 milliseconds in repetition 161
tcp_ping received 384 bytes back
Round trip time was 0.057456 milliseconds in repetition 162
tcp_ping received 384 bytes back
Round trip time was 0.066787 milliseconds in repetition 163
tcp_ping received 384 bytes back
Round trip time was 0.05746 milliseconds in repetition 164
tcp_ping received 384 bytes back
Round trip time was 0.062189 milliseconds in repetition 165
tcp_ping received 384 bytes back
Round trip time was 0.060495 milliseconds in repetition 166
tcp_ping received 384 bytes back
Round trip time was 0.035955 milliseconds in repetition 167
tcp_ping received 384 bytes back
Round trip time was 0.059204 milliseconds in repetition 168
tcp_ping received 384 bytes back
Round trip time was 0.04751 milliseconds in repetition 169
tcp_ping received 384 bytes back
Round trip time was 0.048681 milliseconds in repetition 170
tcp_ping received 384 bytes back
Round trip time was 0.048916 milliseconds in repetition 171
tcp_ping received 384 bytes back
Round trip time was 0.06329 milliseconds in repetition 172
tcp_ping received 384 bytes back
Round trip time was 0.044254 milliseconds in repetition 173
tcp_ping received 384 bytes back
Round trip time was 0.060917 milliseconds in repetition 174
tcp_ping received 384 bytes back
Round trip time was 0.045082 milliseconds in repetition 175
tcp_ping received 384 bytes back
Round trip time was 0.048595 milliseconds in repetition 176
tcp_ping received 384 bytes back
Round trip time was 0.045994 milliseconds in repetition 177
tcp_ping received 384 bytes back
Round trip time was 0.053653 milliseconds in repetition 178
tcp_ping received 384 bytes back
Round trip time was 0.043941 milliseconds in repetition 179
tcp_ping received 384 bytes back
Round trip time was 0.047629 milliseconds in repetition 180
tcp_ping received 384 bytes back
Round trip time was 0.166447 milliseconds in repetition 181
tcp_ping received 384 bytes back
Round trip time was 0.064961 milliseconds in repetition 182
tcp_ping received 384 bytes back
Round trip time was 0.050607 milliseconds in repetition 183
tcp_ping received 384 bytes back
Round trip time was 0.040522 milliseconds in repetition 184
tcp_ping received 384 bytes back
Round trip time was 0.066772 milliseconds in repetition 185
tcp_ping received 384 bytes back
Round trip time was 0.056622 milliseconds in repetition 186
tcp_ping received 384 bytes back
Round trip time was 0.267451 milliseconds in repetition 187
tcp_ping received 384 bytes back
Round trip time was 0.054473 milliseconds in repetition 188
tcp_ping received 384 bytes back
Round trip time was 0.050526 milliseconds in repetition 189
tcp_ping received 384 bytes back
Round trip time was 0.051204 milliseconds in repetition 190
tcp_ping received 384 bytes back
Round trip time was 0.058912 milliseconds in repetition 191
tcp_ping received 384 bytes back
Round trip time was 0.051291 milliseconds in repetition 192
tcp_ping received 384 bytes back
Round trip time was 0.058384 milliseconds in repetition 193
tcp_ping received 384 bytes back
Round trip time was 0.050008 milliseconds in repetition 194
tcp_ping received 384 bytes back
Round trip time was 0.051432 milliseconds in repetition 195
tcp_ping received 384 bytes back
Round trip time was 0.05046 milliseconds in repetition 196
tcp_ping received 384 bytes back
Round trip time was 0.05175 milliseconds in repetition 197
tcp_ping received 384 bytes back
Round trip time was 0.062432 milliseconds in repetition 198
tcp_ping received 384 bytes back
Round trip time was 0.071041 milliseconds in repetition 199
tcp_ping received 384 bytes back
Round trip time was 0.045776 milliseconds in repetition 200
tcp_ping received 384 bytes back
Round trip time was 0.046665 milliseconds in repetition 201
tcp_ping received 384 bytes back
Round trip time was 0.05412 milliseconds in repetition 202
tcp_ping received 384 bytes back
Round trip time was 0.073724 milliseconds in repetition 203
tcp_ping received 384 bytes back
Round trip time was 0.067736 milliseconds in repetition 204
tcp_ping received 384 bytes back
Round trip time was 0.048853 milliseconds in repetition 205
tcp_ping received 384 bytes back
Round trip time was 0.05376 milliseconds in repetition 206
tcp_ping received 384 bytes back
Round trip time was 0.054297 milliseconds in repetition 207
tcp_ping received 384 bytes back
Round trip time was 0.053236 milliseconds in repetition 208
tcp_ping received 384 bytes back
Round trip time was 0.047475 milliseconds in repetition 209
tcp_ping received 384 bytes back
Round trip time was 0.066887 milliseconds in repetition 210
tcp_ping received 384 bytes back
Round trip time was 0.057387 milliseconds in repetition 211
tcp_ping received 384 bytes back
Round trip time was 0.077861 milliseconds in repetition 212
tcp_ping received 384 bytes back
Round trip time was 0.074812 milliseconds in repetition 213
tcp_ping received 384 bytes back
Round trip time was 0.053119 milliseconds in repetition 214
tcp_ping received 384 bytes back
Round trip time was 0.072532 milliseconds in repetition 215
tcp_ping received 384 bytes back
Round trip time was 0.081352 milliseconds in repetition 216
tcp_ping received 384 bytes back
Round trip time was 0.039908 milliseconds in repetition 217
tcp_ping received 384 bytes back
Round trip time was 0.049584 milliseconds in repetition 218
tcp_ping received 384 bytes back
Round trip time was 0.054284 milliseconds in repetition 219
tcp_ping received 384 bytes back
Round trip time was 0.047868 milliseconds in repetition 220
tcp_ping received 384 bytes back
Round trip time was 0.048256 milliseconds in repetition 221
tcp_ping received 384 bytes back
Round trip time was 0.05685 milliseconds in repetition 222
tcp_ping received 384 bytes back
Round trip time was 0.053102 milliseconds in repetition 223
tcp_ping received 384 bytes back
Round trip time was 0.058143 milliseconds in repetition 224
tcp_ping received 384 bytes back
Round trip time was 0.047142 milliseconds in repetition 225
tcp_ping received 384 bytes back
Round trip time was 0.078068 milliseconds in repetition 226
tcp_ping received 384 bytes back
Round trip time was 0.046105 milliseconds in repetition 227
tcp_ping received 384 bytes back
Round trip time was 0.055546 milliseconds in repetition 228
tcp_ping received 384 bytes back
Round trip time was 0.056533 milliseconds in repetition 229
tcp_ping received 384 bytes back
Round trip time was 0.043513 milliseconds in repetition 230
tcp_ping received 384 bytes back
Round trip time was 0.051797 milliseconds in repetition 231
tcp_ping received 384 bytes back
Round trip time was 0.056808 milliseconds in repetition 232
tcp_ping received 384 bytes back
Round trip time was 0.044673 milliseconds in repetition 233
tcp_ping received 384 bytes back
Round trip time was 0.046249 milliseconds in repetition 234
tcp_ping received 384 bytes back
Round trip time was 0.042375 milliseconds in repetition 235
tcp_ping received 384 bytes back
Round trip time was 0.040315 milliseconds in repetition 236
tcp_ping received 384 bytes back
Round trip time was 0.056298 milliseconds in repetition 237
tcp_ping received 384 bytes back
Round trip time was 0.057125 milliseconds in repetition 238
tcp_ping received 384 bytes back
Round trip time was 0.050621 milliseconds in repetition 239
tcp_ping received 384 bytes back
Round trip time was 0.046448 milliseconds in repetition 240
tcp_ping received 384 bytes back
Round trip time was 0.052912 milliseconds in repetition 241
tcp_ping received 384 bytes back
Round trip time was 0.056075 milliseconds in repetition 242
tcp_ping received 384 bytes back
Round trip time was 0.062018 milliseconds in repetition 243
tcp_ping received 384 bytes back
Round trip time was 0.06462 milliseconds in repetition 244
tcp_ping received 384 bytes back
Round trip time was 0.053261 milliseconds in repetition 245
tcp_ping received 384 bytes back
Round trip time was 0.053844 milliseconds in repetition 246
tcp_ping received 384 bytes back
Round trip time was 0.051787 milliseconds in repetition 247
tcp_ping received 384 bytes back
Round trip time was 0.049316 milliseconds in repetition 248
tcp_ping received 384 bytes back
Round trip time was 0.072632 milliseconds in repetition 249
tcp_ping received 384 bytes back
Round trip time was 0.116603 milliseconds in repetition 250
tcp_ping received 384 bytes back
Round trip time was 0.106428 milliseconds in repetition 251
tcp_ping received 384 bytes back
Round trip time was 0.062242 milliseconds in repetition 252
tcp_ping received 384 bytes back
Round trip time was 0.052781 milliseconds in repetition 253
tcp_ping received 384 bytes back
Round trip time was 0.066257 milliseconds in repetition 254
tcp_ping received 384 bytes back
Round trip time was 0.067547 milliseconds in repetition 255
tcp_ping received 384 bytes back
Round trip time was 0.047117 milliseconds in repetition 256
tcp_ping received 384 bytes back
Round trip time was 0.053453 milliseconds in repetition 257
tcp_ping received 384 bytes back
Round trip time was 0.070846 milliseconds in repetition 258
tcp_ping received 384 bytes back
Round trip time was 0.052944 milliseconds in repetition 259
tcp_ping received 384 bytes back
Round trip time was 0.077482 milliseconds in repetition 260
tcp_ping received 384 bytes back
Round trip time was 0.058248 milliseconds in repetition 261
tcp_ping received 384 bytes back
Round trip time was 0.055273 milliseconds in repetition 262
tcp_ping received 384 bytes back
Round trip time was 0.072504 milliseconds in repetition 263
tcp_ping received 384 bytes back
Round trip time was 0.050928 milliseconds in repetition 264
tcp_ping received 384 bytes back
Round trip time was 0.058767 milliseconds in repetition 265
tcp_ping received 384 bytes back
Round trip time was 0.049207 milliseconds in repetition 266
tcp_ping received 384 bytes back
Round trip time was 0.046472 milliseconds in repetition 267
tcp_ping received 384 bytes back
Round trip time was 0.05812 milliseconds in repetition 268
tcp_ping received 384 bytes back
Round trip time was 0.086305 milliseconds in repetition 269
tcp_ping received 384 bytes back
Round trip time was 0.05115 milliseconds in repetition 270
tcp_ping received 384 bytes back
Round trip time was 0.045857 milliseconds in repetition 271
tcp_ping received 384 bytes back
Round trip time was 0.06645 milliseconds in repetition 272
tcp_ping received 384 bytes back
Round trip time was 0.06155 milliseconds in repetition 273
tcp_ping received 384 bytes back
Round trip time was 0.045815 milliseconds in repetition 274
tcp_ping received 384 bytes back
Round trip time was 0.047833 milliseconds in repetition 275
tcp_ping received 384 bytes back
Round trip time was 0.053007 milliseconds in repetition 276
tcp_ping received 384 bytes back
Round trip time was 0.056923 milliseconds in repetition 277
tcp_ping received 384 bytes back
Round trip time was 0.043438 milliseconds in repetition 278
tcp_ping received 384 bytes back
Round trip time was 0.043741 milliseconds in repetition 279
tcp_ping received 384 bytes back
Round trip time was 0.050435 milliseconds in repetition 280
tcp_ping received 384 bytes back
Round trip time was 0.045982 milliseconds in repetition 281
tcp_ping received 384 bytes back
Round trip time was 0.054298 milliseconds in repetition 282
tcp_ping received 384 bytes back
Round trip time was 0.052568 milliseconds in repetition 283
tcp_ping received 384 bytes back
Round trip time was 0.052979 milliseconds in repetition 284
tcp_ping received 384 bytes back
Round trip time was 0.051459 milliseconds in repetition 285
tcp_ping received 384 bytes back
Round trip time was 0.04558 milliseconds in repetition 286
tcp_ping received 384 bytes back
Round trip time was 0.047672 milliseconds in repetition 287
tcp_ping received 384 bytes back
Round trip time was 0.034899 milliseconds in repetition 288
tcp_ping received 384 bytes back
Round trip time was 0.046961 milliseconds in repetition 289
tcp_ping received 384 bytes back
Round trip time was 0.05125 milliseconds in repetition 290
tcp_ping received 384 bytes back
Round trip time was 0.046545 milliseconds in repetition 291
tcp_ping received 384 bytes back
Round trip time was 0.048009 milliseconds in repetition 292
tcp_ping received 384 bytes back
Round trip time was 0.069117 milliseconds in repetition 293
tcp_ping received 384 bytes back
Round trip time was 0.050428 milliseconds in repetition 294
tcp_ping received 384 bytes back
Round trip time was 0.042571 milliseconds in repetition 295
tcp_ping received 384 bytes back
Round trip time was 0.049843 milliseconds in repetition 296
tcp_ping received 384 bytes back
Round trip time was 0.042463 milliseconds in repetition 297
tcp_ping received 384 bytes back
Round trip time was 0.043178 milliseconds in repetition 298
tcp_ping received 384 bytes back
Round trip time was 0.047911 milliseconds in repetition 299
tcp_ping received 384 bytes back
Round trip time was 0.038748 milliseconds in repetition 300
tcp_ping received 384 bytes back
Round trip time was 0.043851 milliseconds in repetition 301
tcp_ping received 384 bytes back
Round trip time was 0.041982 milliseconds in repetition 302
tcp_ping received 384 bytes back
Round trip time was 0.044829 milliseconds in repetition 303
tcp_ping received 384 bytes back
Round trip time was 0.042154 milliseconds in repetition 304
tcp_ping received 384 bytes back
Round trip time was 0.04436 milliseconds in repetition 305
tcp_ping received 384 bytes back
Round trip time was 0.054745 milliseconds in repetition 306
tcp_ping received 384 bytes back
Round trip time was 0.04976 milliseconds in repetition 307
tcp_ping received 384 bytes back
Round trip time was 0.044876 milliseconds in repetition 308
tcp_ping received 384 bytes back
Round trip time was 0.049675 milliseconds in repetition 309
tcp_ping received 384 bytes back
Round trip time was 0.039678 milliseconds in repetition 310
tcp_ping received 384 bytes back
Round trip time was 0.038116 milliseconds in repetition 311
tcp_ping received 384 bytes back
Round trip time was 0.052105 milliseconds in repetition 312
tcp_ping received 384 bytes back
Round trip time was 0.049896 milliseconds in repetition 313
tcp_ping received 384 bytes back
Round trip time was 0.045281 milliseconds in repetition 314
tcp_ping received 384 bytes back
Round trip time was 0.043319 milliseconds in repetition 315
tcp_ping received 384 bytes back
Round trip time was 0.042746 milliseconds in repetition 316
tcp_ping received 384 bytes back
Round trip time was 0.061596 milliseconds in repetition 317
tcp_ping received 384 bytes back
Round trip time was 0.047612 milliseconds in repetition 318
tcp_ping received 384 bytes back
Round trip time was 0.053223 milliseconds in repetition 319
tcp_ping received 384 bytes back
Round trip time was 0.042457 milliseconds in repetition 320
tcp_ping received 384 bytes back
Round trip time was 0.070539 milliseconds in repetition 321
tcp_ping received 384 bytes back
Round trip time was 0.051522 milliseconds in repetition 322
tcp_ping received 384 bytes back
Round trip time was 0.050505 milliseconds in repetition 323
tcp_ping received 384 bytes back
Round trip time was 0.047882 milliseconds in repetition 324
tcp_ping received 384 bytes back
Round trip time was 0.048229 milliseconds in repetition 325
tcp_ping received 384 bytes back
Round trip time was 0.081044 milliseconds in repetition 326
tcp_ping received 384 bytes back
Round trip time was 0.056757 milliseconds in repetition 327
tcp_ping received 384 bytes back
Round trip time was 0.049284 milliseconds in repetition 328
tcp_ping received 384 bytes back
Round trip time was 0.051185 milliseconds in repetition 329
tcp_ping received 384 bytes back
Round trip time was 0.055502 milliseconds in repetition 330
tcp_ping received 384 bytes back
Round trip time was 0.055041 milliseconds in repetition 331
tcp_ping received 384 bytes back
Round trip time was 0.06795 milliseconds in repetition 332
tcp_ping received 384 bytes back
Round trip time was 0.049206 milliseconds in repetition 333
tcp_ping received 384 bytes back
Round trip time was 0.045335 milliseconds in repetition 334
tcp_ping received 384 bytes back
Round trip time was 0.077726 milliseconds in repetition 335
tcp_ping received 384 bytes back
Round trip time was 0.055423 milliseconds in repetition 336
tcp_ping received 384 bytes back
Round trip time was 0.06376 milliseconds in repetition 337
tcp_ping received 384 bytes back
Round trip time was 0.064615 milliseconds in repetition 338
tcp_ping received 384 bytes back
Round trip time was 0.05271 milliseconds in repetition 339
tcp_ping received 384 bytes back
Round trip time was 0.058549 milliseconds in repetition 340
tcp_ping received 384 bytes back
Round trip time was 0.051298 milliseconds in repetition 341
tcp_ping received 384 bytes back
Round trip time was 0.064033 milliseconds in repetition 342
tcp_ping received 384 bytes back
Round trip time was 0.047416 milliseconds in repetition 343
tcp_ping received 384 bytes back
Round trip time was 0.043901 milliseconds in repetition 344
tcp_ping received 384 bytes back
Round trip time was 0.044853 milliseconds in repetition 345
tcp_ping received 384 bytes back
Round trip time was 0.065016 milliseconds in repetition 346
tcp_ping received 384 bytes back
Round trip time was 0.05748 milliseconds in repetition 347
tcp_ping received 384 bytes back
Round trip time was 0.061772 milliseconds in repetition 348
tcp_ping received 384 bytes back
Round trip time was 0.054081 milliseconds in repetition 349
tcp_ping received 384 bytes back
Round trip time was 0.054381 milliseconds in repetition 350
tcp_ping received 384 bytes back
Round trip time was 0.058083 milliseconds in repetition 351
tcp_ping received 384 bytes back
Round trip time was 0.053497 milliseconds in repetition 352
tcp_ping received 384 bytes back
Round trip time was 0.060386 milliseconds in repetition 353
tcp_ping received 384 bytes back
Round trip time was 0.054224 milliseconds in repetition 354
tcp_ping received 384 bytes back
Round trip time was 0.040784 milliseconds in repetition 355
tcp_ping received 384 bytes back
Round trip time was 0.044735 milliseconds in repetition 356
tcp_ping received 384 bytes back
Round trip time was 0.055742 milliseconds in repetition 357
tcp_ping received 384 bytes back
Round trip time was 0.060796 milliseconds in repetition 358
tcp_ping received 384 bytes back
Round trip time was 0.063585 milliseconds in repetition 359
tcp_ping received 384 bytes back
Round trip time was 0.085599 milliseconds in repetition 360
tcp_ping received 384 bytes back
Round trip time was 0.061586 milliseconds in repetition 361
tcp_ping received 384 bytes back
Round trip time was 0.05438 milliseconds in repetition 362
tcp_ping received 384 bytes back
Round trip time was 0.065961 milliseconds in repetition 363
tcp_ping received 384 bytes back
Round trip time was 0.05721 milliseconds in repetition 364
tcp_ping received 384 bytes back
Round trip time was 0.035219 milliseconds in repetition 365
tcp_ping received 384 bytes back
Round trip time was 0.036511 milliseconds in repetition 366
tcp_ping received 384 bytes back
Round trip time was 0.05093 milliseconds in repetition 367
tcp_ping received 384 bytes back
Round trip time was 0.044886 milliseconds in repetition 368
tcp_ping received 384 bytes back
Round trip time was 0.049165 milliseconds in repetition 369
tcp_ping received 384 bytes back
Round trip time was 0.056493 milliseconds in repetition 370
tcp_ping received 384 bytes back
Round trip time was 0.048082 milliseconds in repetition 371
tcp_ping received 384 bytes back
Round trip time was 0.055292 milliseconds in repetition 372
tcp_ping received 384 bytes back
Round trip time was 0.05102 milliseconds in repetition 373
tcp_ping received 384 bytes back
Round trip time was 0.141581 milliseconds in repetition 374
tcp_ping received 384 bytes back
Round trip time was 0.05479 milliseconds in repetition 375
tcp_ping received 384 bytes back
Round trip time was 0.057962 milliseconds in repetition 376
tcp_ping received 384 bytes back
Round trip time was 0.058168 milliseconds in repetition 377
tcp_ping received 384 bytes back
Round trip time was 0.051224 milliseconds in repetition 378
tcp_ping received 384 bytes back
Round trip time was 0.053078 milliseconds in repetition 379
tcp_ping received 384 bytes back
Round trip time was 0.060559 milliseconds in repetition 380
tcp_ping received 384 bytes back
Round trip time was 0.059811 milliseconds in repetition 381
tcp_ping received 384 bytes back
Round trip time was 0.053812 milliseconds in repetition 382
tcp_ping received 384 bytes back
Round trip time was 0.053558 milliseconds in repetition 383
tcp_ping received 384 bytes back
Round trip time was 0.056634 milliseconds in repetition 384
tcp_ping received 384 bytes back
Round trip time was 0.051028 milliseconds in repetition 385
tcp_ping received 384 bytes back
Round trip time was 0.049153 milliseconds in repetition 386
tcp_ping received 384 bytes back
Round trip time was 0.058541 milliseconds in repetition 387
tcp_ping received 384 bytes back
Round trip time was 0.044185 milliseconds in repetition 388
tcp_ping received 384 bytes back
Round trip time was 0.061581 milliseconds in repetition 389
tcp_ping received 384 bytes back
Round trip time was 0.05718 milliseconds in repetition 390
tcp_ping received 384 bytes back
Round trip time was 0.051493 milliseconds in repetition 391
tcp_ping received 384 bytes back
Round trip time was 0.054305 milliseconds in repetition 392
tcp_ping received 384 bytes back
Round trip time was 0.042629 milliseconds in repetition 393
tcp_ping received 384 bytes back
Round trip time was 0.047145 milliseconds in repetition 394
tcp_ping received 384 bytes back
Round trip time was 0.045014 milliseconds in repetition 395
tcp_ping received 384 bytes back
Round trip time was 0.04539 milliseconds in repetition 396
tcp_ping received 384 bytes back
Round trip time was 0.050002 milliseconds in repetition 397
tcp_ping received 384 bytes back
Round trip time was 0.04058 milliseconds in repetition 398
tcp_ping received 384 bytes back
Round trip time was 0.04526 milliseconds in repetition 399
tcp_ping received 384 bytes back
Round trip time was 0.054924 milliseconds in repetition 400
tcp_ping received 384 bytes back
Round trip time was 0.047469 milliseconds in repetition 401
tcp_ping received 384 bytes back
Round trip time was 0.046796 milliseconds in repetition 402
tcp_ping received 384 bytes back
Round trip time was 0.049638 milliseconds in repetition 403
tcp_ping received 384 bytes back
Round trip time was 0.047139 milliseconds in repetition 404
tcp_ping received 384 bytes back
Round trip time was 0.045116 milliseconds in repetition 405
tcp_ping received 384 bytes back
Round trip time was 0.042118 milliseconds in repetition 406
tcp_ping received 384 bytes back
Round trip time was 0.057157 milliseconds in repetition 407
tcp_ping received 384 bytes back
Round trip time was 0.041674 milliseconds in repetition 408
tcp_ping received 384 bytes back
Round trip time was 0.047421 milliseconds in repetition 409
tcp_ping received 384 bytes back
Round trip time was 0.048921 milliseconds in repetition 410
tcp_ping received 384 bytes back
Round trip time was 0.043659 milliseconds in repetition 411
tcp_ping received 384 bytes back
Round trip time was 0.058165 milliseconds in repetition 412
tcp_ping received 384 bytes back
Round trip time was 0.046301 milliseconds in repetition 413
tcp_ping received 384 bytes back
Round trip time was 0.047515 milliseconds in repetition 414
tcp_ping received 384 bytes back
Round trip time was 0.035319 milliseconds in repetition 415
tcp_ping received 384 bytes back
Round trip time was 0.044048 milliseconds in repetition 416
tcp_ping received 384 bytes back
Round trip time was 0.038133 milliseconds in repetition 417
tcp_ping received 384 bytes back
Round trip time was 0.043752 milliseconds in repetition 418
tcp_ping received 384 bytes back
Round trip time was 0.053623 milliseconds in repetition 419
tcp_ping received 384 bytes back
Round trip time was 0.048 milliseconds in repetition 420
tcp_ping received 384 bytes back
Round trip time was 0.047359 milliseconds in repetition 421
tcp_ping received 384 bytes back
Round trip time was 0.041345 milliseconds in repetition 422
tcp_ping received 384 bytes back
Round trip time was 0.049493 milliseconds in repetition 423
tcp_ping received 384 bytes back
Round trip time was 0.045236 milliseconds in repetition 424
tcp_ping received 384 bytes back
Round trip time was 0.043551 milliseconds in repetition 425
tcp_ping received 384 bytes back
Round trip time was 0.032863 milliseconds in repetition 426
tcp_ping received 384 bytes back
Round trip time was 0.04109 milliseconds in repetition 427
tcp_ping received 384 bytes back
Round trip time was 0.048717 milliseconds in repetition 428
tcp_ping received 384 bytes back
Round trip time was 0.048708 milliseconds in repetition 429
tcp_ping received 384 bytes back
Round trip time was 0.043973 milliseconds in repetition 430
tcp_ping received 384 bytes back
Round trip time was 0.037435 milliseconds in repetition 431
tcp_ping received 384 bytes back
Round trip time was 0.046391 milliseconds in repetition 432
tcp_ping received 384 bytes back
Round trip time was 0.045314 milliseconds in repetition 433
tcp_ping received 384 bytes back
Round trip time was 0.067994 milliseconds in repetition 434
tcp_ping received 384 bytes back
Round trip time was 0.046889 milliseconds in repetition 435
tcp_ping received 384 bytes back
Round trip time was 0.044352 milliseconds in repetition 436
tcp_ping received 384 bytes back
Round trip time was 0.043009 milliseconds in repetition 437
tcp_ping received 384 bytes back
Round trip time was 0.037407 milliseconds in repetition 438
tcp_ping received 384 bytes back
Round trip time was 0.040219 milliseconds in repetition 439
tcp_ping received 384 bytes back
Round trip time was 0.046168 milliseconds in repetition 440
tcp_ping received 384 bytes back
Round trip time was 0.050478 milliseconds in repetition 441
tcp_ping received 384 bytes back
Round trip time was 0.043532 milliseconds in repetition 442
tcp_ping received 384 bytes back
Round trip time was 0.054523 milliseconds in repetition 443
tcp_ping received 384 bytes back
Round trip time was 0.052078 milliseconds in repetition 444
tcp_ping received 384 bytes back
Round trip time was 0.048852 milliseconds in repetition 445
tcp_ping received 384 bytes back
Round trip time was 0.042618 milliseconds in repetition 446
tcp_ping received 384 bytes back
Round trip time was 0.044345 milliseconds in repetition 447
tcp_ping received 384 bytes back
Round trip time was 0.037132 milliseconds in repetition 448
tcp_ping received 384 bytes back
Round trip time was 0.04602 milliseconds in repetition 449
tcp_ping received 384 bytes back
Round trip time was 0.04161 milliseconds in repetition 450
tcp_ping received 384 bytes back
Round trip time was 0.049678 milliseconds in repetition 451
tcp_ping received 384 bytes back
Round trip time was 0.042187 milliseconds in repetition 452
tcp_ping received 384 bytes back
Round trip time was 0.045046 milliseconds in repetition 453
tcp_ping received 384 bytes back
Round trip time was 0.051131 milliseconds in repetition 454
tcp_ping received 384 bytes back
Round trip time was 0.046939 milliseconds in repetition 455
tcp_ping received 384 bytes back
Round trip time was 0.046569 milliseconds in repetition 456
tcp_ping received 384 bytes back
Round trip time was 0.046814 milliseconds in repetition 457
tcp_ping received 384 bytes back
Round trip time was 0.044717 milliseconds in repetition 458
tcp_ping received 384 bytes back
Round trip time was 0.04606 milliseconds in repetition 459
tcp_ping received 384 bytes back
Round trip time was 0.046552 milliseconds in repetition 460
tcp_ping received 384 bytes back
Round trip time was 0.044824 milliseconds in repetition 461
tcp_ping received 384 bytes back
Round trip time was 0.044245 milliseconds in repetition 462
tcp_ping received 384 bytes back
Round trip time was 0.049346 milliseconds in repetition 463
tcp_ping received 384 bytes back
Round trip time was 0.045025 milliseconds in repetition 464
tcp_ping received 384 bytes back
Round trip time was 0.040453 milliseconds in repetition 465
tcp_ping received 384 bytes back
Round trip time was 0.041703 milliseconds in repetition 466
tcp_ping received 384 bytes back
Round trip time was 0.0601 milliseconds in repetition 467
tcp_ping received 384 bytes back
Round trip time was 0.060188 milliseconds in repetition 468
tcp_ping received 384 bytes back
Round trip time was 0.060707 milliseconds in repetition 469
tcp_ping received 384 bytes back
Round trip time was 0.053811 milliseconds in repetition 470
tcp_ping received 384 bytes back
Round trip time was 0.045365 milliseconds in repetition 471
tcp_ping received 384 bytes back
Round trip time was 0.050531 milliseconds in repetition 472
tcp_ping received 384 bytes back
Round trip time was 0.048748 milliseconds in repetition 473
tcp_ping received 384 bytes back
Round trip time was 0.053094 milliseconds in repetition 474
tcp_ping received 384 bytes back
Round trip time was 0.057499 milliseconds in repetition 475
tcp_ping received 384 bytes back
Round trip time was 0.049081 milliseconds in repetition 476
tcp_ping received 384 bytes back
Round trip time was 0.065328 milliseconds in repetition 477
tcp_ping received 384 bytes back
Round trip time was 0.054424 milliseconds in repetition 478
tcp_ping received 384 bytes back
Round trip time was 0.059313 milliseconds in repetition 479
tcp_ping received 384 bytes back
Round trip time was 0.05519 milliseconds in repetition 480
tcp_ping received 384 bytes back
Round trip time was 0.052888 milliseconds in repetition 481
tcp_ping received 384 bytes back
Round trip time was 0.051014 milliseconds in repetition 482
tcp_ping received 384 bytes back
Round trip time was 0.050384 milliseconds in repetition 483
tcp_ping received 384 bytes back
Round trip time was 0.051384 milliseconds in repetition 484
tcp_ping received 384 bytes back
Round trip time was 0.050833 milliseconds in repetition 485
tcp_ping received 384 bytes back
Round trip time was 0.150566 milliseconds in repetition 486
tcp_ping received 384 bytes back
Round trip time was 0.04943 milliseconds in repetition 487
tcp_ping received 384 bytes back
Round trip time was 0.07214 milliseconds in repetition 488
tcp_ping received 384 bytes back
Round trip time was 0.096963 milliseconds in repetition 489
tcp_ping received 384 bytes back
Round trip time was 0.078704 milliseconds in repetition 490
tcp_ping received 384 bytes back
Round trip time was 0.064977 milliseconds in repetition 491
tcp_ping received 384 bytes back
Round trip time was 0.041597 milliseconds in repetition 492
tcp_ping received 384 bytes back
Round trip time was 0.075621 milliseconds in repetition 493
tcp_ping received 384 bytes back
Round trip time was 0.063172 milliseconds in repetition 494
tcp_ping received 384 bytes back
Round trip time was 0.052288 milliseconds in repetition 495
tcp_ping received 384 bytes back
Round trip time was 0.057811 milliseconds in repetition 496
tcp_ping received 384 bytes back
Round trip time was 0.062223 milliseconds in repetition 497
tcp_ping received 384 bytes back
Round trip time was 0.05916 milliseconds in repetition 498
tcp_ping received 384 bytes back
Round trip time was 0.05012 milliseconds in repetition 499
tcp_ping received 384 bytes back
Round trip time was 0.051802 milliseconds in repetition 500
tcp_ping received 384 bytes back
Round trip time was 0.045842 milliseconds in repetition 501

 ... clock resolution was 1e-06
TCP Ping:  Statistics over 501 repetitions of 384 byte messages

RTT : percentile 10: 0.042463, median: 0.050779, percentile 90: 0.067322, average: 0.0540891, variance: 0.000282634

RTT histogram:
0.0328615 20
0.044591 222
0.0563205 176
0.06805 55
0.0797795 14
0.091509 5
0.103239 2
0.114968 3
0.126698 0
0.138427 1
0.150157 1
0.161886 1
0.173616 0
0.185345 0
0.197075 0
0.208804 0
0.220534 0
0.232263 0
0.243993 0
0.255722 0
0.267452 1

   median Throughput : 15124.4 KB/s   overall Throughput : 14198.8 KB/s

