TCP Ping trying to connect to server 127.0.0.1 (127.0.0.1) on port 1491
 ... connected to Pong server: asking for 501 repetitions of 64 bytes TCP messages
 ... Pong server agreed :-)
tcp_ping received 64 bytes back
Round trip time was 0.054058 milliseconds in repetition 1
tcp_ping received 64 bytes back
Round trip time was 0.0853 milliseconds in repetition 2
tcp_ping received 64 bytes back
Round trip time was 0.059194 milliseconds in repetition 3
tcp_ping received 64 bytes back
Round trip time was 0.05899 milliseconds in repetition 4
tcp_ping received 64 bytes back
Round trip time was 0.052693 milliseconds in repetition 5
tcp_ping received 64 bytes back
Round trip time was 0.047323 milliseconds in repetition 6
tcp_ping received 64 bytes back
Round trip time was 0.070186 milliseconds in repetition 7
tcp_ping received 64 bytes back
Round trip time was 0.053162 milliseconds in repetition 8
tcp_ping received 64 bytes back
Round trip time was 0.046117 milliseconds in repetition 9
tcp_ping received 64 bytes back
Round trip time was 0.055588 milliseconds in repetition 10
tcp_ping received 64 bytes back
Round trip time was 0.094361 milliseconds in repetition 11
tcp_ping received 64 bytes back
Round trip time was 0.056117 milliseconds in repetition 12
tcp_ping received 64 bytes back
Round trip time was 0.047587 milliseconds in repetition 13
tcp_ping received 64 bytes back
Round trip time was 0.057721 milliseconds in repetition 14
tcp_ping received 64 bytes back
Round trip time was 0.03941 milliseconds in repetition 15
tcp_ping received 64 bytes back
Round trip time was 0.046135 milliseconds in repetition 16
tcp_ping received 64 bytes back
Round trip time was 0.086482 milliseconds in repetition 17
tcp_ping received 64 bytes back
Round trip time was 0.087042 milliseconds in repetition 18
tcp_ping received 64 bytes back
Round trip time was 0.045412 milliseconds in repetition 19
tcp_ping received 64 bytes back
Round trip time was 0.046089 milliseconds in repetition 20
tcp_ping received 64 bytes back
Round trip time was 0.053404 milliseconds in repetition 21
tcp_ping received 64 bytes back
Round trip time was 0.051318 milliseconds in repetition 22
tcp_ping received 64 bytes back
Round trip time was 0.054315 milliseconds in repetition 23
tcp_ping received 64 bytes back
Round trip time was 0.042197 milliseconds in repetition 24
tcp_ping received 64 bytes back
Round trip time was 0.049207 milliseconds in repetition 25
tcp_ping received 64 bytes back
Round trip time was 0.038027 milliseconds in repetition 26
tcp_ping received 64 bytes back
Round trip time was 0.046424 milliseconds in repetition 27
tcp_ping received 64 bytes back
Round trip time was 0.048081 milliseconds in repetition 28
tcp_ping received 64 bytes back
Round trip time was 0.052616 milliseconds in repetition 29
tcp_ping received 64 bytes back
Round trip time was 0.044529 milliseconds in repetition 30
tcp_ping received 64 bytes back
Round trip time was 0.055624 milliseconds in repetition 31
tcp_ping received 64 bytes back
Round trip time was 0.049267 milliseconds in repetition 32
tcp_ping received 64 bytes back
Round trip time was 0.050413 milliseconds in repetition 33
tcp_ping received 64 bytes back
Round trip time was 0.044052 milliseconds in repetition 34
tcp_ping received 64 bytes back
Round trip time was 0.058549 milliseconds in repetition 35
tcp_ping received 64 bytes back
Round trip time was 0.056715 milliseconds in repetition 36
tcp_ping received 64 bytes back
Round trip time was 0.049973 milliseconds in repetition 37
tcp_ping received 64 bytes back
Round trip time was 0.046228 milliseconds in repetition 38
tcp_ping received 64 bytes back
Round trip time was 0.046503 milliseconds in repetition 39
tcp_ping received 64 bytes back
Round trip time was 0.044075 milliseconds in repetition 40
tcp_ping received 64 bytes back
Round trip time was 0.037005 milliseconds in repetition 41
tcp_ping received 64 bytes back
Round trip time was 0.047506 milliseconds in repetition 42
tcp_ping received 64 bytes back
Round trip time was 0.048246 milliseconds in repetition 43
tcp_ping received 64 bytes back
Round trip time was 0.042299 milliseconds in repetition 44
tcp_ping received 64 bytes back
Round trip time was 0.040138 milliseconds in repetition 45
tcp_ping received 64 bytes back
Round trip time was 0.046674 milliseconds in repetition 46
tcp_ping received 64 bytes back
Round trip time was 0.053765 milliseconds in repetition 47
tcp_ping received 64 bytes back
Round trip time was 0.052277 milliseconds in repetition 48
tcp_ping received 64 bytes back
Round trip time was 0.042451 milliseconds in repetition 49
tcp_ping received 64 bytes back
Round trip time was 0.047199 milliseconds in repetition 50
tcp_ping received 64 bytes back
Round trip time was 0.036008 milliseconds in repetition 51
tcp_ping received 64 bytes back
Round trip time was 0.035496 milliseconds in repetition 52
tcp_ping received 64 bytes back
Round trip time was 0.042487 milliseconds in repetition 53
tcp_ping received 64 bytes back
Round trip time was 0.040345 milliseconds in repetition 54
tcp_ping received 64 bytes back
Round trip time was 0.036506 milliseconds in repetition 55
tcp_ping received 64 bytes back
Round trip time was 0.072266 milliseconds in repetition 56
tcp_ping received 64 bytes back
Round trip time was 0.046177 milliseconds in repetition 57
tcp_ping received 64 bytes back
Round trip time was 0.05443 milliseconds in repetition 58
tcp_ping received 64 bytes back
Round trip time was 0.057047 milliseconds in repetition 59
tcp_ping received 64 bytes back
Round trip time was 0.054335 milliseconds in repetition 60
tcp_ping received 64 bytes back
Round trip time was 0.049103 milliseconds in repetition 61
tcp_ping received 64 bytes back
Round trip time was 0.043602 milliseconds in repetition 62
tcp_ping received 64 bytes back
Round trip time was 0.033852 milliseconds in repetition 63
tcp_ping received 64 bytes back
Round trip time was 0.052175 milliseconds in repetition 64
tcp_ping received 64 bytes back
Round trip time was 0.049124 milliseconds in repetition 65
tcp_ping received 64 bytes back
Round trip time was 0.05189 milliseconds in repetition 66
tcp_ping received 64 bytes back
Round trip time was 0.050774 milliseconds in repetition 67
tcp_ping received 64 bytes back
Round trip time was 0.059449 milliseconds in repetition 68
tcp_ping received 64 bytes back
Round trip time was 0.04751 milliseconds in repetition 69
tcp_ping received 64 bytes back
Round trip time was 0.061049 milliseconds in repetition 70
tcp_ping received 64 bytes back
Round trip time was 0.05632 milliseconds in repetition 71
tcp_ping received 64 bytes back
Round trip time was 0.049559 milliseconds in repetition 72
tcp_ping received 64 bytes back
Round trip time was 0.063942 milliseconds in repetition 73
tcp_ping received 64 bytes back
Round trip time was 0.068603 milliseconds in repetition 74
tcp_ping received 64 bytes back
Round trip time was 0.056903 milliseconds in repetition 75
tcp_ping received 64 bytes back
Round trip time was 0.044668 milliseconds in repetition 76
tcp_ping received 64 bytes back
Round trip time was 0.053759 milliseconds in repetition 77
tcp_ping received 64 bytes back
Round trip time was 0.067156 milliseconds in repetition 78
tcp_ping received 64 bytes back
Round trip time was 0.05872 milliseconds in repetition 79
tcp_ping received 64 bytes back
Round trip time was 0.335643 milliseconds in repetition 80
tcp_ping received 64 bytes back
Round trip time was 0.078947 milliseconds in repetition 81
tcp_ping received 64 bytes back
Round trip time was 0.056196 milliseconds in repetition 82
tcp_ping received 64 bytes back
Round trip time was 0.052804 milliseconds in repetition 83
tcp_ping received 64 bytes back
Round trip time was 0.066559 milliseconds in repetition 84
tcp_ping received 64 bytes back
Round trip time was 0.052054 milliseconds in repetition 85
tcp_ping received 64 bytes back
Round trip time was 0.059869 milliseconds in repetition 86
tcp_ping received 64 bytes back
Round trip time was 0.049752 milliseconds in repetition 87
tcp_ping received 64 bytes back
Round trip time was 0.042837 milliseconds in repetition 88
tcp_ping received 64 bytes back
Round trip time was 0.042072 milliseconds in repetition 89
tcp_ping received 64 bytes back
Round trip time was 0.070434 milliseconds in repetition 90
tcp_ping received 64 bytes back
Round trip time was 0.076529 milliseconds in repetition 91
tcp_ping received 64 bytes back
Round trip time was 0.064845 milliseconds in repetition 92
tcp_ping received 64 bytes back
Round trip time was 0.065573 milliseconds in repetition 93
tcp_ping received 64 bytes back
Round trip time was 0.066118 milliseconds in repetition 94
tcp_ping received 64 bytes back
Round trip time was 0.07272 milliseconds in repetition 95
tcp_ping received 64 bytes back
Round trip time was 0.054613 milliseconds in repetition 96
tcp_ping received 64 bytes back
Round trip time was 0.063974 milliseconds in repetition 97
tcp_ping received 64 bytes back
Round trip time was 0.171401 milliseconds in repetition 98
tcp_ping received 64 bytes back
Round trip time was 0.059556 milliseconds in repetition 99
tcp_ping received 64 bytes back
Round trip time was 0.054252 milliseconds in repetition 100
tcp_ping received 64 bytes back
Round trip time was 0.076409 milliseconds in repetition 101
tcp_ping received 64 bytes back
Round trip time was 0.099922 milliseconds in repetition 102
tcp_ping received 64 bytes back
Round trip time was 0.058949 milliseconds in repetition 103
tcp_ping received 64 bytes back
Round trip time was 0.064511 milliseconds in repetition 104
tcp_ping received 64 bytes back
Round trip time was 0.061835 milliseconds in repetition 105
tcp_ping received 64 bytes back
Round trip time was 0.058637 milliseconds in repetition 106
tcp_ping received 64 bytes back
Round trip time was 0.051403 milliseconds in repetition 107
tcp_ping received 64 bytes back
Round trip time was 0.050692 milliseconds in repetition 108
tcp_ping received 64 bytes back
Round trip time was 0.041026 milliseconds in repetition 109
tcp_ping received 64 bytes back
Round trip time was 0.051476 milliseconds in repetition 110
tcp_ping received 64 bytes back
Round trip time was 0.059774 milliseconds in repetition 111
tcp_ping received 64 bytes back
Round trip time was 0.061981 milliseconds in repetition 112
tcp_ping received 64 bytes back
Round trip time was 0.059086 milliseconds in repetition 113
tcp_ping received 64 bytes back
Round trip time was 0.059019 milliseconds in repetition 114
tcp_ping received 64 bytes back
Round trip time was 0.045938 milliseconds in repetition 115
tcp_ping received 64 bytes back
Round trip time was 0.053758 milliseconds in repetition 116
tcp_ping received 64 bytes back
Round trip time was 0.055212 milliseconds in repetition 117
tcp_ping received 64 bytes back
Round trip time was 0.071442 milliseconds in repetition 118
tcp_ping received 64 bytes back
Round trip time was 0.05656 milliseconds in repetition 119
tcp_ping received 64 bytes back
Round trip time was 0.033338 milliseconds in repetition 120
tcp_ping received 64 bytes back
Round trip time was 0.050146 milliseconds in repetition 121
tcp_ping received 64 bytes back
Round trip time was 0.061717 milliseconds in repetition 122
tcp_ping received 64 bytes back
Round trip time was 0.069188 milliseconds in repetition 123
tcp_ping received 64 bytes back
Round trip time was 0.064685 milliseconds in repetition 124
tcp_ping received 64 bytes back
Round trip time was 0.059331 milliseconds in repetition 125
tcp_ping received 64 bytes back
Round trip time was 0.057218 milliseconds in repetition 126
tcp_ping received 64 bytes back
Round trip time was 0.042194 milliseconds in repetition 127
tcp_ping received 64 bytes back
Round trip time was 0.055178 milliseconds in repetition 128
tcp_ping received 64 bytes back
Round trip time was 0.058638 milliseconds in repetition 129
tcp_ping received 64 bytes back
Round trip time was 0.063119 milliseconds in repetition 130
tcp_ping received 64 bytes back
Round trip time was 0.049553 milliseconds in repetition 131
tcp_ping received 64 bytes back
Round trip time was 0.055922 milliseconds in repetition 132
tcp_ping received 64 bytes back
Round trip time was 0.046844 milliseconds in repetition 133
tcp_ping received 64 bytes back
Round trip time was 0.047761 milliseconds in repetition 134
tcp_ping received 64 bytes back
Round trip time was 0.059802 milliseconds in repetition 135
tcp_ping received 64 bytes back
Round trip time was 0.038018 milliseconds in repetition 136
tcp_ping received 64 bytes back
Round trip time was 0.047464 milliseconds in repetition 137
tcp_ping received 64 bytes back
Round trip time was 0.04326 milliseconds in repetition 138
tcp_ping received 64 bytes back
Round trip time was 0.039064 milliseconds in repetition 139
tcp_ping received 64 bytes back
Round trip time was 0.073783 milliseconds in repetition 140
tcp_ping received 64 bytes back
Round trip time was 0.052351 milliseconds in repetition 141
tcp_ping received 64 bytes back
Round trip time was 0.056805 milliseconds in repetition 142
tcp_ping received 64 bytes back
Round trip time was 0.579599 milliseconds in repetition 143
tcp_ping received 64 bytes back
Round trip time was 0.077081 milliseconds in repetition 144
tcp_ping received 64 bytes back
Round trip time was 0.091993 milliseconds in repetition 145
tcp_ping received 64 bytes back
Round trip time was 0.064639 milliseconds in repetition 146
tcp_ping received 64 bytes back
Round trip time was 0.048016 milliseconds in repetition 147
tcp_ping received 64 bytes back
Round trip time was 0.053731 milliseconds in repetition 148
tcp_ping received 64 bytes back
Round trip time was 0.056412 milliseconds in repetition 149
tcp_ping received 64 bytes back
Round trip time was 0.067448 milliseconds in repetition 150
tcp_ping received 64 bytes back
Round trip time was 0.055332 milliseconds in repetition 151
tcp_ping received 64 bytes back
Round trip time was 0.059148 milliseconds in repetition 152
tcp_ping received 64 bytes back
Round trip time was 0.064238 milliseconds in repetition 153
tcp_ping received 64 bytes back
Round trip time was 0.051434 milliseconds in repetition 154
tcp_ping received 64 bytes back
Round trip time was 0.049278 milliseconds in repetition 155
tcp_ping received 64 bytes back
Round trip time was 0.053426 milliseconds in repetition 156
tcp_ping received 64 bytes back
Round trip time was 0.061618 milliseconds in repetition 157
tcp_ping received 64 bytes back
Round trip time was 0.071672 milliseconds in repetition 158
tcp_ping received 64 bytes back
Round trip time was 0.048555 milliseconds in repetition 159
tcp_ping received 64 bytes back
Round trip time was 0.051936 milliseconds in repetition 160
tcp_ping received 64 bytes back
Round trip time was 0.057389 milliseconds in repetition 161
tcp_ping received 64 bytes back
Round trip time was 0.059238 milliseconds in repetition 162
tcp_ping received 64 bytes back
Round trip time was 0.061572 milliseconds in repetition 163
tcp_ping received 64 bytes back
Round trip time was 0.05291 milliseconds in repetition 164
tcp_ping received 64 bytes back
Round trip time was 0.050854 milliseconds in repetition 165
tcp_ping received 64 bytes back
Round trip time was 0.058349 milliseconds in repetition 166
tcp_ping received 64 bytes back
Round trip time was 0.051184 milliseconds in repetition 167
tcp_ping received 64 bytes back
Round trip time was 0.053232 milliseconds in repetition 168
tcp_ping received 64 bytes back
Round trip time was 0.051997 milliseconds in repetition 169
tcp_ping received 64 bytes back
Round trip time was 0.049007 milliseconds in repetition 170
tcp_ping received 64 bytes back
Round trip time was 0.0431 milliseconds in repetition 171
tcp_ping received 64 bytes back
Round trip time was 0.059131 milliseconds in repetition 172
tcp_ping received 64 bytes back
Round trip time was 0.043476 milliseconds in repetition 173
tcp_ping received 64 bytes back
Round trip time was 0.039428 milliseconds in repetition 174
tcp_ping received 64 bytes back
Round trip time was 0.040798 milliseconds in repetition 175
tcp_ping received 64 bytes back
Round trip time was 0.040428 milliseconds in repetition 176
tcp_ping received 64 bytes back
Round trip time was 0.037295 milliseconds in repetition 177
tcp_ping received 64 bytes back
Round trip time was 0.082957 milliseconds in repetition 178
tcp_ping received 64 bytes back
Round trip time was 0.077657 milliseconds in repetition 179
tcp_ping received 64 bytes back
Round trip time was 0.055591 milliseconds in repetition 180
tcp_ping received 64 bytes back
Round trip time was 0.069756 milliseconds in repetition 181
tcp_ping received 64 bytes back
Round trip time was 0.055289 milliseconds in repetition 182
tcp_ping received 64 bytes back
Round trip time was 0.053219 milliseconds in repetition 183
tcp_ping received 64 bytes back
Round trip time was 0.050126 milliseconds in repetition 184
tcp_ping received 64 bytes back
Round trip time was 0.062862 milliseconds in repetition 185
tcp_ping received 64 bytes back
Round trip time was 0.056354 milliseconds in repetition 186
tcp_ping received 64 bytes back
Round trip time was 0.052296 milliseconds in repetition 187
tcp_ping received 64 bytes back
Round trip time was 0.038264 milliseconds in repetition 188
tcp_ping received 64 bytes back
Round trip time was 0.036752 milliseconds in repetition 189
tcp_ping received 64 bytes back
Round trip time was 0.080324 milliseconds in repetition 190
tcp_ping received 64 bytes back
Round trip time was 0.036767 milliseconds in repetition 191
tcp_ping received 64 bytes back
Round trip time was 0.07846 milliseconds in repetition 192
tcp_ping received 64 bytes back
Round trip time was 0.060048 milliseconds in repetition 193
tcp_ping received 64 bytes back
Round trip time was 0.049302 milliseconds in repetition 194
tcp_ping received 64 bytes back
Round trip time was 0.066656 milliseconds in repetition 195
tcp_ping received 64 bytes back
Round trip time was 0.062682 milliseconds in repetition 196
tcp_ping received 64 bytes back
Round trip time was 0.061395 milliseconds in repetition 197
tcp_ping received 64 bytes back
Round trip time was 0.048748 milliseconds in repetition 198
tcp_ping received 64 bytes back
Round trip time was 0.054124 milliseconds in repetition 199
tcp_ping received 64 bytes back
Round trip time was 0.045231 milliseconds in repetition 200
tcp_ping received 64 bytes back
Round trip time was 0.049023 milliseconds in repetition 201
tcp_ping received 64 bytes back
Round trip time was 0.044977 milliseconds in repetition 202
tcp_ping received 64 bytes back
Round trip time was 0.054277 milliseconds in repetition 203
tcp_ping received 64 bytes back
Round trip time was 0.041073 milliseconds in repetition 204
tcp_ping received 64 bytes back
Round trip time was 0.036753 milliseconds in repetition 205
tcp_ping received 64 bytes back
Round trip time was 0.041502 milliseconds in repetition 206
tcp_ping received 64 bytes back
Round trip time was 0.058921 milliseconds in repetition 207
tcp_ping received 64 bytes back
Round trip time was 0.04953 milliseconds in repetition 208
tcp_ping received 64 bytes back
Round trip time was 0.050232 milliseconds in repetition 209
tcp_ping received 64 bytes back
Round trip time was 0.052758 milliseconds in repetition 210
tcp_ping received 64 bytes back
Round trip time was 0.04743 milliseconds in repetition 211
tcp_ping received 64 bytes back
Round trip time was 0.047567 milliseconds in repetition 212
tcp_ping received 64 bytes back
Round trip time was 0.040054 milliseconds in repetition 213
tcp_ping received 64 bytes back
Round trip time was 0.044148 milliseconds in repetition 214
tcp_ping received 64 bytes back
Round trip time was 0.040846 milliseconds in repetition 215
tcp_ping received 64 bytes back
Round trip time was 0.042704 milliseconds in repetition 216
tcp_ping received 64 bytes back
Round trip time was 0.049607 milliseconds in repetition 217
tcp_ping received 64 bytes back
Round trip time was 0.04657 milliseconds in repetition 218
tcp_ping received 64 bytes back
Round trip time was 0.04253 milliseconds in repetition 219
tcp_ping received 64 bytes back
Round trip time was 0.044397 milliseconds in repetition 220
tcp_ping received 64 bytes back
Round trip time was 0.043582 milliseconds in repetition 221
tcp_ping received 64 bytes back
Round trip time was 0.050791 milliseconds in repetition 222
tcp_ping received 64 bytes back
Round trip time was 0.041993 milliseconds in repetition 223
tcp_ping received 64 bytes back
Round trip time was 0.067033 milliseconds in repetition 224
tcp_ping received 64 bytes back
Round trip time was 0.059554 milliseconds in repetition 225
tcp_ping received 64 bytes back
Round trip time was 0.051332 milliseconds in repetition 226
tcp_ping received 64 bytes back
Round trip time was 0.050232 milliseconds in repetition 227
tcp_ping received 64 bytes back
Round trip time was 0.047266 milliseconds in repetition 228
tcp_ping received 64 bytes back
Round trip time was 0.0503 milliseconds in repetition 229
tcp_ping received 64 bytes back
Round trip time was 0.04084 milliseconds in repetition 230
tcp_ping received 64 bytes back
Round trip time was 0.038198 milliseconds in repetition 231
tcp_ping received 64 bytes back
Round trip time was 0.034655 milliseconds in repetition 232
tcp_ping received 64 bytes back
Round trip time was 0.14385 milliseconds in repetition 233
tcp_ping received 64 bytes back
Round trip time was 0.061094 milliseconds in repetition 234
tcp_ping received 64 bytes back
Round trip time was 0.052002 milliseconds in repetition 235
tcp_ping received 64 bytes back
Round trip time was 0.044243 milliseconds in repetition 236
tcp_ping received 64 bytes back
Round trip time was 0.047823 milliseconds in repetition 237
tcp_ping received 64 bytes back
Round trip time was 0.041112 milliseconds in repetition 238
tcp_ping received 64 bytes back
Round trip time was 0.06359 milliseconds in repetition 239
tcp_ping received 64 bytes back
Round trip time was 0.046955 milliseconds in repetition 240
tcp_ping received 64 bytes back
Round trip time was 0.046409 milliseconds in repetition 241
tcp_ping received 64 bytes back
Round trip time was 0.043326 milliseconds in repetition 242
tcp_ping received 64 bytes back
Round trip time was 0.044661 milliseconds in repetition 243
tcp_ping received 64 bytes back
Round trip time was 0.063808 milliseconds in repetition 244
tcp_ping received 64 bytes back
Round trip time was 0.03636 milliseconds in repetition 245
tcp_ping received 64 bytes back
Round trip time was 0.040028 milliseconds in repetition 246
tcp_ping received 64 bytes back
Round trip time was 0.04394 milliseconds in repetition 247
tcp_ping received 64 bytes back
Round trip time was 0.042595 milliseconds in repetition 248
tcp_ping received 64 bytes back
Round trip time was 0.044852 milliseconds in repetition 249
tcp_ping received 64 bytes back
Round trip time was 0.039782 milliseconds in repetition 250
tcp_ping received 64 bytes back
Round trip time was 0.070152 milliseconds in repetition 251
tcp_ping received 64 bytes back
Round trip time was 0.062699 milliseconds in repetition 252
tcp_ping received 64 bytes back
Round trip time was 0.050468 milliseconds in repetition 253
tcp_ping received 64 bytes back
Round trip time was 0.03663 milliseconds in repetition 254
tcp_ping received 64 bytes back
Round trip time was 0.055205 milliseconds in repetition 255
tcp_ping received 64 bytes back
Round trip time was 0.047679 milliseconds in repetition 256
tcp_ping received 64 bytes back
Round trip time was 0.055729 milliseconds in repetition 257
tcp_ping received 64 bytes back
Round trip time was 0.055146 milliseconds in repetition 258
tcp_ping received 64 bytes back
Round trip time was 0.054476 milliseconds in repetition 259
tcp_ping received 64 bytes back
Round trip time was 0.06464 milliseconds in repetition 260
tcp_ping received 64 bytes back
Round trip time was 0.054345 milliseconds in repetition 261
tcp_ping received 64 bytes back
Round trip time was 0.049315 milliseconds in repetition 262
tcp_ping received 64 bytes back
Round trip time was 0.05774 milliseconds in repetition 263
tcp_ping received 64 bytes back
Round trip time was 0.045371 milliseconds in repetition 264
tcp_ping received 64 bytes back
Round trip time was 0.041635 milliseconds in repetition 265
tcp_ping received 64 bytes back
Round trip time was 0.055732 milliseconds in repetition 266
tcp_ping received 64 bytes back
Round trip time was 0.046764 milliseconds in repetition 267
tcp_ping received 64 bytes back
Round trip time was 0.058491 milliseconds in repetition 268
tcp_ping received 64 bytes back
Round trip time was 0.069862 milliseconds in repetition 269
tcp_ping received 64 bytes back
Round trip time was 0.053388 milliseconds in repetition 270
tcp_ping received 64 bytes back
Round trip time was 0.051738 milliseconds in repetition 271
tcp_ping received 64 bytes back
Round trip time was 0.069658 milliseconds in repetition 272
tcp_ping received 64 bytes back
Round trip time was 0.05421 milliseconds in repetition 273
tcp_ping received 64 bytes back
Round trip time was 0.055114 milliseconds in repetition 274
tcp_ping received 64 bytes back
Round trip time was 0.062392 milliseconds in repetition 275
tcp_ping received 64 bytes back
Round trip time was 0.060097 milliseconds in repetition 276
tcp_ping received 64 bytes back
Round trip time was 0.064534 milliseconds in repetition 277
tcp_ping received 64 bytes back
Round trip time was 0.049469 milliseconds in repetition 278
tcp_ping received 64 bytes back
Round trip time was 0.053021 milliseconds in repetition 279
tcp_ping received 64 bytes back
Round trip time was 0.050412 milliseconds in repetition 280
tcp_ping received 64 bytes back
Round trip time was 0.042608 milliseconds in repetition 281
tcp_ping received 64 bytes back
Round trip time was 0.057221 milliseconds in repetition 282
tcp_ping received 64 bytes back
Round trip time was 0.046776 milliseconds in repetition 283
tcp_ping received 64 bytes back
Round trip time was 0.044283 milliseconds in repetition 284
tcp_ping received 64 bytes back
Round trip time was 0.064035 milliseconds in repetition 285
tcp_ping received 64 bytes back
Round trip time was 0.04689 milliseconds in repetition 286
tcp_ping received 64 bytes back
Round trip time was 0.032201 milliseconds in repetition 287
tcp_ping received 64 bytes back
Round trip time was 0.035656 milliseconds in repetition 288
tcp_ping received 64 bytes back
Round trip time was 0.04697 milliseconds in repetition 289
tcp_ping received 64 bytes back
Round trip time was 0.066283 milliseconds in repetition 290
tcp_ping received 64 bytes back
Round trip time was 0.047695 milliseconds in repetition 291
tcp_ping received 64 bytes back
Round trip time was 0.043077 milliseconds in repetition 292
tcp_ping received 64 bytes back
Round trip time was 0.059643 milliseconds in repetition 293
tcp_ping received 64 bytes back
Round trip time was 0.048676 milliseconds in repetition 294
tcp_ping received 64 bytes back
Round trip time was 0.045242 milliseconds in repetition 295
tcp_ping received 64 bytes back
Round trip time was 0.070939 milliseconds in repetition 296
tcp_ping received 64 bytes back
Round trip time was 0.064898 milliseconds in repetition 297
tcp_ping received 64 bytes back
Round trip time was 0.057739 milliseconds in repetition 298
tcp_ping received 64 bytes back
Round trip time was 0.053526 milliseconds in repetition 299
tcp_ping received 64 bytes back
Round trip time was 0.052661 milliseconds in repetition 300
tcp_ping received 64 bytes back
Round trip time was 0.044696 milliseconds in repetition 301
tcp_ping received 64 bytes back
Round trip time was 0.079189 milliseconds in repetition 302
tcp_ping received 64 bytes back
Round trip time was 0.072913 milliseconds in repetition 303
tcp_ping received 64 bytes back
Round trip time was 0.059159 milliseconds in repetition 304
tcp_ping received 64 bytes back
Round trip time was 0.060015 milliseconds in repetition 305
tcp_ping received 64 bytes back
Round trip time was 0.054611 milliseconds in repetition 306
tcp_ping received 64 bytes back
Round trip time was 0.08792 milliseconds in repetition 307
tcp_ping received 64 bytes back
Round trip time was 0.058917 milliseconds in repetition 308
tcp_ping received 64 bytes back
Round trip time was 0.054438 milliseconds in repetition 309
tcp_ping received 64 bytes back
Round trip time was 0.06797 milliseconds in repetition 310
tcp_ping received 64 bytes back
Round trip time was 0.053935 milliseconds in repetition 311
tcp_ping received 64 bytes back
Round trip time was 0.055259 milliseconds in repetition 312
tcp_ping received 64 bytes back
Round trip time was 0.052177 milliseconds in repetition 313
tcp_ping received 64 bytes back
Round trip time was 0.044929 milliseconds in repetition 314
tcp_ping received 64 bytes back
Round trip time was 0.050216 milliseconds in repetition 315
tcp_ping received 64 bytes back
Round trip time was 0.055294 milliseconds in repetition 316
tcp_ping received 64 bytes back
Round trip time was 0.048309 milliseconds in repetition 317
tcp_ping received 64 bytes back
Round trip time was 0.066747 milliseconds in repetition 318
tcp_ping received 64 bytes back
Round trip time was 0.046457 milliseconds in repetition 319
tcp_ping received 64 bytes back
Round trip time was 0.061379 milliseconds in repetition 320
tcp_ping received 64 bytes back
Round trip time was 0.053251 milliseconds in repetition 321
tcp_ping received 64 bytes back
Round trip time was 0.041273 milliseconds in repetition 322
tcp_ping received 64 bytes back
Round trip time was 0.047347 milliseconds in repetition 323
tcp_ping received 64 bytes back
Round trip time was 0.064294 milliseconds in repetition 324
tcp_ping received 64 bytes back
Round trip time was 0.050174 milliseconds in repetition 325
tcp_ping received 64 bytes back
Round trip time was 0.039054 milliseconds in repetition 326
tcp_ping received 64 bytes back
Round trip time was 0.036103 milliseconds in repetition 327
tcp_ping received 64 bytes back
Round trip time was 0.042688 milliseconds in repetition 328
tcp_ping received 64 bytes back
Round trip time was 0.04298 milliseconds in repetition 329
tcp_ping received 64 bytes back
Round trip time was 0.0365 milliseconds in repetition 330
tcp_ping received 64 bytes back
Round trip time was 0.032079 milliseconds in repetition 331
tcp_ping received 64 bytes back
Round trip time was 0.042145 milliseconds in repetition 332
tcp_ping received 64 bytes back
Round trip time was 0.050529 milliseconds in repetition 333
tcp_ping received 64 bytes back
Round trip time was 0.04394 milliseconds in repetition 334
tcp_ping received 64 bytes back
Round trip time was 0.039208 milliseconds in repetition 335
tcp_ping received 64 bytes back
Round trip time was 0.032744 milliseconds in repetition 336
tcp_ping received 64 bytes back
Round trip time was 0.045576 milliseconds in repetition 337
tcp_ping received 64 bytes back
Round trip time was 0.049118 milliseconds in repetition 338
tcp_ping received 64 bytes back
Round trip time was 0.049139 milliseconds in repetition 339
tcp_ping received 64 bytes back
Round trip time was 0.04714 milliseconds in repetition 340
tcp_ping received 64 bytes back
Round trip time was 0.042528 milliseconds in repetition 341
tcp_ping received 64 bytes back
Round trip time was 0.041208 milliseconds in repetition 342
tcp_ping received 64 bytes back
Round trip time was 0.053768 milliseconds in repetition 343
tcp_ping received 64 bytes back
Round trip time was 0.061429 milliseconds in repetition 344
tcp_ping received 64 bytes back
Round trip time was 0.049694 milliseconds in repetition 345
tcp_ping received 64 bytes back
Round trip time was 0.052098 milliseconds in repetition 346
tcp_ping received 64 bytes back
Round trip time was 0.05315 milliseconds in repetition 347
tcp_ping received 64 bytes back
Round trip time was 0.050009 milliseconds in repetition 348
tcp_ping received 64 bytes back
Round trip time was 0.062764 milliseconds in repetition 349
tcp_ping received 64 bytes back
Round trip time was 0.055477 milliseconds in repetition 350
tcp_ping received 64 bytes back
Round trip time was 0.050243 milliseconds in repetition 351
tcp_ping received 64 bytes back
Round trip time was 0.047516 milliseconds in repetition 352
tcp_ping received 64 bytes back
Round trip time was 0.046574 milliseconds in repetition 353
tcp_ping received 64 bytes back
Round trip time was 0.058691 milliseconds in repetition 354
tcp_ping received 64 bytes back
Round trip time was 0.045054 milliseconds in repetition 355
tcp_ping received 64 bytes back
Round trip time was 0.05631 milliseconds in repetition 356
tcp_ping received 64 bytes back
Round trip time was 0.048685 milliseconds in repetition 357
tcp_ping received 64 bytes back
Round trip time was 0.052834 milliseconds in repetition 358
tcp_ping received 64 bytes back
Round trip time was 0.042297 milliseconds in repetition 359
tcp_ping received 64 bytes back
Round trip time was 0.043919 milliseconds in repetition 360
tcp_ping received 64 bytes back
Round trip time was 0.049808 milliseconds in repetition 361
tcp_ping received 64 bytes back
Round trip time was 0.047977 milliseconds in repetition 362
tcp_ping received 64 bytes back
Round trip time was 0.051133 milliseconds in repetition 363
tcp_ping received 64 bytes back
Round trip time was 0.050034 milliseconds in repetition 364
tcp_ping received 64 bytes back
Round trip time was 0.039827 milliseconds in repetition 365
tcp_ping received 64 bytes back
Round trip time was 0.046716 milliseconds in repetition 366
tcp_ping received 64 bytes back
Round trip time was 0.056093 milliseconds in repetition 367
tcp_ping received 64 bytes back
Round trip time was 0.051098 milliseconds in repetition 368
tcp_ping received 64 bytes back
Round trip time was 0.03846 milliseconds in repetition 369
tcp_ping received 64 bytes back
Round trip time was 0.036354 milliseconds in repetition 370
tcp_ping received 64 bytes back
Round trip time was 0.039469 milliseconds in repetition 371
tcp_ping received 64 bytes back
Round trip time was 0.048865 milliseconds in repetition 372
tcp_ping received 64 bytes back
Round trip time was 0.041966 milliseconds in repetition 373
tcp_ping received 64 bytes back
Round trip time was 0.056696 milliseconds in repetition 374
tcp_ping received 64 bytes back
Round trip time was 0.04438 milliseconds in repetition 375
tcp_ping received 64 bytes back
Round trip time was 0.053223 milliseconds in repetition 376
tcp_ping received 64 bytes back
Round trip time was 0.056969 milliseconds in repetition 377
tcp_ping received 64 bytes back
Round trip time was 0.04767 milliseconds in repetition 378
tcp_ping received 64 bytes back
Round trip time was 0.050998 milliseconds in repetition 379
tcp_ping received 64 bytes back
Round trip time was 0.048551 milliseconds in repetition 380
tcp_ping received 64 bytes back
Round trip time was 0.048299 milliseconds in repetition 381
tcp_ping received 64 bytes back
Round trip time was 0.074587 milliseconds in repetition 382
tcp_ping received 64 bytes back
Round trip time was 0.051988 milliseconds in repetition 383
tcp_ping received 64 bytes back
Round trip time was 0.036742 milliseconds in repetition 384
tcp_ping received 64 bytes back
Round trip time was 0.060009 milliseconds in repetition 385
tcp_ping received 64 bytes back
Round trip time was 0.042839 milliseconds in repetition 386
tcp_ping received 64 bytes back
Round trip time was 0.041095 milliseconds in repetition 387
tcp_ping received 64 bytes back
Round trip time was 0.039785 milliseconds in repetition 388
tcp_ping received 64 bytes back
Round trip time was 0.042054 milliseconds in repetition 389
tcp_ping received 64 bytes back
Round trip time was 0.050928 milliseconds in repetition 390
tcp_ping received 64 bytes back
Round trip time was 0.051803 milliseconds in repetition 391
tcp_ping received 64 bytes back
Round trip time was 0.053553 milliseconds in repetition 392
tcp_ping received 64 bytes back
Round trip time was 0.053175 milliseconds in repetition 393
tcp_ping received 64 bytes back
Round trip time was 0.03963 milliseconds in repetition 394
tcp_ping received 64 bytes back
Round trip time was 0.054667 milliseconds in repetition 395
tcp_ping received 64 bytes back
Round trip time was 0.06899 milliseconds in repetition 396
tcp_ping received 64 bytes back
Round trip time was 0.046724 milliseconds in repetition 397
tcp_ping received 64 bytes back
Round trip time was 0.04824 milliseconds in repetition 398
tcp_ping received 64 bytes back
Round trip time was 0.05727 milliseconds in repetition 399
tcp_ping received 64 bytes back
Round trip time was 0.046179 milliseconds in repetition 400
tcp_ping received 64 bytes back
Round trip time was 0.051992 milliseconds in repetition 401
tcp_ping received 64 bytes back
Round trip time was 0.049932 milliseconds in repetition 402
tcp_ping received 64 bytes back
Round trip time was 0.044446 milliseconds in repetition 403
tcp_ping received 64 bytes back
Round trip time was 0.044109 milliseconds in repetition 404
tcp_ping received 64 bytes back
Round trip time was 0.045467 milliseconds in repetition 405
tcp_ping received 64 bytes back
Round trip time was 0.074037 milliseconds in repetition 406
tcp_ping received 64 bytes back
Round trip time was 0.057154 milliseconds in repetition 407
tcp_ping received 64 bytes back
Round trip time was 0.038584 milliseconds in repetition 408
tcp_ping received 64 bytes back
Round trip time was 0.051728 milliseconds in repetition 409
tcp_ping received 64 bytes back
Round trip time was 0.059365 milliseconds in repetition 410
tcp_ping received 64 bytes back
Round trip time was 0.12905 milliseconds in repetition 411
tcp_ping received 64 bytes back
Round trip time was 0.056593 milliseconds in repetition 412
tcp_ping received 64 bytes back
Round trip time was 0.046179 milliseconds in repetition 413
tcp_ping received 64 bytes back
Round trip time was 0.063489 milliseconds in repetition 414
tcp_ping received 64 bytes back
Round trip time was 0.068411 milliseconds in repetition 415
tcp_ping received 64 bytes back
Round trip time was 0.058729 milliseconds in repetition 416
tcp_ping received 64 bytes back
Round trip time was 0.072405 milliseconds in repetition 417
tcp_ping received 64 bytes back
Round trip time was 0.071202 milliseconds in repetition 418
tcp_ping received 64 bytes back
Round trip time was 0.078199 milliseconds in repetition 419
tcp_ping received 64 bytes back
Round trip time was 0.05833 milliseconds in repetition 420
tcp_ping received 64 bytes back
Round trip time was 0.068332 milliseconds in repetition 421
tcp_ping received 64 bytes back
Round trip time was 0.045221 milliseconds in repetition 422
tcp_ping received 64 bytes back
Round trip time was 0.290404 milliseconds in repetition 423
tcp_ping received 64 bytes back
Round trip time was 0.063583 milliseconds in repetition 424
tcp_ping received 64 bytes back
Round trip time was 0.041847 milliseconds in repetition 425
tcp_ping received 64 bytes back
Round trip time was 0.041404 milliseconds in repetition 426
tcp_ping received 64 bytes back
Round trip time was 0.06142 milliseconds in repetition 427
tcp_ping received 64 bytes back
Round trip time was 0.051211 milliseconds in repetition 428
tcp_ping received 64 bytes back
Round trip time was 0.036268 milliseconds in repetition 429
tcp_ping received 64 bytes back
Round trip time was 0.057907 milliseconds in repetition 430
tcp_ping received 64 bytes back
Round trip time was 0.056393 milliseconds in repetition 431
tcp_ping received 64 bytes back
Round trip time was 0.052979 milliseconds in repetition 432
tcp_ping received 64 bytes back
Round trip time was 0.045912 milliseconds in repetition 433
tcp_ping received 64 bytes back
Round trip time was 0.046454 milliseconds in repetition 434
tcp_ping received 64 bytes back
Round trip time was 0.048114 milliseconds in repetition 435
tcp_ping received 64 bytes back
Round trip time was 0.036714 milliseconds in repetition 436
tcp_ping received 64 bytes back
Round trip time was 0.033085 milliseconds in repetition 437
tcp_ping received 64 bytes back
Round trip time was 0.038325 milliseconds in repetition 438
tcp_ping received 64 bytes back
Round trip time was 0.036676 milliseconds in repetition 439
tcp_ping received 64 bytes back
Round trip time was 0.042483 milliseconds in repetition 440
tcp_ping received 64 bytes back
Round trip time was 0.054292 milliseconds in repetition 441
tcp_ping received 64 bytes back
Round trip time was 0.039253 milliseconds in repetition 442
tcp_ping received 64 bytes back
Round trip time was 0.053052 milliseconds in repetition 443
tcp_ping received 64 bytes back
Round trip time was 0.056854 milliseconds in repetition 444
tcp_ping received 64 bytes back
Round trip time was 0.045237 milliseconds in repetition 445
tcp_ping received 64 bytes back
Round trip time was 0.042987 milliseconds in repetition 446
tcp_ping received 64 bytes back
Round trip time was 0.032905 milliseconds in repetition 447
tcp_ping received 64 bytes back
Round trip time was 0.047186 milliseconds in repetition 448
tcp_ping received 64 bytes back
Round trip time was 0.04587 milliseconds in repetition 449
tcp_ping received 64 bytes back
Round trip time was 0.040484 milliseconds in repetition 450
tcp_ping received 64 bytes back
Round trip time was 0.037344 milliseconds in repetition 451
tcp_ping received 64 bytes back
Round trip time was 0.048802 milliseconds in repetition 452
tcp_ping received 64 bytes back
Round trip time was 0.054474 milliseconds in repetition 453
tcp_ping received 64 bytes back
Round trip time was 0.043541 milliseconds in repetition 454
tcp_ping received 64 bytes back
Round trip time was 0.046345 milliseconds in repetition 455
tcp_ping received 64 bytes back
Round trip time was 0.053544 milliseconds in repetition 456
tcp_ping received 64 bytes back
Round trip time was 0.044619 milliseconds in repetition 457
tcp_ping received 64 bytes back
Round trip time was 0.05029 milliseconds in repetition 458
tcp_ping received 64 bytes back
Round trip time was 0.046686 milliseconds in repetition 459
tcp_ping received 64 bytes back
Round trip time was 0.042686 milliseconds in repetition 460
tcp_ping received 64 bytes back
Round trip time was 0.059503 milliseconds in repetition 461
tcp_ping received 64 bytes back
Round trip time was 0.040986 milliseconds in repetition 462
tcp_ping received 64 bytes back
Round trip time was 0.05333 milliseconds in repetition 463
tcp_ping received 64 bytes back
Round trip time was 0.038981 milliseconds in repetition 464
tcp_ping received 64 bytes back
Round trip time was 0.044234 milliseconds in repetition 465
tcp_ping received 64 bytes back
Round trip time was 0.047889 milliseconds in repetition 466
tcp_ping received 64 bytes back
Round trip time was 0.069768 milliseconds in repetition 467
tcp_ping received 64 bytes back
Round trip time was 0.056864 milliseconds in repetition 468
tcp_ping received 64 bytes back
Round trip time was 0.048112 milliseconds in repetition 469
tcp_ping received 64 bytes back
Round trip time was 0.048891 milliseconds in repetition 470
tcp_ping received 64 bytes back
Round trip time was 0.043077 milliseconds in repetition 471
tcp_ping received 64 bytes back
Round trip time was 0.040283 milliseconds in repetition 472
tcp_ping received 64 bytes back
Round trip time was 0.051957 milliseconds in repetition 473
tcp_ping received 64 bytes back
Round trip time was 0.046291 milliseconds in repetition 474
tcp_ping received 64 bytes back
Round trip time was 0.034524 milliseconds in repetition 475
tcp_ping received 64 bytes back
Round trip time was 0.04758 milliseconds in repetition 476
tcp_ping received 64 bytes back
Round trip time was 0.04497 milliseconds in repetition 477
tcp_ping received 64 bytes back
Round trip time was 0.043891 milliseconds in repetition 478
tcp_ping received 64 bytes back
Round trip time was 0.053406 milliseconds in repetition 479
tcp_ping received 64 bytes back
Round trip time was 0.045411 milliseconds in repetition 480
tcp_ping received 64 bytes back
Round trip time was 0.036395 milliseconds in repetition 481
tcp_ping received 64 bytes back
Round trip time was 0.036113 milliseconds in repetition 482
tcp_ping received 64 bytes back
Round trip time was 0.047228 milliseconds in repetition 483
tcp_ping received 64 bytes back
Round trip time was 0.085778 milliseconds in repetition 484
tcp_ping received 64 bytes back
Round trip time was 0.042446 milliseconds in repetition 485
tcp_ping received 64 bytes back
Round trip time was 0.033208 milliseconds in repetition 486
tcp_ping received 64 bytes back
Round trip time was 0.045969 milliseconds in repetition 487
tcp_ping received 64 bytes back
Round trip time was 0.040916 milliseconds in repetition 488
tcp_ping received 64 bytes back
Round trip time was 0.033375 milliseconds in repetition 489
tcp_ping received 64 bytes back
Round trip time was 0.048182 milliseconds in repetition 490
tcp_ping received 64 bytes back
Round trip time was 0.047371 milliseconds in repetition 491
tcp_ping received 64 bytes back
Round trip time was 0.044052 milliseconds in repetition 492
tcp_ping received 64 bytes back
Round trip time was 0.040786 milliseconds in repetition 493
tcp_ping received 64 bytes back
Round trip time was 0.061369 milliseconds in repetition 494
tcp_ping received 64 bytes back
Round trip time was 0.051228 milliseconds in repetition 495
tcp_ping received 64 bytes back
Round trip time was 0.03726 milliseconds in repetition 496
tcp_ping received 64 bytes back
Round trip time was 0.063757 milliseconds in repetition 497
tcp_ping received 64 bytes back
Round trip time was 0.045468 milliseconds in repetition 498
tcp_ping received 64 bytes back
Round trip time was 0.055783 milliseconds in repetition 499
tcp_ping received 64 bytes back
Round trip time was 0.04435 milliseconds in repetition 500
tcp_ping received 64 bytes back
Round trip time was 0.042826 milliseconds in repetition 501

 ... clock resolution was 1e-06
TCP Ping:  Statistics over 501 repetitions of 64 byte messages

RTT : percentile 10: 0.039785, median: 0.050529, percentile 90: 0.067033, average: 0.0546595, variance: 0.000997952

RTT histogram:
0.0320785 145
0.0594545 329
0.0868306 21
0.114207 0
0.141583 2
0.168959 1
0.196335 0
0.223711 0
0.251087 0
0.278463 1
0.305839 0
0.333215 1
0.360591 0
0.387967 0
0.415343 0
0.442719 0
0.470095 0
0.497471 0
0.524847 0
0.552223 0
0.579599 1

   median Throughput : 2533.2 KB/s   overall Throughput : 2341.77 KB/s

