TCP Ping trying to connect to server 127.0.0.1 (127.0.0.1) on port 1491
 ... connected to Pong server: asking for 501 repetitions of 256 bytes TCP messages
 ... Pong server agreed :-)
tcp_ping received 256 bytes back
Round trip time was 0.048047 milliseconds in repetition 1
tcp_ping received 256 bytes back
Round trip time was 0.087453 milliseconds in repetition 2
tcp_ping received 256 bytes back
Round trip time was 0.042569 milliseconds in repetition 3
tcp_ping received 256 bytes back
Round trip time was 0.046012 milliseconds in repetition 4
tcp_ping received 256 bytes back
Round trip time was 0.070941 milliseconds in repetition 5
tcp_ping received 256 bytes back
Round trip time was 0.045858 milliseconds in repetition 6
tcp_ping received 256 bytes back
Round trip time was 0.038868 milliseconds in repetition 7
tcp_ping received 256 bytes back
Round trip time was 0.054474 milliseconds in repetition 8
tcp_ping received 256 bytes back
Round trip time was 0.069598 milliseconds in repetition 9
tcp_ping received 256 bytes back
Round trip time was 0.053827 milliseconds in repetition 10
tcp_ping received 256 bytes back
Round trip time was 0.062083 milliseconds in repetition 11
tcp_ping received 256 bytes back
Round trip time was 0.054334 milliseconds in repetition 12
tcp_ping received 256 bytes back
Round trip time was 0.058408 milliseconds in repetition 13
tcp_ping received 256 bytes back
Round trip time was 0.03644 milliseconds in repetition 14
tcp_ping received 256 bytes back
Round trip time was 0.048192 milliseconds in repetition 15
tcp_ping received 256 bytes back
Round trip time was 0.053302 milliseconds in repetition 16
tcp_ping received 256 bytes back
Round trip time was 0.042302 milliseconds in repetition 17
tcp_ping received 256 bytes back
Round trip time was 0.037897 milliseconds in repetition 18
tcp_ping received 256 bytes back
Round trip time was 0.039986 milliseconds in repetition 19
tcp_ping received 256 bytes back
Round trip time was 0.057925 milliseconds in repetition 20
tcp_ping received 256 bytes back
Round trip time was 0.075421 milliseconds in repetition 21
tcp_ping received 256 bytes back
Round trip time was 0.056202 milliseconds in repetition 22
tcp_ping received 256 bytes back
Round trip time was 0.048485 milliseconds in repetition 23
tcp_ping received 256 bytes back
Round trip time was 0.06716 milliseconds in repetition 24
tcp_ping received 256 bytes back
Round trip time was 0.059434 milliseconds in repetition 25
tcp_ping received 256 bytes back
Round trip time was 0.068441 milliseconds in repetition 26
tcp_ping received 256 bytes back
Round trip time was 0.077213 milliseconds in repetition 27
tcp_ping received 256 bytes back
Round trip time was 0.042594 milliseconds in repetition 28
tcp_ping received 256 bytes back
Round trip time was 0.051013 milliseconds in repetition 29
tcp_ping received 256 bytes back
Round trip time was 0.038414 milliseconds in repetition 30
tcp_ping received 256 bytes back
Round trip time was 0.085175 milliseconds in repetition 31
tcp_ping received 256 bytes back
Round trip time was 0.075385 milliseconds in repetition 32
tcp_ping received 256 bytes back
Round trip time was 0.047253 milliseconds in repetition 33
tcp_ping received 256 bytes back
Round trip time was 0.033014 milliseconds in repetition 34
tcp_ping received 256 bytes back
Round trip time was 0.051131 milliseconds in repetition 35
tcp_ping received 256 bytes back
Round trip time was 0.061672 milliseconds in repetition 36
tcp_ping received 256 bytes back
Round trip time was 0.053307 milliseconds in repetition 37
tcp_ping received 256 bytes back
Round trip time was 0.050506 milliseconds in repetition 38
tcp_ping received 256 bytes back
Round trip time was 0.060019 milliseconds in repetition 39
tcp_ping received 256 bytes back
Round trip time was 0.054312 milliseconds in repetition 40
tcp_ping received 256 bytes back
Round trip time was 0.052701 milliseconds in repetition 41
tcp_ping received 256 bytes back
Round trip time was 0.061198 milliseconds in repetition 42
tcp_ping received 256 bytes back
Round trip time was 0.060366 milliseconds in repetition 43
tcp_ping received 256 bytes back
Round trip time was 0.048205 milliseconds in repetition 44
tcp_ping received 256 bytes back
Round trip time was 0.048244 milliseconds in repetition 45
tcp_ping received 256 bytes back
Round trip time was 0.046212 milliseconds in repetition 46
tcp_ping received 256 bytes back
Round trip time was 0.036775 milliseconds in repetition 47
tcp_ping received 256 bytes back
Round trip time was 0.058338 milliseconds in repetition 48
tcp_ping received 256 bytes back
Round trip time was 0.058554 milliseconds in repetition 49
tcp_ping received 256 bytes back
Round trip time was 0.052616 milliseconds in repetition 50
tcp_ping received 256 bytes back
Round trip time was 0.079541 milliseconds in repetition 51
tcp_ping received 256 bytes back
Round trip time was 0.058225 milliseconds in repetition 52
tcp_ping received 256 bytes back
Round trip time was 0.05348 milliseconds in repetition 53
tcp_ping received 256 bytes back
Round trip time was 0.056829 milliseconds in repetition 54
tcp_ping received 256 bytes back
Round trip time was 0.048956 milliseconds in repetition 55
tcp_ping received 256 bytes back
Round trip time was 0.041866 milliseconds in repetition 56
tcp_ping received 256 bytes back
Round trip time was 0.036438 milliseconds in repetition 57
tcp_ping received 256 bytes back
Round trip time was 0.039235 milliseconds in repetition 58
tcp_ping received 256 bytes back
Round trip time was 0.048608 milliseconds in repetition 59
tcp_ping received 256 bytes back
Round trip time was 0.053763 milliseconds in repetition 60
tcp_ping received 256 bytes back
Round trip time was 0.063263 milliseconds in repetition 61
tcp_ping received 256 bytes back
Round trip time was 0.058416 milliseconds in repetition 62
tcp_ping received 256 bytes back
Round trip time was 0.05119 milliseconds in repetition 63
tcp_ping received 256 bytes back
Round trip time was 0.059127 milliseconds in repetition 64
tcp_ping received 256 bytes back
Round trip time was 0.041327 milliseconds in repetition 65
tcp_ping received 256 bytes back
Round trip time was 0.058241 milliseconds in repetition 66
tcp_ping received 256 bytes back
Round trip time was 0.075718 milliseconds in repetition 67
tcp_ping received 256 bytes back
Round trip time was 0.053813 milliseconds in repetition 68
tcp_ping received 256 bytes back
Round trip time was 0.049807 milliseconds in repetition 69
tcp_ping received 256 bytes back
Round trip time was 0.048736 milliseconds in repetition 70
tcp_ping received 256 bytes back
Round trip time was 0.053555 milliseconds in repetition 71
tcp_ping received 256 bytes back
Round trip time was 0.058372 milliseconds in repetition 72
tcp_ping received 256 bytes back
Round trip time was 0.042637 milliseconds in repetition 73
tcp_ping received 256 bytes back
Round trip time was 0.051053 milliseconds in repetition 74
tcp_ping received 256 bytes back
Round trip time was 0.039772 milliseconds in repetition 75
tcp_ping received 256 bytes back
Round trip time was 0.040882 milliseconds in repetition 76
tcp_ping received 256 bytes back
Round trip time was 0.049877 milliseconds in repetition 77
tcp_ping received 256 bytes back
Round trip time was 0.118807 milliseconds in repetition 78
tcp_ping received 256 bytes back
Round trip time was 0.057759 milliseconds in repetition 79
tcp_ping received 256 bytes back
Round trip time was 0.052042 milliseconds in repetition 80
tcp_ping received 256 bytes back
Round trip time was 0.050163 milliseconds in repetition 81
tcp_ping received 256 bytes back
Round trip time was 0.053239 milliseconds in repetition 82
tcp_ping received 256 bytes back
Round trip time was 0.061944 milliseconds in repetition 83
tcp_ping received 256 bytes back
Round trip time was 0.056691 milliseconds in repetition 84
tcp_ping received 256 bytes back
Round trip time was 0.080401 milliseconds in repetition 85
tcp_ping received 256 bytes back
Round trip time was 0.062103 milliseconds in repetition 86
tcp_ping received 256 bytes back
Round trip time was 0.040793 milliseconds in repetition 87
tcp_ping received 256 bytes back
Round trip time was 0.056675 milliseconds in repetition 88
tcp_ping received 256 bytes back
Round trip time was 0.055076 milliseconds in repetition 89
tcp_ping received 256 bytes back
Round trip time was 0.044699 milliseconds in repetition 90
tcp_ping received 256 bytes back
Round trip time was 0.045525 milliseconds in repetition 91
tcp_ping received 256 bytes back
Round trip time was 0.0483 milliseconds in repetition 92
tcp_ping received 256 bytes back
Round trip time was 0.045507 milliseconds in repetition 93
tcp_ping received 256 bytes back
Round trip time was 0.054017 milliseconds in repetition 94
tcp_ping received 256 bytes back
Round trip time was 0.047715 milliseconds in repetition 95
tcp_ping received 256 bytes back
Round trip time was 0.048409 milliseconds in repetition 96
tcp_ping received 256 bytes back
Round trip time was 0.056883 milliseconds in repetition 97
tcp_ping received 256 bytes back
Round trip time was 0.040344 milliseconds in repetition 98
tcp_ping received 256 bytes back
Round trip time was 0.05384 milliseconds in repetition 99
tcp_ping received 256 bytes back
Round trip time was 0.051676 milliseconds in repetition 100
tcp_ping received 256 bytes back
Round trip time was 0.04602 milliseconds in repetition 101
tcp_ping received 256 bytes back
Round trip time was 0.062586 milliseconds in repetition 102
tcp_ping received 256 bytes back
Round trip time was 0.047224 milliseconds in repetition 103
tcp_ping received 256 bytes back
Round trip time was 0.052031 milliseconds in repetition 104
tcp_ping received 256 bytes back
Round trip time was 0.046762 milliseconds in repetition 105
tcp_ping received 256 bytes back
Round trip time was 0.033236 milliseconds in repetition 106
tcp_ping received 256 bytes back
Round trip time was 0.047674 milliseconds in repetition 107
tcp_ping received 256 bytes back
Round trip time was 0.054786 milliseconds in repetition 108
tcp_ping received 256 bytes back
Round trip time was 0.048044 milliseconds in repetition 109
tcp_ping received 256 bytes back
Round trip time was 0.049059 milliseconds in repetition 110
tcp_ping received 256 bytes back
Round trip time was 0.050354 milliseconds in repetition 111
tcp_ping received 256 bytes back
Round trip time was 0.038232 milliseconds in repetition 112
tcp_ping received 256 bytes back
Round trip time was 0.037311 milliseconds in repetition 113
tcp_ping received 256 bytes back
Round trip time was 0.046866 milliseconds in repetition 114
tcp_ping received 256 bytes back
Round trip time was 0.052662 milliseconds in repetition 115
tcp_ping received 256 bytes back
Round trip time was 0.054915 milliseconds in repetition 116
tcp_ping received 256 bytes back
Round trip time was 0.038716 milliseconds in repetition 117
tcp_ping received 256 bytes back
Round trip time was 0.046067 milliseconds in repetition 118
tcp_ping received 256 bytes back
Round trip time was 0.056692 milliseconds in repetition 119
tcp_ping received 256 bytes back
Round trip time was 0.047281 milliseconds in repetition 120
tcp_ping received 256 bytes back
Round trip time was 0.094229 milliseconds in repetition 121
tcp_ping received 256 bytes back
Round trip time was 0.04265 milliseconds in repetition 122
tcp_ping received 256 bytes back
Round trip time was 0.057209 milliseconds in repetition 123
tcp_ping received 256 bytes back
Round trip time was 0.070647 milliseconds in repetition 124
tcp_ping received 256 bytes back
Round trip time was 0.059749 milliseconds in repetition 125
tcp_ping received 256 bytes back
Round trip time was 0.054309 milliseconds in repetition 126
tcp_ping received 256 bytes back
Round trip time was 0.07361 milliseconds in repetition 127
tcp_ping received 256 bytes back
Round trip time was 0.065455 milliseconds in repetition 128
tcp_ping received 256 bytes back
Round trip time was 0.067811 milliseconds in repetition 129
tcp_ping received 256 bytes back
Round trip time was 0.062312 milliseconds in repetition 130
tcp_ping received 256 bytes back
Round trip time was 0.052382 milliseconds in repetition 131
tcp_ping received 256 bytes back
Round trip time was 0.05015 milliseconds in repetition 132
tcp_ping received 256 bytes back
Round trip time was 0.051444 milliseconds in repetition 133
tcp_ping received 256 bytes back
Round trip time was 0.042097 milliseconds in repetition 134
tcp_ping received 256 bytes back
Round trip time was 0.076298 milliseconds in repetition 135
tcp_ping received 256 bytes back
Round trip time was 0.06068 milliseconds in repetition 136
tcp_ping received 256 bytes back
Round trip time was 0.05544 milliseconds in repetition 137
tcp_ping received 256 bytes back
Round trip time was 0.069838 milliseconds in repetition 138
tcp_ping received 256 bytes back
Round trip time was 0.062982 milliseconds in repetition 139
tcp_ping received 256 bytes back
Round trip time was 0.046284 milliseconds in repetition 140
tcp_ping received 256 bytes back
Round trip time was 0.04712 milliseconds in repetition 141
tcp_ping received 256 bytes back
Round trip time was 0.065367 milliseconds in repetition 142
tcp_ping received 256 bytes back
Round trip time was 0.047091 milliseconds in repetition 143
tcp_ping received 256 bytes back
Round trip time was 0.051255 milliseconds in repetition 144
tcp_ping received 256 bytes back
Round trip time was 0.05736 milliseconds in repetition 145
tcp_ping received 256 bytes back
Round trip time was 0.052233 milliseconds in repetition 146
tcp_ping received 256 bytes back
Round trip time was 0.048322 milliseconds in repetition 147
tcp_ping received 256 bytes back
Round trip time was 0.072841 milliseconds in repetition 148
tcp_ping received 256 bytes back
Round trip time was 0.047135 milliseconds in repetition 149
tcp_ping received 256 bytes back
Round trip time was 0.03485 milliseconds in repetition 150
tcp_ping received 256 bytes back
Round trip time was 0.033274 milliseconds in repetition 151
tcp_ping received 256 bytes back
Round trip time was 0.06699 milliseconds in repetition 152
tcp_ping received 256 bytes back
Round trip time was 0.040044 milliseconds in repetition 153
tcp_ping received 256 bytes back
Round trip time was 0.04873 milliseconds in repetition 154
tcp_ping received 256 bytes back
Round trip time was 0.066342 milliseconds in repetition 155
tcp_ping received 256 bytes back
Round trip time was 0.045872 milliseconds in repetition 156
tcp_ping received 256 bytes back
Round trip time was 0.041163 milliseconds in repetition 157
tcp_ping received 256 bytes back
Round trip time was 0.033888 milliseconds in repetition 158
tcp_ping received 256 bytes back
Round trip time was 0.051304 milliseconds in repetition 159
tcp_ping received 256 bytes back
Round trip time was 0.050913 milliseconds in repetition 160
tcp_ping received 256 bytes back
Round trip time was 0.045855 milliseconds in repetition 161
tcp_ping received 256 bytes back
Round trip time was 0.045544 milliseconds in repetition 162
tcp_ping received 256 bytes back
Round trip time was 0.063223 milliseconds in repetition 163
tcp_ping received 256 bytes back
Round trip time was 0.04606 milliseconds in repetition 164
tcp_ping received 256 bytes back
Round trip time was 0.048761 milliseconds in repetition 165
tcp_ping received 256 bytes back
Round trip time was 0.044459 milliseconds in repetition 166
tcp_ping received 256 bytes back
Round trip time was 0.040643 milliseconds in repetition 167
tcp_ping received 256 bytes back
Round trip time was 0.041153 milliseconds in repetition 168
tcp_ping received 256 bytes back
Round trip time was 0.049303 milliseconds in repetition 169
tcp_ping received 256 bytes back
Round trip time was 0.049954 milliseconds in repetition 170
tcp_ping received 256 bytes back
Round trip time was 0.045608 milliseconds in repetition 171
tcp_ping received 256 bytes back
Round trip time was 0.050971 milliseconds in repetition 172
tcp_ping received 256 bytes back
Round trip time was 0.055867 milliseconds in repetition 173
tcp_ping received 256 bytes back
Round trip time was 0.052911 milliseconds in repetition 174
tcp_ping received 256 bytes back
Round trip time was 0.044106 milliseconds in repetition 175
tcp_ping received 256 bytes back
Round trip time was 0.05236 milliseconds in repetition 176
tcp_ping received 256 bytes back
Round trip time was 0.057041 milliseconds in repetition 177
tcp_ping received 256 bytes back
Round trip time was 0.046252 milliseconds in repetition 178
tcp_ping received 256 bytes back
Round trip time was 0.056164 milliseconds in repetition 179
tcp_ping received 256 bytes back
Round trip time was 0.053203 milliseconds in repetition 180
tcp_ping received 256 bytes back
Round trip time was 0.049974 milliseconds in repetition 181
tcp_ping received 256 bytes back
Round trip time was 0.051741 milliseconds in repetition 182
tcp_ping received 256 bytes back
Round trip time was 0.068297 milliseconds in repetition 183
tcp_ping received 256 bytes back
Round trip time was 0.053388 milliseconds in repetition 184
tcp_ping received 256 bytes back
Round trip time was 0.055142 milliseconds in repetition 185
tcp_ping received 256 bytes back
Round trip time was 0.060989 milliseconds in repetition 186
tcp_ping received 256 bytes back
Round trip time was 0.05187 milliseconds in repetition 187
tcp_ping received 256 bytes back
Round trip time was 0.09563 milliseconds in repetition 188
tcp_ping received 256 bytes back
Round trip time was 0.037688 milliseconds in repetition 189
tcp_ping received 256 bytes back
Round trip time was 0.054914 milliseconds in repetition 190
tcp_ping received 256 bytes back
Round trip time was 0.046127 milliseconds in repetition 191
tcp_ping received 256 bytes back
Round trip time was 0.051083 milliseconds in repetition 192
tcp_ping received 256 bytes back
Round trip time was 0.043998 milliseconds in repetition 193
tcp_ping received 256 bytes back
Round trip time was 0.039599 milliseconds in repetition 194
tcp_ping received 256 bytes back
Round trip time was 0.055972 milliseconds in repetition 195
tcp_ping received 256 bytes back
Round trip time was 0.040925 milliseconds in repetition 196
tcp_ping received 256 bytes back
Round trip time was 0.039716 milliseconds in repetition 197
tcp_ping received 256 bytes back
Round trip time was 0.045634 milliseconds in repetition 198
tcp_ping received 256 bytes back
Round trip time was 0.051027 milliseconds in repetition 199
tcp_ping received 256 bytes back
Round trip time was 0.038907 milliseconds in repetition 200
tcp_ping received 256 bytes back
Round trip time was 0.036359 milliseconds in repetition 201
tcp_ping received 256 bytes back
Round trip time was 0.036222 milliseconds in repetition 202
tcp_ping received 256 bytes back
Round trip time was 0.047013 milliseconds in repetition 203
tcp_ping received 256 bytes back
Round trip time was 0.050357 milliseconds in repetition 204
tcp_ping received 256 bytes back
Round trip time was 0.051544 milliseconds in repetition 205
tcp_ping received 256 bytes back
Round trip time was 0.046789 milliseconds in repetition 206
tcp_ping received 256 bytes back
Round trip time was 0.041558 milliseconds in repetition 207
tcp_ping received 256 bytes back
Round trip time was 0.073509 milliseconds in repetition 208
tcp_ping received 256 bytes back
Round trip time was 0.045423 milliseconds in repetition 209
tcp_ping received 256 bytes back
Round trip time was 0.044015 milliseconds in repetition 210
tcp_ping received 256 bytes back
Round trip time was 0.045671 milliseconds in repetition 211
tcp_ping received 256 bytes back
Round trip time was 0.052781 milliseconds in repetition 212
tcp_ping received 256 bytes back
Round trip time was 0.052415 milliseconds in repetition 213
tcp_ping received 256 bytes back
Round trip time was 0.04826 milliseconds in repetition 214
tcp_ping received 256 bytes back
Round trip time was 0.045958 milliseconds in repetition 215
tcp_ping received 256 bytes back
Round trip time was 0.045204 milliseconds in repetition 216
tcp_ping received 256 bytes back
Round trip time was 0.048156 milliseconds in repetition 217
tcp_ping received 256 bytes back
Round trip time was 0.045204 milliseconds in repetition 218
tcp_ping received 256 bytes back
Round trip time was 0.041186 milliseconds in repetition 219
tcp_ping received 256 bytes back
Round trip time was 0.049084 milliseconds in repetition 220
tcp_ping received 256 bytes back
Round trip time was 0.03983 milliseconds in repetition 221
tcp_ping received 256 bytes back
Round trip time was 0.04241 milliseconds in repetition 222
tcp_ping received 256 bytes back
Round trip time was 0.040716 milliseconds in repetition 223
tcp_ping received 256 bytes back
Round trip time was 0.045971 milliseconds in repetition 224
tcp_ping received 256 bytes back
Round trip time was 0.049444 milliseconds in repetition 225
tcp_ping received 256 bytes back
Round trip time was 0.048264 milliseconds in repetition 226
tcp_ping received 256 bytes back
Round trip time was 0.038095 milliseconds in repetition 227
tcp_ping received 256 bytes back
Round trip time was 0.040695 milliseconds in repetition 228
tcp_ping received 256 bytes back
Round trip time was 0.04602 milliseconds in repetition 229
tcp_ping received 256 bytes back
Round trip time was 0.044999 milliseconds in repetition 230
tcp_ping received 256 bytes back
Round trip time was 0.044592 milliseconds in repetition 231
tcp_ping received 256 bytes back
Round trip time was 0.066978 milliseconds in repetition 232
tcp_ping received 256 bytes back
Round trip time was 0.038088 milliseconds in repetition 233
tcp_ping received 256 bytes back
Round trip time was 0.037463 milliseconds in repetition 234
tcp_ping received 256 bytes back
Round trip time was 0.045469 milliseconds in repetition 235
tcp_ping received 256 bytes back
Round trip time was 0.03884 milliseconds in repetition 236
tcp_ping received 256 bytes back
Round trip time was 0.045566 milliseconds in repetition 237
tcp_ping received 256 bytes back
Round trip time was 0.047485 milliseconds in repetition 238
tcp_ping received 256 bytes back
Round trip time was 0.044409 milliseconds in repetition 239
tcp_ping received 256 bytes back
Round trip time was 0.047069 milliseconds in repetition 240
tcp_ping received 256 bytes back
Round trip time was 0.046678 milliseconds in repetition 241
tcp_ping received 256 bytes back
Round trip time was 0.070292 milliseconds in repetition 242
tcp_ping received 256 bytes back
Round trip time was 0.060737 milliseconds in repetition 243
tcp_ping received 256 bytes back
Round trip time was 0.050171 milliseconds in repetition 244
tcp_ping received 256 bytes back
Round trip time was 0.042698 milliseconds in repetition 245
tcp_ping received 256 bytes back
Round trip time was 0.049921 milliseconds in repetition 246
tcp_ping received 256 bytes back
Round trip time was 0.042314 milliseconds in repetition 247
tcp_ping received 256 bytes back
Round trip time was 0.047213 milliseconds in repetition 248
tcp_ping received 256 bytes back
Round trip time was 0.062828 milliseconds in repetition 249
tcp_ping received 256 bytes back
Round trip time was 0.054667 milliseconds in repetition 250
tcp_ping received 256 bytes back
Round trip time was 0.061657 milliseconds in repetition 251
tcp_ping received 256 bytes back
Round trip time was 0.059822 milliseconds in repetition 252
tcp_ping received 256 bytes back
Round trip time was 0.055186 milliseconds in repetition 253
tcp_ping received 256 bytes back
Round trip time was 0.063831 milliseconds in repetition 254
tcp_ping received 256 bytes back
Round trip time was 0.054035 milliseconds in repetition 255
tcp_ping received 256 bytes back
Round trip time was 0.078453 milliseconds in repetition 256
tcp_ping received 256 bytes back
Round trip time was 0.055466 milliseconds in repetition 257
tcp_ping received 256 bytes back
Round trip time was 0.0681 milliseconds in repetition 258
tcp_ping received 256 bytes back
Round trip time was 0.063218 milliseconds in repetition 259
tcp_ping received 256 bytes back
Round trip time was 0.061189 milliseconds in repetition 260
tcp_ping received 256 bytes back
Round trip time was 0.056426 milliseconds in repetition 261
tcp_ping received 256 bytes back
Round trip time was 0.055386 milliseconds in repetition 262
tcp_ping received 256 bytes back
Round trip time was 0.077885 milliseconds in repetition 263
tcp_ping received 256 bytes back
Round trip time was 0.063096 milliseconds in repetition 264
tcp_ping received 256 bytes back
Round trip time was 0.054342 milliseconds in repetition 265
tcp_ping received 256 bytes back
Round trip time was 0.046742 milliseconds in repetition 266
tcp_ping received 256 bytes back
Round trip time was 0.044244 milliseconds in repetition 267
tcp_ping received 256 bytes back
Round trip time was 0.058949 milliseconds in repetition 268
tcp_ping received 256 bytes back
Round trip time was 0.061064 milliseconds in repetition 269
tcp_ping received 256 bytes back
Round trip time was 0.056357 milliseconds in repetition 270
tcp_ping received 256 bytes back
Round trip time was 0.057506 milliseconds in repetition 271
tcp_ping received 256 bytes back
Round trip time was 0.042954 milliseconds in repetition 272
tcp_ping received 256 bytes back
Round trip time was 0.04366 milliseconds in repetition 273
tcp_ping received 256 bytes back
Round trip time was 0.048456 milliseconds in repetition 274
tcp_ping received 256 bytes back
Round trip time was 0.073424 milliseconds in repetition 275
tcp_ping received 256 bytes back
Round trip time was 0.048068 milliseconds in repetition 276
tcp_ping received 256 bytes back
Round trip time was 0.042615 milliseconds in repetition 277
tcp_ping received 256 bytes back
Round trip time was 0.046113 milliseconds in repetition 278
tcp_ping received 256 bytes back
Round trip time was 0.042529 milliseconds in repetition 279
tcp_ping received 256 bytes back
Round trip time was 0.044843 milliseconds in repetition 280
tcp_ping received 256 bytes back
Round trip time was 0.065977 milliseconds in repetition 281
tcp_ping received 256 bytes back
Round trip time was 0.056059 milliseconds in repetition 282
tcp_ping received 256 bytes back
Round trip time was 0.056001 milliseconds in repetition 283
tcp_ping received 256 bytes back
Round trip time was 0.226489 milliseconds in repetition 284
tcp_ping received 256 bytes back
Round trip time was 0.172348 milliseconds in repetition 285
tcp_ping received 256 bytes back
Round trip time was 0.069604 milliseconds in repetition 286
tcp_ping received 256 bytes back
Round trip time was 0.072451 milliseconds in repetition 287
tcp_ping received 256 bytes back
Round trip time was 0.119922 milliseconds in repetition 288
tcp_ping received 256 bytes back
Round trip time was 0.062454 milliseconds in repetition 289
tcp_ping received 256 bytes back
Round trip time was 0.057054 milliseconds in repetition 290
tcp_ping received 256 bytes back
Round trip time was 0.050607 milliseconds in repetition 291
tcp_ping received 256 bytes back
Round trip time was 0.058201 milliseconds in repetition 292
tcp_ping received 256 bytes back
Round trip time was 0.057666 milliseconds in repetition 293
tcp_ping received 256 bytes back
Round trip time was 0.057623 milliseconds in repetition 294
tcp_ping received 256 bytes back
Round trip time was 0.05038 milliseconds in repetition 295
tcp_ping received 256 bytes back
Round trip time was 0.065474 milliseconds in repetition 296
tcp_ping received 256 bytes back
Round trip time was 0.047028 milliseconds in repetition 297
tcp_ping received 256 bytes back
Round trip time was 0.063508 milliseconds in repetition 298
tcp_ping received 256 bytes back
Round trip time was 0.044881 milliseconds in repetition 299
tcp_ping received 256 bytes back
Round trip time was 0.045247 milliseconds in repetition 300
tcp_ping received 256 bytes back
Round trip time was 0.051401 milliseconds in repetition 301
tcp_ping received 256 bytes back
Round trip time was 0.051847 milliseconds in repetition 302
tcp_ping received 256 bytes back
Round trip time was 0.058437 milliseconds in repetition 303
tcp_ping received 256 bytes back
Round trip time was 0.077208 milliseconds in repetition 304
tcp_ping received 256 bytes back
Round trip time was 0.051187 milliseconds in repetition 305
tcp_ping received 256 bytes back
Round trip time was 0.04325 milliseconds in repetition 306
tcp_ping received 256 bytes back
Round trip time was 0.044194 milliseconds in repetition 307
tcp_ping received 256 bytes back
Round trip time was 0.045592 milliseconds in repetition 308
tcp_ping received 256 bytes back
Round trip time was 0.076179 milliseconds in repetition 309
tcp_ping received 256 bytes back
Round trip time was 0.045566 milliseconds in repetition 310
tcp_ping received 256 bytes back
Round trip time was 0.052522 milliseconds in repetition 311
tcp_ping received 256 bytes back
Round trip time was 0.060686 milliseconds in repetition 312
tcp_ping received 256 bytes back
Round trip time was 0.054529 milliseconds in repetition 313
tcp_ping received 256 bytes back
Round trip time was 0.050151 milliseconds in repetition 314
tcp_ping received 256 bytes back
Round trip time was 0.047112 milliseconds in repetition 315
tcp_ping received 256 bytes back
Round trip time was 0.044297 milliseconds in repetition 316
tcp_ping received 256 bytes back
Round trip time was 0.049803 milliseconds in repetition 317
tcp_ping received 256 bytes back
Round trip time was 0.044402 milliseconds in repetition 318
tcp_ping received 256 bytes back
Round trip time was 0.046537 milliseconds in repetition 319
tcp_ping received 256 bytes back
Round trip time was 0.050202 milliseconds in repetition 320
tcp_ping received 256 bytes back
Round trip time was 0.054902 milliseconds in repetition 321
tcp_ping received 256 bytes back
Round trip time was 0.043453 milliseconds in repetition 322
tcp_ping received 256 bytes back
Round trip time was 0.039227 milliseconds in repetition 323
tcp_ping received 256 bytes back
Round trip time was 0.049278 milliseconds in repetition 324
tcp_ping received 256 bytes back
Round trip time was 0.047158 milliseconds in repetition 325
tcp_ping received 256 bytes back
Round trip time was 0.055062 milliseconds in repetition 326
tcp_ping received 256 bytes back
Round trip time was 0.050052 milliseconds in repetition 327
tcp_ping received 256 bytes back
Round trip time was 0.058045 milliseconds in repetition 328
tcp_ping received 256 bytes back
Round trip time was 0.046495 milliseconds in repetition 329
tcp_ping received 256 bytes back
Round trip time was 0.045572 milliseconds in repetition 330
tcp_ping received 256 bytes back
Round trip time was 0.059461 milliseconds in repetition 331
tcp_ping received 256 bytes back
Round trip time was 0.040394 milliseconds in repetition 332
tcp_ping received 256 bytes back
Round trip time was 0.047102 milliseconds in repetition 333
tcp_ping received 256 bytes back
Round trip time was 0.050456 milliseconds in repetition 334
tcp_ping received 256 bytes back
Round trip time was 0.042899 milliseconds in repetition 335
tcp_ping received 256 bytes back
Round trip time was 0.040363 milliseconds in repetition 336
tcp_ping received 256 bytes back
Round trip time was 0.078553 milliseconds in repetition 337
tcp_ping received 256 bytes back
Round trip time was 0.045518 milliseconds in repetition 338
tcp_ping received 256 bytes back
Round trip time was 0.044318 milliseconds in repetition 339
tcp_ping received 256 bytes back
Round trip time was 0.045133 milliseconds in repetition 340
tcp_ping received 256 bytes back
Round trip time was 0.054283 milliseconds in repetition 341
tcp_ping received 256 bytes back
Round trip time was 0.05741 milliseconds in repetition 342
tcp_ping received 256 bytes back
Round trip time was 0.053796 milliseconds in repetition 343
tcp_ping received 256 bytes back
Round trip time was 0.045666 milliseconds in repetition 344
tcp_ping received 256 bytes back
Round trip time was 0.063896 milliseconds in repetition 345
tcp_ping received 256 bytes back
Round trip time was 0.058545 milliseconds in repetition 346
tcp_ping received 256 bytes back
Round trip time was 0.056341 milliseconds in repetition 347
tcp_ping received 256 bytes back
Round trip time was 0.050767 milliseconds in repetition 348
tcp_ping received 256 bytes back
Round trip time was 0.037078 milliseconds in repetition 349
tcp_ping received 256 bytes back
Round trip time was 0.052834 milliseconds in repetition 350
tcp_ping received 256 bytes back
Round trip time was 0.055786 milliseconds in repetition 351
tcp_ping received 256 bytes back
Round trip time was 0.054535 milliseconds in repetition 352
tcp_ping received 256 bytes back
Round trip time was 0.055231 milliseconds in repetition 353
tcp_ping received 256 bytes back
Round trip time was 0.049729 milliseconds in repetition 354
tcp_ping received 256 bytes back
Round trip time was 0.051505 milliseconds in repetition 355
tcp_ping received 256 bytes back
Round trip time was 0.046606 milliseconds in repetition 356
tcp_ping received 256 bytes back
Round trip time was 0.046835 milliseconds in repetition 357
tcp_ping received 256 bytes back
Round trip time was 0.042636 milliseconds in repetition 358
tcp_ping received 256 bytes back
Round trip time was 0.067349 milliseconds in repetition 359
tcp_ping received 256 bytes back
Round trip time was 0.053 milliseconds in repetition 360
tcp_ping received 256 bytes back
Round trip time was 0.044331 milliseconds in repetition 361
tcp_ping received 256 bytes back
Round trip time was 0.050757 milliseconds in repetition 362
tcp_ping received 256 bytes back
Round trip time was 0.15814 milliseconds in repetition 363
tcp_ping received 256 bytes back
Round trip time was 0.06376 milliseconds in repetition 364
tcp_ping received 256 bytes back
Round trip time was 0.063569 milliseconds in repetition 365
tcp_ping received 256 bytes back
Round trip time was 0.055366 milliseconds in repetition 366
tcp_ping received 256 bytes back
Round trip time was 0.070174 milliseconds in repetition 367
tcp_ping received 256 bytes back
Round trip time was 0.081849 milliseconds in repetition 368
tcp_ping received 256 bytes back
Round trip time was 0.080207 milliseconds in repetition 369
tcp_ping received 256 bytes back
Round trip time was 0.052225 milliseconds in repetition 370
tcp_ping received 256 bytes back
Round trip time was 0.043865 milliseconds in repetition 371
tcp_ping received 256 bytes back
Round trip time was 0.056348 milliseconds in repetition 372
tcp_ping received 256 bytes back
Round trip time was 0.064432 milliseconds in repetition 373
tcp_ping received 256 bytes back
Round trip time was 0.059839 milliseconds in repetition 374
tcp_ping received 256 bytes back
Round trip time was 0.048887 milliseconds in repetition 375
tcp_ping received 256 bytes back
Round trip time was 0.040269 milliseconds in repetition 376
tcp_ping received 256 bytes back
Round trip time was 0.045366 milliseconds in repetition 377
tcp_ping received 256 bytes back
Round trip time was 0.071203 milliseconds in repetition 378
tcp_ping received 256 bytes back
Round trip time was 0.051288 milliseconds in repetition 379
tcp_ping received 256 bytes back
Round trip time was 0.156211 milliseconds in repetition 380
tcp_ping received 256 bytes back
Round trip time was 0.047274 milliseconds in repetition 381
tcp_ping received 256 bytes back
Round trip time was 0.078774 milliseconds in repetition 382
tcp_ping received 256 bytes back
Round trip time was 0.061945 milliseconds in repetition 383
tcp_ping received 256 bytes back
Round trip time was 0.03996 milliseconds in repetition 384
tcp_ping received 256 bytes back
Round trip time was 0.060594 milliseconds in repetition 385
tcp_ping received 256 bytes back
Round trip time was 0.066786 milliseconds in repetition 386
tcp_ping received 256 bytes back
Round trip time was 0.051871 milliseconds in repetition 387
tcp_ping received 256 bytes back
Round trip time was 0.056052 milliseconds in repetition 388
tcp_ping received 256 bytes back
Round trip time was 0.091507 milliseconds in repetition 389
tcp_ping received 256 bytes back
Round trip time was 0.055281 milliseconds in repetition 390
tcp_ping received 256 bytes back
Round trip time was 0.057032 milliseconds in repetition 391
tcp_ping received 256 bytes back
Round trip time was 0.05541 milliseconds in repetition 392
tcp_ping received 256 bytes back
Round trip time was 0.04997 milliseconds in repetition 393
tcp_ping received 256 bytes back
Round trip time was 0.043079 milliseconds in repetition 394
tcp_ping received 256 bytes back
Round trip time was 0.068307 milliseconds in repetition 395
tcp_ping received 256 bytes back
Round trip time was 0.05393 milliseconds in repetition 396
tcp_ping received 256 bytes back
Round trip time was 0.047927 milliseconds in repetition 397
tcp_ping received 256 bytes back
Round trip time was 0.067267 milliseconds in repetition 398
tcp_ping received 256 bytes back
Round trip time was 0.056494 milliseconds in repetition 399
tcp_ping received 256 bytes back
Round trip time was 0.058874 milliseconds in repetition 400
tcp_ping received 256 bytes back
Round trip time was 0.055247 milliseconds in repetition 401
tcp_ping received 256 bytes back
Round trip time was 0.062083 milliseconds in repetition 402
tcp_ping received 256 bytes back
Round trip time was 0.052533 milliseconds in repetition 403
tcp_ping received 256 bytes back
Round trip time was 0.047859 milliseconds in repetition 404
tcp_ping received 256 bytes back
Round trip time was 0.047748 milliseconds in repetition 405
tcp_ping received 256 bytes back
Round trip time was 0.074991 milliseconds in repetition 406
tcp_ping received 256 bytes back
Round trip time was 0.054925 milliseconds in repetition 407
tcp_ping received 256 bytes back
Round trip time was 0.056545 milliseconds in repetition 408
tcp_ping received 256 bytes back
Round trip time was 0.0547 milliseconds in repetition 409
tcp_ping received 256 bytes back
Round trip time was 0.051819 milliseconds in repetition 410
tcp_ping received 256 bytes back
Round trip time was 0.053335 milliseconds in repetition 411
tcp_ping received 256 bytes back
Round trip time was 0.043377 milliseconds in repetition 412
tcp_ping received 256 bytes back
Round trip time was 0.05639 milliseconds in repetition 413
tcp_ping received 256 bytes back
Round trip time was 0.056572 milliseconds in repetition 414
tcp_ping received 256 bytes back
Round trip time was 0.043211 milliseconds in repetition 415
tcp_ping received 256 bytes back
Round trip time was 0.043332 milliseconds in repetition 416
tcp_ping received 256 bytes back
Round trip time was 0.047163 milliseconds in repetition 417
tcp_ping received 256 bytes back
Round trip time was 0.047129 milliseconds in repetition 418
tcp_ping received 256 bytes back
Round trip time was 0.082167 milliseconds in repetition 419
tcp_ping received 256 bytes back
Round trip time was 0.060283 milliseconds in repetition 420
tcp_ping received 256 bytes back
Round trip time was 0.051336 milliseconds in repetition 421
tcp_ping received 256 bytes back
Round trip time was 0.043223 milliseconds in repetition 422
tcp_ping received 256 bytes back
Round trip time was 0.066716 milliseconds in repetition 423
tcp_ping received 256 bytes back
Round trip time was 0.062335 milliseconds in repetition 424
tcp_ping received 256 bytes back
Round trip time was 0.052688 milliseconds in repetition 425
tcp_ping received 256 bytes back
Round trip time was 0.046722 milliseconds in repetition 426
tcp_ping received 256 bytes back
Round trip time was 0.032664 milliseconds in repetition 427
tcp_ping received 256 bytes back
Round trip time was 0.041497 milliseconds in repetition 428
tcp_ping received 256 bytes back
Round trip time was 0.052664 milliseconds in repetition 429
tcp_ping received 256 bytes back
Round trip time was 0.04971 milliseconds in repetition 430
tcp_ping received 256 bytes back
Round trip time was 0.046604 milliseconds in repetition 431
tcp_ping received 256 bytes back
Round trip time was 0.044171 milliseconds in repetition 432
tcp_ping received 256 bytes back
Round trip time was 0.04864 milliseconds in repetition 433
tcp_ping received 256 bytes back
Round trip time was 0.039011 milliseconds in repetition 434
tcp_ping received 256 bytes back
Round trip time was 0.048987 milliseconds in repetition 435
tcp_ping received 256 bytes back
Round trip time was 0.055766 milliseconds in repetition 436
tcp_ping received 256 bytes back
Round trip time was 0.066628 milliseconds in repetition 437
tcp_ping received 256 bytes back
Round trip time was 0.046673 milliseconds in repetition 438
tcp_ping received 256 bytes back
Round trip time was 0.044283 milliseconds in repetition 439
tcp_ping received 256 bytes back
Round trip time was 0.048902 milliseconds in repetition 440
tcp_ping received 256 bytes back
Round trip time was 0.062391 milliseconds in repetition 441
tcp_ping received 256 bytes back
Round trip time was 0.047676 milliseconds in repetition 442
tcp_ping received 256 bytes back
Round trip time was 0.031328 milliseconds in repetition 443
tcp_ping received 256 bytes back
Round trip time was 0.047001 milliseconds in repetition 444
tcp_ping received 256 bytes back
Round trip time was 0.042688 milliseconds in repetition 445
tcp_ping received 256 bytes back
Round trip time was 0.041358 milliseconds in repetition 446
tcp_ping received 256 bytes back
Round trip time was 0.055104 milliseconds in repetition 447
tcp_ping received 256 bytes back
Round trip time was 0.034055 milliseconds in repetition 448
tcp_ping received 256 bytes back
Round trip time was 0.050535 milliseconds in repetition 449
tcp_ping received 256 bytes back
Round trip time was 0.051305 milliseconds in repetition 450
tcp_ping received 256 bytes back
Round trip time was 0.045759 milliseconds in repetition 451
tcp_ping received 256 bytes back
Round trip time was 0.050249 milliseconds in repetition 452
tcp_ping received 256 bytes back
Round trip time was 0.040053 milliseconds in repetition 453
tcp_ping received 256 bytes back
Round trip time was 0.045867 milliseconds in repetition 454
tcp_ping received 256 bytes back
Round trip time was 0.042338 milliseconds in repetition 455
tcp_ping received 256 bytes back
Round trip time was 0.047308 milliseconds in repetition 456
tcp_ping received 256 bytes back
Round trip time was 0.048466 milliseconds in repetition 457
tcp_ping received 256 bytes back
Round trip time was 0.039165 milliseconds in repetition 458
tcp_ping received 256 bytes back
Round trip time was 0.033056 milliseconds in repetition 459
tcp_ping received 256 bytes back
Round trip time was 0.148323 milliseconds in repetition 460
tcp_ping received 256 bytes back
Round trip time was 0.054293 milliseconds in repetition 461
tcp_ping received 256 bytes back
Round trip time was 0.063101 milliseconds in repetition 462
tcp_ping received 256 bytes back
Round trip time was 0.052847 milliseconds in repetition 463
tcp_ping received 256 bytes back
Round trip time was 0.049055 milliseconds in repetition 464
tcp_ping received 256 bytes back
Round trip time was 0.045661 milliseconds in repetition 465
tcp_ping received 256 bytes back
Round trip time was 0.045832 milliseconds in repetition 466
tcp_ping received 256 bytes back
Round trip time was 0.03974 milliseconds in repetition 467
tcp_ping received 256 bytes back
Round trip time was 0.047176 milliseconds in repetition 468
tcp_ping received 256 bytes back
Round trip time was 0.038348 milliseconds in repetition 469
tcp_ping received 256 bytes back
Round trip time was 0.032177 milliseconds in repetition 470
tcp_ping received 256 bytes back
Round trip time was 0.045421 milliseconds in repetition 471
tcp_ping received 256 bytes back
Round trip time was 0.037794 milliseconds in repetition 472
tcp_ping received 256 bytes back
Round trip time was 0.047101 milliseconds in repetition 473
tcp_ping received 256 bytes back
Round trip time was 0.044751 milliseconds in repetition 474
tcp_ping received 256 bytes back
Round trip time was 0.049454 milliseconds in repetition 475
tcp_ping received 256 bytes back
Round trip time was 0.047058 milliseconds in repetition 476
tcp_ping received 256 bytes back
Round trip time was 0.052261 milliseconds in repetition 477
tcp_ping received 256 bytes back
Round trip time was 0.046048 milliseconds in repetition 478
tcp_ping received 256 bytes back
Round trip time was 0.045361 milliseconds in repetition 479
tcp_ping received 256 bytes back
Round trip time was 0.046212 milliseconds in repetition 480
tcp_ping received 256 bytes back
Round trip time was 0.04687 milliseconds in repetition 481
tcp_ping received 256 bytes back
Round trip time was 0.040415 milliseconds in repetition 482
tcp_ping received 256 bytes back
Round trip time was 0.050762 milliseconds in repetition 483
tcp_ping received 256 bytes back
Round trip time was 0.049566 milliseconds in repetition 484
tcp_ping received 256 bytes back
Round trip time was 0.046664 milliseconds in repetition 485
tcp_ping received 256 bytes back
Round trip time was 0.045174 milliseconds in repetition 486
tcp_ping received 256 bytes back
Round trip time was 0.053373 milliseconds in repetition 487
tcp_ping received 256 bytes back
Round trip time was 0.041017 milliseconds in repetition 488
tcp_ping received 256 bytes back
Round trip time was 0.060182 milliseconds in repetition 489
tcp_ping received 256 bytes back
Round trip time was 0.070602 milliseconds in repetition 490
tcp_ping received 256 bytes back
Round trip time was 0.061754 milliseconds in repetition 491
tcp_ping received 256 bytes back
Round trip time was 0.039026 milliseconds in repetition 492
tcp_ping received 256 bytes back
Round trip time was 0.041033 milliseconds in repetition 493
tcp_ping received 256 bytes back
Round trip time was 0.048207 milliseconds in repetition 494
tcp_ping received 256 bytes back
Round trip time was 0.050316 milliseconds in repetition 495
tcp_ping received 256 bytes back
Round trip time was 0.044742 milliseconds in repetition 496
tcp_ping received 256 bytes back
Round trip time was 0.042744 milliseconds in repetition 497
tcp_ping received 256 bytes back
Round trip time was 0.042324 milliseconds in repetition 498
tcp_ping received 256 bytes back
Round trip time was 0.051164 milliseconds in repetition 499
tcp_ping received 256 bytes back
Round trip time was 0.052054 milliseconds in repetition 500
tcp_ping received 256 bytes back
Round trip time was 0.043042 milliseconds in repetition 501

 ... clock resolution was 1e-06
TCP Ping:  Statistics over 501 repetitions of 256 byte messages

RTT : percentile 10: 0.040695, median: 0.05038, percentile 90: 0.06716, average: 0.0535226, variance: 0.000275399

RTT histogram:
0.0313265 10
0.0410847 133
0.0508428 207
0.060601 93
0.0703591 30
0.0801172 16
0.0898754 4
0.0996335 1
0.109392 0
0.11915 2
0.128908 0
0.138666 0
0.148424 1
0.158182 2
0.167941 1
0.177699 0
0.187457 0
0.197215 0
0.206973 0
0.216731 0
0.226489 1

   median Throughput : 10162.8 KB/s   overall Throughput : 9566.04 KB/s

