TCP Ping trying to connect to server 127.0.0.1 (127.0.0.1) on port 1491
 ... connected to Pong server: asking for 501 repetitions of 131072 bytes TCP messages
 ... Pong server agreed :-)
tcp_ping received 131072 bytes back
Round trip time was 0.345514 milliseconds in repetition 1
tcp_ping received 131072 bytes back
Round trip time was 44.5165 milliseconds in repetition 2
tcp_ping received 131072 bytes back
Round trip time was 0.698285 milliseconds in repetition 3
tcp_ping received 131072 bytes back
Round trip time was 0.672127 milliseconds in repetition 4
tcp_ping received 131072 bytes back
Round trip time was 0.740663 milliseconds in repetition 5
tcp_ping received 131072 bytes back
Round trip time was 0.711696 milliseconds in repetition 6
tcp_ping received 131072 bytes back
Round trip time was 0.801556 milliseconds in repetition 7
tcp_ping received 131072 bytes back
Round trip time was 0.897334 milliseconds in repetition 8
tcp_ping received 131072 bytes back
Round trip time was 0.826952 milliseconds in repetition 9
tcp_ping received 131072 bytes back
Round trip time was 0.775085 milliseconds in repetition 10
tcp_ping received 131072 bytes back
Round trip time was 0.689013 milliseconds in repetition 11
tcp_ping received 131072 bytes back
Round trip time was 0.743504 milliseconds in repetition 12
tcp_ping received 131072 bytes back
Round trip time was 0.678705 milliseconds in repetition 13
tcp_ping received 131072 bytes back
Round trip time was 0.588755 milliseconds in repetition 14
tcp_ping received 131072 bytes back
Round trip time was 0.612032 milliseconds in repetition 15
tcp_ping received 131072 bytes back
Round trip time was 0.689366 milliseconds in repetition 16
tcp_ping received 131072 bytes back
Round trip time was 0.591758 milliseconds in repetition 17
tcp_ping received 131072 bytes back
Round trip time was 0.500423 milliseconds in repetition 18
tcp_ping received 131072 bytes back
Round trip time was 0.609745 milliseconds in repetition 19
tcp_ping received 131072 bytes back
Round trip time was 0.634016 milliseconds in repetition 20
tcp_ping received 131072 bytes back
Round trip time was 0.600136 milliseconds in repetition 21
tcp_ping received 131072 bytes back
Round trip time was 0.473045 milliseconds in repetition 22
tcp_ping received 131072 bytes back
Round trip time was 0.523537 milliseconds in repetition 23
tcp_ping received 131072 bytes back
Round trip time was 0.525244 milliseconds in repetition 24
tcp_ping received 131072 bytes back
Round trip time was 0.444654 milliseconds in repetition 25
tcp_ping received 131072 bytes back
Round trip time was 0.544556 milliseconds in repetition 26
tcp_ping received 131072 bytes back
Round trip time was 0.458812 milliseconds in repetition 27
tcp_ping received 131072 bytes back
Round trip time was 0.539843 milliseconds in repetition 28
tcp_ping received 131072 bytes back
Round trip time was 0.400235 milliseconds in repetition 29
tcp_ping received 131072 bytes back
Round trip time was 0.40927 milliseconds in repetition 30
tcp_ping received 131072 bytes back
Round trip time was 0.404948 milliseconds in repetition 31
tcp_ping received 131072 bytes back
Round trip time was 0.523281 milliseconds in repetition 32
tcp_ping received 131072 bytes back
Round trip time was 0.476951 milliseconds in repetition 33
tcp_ping received 131072 bytes back
Round trip time was 0.400045 milliseconds in repetition 34
tcp_ping received 131072 bytes back
Round trip time was 0.452112 milliseconds in repetition 35
tcp_ping received 131072 bytes back
Round trip time was 0.602862 milliseconds in repetition 36
tcp_ping received 131072 bytes back
Round trip time was 0.460009 milliseconds in repetition 37
tcp_ping received 131072 bytes back
Round trip time was 0.582335 milliseconds in repetition 38
tcp_ping received 131072 bytes back
Round trip time was 0.419038 milliseconds in repetition 39
tcp_ping received 131072 bytes back
Round trip time was 0.385727 milliseconds in repetition 40
tcp_ping received 131072 bytes back
Round trip time was 0.425134 milliseconds in repetition 41
tcp_ping received 131072 bytes back
Round trip time was 0.381361 milliseconds in repetition 42
tcp_ping received 131072 bytes back
Round trip time was 0.523026 milliseconds in repetition 43
tcp_ping received 131072 bytes back
Round trip time was 0.388094 milliseconds in repetition 44
tcp_ping received 131072 bytes back
Round trip time was 0.457548 milliseconds in repetition 45
tcp_ping received 131072 bytes back
Round trip time was 0.430931 milliseconds in repetition 46
tcp_ping received 131072 bytes back
Round trip time was 0.425683 milliseconds in repetition 47
tcp_ping received 131072 bytes back
Round trip time was 0.44916 milliseconds in repetition 48
tcp_ping received 131072 bytes back
Round trip time was 0.361056 milliseconds in repetition 49
tcp_ping received 131072 bytes back
Round trip time was 0.589995 milliseconds in repetition 50
tcp_ping received 131072 bytes back
Round trip time was 0.416956 milliseconds in repetition 51
tcp_ping received 131072 bytes back
Round trip time was 0.335399 milliseconds in repetition 52
tcp_ping received 131072 bytes back
Round trip time was 0.341671 milliseconds in repetition 53
tcp_ping received 131072 bytes back
Round trip time was 0.533177 milliseconds in repetition 54
tcp_ping received 131072 bytes back
Round trip time was 0.381073 milliseconds in repetition 55
tcp_ping received 131072 bytes back
Round trip time was 0.374475 milliseconds in repetition 56
tcp_ping received 131072 bytes back
Round trip time was 0.493569 milliseconds in repetition 57
tcp_ping received 131072 bytes back
Round trip time was 0.351662 milliseconds in repetition 58
tcp_ping received 131072 bytes back
Round trip time was 0.465824 milliseconds in repetition 59
tcp_ping received 131072 bytes back
Round trip time was 0.397233 milliseconds in repetition 60
tcp_ping received 131072 bytes back
Round trip time was 0.361886 milliseconds in repetition 61
tcp_ping received 131072 bytes back
Round trip time was 0.404915 milliseconds in repetition 62
tcp_ping received 131072 bytes back
Round trip time was 0.362265 milliseconds in repetition 63
tcp_ping received 131072 bytes back
Round trip time was 0.575514 milliseconds in repetition 64
tcp_ping received 131072 bytes back
Round trip time was 0.470213 milliseconds in repetition 65
tcp_ping received 131072 bytes back
Round trip time was 0.415822 milliseconds in repetition 66
tcp_ping received 131072 bytes back
Round trip time was 0.397232 milliseconds in repetition 67
tcp_ping received 131072 bytes back
Round trip time was 0.431913 milliseconds in repetition 68
tcp_ping received 131072 bytes back
Round trip time was 0.440718 milliseconds in repetition 69
tcp_ping received 131072 bytes back
Round trip time was 0.407268 milliseconds in repetition 70
tcp_ping received 131072 bytes back
Round trip time was 0.315587 milliseconds in repetition 71
tcp_ping received 131072 bytes back
Round trip time was 0.549892 milliseconds in repetition 72
tcp_ping received 131072 bytes back
Round trip time was 0.421394 milliseconds in repetition 73
tcp_ping received 131072 bytes back
Round trip time was 0.38856 milliseconds in repetition 74
tcp_ping received 131072 bytes back
Round trip time was 0.430594 milliseconds in repetition 75
tcp_ping received 131072 bytes back
Round trip time was 0.313189 milliseconds in repetition 76
tcp_ping received 131072 bytes back
Round trip time was 0.320765 milliseconds in repetition 77
tcp_ping received 131072 bytes back
Round trip time was 0.309555 milliseconds in repetition 78
tcp_ping received 131072 bytes back
Round trip time was 0.299129 milliseconds in repetition 79
tcp_ping received 131072 bytes back
Round trip time was 0.312712 milliseconds in repetition 80
tcp_ping received 131072 bytes back
Round trip time was 0.373234 milliseconds in repetition 81
tcp_ping received 131072 bytes back
Round trip time was 0.429149 milliseconds in repetition 82
tcp_ping received 131072 bytes back
Round trip time was 0.457363 milliseconds in repetition 83
tcp_ping received 131072 bytes back
Round trip time was 0.383738 milliseconds in repetition 84
tcp_ping received 131072 bytes back
Round trip time was 0.307876 milliseconds in repetition 85
tcp_ping received 131072 bytes back
Round trip time was 0.342007 milliseconds in repetition 86
tcp_ping received 131072 bytes back
Round trip time was 0.359228 milliseconds in repetition 87
tcp_ping received 131072 bytes back
Round trip time was 0.31503 milliseconds in repetition 88
tcp_ping received 131072 bytes back
Round trip time was 0.306212 milliseconds in repetition 89
tcp_ping received 131072 bytes back
Round trip time was 0.300933 milliseconds in repetition 90
tcp_ping received 131072 bytes back
Round trip time was 0.308668 milliseconds in repetition 91
tcp_ping received 131072 bytes back
Round trip time was 0.310083 milliseconds in repetition 92
tcp_ping received 131072 bytes back
Round trip time was 0.383348 milliseconds in repetition 93
tcp_ping received 131072 bytes back
Round trip time was 0.324596 milliseconds in repetition 94
tcp_ping received 131072 bytes back
Round trip time was 0.31915 milliseconds in repetition 95
tcp_ping received 131072 bytes back
Round trip time was 0.336419 milliseconds in repetition 96
tcp_ping received 131072 bytes back
Round trip time was 0.313542 milliseconds in repetition 97
tcp_ping received 131072 bytes back
Round trip time was 0.322654 milliseconds in repetition 98
tcp_ping received 131072 bytes back
Round trip time was 0.314587 milliseconds in repetition 99
tcp_ping received 131072 bytes back
Round trip time was 0.304339 milliseconds in repetition 100
tcp_ping received 131072 bytes back
Round trip time was 0.300099 milliseconds in repetition 101
tcp_ping received 131072 bytes back
Round trip time was 0.30462 milliseconds in repetition 102
tcp_ping received 131072 bytes back
Round trip time was 0.312885 milliseconds in repetition 103
tcp_ping received 131072 bytes back
Round trip time was 0.342344 milliseconds in repetition 104
tcp_ping received 131072 bytes back
Round trip time was 0.315397 milliseconds in repetition 105
tcp_ping received 131072 bytes back
Round trip time was 0.310373 milliseconds in repetition 106
tcp_ping received 131072 bytes back
Round trip time was 0.363548 milliseconds in repetition 107
tcp_ping received 131072 bytes back
Round trip time was 0.347929 milliseconds in repetition 108
tcp_ping received 131072 bytes back
Round trip time was 0.392453 milliseconds in repetition 109
tcp_ping received 131072 bytes back
Round trip time was 0.364647 milliseconds in repetition 110
tcp_ping received 131072 bytes back
Round trip time was 0.361091 milliseconds in repetition 111
tcp_ping received 131072 bytes back
Round trip time was 0.345215 milliseconds in repetition 112
tcp_ping received 131072 bytes back
Round trip time was 0.335584 milliseconds in repetition 113
tcp_ping received 131072 bytes back
Round trip time was 0.356227 milliseconds in repetition 114
tcp_ping received 131072 bytes back
Round trip time was 0.330202 milliseconds in repetition 115
tcp_ping received 131072 bytes back
Round trip time was 0.316879 milliseconds in repetition 116
tcp_ping received 131072 bytes back
Round trip time was 0.315186 milliseconds in repetition 117
tcp_ping received 131072 bytes back
Round trip time was 0.362454 milliseconds in repetition 118
tcp_ping received 131072 bytes back
Round trip time was 0.338024 milliseconds in repetition 119
tcp_ping received 131072 bytes back
Round trip time was 0.33908 milliseconds in repetition 120
tcp_ping received 131072 bytes back
Round trip time was 0.307683 milliseconds in repetition 121
tcp_ping received 131072 bytes back
Round trip time was 0.310521 milliseconds in repetition 122
tcp_ping received 131072 bytes back
Round trip time was 0.300993 milliseconds in repetition 123
tcp_ping received 131072 bytes back
Round trip time was 0.3063 milliseconds in repetition 124
tcp_ping received 131072 bytes back
Round trip time was 0.308564 milliseconds in repetition 125
tcp_ping received 131072 bytes back
Round trip time was 0.301981 milliseconds in repetition 126
tcp_ping received 131072 bytes back
Round trip time was 0.397482 milliseconds in repetition 127
tcp_ping received 131072 bytes back
Round trip time was 0.361111 milliseconds in repetition 128
tcp_ping received 131072 bytes back
Round trip time was 0.371474 milliseconds in repetition 129
tcp_ping received 131072 bytes back
Round trip time was 0.467081 milliseconds in repetition 130
tcp_ping received 131072 bytes back
Round trip time was 0.512162 milliseconds in repetition 131
tcp_ping received 131072 bytes back
Round trip time was 0.534735 milliseconds in repetition 132
tcp_ping received 131072 bytes back
Round trip time was 0.335108 milliseconds in repetition 133
tcp_ping received 131072 bytes back
Round trip time was 0.375747 milliseconds in repetition 134
tcp_ping received 131072 bytes back
Round trip time was 0.304915 milliseconds in repetition 135
tcp_ping received 131072 bytes back
Round trip time was 0.365478 milliseconds in repetition 136
tcp_ping received 131072 bytes back
Round trip time was 0.348854 milliseconds in repetition 137
tcp_ping received 131072 bytes back
Round trip time was 0.327735 milliseconds in repetition 138
tcp_ping received 131072 bytes back
Round trip time was 0.372928 milliseconds in repetition 139
tcp_ping received 131072 bytes back
Round trip time was 0.317382 milliseconds in repetition 140
tcp_ping received 131072 bytes back
Round trip time was 0.365088 milliseconds in repetition 141
tcp_ping received 131072 bytes back
Round trip time was 0.352431 milliseconds in repetition 142
tcp_ping received 131072 bytes back
Round trip time was 0.326708 milliseconds in repetition 143
tcp_ping received 131072 bytes back
Round trip time was 0.365666 milliseconds in repetition 144
tcp_ping received 131072 bytes back
Round trip time was 0.315654 milliseconds in repetition 145
tcp_ping received 131072 bytes back
Round trip time was 0.314448 milliseconds in repetition 146
tcp_ping received 131072 bytes back
Round trip time was 0.33957 milliseconds in repetition 147
tcp_ping received 131072 bytes back
Round trip time was 0.347992 milliseconds in repetition 148
tcp_ping received 131072 bytes back
Round trip time was 0.337671 milliseconds in repetition 149
tcp_ping received 131072 bytes back
Round trip time was 0.338783 milliseconds in repetition 150
tcp_ping received 131072 bytes back
Round trip time was 0.335541 milliseconds in repetition 151
tcp_ping received 131072 bytes back
Round trip time was 0.32653 milliseconds in repetition 152
tcp_ping received 131072 bytes back
Round trip time was 0.306364 milliseconds in repetition 153
tcp_ping received 131072 bytes back
Round trip time was 0.333152 milliseconds in repetition 154
tcp_ping received 131072 bytes back
Round trip time was 0.374996 milliseconds in repetition 155
tcp_ping received 131072 bytes back
Round trip time was 0.335047 milliseconds in repetition 156
tcp_ping received 131072 bytes back
Round trip time was 0.338584 milliseconds in repetition 157
tcp_ping received 131072 bytes back
Round trip time was 0.390074 milliseconds in repetition 158
tcp_ping received 131072 bytes back
Round trip time was 0.318926 milliseconds in repetition 159
tcp_ping received 131072 bytes back
Round trip time was 0.303012 milliseconds in repetition 160
tcp_ping received 131072 bytes back
Round trip time was 0.486373 milliseconds in repetition 161
tcp_ping received 131072 bytes back
Round trip time was 0.330766 milliseconds in repetition 162
tcp_ping received 131072 bytes back
Round trip time was 0.397823 milliseconds in repetition 163
tcp_ping received 131072 bytes back
Round trip time was 0.412104 milliseconds in repetition 164
tcp_ping received 131072 bytes back
Round trip time was 0.331235 milliseconds in repetition 165
tcp_ping received 131072 bytes back
Round trip time was 0.453295 milliseconds in repetition 166
tcp_ping received 131072 bytes back
Round trip time was 0.361456 milliseconds in repetition 167
tcp_ping received 131072 bytes back
Round trip time was 0.33485 milliseconds in repetition 168
tcp_ping received 131072 bytes back
Round trip time was 0.390586 milliseconds in repetition 169
tcp_ping received 131072 bytes back
Round trip time was 0.403133 milliseconds in repetition 170
tcp_ping received 131072 bytes back
Round trip time was 0.422736 milliseconds in repetition 171
tcp_ping received 131072 bytes back
Round trip time was 0.392938 milliseconds in repetition 172
tcp_ping received 131072 bytes back
Round trip time was 0.383255 milliseconds in repetition 173
tcp_ping received 131072 bytes back
Round trip time was 0.396458 milliseconds in repetition 174
tcp_ping received 131072 bytes back
Round trip time was 0.384918 milliseconds in repetition 175
tcp_ping received 131072 bytes back
Round trip time was 0.362281 milliseconds in repetition 176
tcp_ping received 131072 bytes back
Round trip time was 0.392147 milliseconds in repetition 177
tcp_ping received 131072 bytes back
Round trip time was 0.357481 milliseconds in repetition 178
tcp_ping received 131072 bytes back
Round trip time was 0.339707 milliseconds in repetition 179
tcp_ping received 131072 bytes back
Round trip time was 0.307029 milliseconds in repetition 180
tcp_ping received 131072 bytes back
Round trip time was 0.322695 milliseconds in repetition 181
tcp_ping received 131072 bytes back
Round trip time was 0.485979 milliseconds in repetition 182
tcp_ping received 131072 bytes back
Round trip time was 0.394131 milliseconds in repetition 183
tcp_ping received 131072 bytes back
Round trip time was 0.318109 milliseconds in repetition 184
tcp_ping received 131072 bytes back
Round trip time was 0.31533 milliseconds in repetition 185
tcp_ping received 131072 bytes back
Round trip time was 0.30709 milliseconds in repetition 186
tcp_ping received 131072 bytes back
Round trip time was 0.299697 milliseconds in repetition 187
tcp_ping received 131072 bytes back
Round trip time was 0.542992 milliseconds in repetition 188
tcp_ping received 131072 bytes back
Round trip time was 0.359501 milliseconds in repetition 189
tcp_ping received 131072 bytes back
Round trip time was 0.331025 milliseconds in repetition 190
tcp_ping received 131072 bytes back
Round trip time was 0.379274 milliseconds in repetition 191
tcp_ping received 131072 bytes back
Round trip time was 0.33168 milliseconds in repetition 192
tcp_ping received 131072 bytes back
Round trip time was 0.467226 milliseconds in repetition 193
tcp_ping received 131072 bytes back
Round trip time was 0.443532 milliseconds in repetition 194
tcp_ping received 131072 bytes back
Round trip time was 0.37649 milliseconds in repetition 195
tcp_ping received 131072 bytes back
Round trip time was 0.465301 milliseconds in repetition 196
tcp_ping received 131072 bytes back
Round trip time was 0.386676 milliseconds in repetition 197
tcp_ping received 131072 bytes back
Round trip time was 0.432894 milliseconds in repetition 198
tcp_ping received 131072 bytes back
Round trip time was 0.424846 milliseconds in repetition 199
tcp_ping received 131072 bytes back
Round trip time was 0.499833 milliseconds in repetition 200
tcp_ping received 131072 bytes back
Round trip time was 0.445454 milliseconds in repetition 201
tcp_ping received 131072 bytes back
Round trip time was 0.393443 milliseconds in repetition 202
tcp_ping received 131072 bytes back
Round trip time was 0.408371 milliseconds in repetition 203
tcp_ping received 131072 bytes back
Round trip time was 0.670631 milliseconds in repetition 204
tcp_ping received 131072 bytes back
Round trip time was 0.639977 milliseconds in repetition 205
tcp_ping received 131072 bytes back
Round trip time was 0.453187 milliseconds in repetition 206
tcp_ping received 131072 bytes back
Round trip time was 0.395514 milliseconds in repetition 207
tcp_ping received 131072 bytes back
Round trip time was 0.474386 milliseconds in repetition 208
tcp_ping received 131072 bytes back
Round trip time was 0.42225 milliseconds in repetition 209
tcp_ping received 131072 bytes back
Round trip time was 0.354139 milliseconds in repetition 210
tcp_ping received 131072 bytes back
Round trip time was 0.367478 milliseconds in repetition 211
tcp_ping received 131072 bytes back
Round trip time was 0.318726 milliseconds in repetition 212
tcp_ping received 131072 bytes back
Round trip time was 0.405531 milliseconds in repetition 213
tcp_ping received 131072 bytes back
Round trip time was 0.734652 milliseconds in repetition 214
tcp_ping received 131072 bytes back
Round trip time was 0.548387 milliseconds in repetition 215
tcp_ping received 131072 bytes back
Round trip time was 0.605795 milliseconds in repetition 216
tcp_ping received 131072 bytes back
Round trip time was 0.440834 milliseconds in repetition 217
tcp_ping received 131072 bytes back
Round trip time was 0.541413 milliseconds in repetition 218
tcp_ping received 131072 bytes back
Round trip time was 0.385186 milliseconds in repetition 219
tcp_ping received 131072 bytes back
Round trip time was 0.467466 milliseconds in repetition 220
tcp_ping received 131072 bytes back
Round trip time was 0.490541 milliseconds in repetition 221
tcp_ping received 131072 bytes back
Round trip time was 0.378184 milliseconds in repetition 222
tcp_ping received 131072 bytes back
Round trip time was 0.326396 milliseconds in repetition 223
tcp_ping received 131072 bytes back
Round trip time was 0.469893 milliseconds in repetition 224
tcp_ping received 131072 bytes back
Round trip time was 0.546859 milliseconds in repetition 225
tcp_ping received 131072 bytes back
Round trip time was 0.380453 milliseconds in repetition 226
tcp_ping received 131072 bytes back
Round trip time was 0.384473 milliseconds in repetition 227
tcp_ping received 131072 bytes back
Round trip time was 0.340343 milliseconds in repetition 228
tcp_ping received 131072 bytes back
Round trip time was 0.401082 milliseconds in repetition 229
tcp_ping received 131072 bytes back
Round trip time was 0.320355 milliseconds in repetition 230
tcp_ping received 131072 bytes back
Round trip time was 0.315596 milliseconds in repetition 231
tcp_ping received 131072 bytes back
Round trip time was 0.348467 milliseconds in repetition 232
tcp_ping received 131072 bytes back
Round trip time was 0.420981 milliseconds in repetition 233
tcp_ping received 131072 bytes back
Round trip time was 0.343957 milliseconds in repetition 234
tcp_ping received 131072 bytes back
Round trip time was 0.32185 milliseconds in repetition 235
tcp_ping received 131072 bytes back
Round trip time was 0.313999 milliseconds in repetition 236
tcp_ping received 131072 bytes back
Round trip time was 0.313336 milliseconds in repetition 237
tcp_ping received 131072 bytes back
Round trip time was 0.311756 milliseconds in repetition 238
tcp_ping received 131072 bytes back
Round trip time was 0.310844 milliseconds in repetition 239
tcp_ping received 131072 bytes back
Round trip time was 0.311454 milliseconds in repetition 240
tcp_ping received 131072 bytes back
Round trip time was 0.357601 milliseconds in repetition 241
tcp_ping received 131072 bytes back
Round trip time was 0.309226 milliseconds in repetition 242
tcp_ping received 131072 bytes back
Round trip time was 0.304253 milliseconds in repetition 243
tcp_ping received 131072 bytes back
Round trip time was 0.29559 milliseconds in repetition 244
tcp_ping received 131072 bytes back
Round trip time was 0.305536 milliseconds in repetition 245
tcp_ping received 131072 bytes back
Round trip time was 0.377448 milliseconds in repetition 246
tcp_ping received 131072 bytes back
Round trip time was 0.354699 milliseconds in repetition 247
tcp_ping received 131072 bytes back
Round trip time was 0.357297 milliseconds in repetition 248
tcp_ping received 131072 bytes back
Round trip time was 0.356446 milliseconds in repetition 249
tcp_ping received 131072 bytes back
Round trip time was 0.317797 milliseconds in repetition 250
tcp_ping received 131072 bytes back
Round trip time was 0.349434 milliseconds in repetition 251
tcp_ping received 131072 bytes back
Round trip time was 0.364025 milliseconds in repetition 252
tcp_ping received 131072 bytes back
Round trip time was 0.312824 milliseconds in repetition 253
tcp_ping received 131072 bytes back
Round trip time was 0.310845 milliseconds in repetition 254
tcp_ping received 131072 bytes back
Round trip time was 0.297976 milliseconds in repetition 255
tcp_ping received 131072 bytes back
Round trip time was 0.316709 milliseconds in repetition 256
tcp_ping received 131072 bytes back
Round trip time was 0.312707 milliseconds in repetition 257
tcp_ping received 131072 bytes back
Round trip time was 0.30655 milliseconds in repetition 258
tcp_ping received 131072 bytes back
Round trip time was 0.369244 milliseconds in repetition 259
tcp_ping received 131072 bytes back
Round trip time was 0.375794 milliseconds in repetition 260
tcp_ping received 131072 bytes back
Round trip time was 0.326815 milliseconds in repetition 261
tcp_ping received 131072 bytes back
Round trip time was 0.318697 milliseconds in repetition 262
tcp_ping received 131072 bytes back
Round trip time was 0.306343 milliseconds in repetition 263
tcp_ping received 131072 bytes back
Round trip time was 0.302322 milliseconds in repetition 264
tcp_ping received 131072 bytes back
Round trip time was 0.323911 milliseconds in repetition 265
tcp_ping received 131072 bytes back
Round trip time was 0.303801 milliseconds in repetition 266
tcp_ping received 131072 bytes back
Round trip time was 0.294891 milliseconds in repetition 267
tcp_ping received 131072 bytes back
Round trip time was 0.309695 milliseconds in repetition 268
tcp_ping received 131072 bytes back
Round trip time was 0.313523 milliseconds in repetition 269
tcp_ping received 131072 bytes back
Round trip time was 0.315675 milliseconds in repetition 270
tcp_ping received 131072 bytes back
Round trip time was 0.326625 milliseconds in repetition 271
tcp_ping received 131072 bytes back
Round trip time was 0.32422 milliseconds in repetition 272
tcp_ping received 131072 bytes back
Round trip time was 0.343574 milliseconds in repetition 273
tcp_ping received 131072 bytes back
Round trip time was 0.360334 milliseconds in repetition 274
tcp_ping received 131072 bytes back
Round trip time was 0.346748 milliseconds in repetition 275
tcp_ping received 131072 bytes back
Round trip time was 0.351346 milliseconds in repetition 276
tcp_ping received 131072 bytes back
Round trip time was 0.330177 milliseconds in repetition 277
tcp_ping received 131072 bytes back
Round trip time was 0.443305 milliseconds in repetition 278
tcp_ping received 131072 bytes back
Round trip time was 0.327611 milliseconds in repetition 279
tcp_ping received 131072 bytes back
Round trip time was 0.39206 milliseconds in repetition 280
tcp_ping received 131072 bytes back
Round trip time was 0.34117 milliseconds in repetition 281
tcp_ping received 131072 bytes back
Round trip time was 0.335923 milliseconds in repetition 282
tcp_ping received 131072 bytes back
Round trip time was 0.31259 milliseconds in repetition 283
tcp_ping received 131072 bytes back
Round trip time was 0.310141 milliseconds in repetition 284
tcp_ping received 131072 bytes back
Round trip time was 0.300603 milliseconds in repetition 285
tcp_ping received 131072 bytes back
Round trip time was 0.298283 milliseconds in repetition 286
tcp_ping received 131072 bytes back
Round trip time was 0.308747 milliseconds in repetition 287
tcp_ping received 131072 bytes back
Round trip time was 0.322783 milliseconds in repetition 288
tcp_ping received 131072 bytes back
Round trip time was 0.343369 milliseconds in repetition 289
tcp_ping received 131072 bytes back
Round trip time was 0.308358 milliseconds in repetition 290
tcp_ping received 131072 bytes back
Round trip time was 0.300837 milliseconds in repetition 291
tcp_ping received 131072 bytes back
Round trip time was 0.303496 milliseconds in repetition 292
tcp_ping received 131072 bytes back
Round trip time was 0.333283 milliseconds in repetition 293
tcp_ping received 131072 bytes back
Round trip time was 0.349691 milliseconds in repetition 294
tcp_ping received 131072 bytes back
Round trip time was 0.368327 milliseconds in repetition 295
tcp_ping received 131072 bytes back
Round trip time was 0.362771 milliseconds in repetition 296
tcp_ping received 131072 bytes back
Round trip time was 0.347392 milliseconds in repetition 297
tcp_ping received 131072 bytes back
Round trip time was 0.41204 milliseconds in repetition 298
tcp_ping received 131072 bytes back
Round trip time was 0.45388 milliseconds in repetition 299
tcp_ping received 131072 bytes back
Round trip time was 0.360365 milliseconds in repetition 300
tcp_ping received 131072 bytes back
Round trip time was 0.332571 milliseconds in repetition 301
tcp_ping received 131072 bytes back
Round trip time was 0.335366 milliseconds in repetition 302
tcp_ping received 131072 bytes back
Round trip time was 0.335105 milliseconds in repetition 303
tcp_ping received 131072 bytes back
Round trip time was 0.296292 milliseconds in repetition 304
tcp_ping received 131072 bytes back
Round trip time was 0.32607 milliseconds in repetition 305
tcp_ping received 131072 bytes back
Round trip time was 0.329397 milliseconds in repetition 306
tcp_ping received 131072 bytes back
Round trip time was 0.340145 milliseconds in repetition 307
tcp_ping received 131072 bytes back
Round trip time was 0.312573 milliseconds in repetition 308
tcp_ping received 131072 bytes back
Round trip time was 0.308987 milliseconds in repetition 309
tcp_ping received 131072 bytes back
Round trip time was 0.325459 milliseconds in repetition 310
tcp_ping received 131072 bytes back
Round trip time was 0.302118 milliseconds in repetition 311
tcp_ping received 131072 bytes back
Round trip time was 0.297865 milliseconds in repetition 312
tcp_ping received 131072 bytes back
Round trip time was 0.315069 milliseconds in repetition 313
tcp_ping received 131072 bytes back
Round trip time was 0.334931 milliseconds in repetition 314
tcp_ping received 131072 bytes back
Round trip time was 0.345248 milliseconds in repetition 315
tcp_ping received 131072 bytes back
Round trip time was 0.334523 milliseconds in repetition 316
tcp_ping received 131072 bytes back
Round trip time was 0.336936 milliseconds in repetition 317
tcp_ping received 131072 bytes back
Round trip time was 0.368602 milliseconds in repetition 318
tcp_ping received 131072 bytes back
Round trip time was 0.319189 milliseconds in repetition 319
tcp_ping received 131072 bytes back
Round trip time was 0.372238 milliseconds in repetition 320
tcp_ping received 131072 bytes back
Round trip time was 0.323814 milliseconds in repetition 321
tcp_ping received 131072 bytes back
Round trip time was 0.322879 milliseconds in repetition 322
tcp_ping received 131072 bytes back
Round trip time was 0.314474 milliseconds in repetition 323
tcp_ping received 131072 bytes back
Round trip time was 0.333239 milliseconds in repetition 324
tcp_ping received 131072 bytes back
Round trip time was 0.33811 milliseconds in repetition 325
tcp_ping received 131072 bytes back
Round trip time was 0.4497 milliseconds in repetition 326
tcp_ping received 131072 bytes back
Round trip time was 0.320841 milliseconds in repetition 327
tcp_ping received 131072 bytes back
Round trip time was 0.346887 milliseconds in repetition 328
tcp_ping received 131072 bytes back
Round trip time was 0.325385 milliseconds in repetition 329
tcp_ping received 131072 bytes back
Round trip time was 0.339014 milliseconds in repetition 330
tcp_ping received 131072 bytes back
Round trip time was 0.328372 milliseconds in repetition 331
tcp_ping received 131072 bytes back
Round trip time was 0.319807 milliseconds in repetition 332
tcp_ping received 131072 bytes back
Round trip time was 0.328467 milliseconds in repetition 333
tcp_ping received 131072 bytes back
Round trip time was 0.348055 milliseconds in repetition 334
tcp_ping received 131072 bytes back
Round trip time was 0.336204 milliseconds in repetition 335
tcp_ping received 131072 bytes back
Round trip time was 0.37771 milliseconds in repetition 336
tcp_ping received 131072 bytes back
Round trip time was 0.375558 milliseconds in repetition 337
tcp_ping received 131072 bytes back
Round trip time was 0.337869 milliseconds in repetition 338
tcp_ping received 131072 bytes back
Round trip time was 0.319894 milliseconds in repetition 339
tcp_ping received 131072 bytes back
Round trip time was 0.305473 milliseconds in repetition 340
tcp_ping received 131072 bytes back
Round trip time was 0.329297 milliseconds in repetition 341
tcp_ping received 131072 bytes back
Round trip time was 0.382808 milliseconds in repetition 342
tcp_ping received 131072 bytes back
Round trip time was 0.31117 milliseconds in repetition 343
tcp_ping received 131072 bytes back
Round trip time was 0.324376 milliseconds in repetition 344
tcp_ping received 131072 bytes back
Round trip time was 0.313485 milliseconds in repetition 345
tcp_ping received 131072 bytes back
Round trip time was 0.305047 milliseconds in repetition 346
tcp_ping received 131072 bytes back
Round trip time was 0.335425 milliseconds in repetition 347
tcp_ping received 131072 bytes back
Round trip time was 0.324703 milliseconds in repetition 348
tcp_ping received 131072 bytes back
Round trip time was 0.308322 milliseconds in repetition 349
tcp_ping received 131072 bytes back
Round trip time was 0.296131 milliseconds in repetition 350
tcp_ping received 131072 bytes back
Round trip time was 0.31304 milliseconds in repetition 351
tcp_ping received 131072 bytes back
Round trip time was 0.305066 milliseconds in repetition 352
tcp_ping received 131072 bytes back
Round trip time was 0.311446 milliseconds in repetition 353
tcp_ping received 131072 bytes back
Round trip time was 0.313383 milliseconds in repetition 354
tcp_ping received 131072 bytes back
Round trip time was 0.331302 milliseconds in repetition 355
tcp_ping received 131072 bytes back
Round trip time was 0.313295 milliseconds in repetition 356
tcp_ping received 131072 bytes back
Round trip time was 0.310917 milliseconds in repetition 357
tcp_ping received 131072 bytes back
Round trip time was 0.313366 milliseconds in repetition 358
tcp_ping received 131072 bytes back
Round trip time was 0.300871 milliseconds in repetition 359
tcp_ping received 131072 bytes back
Round trip time was 0.351689 milliseconds in repetition 360
tcp_ping received 131072 bytes back
Round trip time was 0.354533 milliseconds in repetition 361
tcp_ping received 131072 bytes back
Round trip time was 0.327856 milliseconds in repetition 362
tcp_ping received 131072 bytes back
Round trip time was 0.341735 milliseconds in repetition 363
tcp_ping received 131072 bytes back
Round trip time was 0.363648 milliseconds in repetition 364
tcp_ping received 131072 bytes back
Round trip time was 0.318876 milliseconds in repetition 365
tcp_ping received 131072 bytes back
Round trip time was 0.366255 milliseconds in repetition 366
tcp_ping received 131072 bytes back
Round trip time was 0.33891 milliseconds in repetition 367
tcp_ping received 131072 bytes back
Round trip time was 0.32585 milliseconds in repetition 368
tcp_ping received 131072 bytes back
Round trip time was 0.309284 milliseconds in repetition 369
tcp_ping received 131072 bytes back
Round trip time was 0.310151 milliseconds in repetition 370
tcp_ping received 131072 bytes back
Round trip time was 0.704794 milliseconds in repetition 371
tcp_ping received 131072 bytes back
Round trip time was 0.319031 milliseconds in repetition 372
tcp_ping received 131072 bytes back
Round trip time was 0.328805 milliseconds in repetition 373
tcp_ping received 131072 bytes back
Round trip time was 0.326112 milliseconds in repetition 374
tcp_ping received 131072 bytes back
Round trip time was 0.315085 milliseconds in repetition 375
tcp_ping received 131072 bytes back
Round trip time was 0.324674 milliseconds in repetition 376
tcp_ping received 131072 bytes back
Round trip time was 0.329441 milliseconds in repetition 377
tcp_ping received 131072 bytes back
Round trip time was 0.321047 milliseconds in repetition 378
tcp_ping received 131072 bytes back
Round trip time was 0.31612 milliseconds in repetition 379
tcp_ping received 131072 bytes back
Round trip time was 0.293698 milliseconds in repetition 380
tcp_ping received 131072 bytes back
Round trip time was 0.309804 milliseconds in repetition 381
tcp_ping received 131072 bytes back
Round trip time was 0.304137 milliseconds in repetition 382
tcp_ping received 131072 bytes back
Round trip time was 0.338813 milliseconds in repetition 383
tcp_ping received 131072 bytes back
Round trip time was 0.307141 milliseconds in repetition 384
tcp_ping received 131072 bytes back
Round trip time was 0.323661 milliseconds in repetition 385
tcp_ping received 131072 bytes back
Round trip time was 0.357536 milliseconds in repetition 386
tcp_ping received 131072 bytes back
Round trip time was 0.389291 milliseconds in repetition 387
tcp_ping received 131072 bytes back
Round trip time was 0.464985 milliseconds in repetition 388
tcp_ping received 131072 bytes back
Round trip time was 0.391801 milliseconds in repetition 389
tcp_ping received 131072 bytes back
Round trip time was 0.340041 milliseconds in repetition 390
tcp_ping received 131072 bytes back
Round trip time was 0.306102 milliseconds in repetition 391
tcp_ping received 131072 bytes back
Round trip time was 0.315181 milliseconds in repetition 392
tcp_ping received 131072 bytes back
Round trip time was 0.303551 milliseconds in repetition 393
tcp_ping received 131072 bytes back
Round trip time was 0.408566 milliseconds in repetition 394
tcp_ping received 131072 bytes back
Round trip time was 0.369061 milliseconds in repetition 395
tcp_ping received 131072 bytes back
Round trip time was 0.310326 milliseconds in repetition 396
tcp_ping received 131072 bytes back
Round trip time was 0.301505 milliseconds in repetition 397
tcp_ping received 131072 bytes back
Round trip time was 0.320157 milliseconds in repetition 398
tcp_ping received 131072 bytes back
Round trip time was 0.307637 milliseconds in repetition 399
tcp_ping received 131072 bytes back
Round trip time was 0.299755 milliseconds in repetition 400
tcp_ping received 131072 bytes back
Round trip time was 0.423641 milliseconds in repetition 401
tcp_ping received 131072 bytes back
Round trip time was 0.396768 milliseconds in repetition 402
tcp_ping received 131072 bytes back
Round trip time was 0.376097 milliseconds in repetition 403
tcp_ping received 131072 bytes back
Round trip time was 0.348103 milliseconds in repetition 404
tcp_ping received 131072 bytes back
Round trip time was 0.309272 milliseconds in repetition 405
tcp_ping received 131072 bytes back
Round trip time was 0.365184 milliseconds in repetition 406
tcp_ping received 131072 bytes back
Round trip time was 0.327924 milliseconds in repetition 407
tcp_ping received 131072 bytes back
Round trip time was 0.368271 milliseconds in repetition 408
tcp_ping received 131072 bytes back
Round trip time was 0.348176 milliseconds in repetition 409
tcp_ping received 131072 bytes back
Round trip time was 0.34295 milliseconds in repetition 410
tcp_ping received 131072 bytes back
Round trip time was 0.366563 milliseconds in repetition 411
tcp_ping received 131072 bytes back
Round trip time was 0.333815 milliseconds in repetition 412
tcp_ping received 131072 bytes back
Round trip time was 0.374562 milliseconds in repetition 413
tcp_ping received 131072 bytes back
Round trip time was 0.351733 milliseconds in repetition 414
tcp_ping received 131072 bytes back
Round trip time was 0.326833 milliseconds in repetition 415
tcp_ping received 131072 bytes back
Round trip time was 0.331394 milliseconds in repetition 416
tcp_ping received 131072 bytes back
Round trip time was 0.327478 milliseconds in repetition 417
tcp_ping received 131072 bytes back
Round trip time was 0.306928 milliseconds in repetition 418
tcp_ping received 131072 bytes back
Round trip time was 0.325746 milliseconds in repetition 419
tcp_ping received 131072 bytes back
Round trip time was 0.343725 milliseconds in repetition 420
tcp_ping received 131072 bytes back
Round trip time was 0.32293 milliseconds in repetition 421
tcp_ping received 131072 bytes back
Round trip time was 0.351448 milliseconds in repetition 422
tcp_ping received 131072 bytes back
Round trip time was 0.457907 milliseconds in repetition 423
tcp_ping received 131072 bytes back
Round trip time was 0.334074 milliseconds in repetition 424
tcp_ping received 131072 bytes back
Round trip time was 0.336935 milliseconds in repetition 425
tcp_ping received 131072 bytes back
Round trip time was 0.31457 milliseconds in repetition 426
tcp_ping received 131072 bytes back
Round trip time was 0.32569 milliseconds in repetition 427
tcp_ping received 131072 bytes back
Round trip time was 0.341311 milliseconds in repetition 428
tcp_ping received 131072 bytes back
Round trip time was 0.365958 milliseconds in repetition 429
tcp_ping received 131072 bytes back
Round trip time was 0.361491 milliseconds in repetition 430
tcp_ping received 131072 bytes back
Round trip time was 0.334282 milliseconds in repetition 431
tcp_ping received 131072 bytes back
Round trip time was 0.354849 milliseconds in repetition 432
tcp_ping received 131072 bytes back
Round trip time was 0.330396 milliseconds in repetition 433
tcp_ping received 131072 bytes back
Round trip time was 0.330358 milliseconds in repetition 434
tcp_ping received 131072 bytes back
Round trip time was 0.30984 milliseconds in repetition 435
tcp_ping received 131072 bytes back
Round trip time was 0.302461 milliseconds in repetition 436
tcp_ping received 131072 bytes back
Round trip time was 0.305521 milliseconds in repetition 437
tcp_ping received 131072 bytes back
Round trip time was 0.33322 milliseconds in repetition 438
tcp_ping received 131072 bytes back
Round trip time was 0.314228 milliseconds in repetition 439
tcp_ping received 131072 bytes back
Round trip time was 0.34273 milliseconds in repetition 440
tcp_ping received 131072 bytes back
Round trip time was 0.31566 milliseconds in repetition 441
tcp_ping received 131072 bytes back
Round trip time was 0.304671 milliseconds in repetition 442
tcp_ping received 131072 bytes back
Round trip time was 0.307387 milliseconds in repetition 443
tcp_ping received 131072 bytes back
Round trip time was 0.319351 milliseconds in repetition 444
tcp_ping received 131072 bytes back
Round trip time was 0.298791 milliseconds in repetition 445
tcp_ping received 131072 bytes back
Round trip time was 0.299626 milliseconds in repetition 446
tcp_ping received 131072 bytes back
Round trip time was 0.297978 milliseconds in repetition 447
tcp_ping received 131072 bytes back
Round trip time was 0.310943 milliseconds in repetition 448
tcp_ping received 131072 bytes back
Round trip time was 0.313258 milliseconds in repetition 449
tcp_ping received 131072 bytes back
Round trip time was 0.329876 milliseconds in repetition 450
tcp_ping received 131072 bytes back
Round trip time was 0.325585 milliseconds in repetition 451
tcp_ping received 131072 bytes back
Round trip time was 0.302866 milliseconds in repetition 452
tcp_ping received 131072 bytes back
Round trip time was 0.310313 milliseconds in repetition 453
tcp_ping received 131072 bytes back
Round trip time was 0.489491 milliseconds in repetition 454
tcp_ping received 131072 bytes back
Round trip time was 0.325068 milliseconds in repetition 455
tcp_ping received 131072 bytes back
Round trip time was 0.359299 milliseconds in repetition 456
tcp_ping received 131072 bytes back
Round trip time was 0.426686 milliseconds in repetition 457
tcp_ping received 131072 bytes back
Round trip time was 0.355319 milliseconds in repetition 458
tcp_ping received 131072 bytes back
Round trip time was 0.323229 milliseconds in repetition 459
tcp_ping received 131072 bytes back
Round trip time was 0.310428 milliseconds in repetition 460
tcp_ping received 131072 bytes back
Round trip time was 0.301166 milliseconds in repetition 461
tcp_ping received 131072 bytes back
Round trip time was 0.314461 milliseconds in repetition 462
tcp_ping received 131072 bytes back
Round trip time was 0.300625 milliseconds in repetition 463
tcp_ping received 131072 bytes back
Round trip time was 0.317908 milliseconds in repetition 464
tcp_ping received 131072 bytes back
Round trip time was 0.307454 milliseconds in repetition 465
tcp_ping received 131072 bytes back
Round trip time was 0.304051 milliseconds in repetition 466
tcp_ping received 131072 bytes back
Round trip time was 0.299367 milliseconds in repetition 467
tcp_ping received 131072 bytes back
Round trip time was 0.315682 milliseconds in repetition 468
tcp_ping received 131072 bytes back
Round trip time was 0.363544 milliseconds in repetition 469
tcp_ping received 131072 bytes back
Round trip time was 0.316502 milliseconds in repetition 470
tcp_ping received 131072 bytes back
Round trip time was 0.324198 milliseconds in repetition 471
tcp_ping received 131072 bytes back
Round trip time was 0.321662 milliseconds in repetition 472
tcp_ping received 131072 bytes back
Round trip time was 0.304201 milliseconds in repetition 473
tcp_ping received 131072 bytes back
Round trip time was 0.316999 milliseconds in repetition 474
tcp_ping received 131072 bytes back
Round trip time was 0.32872 milliseconds in repetition 475
tcp_ping received 131072 bytes back
Round trip time was 0.336826 milliseconds in repetition 476
tcp_ping received 131072 bytes back
Round trip time was 0.332503 milliseconds in repetition 477
tcp_ping received 131072 bytes back
Round trip time was 0.334048 milliseconds in repetition 478
tcp_ping received 131072 bytes back
Round trip time was 0.435608 milliseconds in repetition 479
tcp_ping received 131072 bytes back
Round trip time was 0.315553 milliseconds in repetition 480
tcp_ping received 131072 bytes back
Round trip time was 0.364426 milliseconds in repetition 481
tcp_ping received 131072 bytes back
Round trip time was 0.307185 milliseconds in repetition 482
tcp_ping received 131072 bytes back
Round trip time was 0.320037 milliseconds in repetition 483
tcp_ping received 131072 bytes back
Round trip time was 0.310609 milliseconds in repetition 484
tcp_ping received 131072 bytes back
Round trip time was 0.329833 milliseconds in repetition 485
tcp_ping received 131072 bytes back
Round trip time was 0.350344 milliseconds in repetition 486
tcp_ping received 131072 bytes back
Round trip time was 0.314221 milliseconds in repetition 487
tcp_ping received 131072 bytes back
Round trip time was 0.324908 milliseconds in repetition 488
tcp_ping received 131072 bytes back
Round trip time was 0.319258 milliseconds in repetition 489
tcp_ping received 131072 bytes back
Round trip time was 0.297018 milliseconds in repetition 490
tcp_ping received 131072 bytes back
Round trip time was 0.297963 milliseconds in repetition 491
tcp_ping received 131072 bytes back
Round trip time was 0.322221 milliseconds in repetition 492
tcp_ping received 131072 bytes back
Round trip time was 0.314486 milliseconds in repetition 493
tcp_ping received 131072 bytes back
Round trip time was 0.338634 milliseconds in repetition 494
tcp_ping received 131072 bytes back
Round trip time was 0.313988 milliseconds in repetition 495
tcp_ping received 131072 bytes back
Round trip time was 0.329426 milliseconds in repetition 496
tcp_ping received 131072 bytes back
Round trip time was 0.316354 milliseconds in repetition 497
tcp_ping received 131072 bytes back
Round trip time was 0.324196 milliseconds in repetition 498
tcp_ping received 131072 bytes back
Round trip time was 0.31581 milliseconds in repetition 499
tcp_ping received 131072 bytes back
Round trip time was 0.3428 milliseconds in repetition 500
tcp_ping received 131072 bytes back
Round trip time was 0.31346 milliseconds in repetition 501

 ... clock resolution was 1e-06
TCP Ping:  Statistics over 501 repetitions of 131072 byte messages

RTT : percentile 10: 0.3063, median: 0.337671, percentile 90: 0.474386, average: 0.460098, variance: 3.89829

RTT histogram:
0.293696 500
2.50484 0
4.71597 0
6.92711 0
9.13825 0
11.3494 0
13.5605 0
15.7717 0
17.9828 0
20.1939 0
22.4051 0
24.6162 0
26.8274 0
29.0385 0
31.2496 0
33.4608 0
35.6719 0
37.8831 0
40.0942 0
42.3053 0
44.5165 1

   median Throughput : 776330 KB/s   overall Throughput : 569757 KB/s

