TCP Ping trying to connect to server 127.0.0.1 (127.0.0.1) on port 1491
 ... connected to Pong server: asking for 501 repetitions of 4096 bytes TCP messages
 ... Pong server agreed :-)
tcp_ping received 4096 bytes back
Round trip time was 0.089387 milliseconds in repetition 1
tcp_ping received 4096 bytes back
Round trip time was 0.060466 milliseconds in repetition 2
tcp_ping received 4096 bytes back
Round trip time was 0.076463 milliseconds in repetition 3
tcp_ping received 4096 bytes back
Round trip time was 0.076399 milliseconds in repetition 4
tcp_ping received 4096 bytes back
Round trip time was 0.073957 milliseconds in repetition 5
tcp_ping received 4096 bytes back
Round trip time was 0.057024 milliseconds in repetition 6
tcp_ping received 4096 bytes back
Round trip time was 0.067471 milliseconds in repetition 7
tcp_ping received 4096 bytes back
Round trip time was 0.050887 milliseconds in repetition 8
tcp_ping received 4096 bytes back
Round trip time was 0.077733 milliseconds in repetition 9
tcp_ping received 4096 bytes back
Round trip time was 0.083482 milliseconds in repetition 10
tcp_ping received 4096 bytes back
Round trip time was 0.077601 milliseconds in repetition 11
tcp_ping received 4096 bytes back
Round trip time was 0.078197 milliseconds in repetition 12
tcp_ping received 4096 bytes back
Round trip time was 0.073703 milliseconds in repetition 13
tcp_ping received 4096 bytes back
Round trip time was 0.062714 milliseconds in repetition 14
tcp_ping received 4096 bytes back
Round trip time was 0.085737 milliseconds in repetition 15
tcp_ping received 4096 bytes back
Round trip time was 0.074614 milliseconds in repetition 16
tcp_ping received 4096 bytes back
Round trip time was 0.074858 milliseconds in repetition 17
tcp_ping received 4096 bytes back
Round trip time was 0.081076 milliseconds in repetition 18
tcp_ping received 4096 bytes back
Round trip time was 0.102014 milliseconds in repetition 19
tcp_ping received 4096 bytes back
Round trip time was 0.074182 milliseconds in repetition 20
tcp_ping received 4096 bytes back
Round trip time was 0.069966 milliseconds in repetition 21
tcp_ping received 4096 bytes back
Round trip time was 0.059143 milliseconds in repetition 22
tcp_ping received 4096 bytes back
Round trip time was 0.061168 milliseconds in repetition 23
tcp_ping received 4096 bytes back
Round trip time was 0.087307 milliseconds in repetition 24
tcp_ping received 4096 bytes back
Round trip time was 0.072874 milliseconds in repetition 25
tcp_ping received 4096 bytes back
Round trip time was 0.068436 milliseconds in repetition 26
tcp_ping received 4096 bytes back
Round trip time was 0.080831 milliseconds in repetition 27
tcp_ping received 4096 bytes back
Round trip time was 0.051561 milliseconds in repetition 28
tcp_ping received 4096 bytes back
Round trip time was 0.055966 milliseconds in repetition 29
tcp_ping received 4096 bytes back
Round trip time was 0.052203 milliseconds in repetition 30
tcp_ping received 4096 bytes back
Round trip time was 0.060882 milliseconds in repetition 31
tcp_ping received 4096 bytes back
Round trip time was 0.062399 milliseconds in repetition 32
tcp_ping received 4096 bytes back
Round trip time was 0.089758 milliseconds in repetition 33
tcp_ping received 4096 bytes back
Round trip time was 0.077903 milliseconds in repetition 34
tcp_ping received 4096 bytes back
Round trip time was 0.061411 milliseconds in repetition 35
tcp_ping received 4096 bytes back
Round trip time was 0.064932 milliseconds in repetition 36
tcp_ping received 4096 bytes back
Round trip time was 0.061372 milliseconds in repetition 37
tcp_ping received 4096 bytes back
Round trip time was 0.061032 milliseconds in repetition 38
tcp_ping received 4096 bytes back
Round trip time was 0.062789 milliseconds in repetition 39
tcp_ping received 4096 bytes back
Round trip time was 0.055681 milliseconds in repetition 40
tcp_ping received 4096 bytes back
Round trip time was 0.056875 milliseconds in repetition 41
tcp_ping received 4096 bytes back
Round trip time was 0.056806 milliseconds in repetition 42
tcp_ping received 4096 bytes back
Round trip time was 0.060727 milliseconds in repetition 43
tcp_ping received 4096 bytes back
Round trip time was 0.060657 milliseconds in repetition 44
tcp_ping received 4096 bytes back
Round trip time was 0.057967 milliseconds in repetition 45
tcp_ping received 4096 bytes back
Round trip time was 0.057694 milliseconds in repetition 46
tcp_ping received 4096 bytes back
Round trip time was 0.060024 milliseconds in repetition 47
tcp_ping received 4096 bytes back
Round trip time was 0.060504 milliseconds in repetition 48
tcp_ping received 4096 bytes back
Round trip time was 0.062115 milliseconds in repetition 49
tcp_ping received 4096 bytes back
Round trip time was 0.051707 milliseconds in repetition 50
tcp_ping received 4096 bytes back
Round trip time was 0.055789 milliseconds in repetition 51
tcp_ping received 4096 bytes back
Round trip time was 0.061548 milliseconds in repetition 52
tcp_ping received 4096 bytes back
Round trip time was 0.06288 milliseconds in repetition 53
tcp_ping received 4096 bytes back
Round trip time was 0.064044 milliseconds in repetition 54
tcp_ping received 4096 bytes back
Round trip time was 0.058559 milliseconds in repetition 55
tcp_ping received 4096 bytes back
Round trip time was 0.048998 milliseconds in repetition 56
tcp_ping received 4096 bytes back
Round trip time was 0.045186 milliseconds in repetition 57
tcp_ping received 4096 bytes back
Round trip time was 0.046276 milliseconds in repetition 58
tcp_ping received 4096 bytes back
Round trip time was 0.053571 milliseconds in repetition 59
tcp_ping received 4096 bytes back
Round trip time was 0.055549 milliseconds in repetition 60
tcp_ping received 4096 bytes back
Round trip time was 0.050701 milliseconds in repetition 61
tcp_ping received 4096 bytes back
Round trip time was 0.060064 milliseconds in repetition 62
tcp_ping received 4096 bytes back
Round trip time was 0.060167 milliseconds in repetition 63
tcp_ping received 4096 bytes back
Round trip time was 0.053304 milliseconds in repetition 64
tcp_ping received 4096 bytes back
Round trip time was 0.049364 milliseconds in repetition 65
tcp_ping received 4096 bytes back
Round trip time was 0.053465 milliseconds in repetition 66
tcp_ping received 4096 bytes back
Round trip time was 0.047217 milliseconds in repetition 67
tcp_ping received 4096 bytes back
Round trip time was 0.048333 milliseconds in repetition 68
tcp_ping received 4096 bytes back
Round trip time was 0.062821 milliseconds in repetition 69
tcp_ping received 4096 bytes back
Round trip time was 0.062352 milliseconds in repetition 70
tcp_ping received 4096 bytes back
Round trip time was 0.072211 milliseconds in repetition 71
tcp_ping received 4096 bytes back
Round trip time was 0.058384 milliseconds in repetition 72
tcp_ping received 4096 bytes back
Round trip time was 0.05187 milliseconds in repetition 73
tcp_ping received 4096 bytes back
Round trip time was 0.062975 milliseconds in repetition 74
tcp_ping received 4096 bytes back
Round trip time was 0.065616 milliseconds in repetition 75
tcp_ping received 4096 bytes back
Round trip time was 0.079932 milliseconds in repetition 76
tcp_ping received 4096 bytes back
Round trip time was 0.066634 milliseconds in repetition 77
tcp_ping received 4096 bytes back
Round trip time was 0.065279 milliseconds in repetition 78
tcp_ping received 4096 bytes back
Round trip time was 0.071007 milliseconds in repetition 79
tcp_ping received 4096 bytes back
Round trip time was 0.056464 milliseconds in repetition 80
tcp_ping received 4096 bytes back
Round trip time was 0.06368 milliseconds in repetition 81
tcp_ping received 4096 bytes back
Round trip time was 0.071501 milliseconds in repetition 82
tcp_ping received 4096 bytes back
Round trip time was 0.070509 milliseconds in repetition 83
tcp_ping received 4096 bytes back
Round trip time was 0.062698 milliseconds in repetition 84
tcp_ping received 4096 bytes back
Round trip time was 0.058942 milliseconds in repetition 85
tcp_ping received 4096 bytes back
Round trip time was 0.059976 milliseconds in repetition 86
tcp_ping received 4096 bytes back
Round trip time was 0.056803 milliseconds in repetition 87
tcp_ping received 4096 bytes back
Round trip time was 0.069583 milliseconds in repetition 88
tcp_ping received 4096 bytes back
Round trip time was 0.090162 milliseconds in repetition 89
tcp_ping received 4096 bytes back
Round trip time was 0.070618 milliseconds in repetition 90
tcp_ping received 4096 bytes back
Round trip time was 0.070123 milliseconds in repetition 91
tcp_ping received 4096 bytes back
Round trip time was 0.061198 milliseconds in repetition 92
tcp_ping received 4096 bytes back
Round trip time was 0.071611 milliseconds in repetition 93
tcp_ping received 4096 bytes back
Round trip time was 0.072589 milliseconds in repetition 94
tcp_ping received 4096 bytes back
Round trip time was 0.06923 milliseconds in repetition 95
tcp_ping received 4096 bytes back
Round trip time was 0.077973 milliseconds in repetition 96
tcp_ping received 4096 bytes back
Round trip time was 0.066642 milliseconds in repetition 97
tcp_ping received 4096 bytes back
Round trip time was 0.067166 milliseconds in repetition 98
tcp_ping received 4096 bytes back
Round trip time was 0.06515 milliseconds in repetition 99
tcp_ping received 4096 bytes back
Round trip time was 0.067196 milliseconds in repetition 100
tcp_ping received 4096 bytes back
Round trip time was 0.061606 milliseconds in repetition 101
tcp_ping received 4096 bytes back
Round trip time was 0.065132 milliseconds in repetition 102
tcp_ping received 4096 bytes back
Round trip time was 0.063102 milliseconds in repetition 103
tcp_ping received 4096 bytes back
Round trip time was 0.060339 milliseconds in repetition 104
tcp_ping received 4096 bytes back
Round trip time was 0.067576 milliseconds in repetition 105
tcp_ping received 4096 bytes back
Round trip time was 0.054021 milliseconds in repetition 106
tcp_ping received 4096 bytes back
Round trip time was 0.066761 milliseconds in repetition 107
tcp_ping received 4096 bytes back
Round trip time was 0.058905 milliseconds in repetition 108
tcp_ping received 4096 bytes back
Round trip time was 0.053694 milliseconds in repetition 109
tcp_ping received 4096 bytes back
Round trip time was 0.057589 milliseconds in repetition 110
tcp_ping received 4096 bytes back
Round trip time was 0.052527 milliseconds in repetition 111
tcp_ping received 4096 bytes back
Round trip time was 0.058439 milliseconds in repetition 112
tcp_ping received 4096 bytes back
Round trip time was 0.060226 milliseconds in repetition 113
tcp_ping received 4096 bytes back
Round trip time was 0.04785 milliseconds in repetition 114
tcp_ping received 4096 bytes back
Round trip time was 0.05862 milliseconds in repetition 115
tcp_ping received 4096 bytes back
Round trip time was 0.042811 milliseconds in repetition 116
tcp_ping received 4096 bytes back
Round trip time was 0.051131 milliseconds in repetition 117
tcp_ping received 4096 bytes back
Round trip time was 0.05194 milliseconds in repetition 118
tcp_ping received 4096 bytes back
Round trip time was 0.083022 milliseconds in repetition 119
tcp_ping received 4096 bytes back
Round trip time was 0.063144 milliseconds in repetition 120
tcp_ping received 4096 bytes back
Round trip time was 0.053396 milliseconds in repetition 121
tcp_ping received 4096 bytes back
Round trip time was 0.041995 milliseconds in repetition 122
tcp_ping received 4096 bytes back
Round trip time was 0.051112 milliseconds in repetition 123
tcp_ping received 4096 bytes back
Round trip time was 0.05803 milliseconds in repetition 124
tcp_ping received 4096 bytes back
Round trip time was 0.064446 milliseconds in repetition 125
tcp_ping received 4096 bytes back
Round trip time was 0.0637 milliseconds in repetition 126
tcp_ping received 4096 bytes back
Round trip time was 0.066433 milliseconds in repetition 127
tcp_ping received 4096 bytes back
Round trip time was 0.068696 milliseconds in repetition 128
tcp_ping received 4096 bytes back
Round trip time was 0.067345 milliseconds in repetition 129
tcp_ping received 4096 bytes back
Round trip time was 0.073034 milliseconds in repetition 130
tcp_ping received 4096 bytes back
Round trip time was 0.063148 milliseconds in repetition 131
tcp_ping received 4096 bytes back
Round trip time was 0.056517 milliseconds in repetition 132
tcp_ping received 4096 bytes back
Round trip time was 0.048634 milliseconds in repetition 133
tcp_ping received 4096 bytes back
Round trip time was 0.065114 milliseconds in repetition 134
tcp_ping received 4096 bytes back
Round trip time was 0.064919 milliseconds in repetition 135
tcp_ping received 4096 bytes back
Round trip time was 0.06242 milliseconds in repetition 136
tcp_ping received 4096 bytes back
Round trip time was 0.062093 milliseconds in repetition 137
tcp_ping received 4096 bytes back
Round trip time was 0.053496 milliseconds in repetition 138
tcp_ping received 4096 bytes back
Round trip time was 0.051322 milliseconds in repetition 139
tcp_ping received 4096 bytes back
Round trip time was 0.060105 milliseconds in repetition 140
tcp_ping received 4096 bytes back
Round trip time was 0.048077 milliseconds in repetition 141
tcp_ping received 4096 bytes back
Round trip time was 0.05236 milliseconds in repetition 142
tcp_ping received 4096 bytes back
Round trip time was 0.054003 milliseconds in repetition 143
tcp_ping received 4096 bytes back
Round trip time was 0.042235 milliseconds in repetition 144
tcp_ping received 4096 bytes back
Round trip time was 0.066831 milliseconds in repetition 145
tcp_ping received 4096 bytes back
Round trip time was 0.065731 milliseconds in repetition 146
tcp_ping received 4096 bytes back
Round trip time was 0.054351 milliseconds in repetition 147
tcp_ping received 4096 bytes back
Round trip time was 0.06305 milliseconds in repetition 148
tcp_ping received 4096 bytes back
Round trip time was 0.055269 milliseconds in repetition 149
tcp_ping received 4096 bytes back
Round trip time was 0.054917 milliseconds in repetition 150
tcp_ping received 4096 bytes back
Round trip time was 0.063956 milliseconds in repetition 151
tcp_ping received 4096 bytes back
Round trip time was 0.061141 milliseconds in repetition 152
tcp_ping received 4096 bytes back
Round trip time was 0.051833 milliseconds in repetition 153
tcp_ping received 4096 bytes back
Round trip time was 0.052288 milliseconds in repetition 154
tcp_ping received 4096 bytes back
Round trip time was 0.053377 milliseconds in repetition 155
tcp_ping received 4096 bytes back
Round trip time was 0.058403 milliseconds in repetition 156
tcp_ping received 4096 bytes back
Round trip time was 0.054615 milliseconds in repetition 157
tcp_ping received 4096 bytes back
Round trip time was 0.049341 milliseconds in repetition 158
tcp_ping received 4096 bytes back
Round trip time was 0.051652 milliseconds in repetition 159
tcp_ping received 4096 bytes back
Round trip time was 0.04562 milliseconds in repetition 160
tcp_ping received 4096 bytes back
Round trip time was 0.047366 milliseconds in repetition 161
tcp_ping received 4096 bytes back
Round trip time was 0.059484 milliseconds in repetition 162
tcp_ping received 4096 bytes back
Round trip time was 0.064408 milliseconds in repetition 163
tcp_ping received 4096 bytes back
Round trip time was 0.047168 milliseconds in repetition 164
tcp_ping received 4096 bytes back
Round trip time was 0.041915 milliseconds in repetition 165
tcp_ping received 4096 bytes back
Round trip time was 0.041351 milliseconds in repetition 166
tcp_ping received 4096 bytes back
Round trip time was 0.058389 milliseconds in repetition 167
tcp_ping received 4096 bytes back
Round trip time was 0.053296 milliseconds in repetition 168
tcp_ping received 4096 bytes back
Round trip time was 0.052399 milliseconds in repetition 169
tcp_ping received 4096 bytes back
Round trip time was 0.049356 milliseconds in repetition 170
tcp_ping received 4096 bytes back
Round trip time was 0.052206 milliseconds in repetition 171
tcp_ping received 4096 bytes back
Round trip time was 0.078107 milliseconds in repetition 172
tcp_ping received 4096 bytes back
Round trip time was 0.055168 milliseconds in repetition 173
tcp_ping received 4096 bytes back
Round trip time was 0.047648 milliseconds in repetition 174
tcp_ping received 4096 bytes back
Round trip time was 0.049691 milliseconds in repetition 175
tcp_ping received 4096 bytes back
Round trip time was 0.047316 milliseconds in repetition 176
tcp_ping received 4096 bytes back
Round trip time was 0.056928 milliseconds in repetition 177
tcp_ping received 4096 bytes back
Round trip time was 0.054453 milliseconds in repetition 178
tcp_ping received 4096 bytes back
Round trip time was 0.0488 milliseconds in repetition 179
tcp_ping received 4096 bytes back
Round trip time was 0.048481 milliseconds in repetition 180
tcp_ping received 4096 bytes back
Round trip time was 0.058303 milliseconds in repetition 181
tcp_ping received 4096 bytes back
Round trip time was 0.056311 milliseconds in repetition 182
tcp_ping received 4096 bytes back
Round trip time was 0.075207 milliseconds in repetition 183
tcp_ping received 4096 bytes back
Round trip time was 0.150673 milliseconds in repetition 184
tcp_ping received 4096 bytes back
Round trip time was 0.059993 milliseconds in repetition 185
tcp_ping received 4096 bytes back
Round trip time was 0.083164 milliseconds in repetition 186
tcp_ping received 4096 bytes back
Round trip time was 0.055678 milliseconds in repetition 187
tcp_ping received 4096 bytes back
Round trip time was 0.078487 milliseconds in repetition 188
tcp_ping received 4096 bytes back
Round trip time was 0.073113 milliseconds in repetition 189
tcp_ping received 4096 bytes back
Round trip time was 0.0944 milliseconds in repetition 190
tcp_ping received 4096 bytes back
Round trip time was 0.065182 milliseconds in repetition 191
tcp_ping received 4096 bytes back
Round trip time was 0.050323 milliseconds in repetition 192
tcp_ping received 4096 bytes back
Round trip time was 0.067601 milliseconds in repetition 193
tcp_ping received 4096 bytes back
Round trip time was 0.077235 milliseconds in repetition 194
tcp_ping received 4096 bytes back
Round trip time was 0.08223 milliseconds in repetition 195
tcp_ping received 4096 bytes back
Round trip time was 0.071383 milliseconds in repetition 196
tcp_ping received 4096 bytes back
Round trip time was 0.073658 milliseconds in repetition 197
tcp_ping received 4096 bytes back
Round trip time was 0.064539 milliseconds in repetition 198
tcp_ping received 4096 bytes back
Round trip time was 0.079403 milliseconds in repetition 199
tcp_ping received 4096 bytes back
Round trip time was 0.065658 milliseconds in repetition 200
tcp_ping received 4096 bytes back
Round trip time was 0.083938 milliseconds in repetition 201
tcp_ping received 4096 bytes back
Round trip time was 0.070061 milliseconds in repetition 202
tcp_ping received 4096 bytes back
Round trip time was 0.05795 milliseconds in repetition 203
tcp_ping received 4096 bytes back
Round trip time was 0.061908 milliseconds in repetition 204
tcp_ping received 4096 bytes back
Round trip time was 0.075017 milliseconds in repetition 205
tcp_ping received 4096 bytes back
Round trip time was 0.066438 milliseconds in repetition 206
tcp_ping received 4096 bytes back
Round trip time was 0.082696 milliseconds in repetition 207
tcp_ping received 4096 bytes back
Round trip time was 0.06805 milliseconds in repetition 208
tcp_ping received 4096 bytes back
Round trip time was 0.078712 milliseconds in repetition 209
tcp_ping received 4096 bytes back
Round trip time was 0.068018 milliseconds in repetition 210
tcp_ping received 4096 bytes back
Round trip time was 0.070376 milliseconds in repetition 211
tcp_ping received 4096 bytes back
Round trip time was 0.063633 milliseconds in repetition 212
tcp_ping received 4096 bytes back
Round trip time was 0.059991 milliseconds in repetition 213
tcp_ping received 4096 bytes back
Round trip time was 0.073654 milliseconds in repetition 214
tcp_ping received 4096 bytes back
Round trip time was 0.065173 milliseconds in repetition 215
tcp_ping received 4096 bytes back
Round trip time was 0.061145 milliseconds in repetition 216
tcp_ping received 4096 bytes back
Round trip time was 0.059636 milliseconds in repetition 217
tcp_ping received 4096 bytes back
Round trip time was 0.049523 milliseconds in repetition 218
tcp_ping received 4096 bytes back
Round trip time was 0.058869 milliseconds in repetition 219
tcp_ping received 4096 bytes back
Round trip time was 0.055459 milliseconds in repetition 220
tcp_ping received 4096 bytes back
Round trip time was 0.050828 milliseconds in repetition 221
tcp_ping received 4096 bytes back
Round trip time was 0.062214 milliseconds in repetition 222
tcp_ping received 4096 bytes back
Round trip time was 0.069413 milliseconds in repetition 223
tcp_ping received 4096 bytes back
Round trip time was 0.066814 milliseconds in repetition 224
tcp_ping received 4096 bytes back
Round trip time was 0.064256 milliseconds in repetition 225
tcp_ping received 4096 bytes back
Round trip time was 0.064184 milliseconds in repetition 226
tcp_ping received 4096 bytes back
Round trip time was 0.064729 milliseconds in repetition 227
tcp_ping received 4096 bytes back
Round trip time was 0.05828 milliseconds in repetition 228
tcp_ping received 4096 bytes back
Round trip time was 0.061373 milliseconds in repetition 229
tcp_ping received 4096 bytes back
Round trip time was 0.076596 milliseconds in repetition 230
tcp_ping received 4096 bytes back
Round trip time was 0.048406 milliseconds in repetition 231
tcp_ping received 4096 bytes back
Round trip time was 0.072017 milliseconds in repetition 232
tcp_ping received 4096 bytes back
Round trip time was 0.060307 milliseconds in repetition 233
tcp_ping received 4096 bytes back
Round trip time was 0.067733 milliseconds in repetition 234
tcp_ping received 4096 bytes back
Round trip time was 0.056463 milliseconds in repetition 235
tcp_ping received 4096 bytes back
Round trip time was 0.145244 milliseconds in repetition 236
tcp_ping received 4096 bytes back
Round trip time was 0.048525 milliseconds in repetition 237
tcp_ping received 4096 bytes back
Round trip time was 0.056019 milliseconds in repetition 238
tcp_ping received 4096 bytes back
Round trip time was 0.063823 milliseconds in repetition 239
tcp_ping received 4096 bytes back
Round trip time was 0.056095 milliseconds in repetition 240
tcp_ping received 4096 bytes back
Round trip time was 0.058993 milliseconds in repetition 241
tcp_ping received 4096 bytes back
Round trip time was 0.075271 milliseconds in repetition 242
tcp_ping received 4096 bytes back
Round trip time was 0.05239 milliseconds in repetition 243
tcp_ping received 4096 bytes back
Round trip time was 0.047785 milliseconds in repetition 244
tcp_ping received 4096 bytes back
Round trip time was 0.060705 milliseconds in repetition 245
tcp_ping received 4096 bytes back
Round trip time was 0.052151 milliseconds in repetition 246
tcp_ping received 4096 bytes back
Round trip time was 0.051123 milliseconds in repetition 247
tcp_ping received 4096 bytes back
Round trip time was 0.045311 milliseconds in repetition 248
tcp_ping received 4096 bytes back
Round trip time was 0.051766 milliseconds in repetition 249
tcp_ping received 4096 bytes back
Round trip time was 0.06115 milliseconds in repetition 250
tcp_ping received 4096 bytes back
Round trip time was 0.060385 milliseconds in repetition 251
tcp_ping received 4096 bytes back
Round trip time was 0.052627 milliseconds in repetition 252
tcp_ping received 4096 bytes back
Round trip time was 0.049412 milliseconds in repetition 253
tcp_ping received 4096 bytes back
Round trip time was 0.049076 milliseconds in repetition 254
tcp_ping received 4096 bytes back
Round trip time was 0.050772 milliseconds in repetition 255
tcp_ping received 4096 bytes back
Round trip time was 0.05706 milliseconds in repetition 256
tcp_ping received 4096 bytes back
Round trip time was 0.049321 milliseconds in repetition 257
tcp_ping received 4096 bytes back
Round trip time was 0.040342 milliseconds in repetition 258
tcp_ping received 4096 bytes back
Round trip time was 0.052856 milliseconds in repetition 259
tcp_ping received 4096 bytes back
Round trip time was 0.061167 milliseconds in repetition 260
tcp_ping received 4096 bytes back
Round trip time was 0.053903 milliseconds in repetition 261
tcp_ping received 4096 bytes back
Round trip time was 0.054382 milliseconds in repetition 262
tcp_ping received 4096 bytes back
Round trip time was 0.054639 milliseconds in repetition 263
tcp_ping received 4096 bytes back
Round trip time was 0.056425 milliseconds in repetition 264
tcp_ping received 4096 bytes back
Round trip time was 0.059715 milliseconds in repetition 265
tcp_ping received 4096 bytes back
Round trip time was 0.058872 milliseconds in repetition 266
tcp_ping received 4096 bytes back
Round trip time was 0.049516 milliseconds in repetition 267
tcp_ping received 4096 bytes back
Round trip time was 0.047945 milliseconds in repetition 268
tcp_ping received 4096 bytes back
Round trip time was 0.047751 milliseconds in repetition 269
tcp_ping received 4096 bytes back
Round trip time was 0.072461 milliseconds in repetition 270
tcp_ping received 4096 bytes back
Round trip time was 0.061363 milliseconds in repetition 271
tcp_ping received 4096 bytes back
Round trip time was 0.062466 milliseconds in repetition 272
tcp_ping received 4096 bytes back
Round trip time was 0.053281 milliseconds in repetition 273
tcp_ping received 4096 bytes back
Round trip time was 0.058197 milliseconds in repetition 274
tcp_ping received 4096 bytes back
Round trip time was 0.064852 milliseconds in repetition 275
tcp_ping received 4096 bytes back
Round trip time was 0.068801 milliseconds in repetition 276
tcp_ping received 4096 bytes back
Round trip time was 0.056974 milliseconds in repetition 277
tcp_ping received 4096 bytes back
Round trip time was 0.059633 milliseconds in repetition 278
tcp_ping received 4096 bytes back
Round trip time was 0.056287 milliseconds in repetition 279
tcp_ping received 4096 bytes back
Round trip time was 0.056626 milliseconds in repetition 280
tcp_ping received 4096 bytes back
Round trip time was 0.053093 milliseconds in repetition 281
tcp_ping received 4096 bytes back
Round trip time was 0.056477 milliseconds in repetition 282
tcp_ping received 4096 bytes back
Round trip time was 0.062214 milliseconds in repetition 283
tcp_ping received 4096 bytes back
Round trip time was 0.057619 milliseconds in repetition 284
tcp_ping received 4096 bytes back
Round trip time was 0.050624 milliseconds in repetition 285
tcp_ping received 4096 bytes back
Round trip time was 0.05257 milliseconds in repetition 286
tcp_ping received 4096 bytes back
Round trip time was 0.059268 milliseconds in repetition 287
tcp_ping received 4096 bytes back
Round trip time was 0.068423 milliseconds in repetition 288
tcp_ping received 4096 bytes back
Round trip time was 0.054398 milliseconds in repetition 289
tcp_ping received 4096 bytes back
Round trip time was 0.051267 milliseconds in repetition 290
tcp_ping received 4096 bytes back
Round trip time was 0.04654 milliseconds in repetition 291
tcp_ping received 4096 bytes back
Round trip time was 0.045384 milliseconds in repetition 292
tcp_ping received 4096 bytes back
Round trip time was 0.046879 milliseconds in repetition 293
tcp_ping received 4096 bytes back
Round trip time was 0.063908 milliseconds in repetition 294
tcp_ping received 4096 bytes back
Round trip time was 0.050563 milliseconds in repetition 295
tcp_ping received 4096 bytes back
Round trip time was 0.049824 milliseconds in repetition 296
tcp_ping received 4096 bytes back
Round trip time was 0.049291 milliseconds in repetition 297
tcp_ping received 4096 bytes back
Round trip time was 0.079358 milliseconds in repetition 298
tcp_ping received 4096 bytes back
Round trip time was 0.048961 milliseconds in repetition 299
tcp_ping received 4096 bytes back
Round trip time was 0.045926 milliseconds in repetition 300
tcp_ping received 4096 bytes back
Round trip time was 0.080979 milliseconds in repetition 301
tcp_ping received 4096 bytes back
Round trip time was 0.123762 milliseconds in repetition 302
tcp_ping received 4096 bytes back
Round trip time was 0.071403 milliseconds in repetition 303
tcp_ping received 4096 bytes back
Round trip time was 0.070017 milliseconds in repetition 304
tcp_ping received 4096 bytes back
Round trip time was 0.079202 milliseconds in repetition 305
tcp_ping received 4096 bytes back
Round trip time was 0.080349 milliseconds in repetition 306
tcp_ping received 4096 bytes back
Round trip time was 0.084969 milliseconds in repetition 307
tcp_ping received 4096 bytes back
Round trip time was 0.078095 milliseconds in repetition 308
tcp_ping received 4096 bytes back
Round trip time was 0.077705 milliseconds in repetition 309
tcp_ping received 4096 bytes back
Round trip time was 0.076556 milliseconds in repetition 310
tcp_ping received 4096 bytes back
Round trip time was 0.086668 milliseconds in repetition 311
tcp_ping received 4096 bytes back
Round trip time was 0.088591 milliseconds in repetition 312
tcp_ping received 4096 bytes back
Round trip time was 0.06882 milliseconds in repetition 313
tcp_ping received 4096 bytes back
Round trip time was 0.09284 milliseconds in repetition 314
tcp_ping received 4096 bytes back
Round trip time was 0.08282 milliseconds in repetition 315
tcp_ping received 4096 bytes back
Round trip time was 0.0699 milliseconds in repetition 316
tcp_ping received 4096 bytes back
Round trip time was 0.074974 milliseconds in repetition 317
tcp_ping received 4096 bytes back
Round trip time was 0.054097 milliseconds in repetition 318
tcp_ping received 4096 bytes back
Round trip time was 0.069223 milliseconds in repetition 319
tcp_ping received 4096 bytes back
Round trip time was 0.068282 milliseconds in repetition 320
tcp_ping received 4096 bytes back
Round trip time was 0.074574 milliseconds in repetition 321
tcp_ping received 4096 bytes back
Round trip time was 0.062073 milliseconds in repetition 322
tcp_ping received 4096 bytes back
Round trip time was 0.043684 milliseconds in repetition 323
tcp_ping received 4096 bytes back
Round trip time was 0.048804 milliseconds in repetition 324
tcp_ping received 4096 bytes back
Round trip time was 0.064614 milliseconds in repetition 325
tcp_ping received 4096 bytes back
Round trip time was 0.075096 milliseconds in repetition 326
tcp_ping received 4096 bytes back
Round trip time was 0.070791 milliseconds in repetition 327
tcp_ping received 4096 bytes back
Round trip time was 0.0622 milliseconds in repetition 328
tcp_ping received 4096 bytes back
Round trip time was 0.056252 milliseconds in repetition 329
tcp_ping received 4096 bytes back
Round trip time was 0.069503 milliseconds in repetition 330
tcp_ping received 4096 bytes back
Round trip time was 0.068878 milliseconds in repetition 331
tcp_ping received 4096 bytes back
Round trip time was 0.055895 milliseconds in repetition 332
tcp_ping received 4096 bytes back
Round trip time was 0.056142 milliseconds in repetition 333
tcp_ping received 4096 bytes back
Round trip time was 0.043126 milliseconds in repetition 334
tcp_ping received 4096 bytes back
Round trip time was 0.050343 milliseconds in repetition 335
tcp_ping received 4096 bytes back
Round trip time was 0.057844 milliseconds in repetition 336
tcp_ping received 4096 bytes back
Round trip time was 0.061605 milliseconds in repetition 337
tcp_ping received 4096 bytes back
Round trip time was 0.055932 milliseconds in repetition 338
tcp_ping received 4096 bytes back
Round trip time was 0.053106 milliseconds in repetition 339
tcp_ping received 4096 bytes back
Round trip time was 0.055874 milliseconds in repetition 340
tcp_ping received 4096 bytes back
Round trip time was 0.059992 milliseconds in repetition 341
tcp_ping received 4096 bytes back
Round trip time was 0.054907 milliseconds in repetition 342
tcp_ping received 4096 bytes back
Round trip time was 0.05317 milliseconds in repetition 343
tcp_ping received 4096 bytes back
Round trip time was 0.069499 milliseconds in repetition 344
tcp_ping received 4096 bytes back
Round trip time was 0.056532 milliseconds in repetition 345
tcp_ping received 4096 bytes back
Round trip time was 0.053057 milliseconds in repetition 346
tcp_ping received 4096 bytes back
Round trip time was 0.060945 milliseconds in repetition 347
tcp_ping received 4096 bytes back
Round trip time was 0.057569 milliseconds in repetition 348
tcp_ping received 4096 bytes back
Round trip time was 0.059808 milliseconds in repetition 349
tcp_ping received 4096 bytes back
Round trip time was 0.073569 milliseconds in repetition 350
tcp_ping received 4096 bytes back
Round trip time was 0.056135 milliseconds in repetition 351
tcp_ping received 4096 bytes back
Round trip time was 0.068065 milliseconds in repetition 352
tcp_ping received 4096 bytes back
Round trip time was 0.063348 milliseconds in repetition 353
tcp_ping received 4096 bytes back
Round trip time was 0.04555 milliseconds in repetition 354
tcp_ping received 4096 bytes back
Round trip time was 0.065297 milliseconds in repetition 355
tcp_ping received 4096 bytes back
Round trip time was 0.042792 milliseconds in repetition 356
tcp_ping received 4096 bytes back
Round trip time was 0.05178 milliseconds in repetition 357
tcp_ping received 4096 bytes back
Round trip time was 0.047569 milliseconds in repetition 358
tcp_ping received 4096 bytes back
Round trip time was 0.076689 milliseconds in repetition 359
tcp_ping received 4096 bytes back
Round trip time was 0.068997 milliseconds in repetition 360
tcp_ping received 4096 bytes back
Round trip time was 0.063353 milliseconds in repetition 361
tcp_ping received 4096 bytes back
Round trip time was 0.053909 milliseconds in repetition 362
tcp_ping received 4096 bytes back
Round trip time was 0.060102 milliseconds in repetition 363
tcp_ping received 4096 bytes back
Round trip time was 0.061331 milliseconds in repetition 364
tcp_ping received 4096 bytes back
Round trip time was 0.055472 milliseconds in repetition 365
tcp_ping received 4096 bytes back
Round trip time was 0.050574 milliseconds in repetition 366
tcp_ping received 4096 bytes back
Round trip time was 0.040913 milliseconds in repetition 367
tcp_ping received 4096 bytes back
Round trip time was 0.057195 milliseconds in repetition 368
tcp_ping received 4096 bytes back
Round trip time was 0.053849 milliseconds in repetition 369
tcp_ping received 4096 bytes back
Round trip time was 0.06156 milliseconds in repetition 370
tcp_ping received 4096 bytes back
Round trip time was 0.056184 milliseconds in repetition 371
tcp_ping received 4096 bytes back
Round trip time was 0.042302 milliseconds in repetition 372
tcp_ping received 4096 bytes back
Round trip time was 0.068468 milliseconds in repetition 373
tcp_ping received 4096 bytes back
Round trip time was 0.058634 milliseconds in repetition 374
tcp_ping received 4096 bytes back
Round trip time was 0.069037 milliseconds in repetition 375
tcp_ping received 4096 bytes back
Round trip time was 0.056753 milliseconds in repetition 376
tcp_ping received 4096 bytes back
Round trip time was 0.054006 milliseconds in repetition 377
tcp_ping received 4096 bytes back
Round trip time was 0.04134 milliseconds in repetition 378
tcp_ping received 4096 bytes back
Round trip time was 0.056892 milliseconds in repetition 379
tcp_ping received 4096 bytes back
Round trip time was 0.065571 milliseconds in repetition 380
tcp_ping received 4096 bytes back
Round trip time was 0.048988 milliseconds in repetition 381
tcp_ping received 4096 bytes back
Round trip time was 0.056707 milliseconds in repetition 382
tcp_ping received 4096 bytes back
Round trip time was 0.052455 milliseconds in repetition 383
tcp_ping received 4096 bytes back
Round trip time was 0.050011 milliseconds in repetition 384
tcp_ping received 4096 bytes back
Round trip time was 0.05376 milliseconds in repetition 385
tcp_ping received 4096 bytes back
Round trip time was 0.055237 milliseconds in repetition 386
tcp_ping received 4096 bytes back
Round trip time was 0.059983 milliseconds in repetition 387
tcp_ping received 4096 bytes back
Round trip time was 0.056238 milliseconds in repetition 388
tcp_ping received 4096 bytes back
Round trip time was 0.051237 milliseconds in repetition 389
tcp_ping received 4096 bytes back
Round trip time was 0.055639 milliseconds in repetition 390
tcp_ping received 4096 bytes back
Round trip time was 0.060543 milliseconds in repetition 391
tcp_ping received 4096 bytes back
Round trip time was 0.057624 milliseconds in repetition 392
tcp_ping received 4096 bytes back
Round trip time was 0.049911 milliseconds in repetition 393
tcp_ping received 4096 bytes back
Round trip time was 0.04883 milliseconds in repetition 394
tcp_ping received 4096 bytes back
Round trip time was 0.044039 milliseconds in repetition 395
tcp_ping received 4096 bytes back
Round trip time was 0.062626 milliseconds in repetition 396
tcp_ping received 4096 bytes back
Round trip time was 0.059335 milliseconds in repetition 397
tcp_ping received 4096 bytes back
Round trip time was 0.050573 milliseconds in repetition 398
tcp_ping received 4096 bytes back
Round trip time was 0.053018 milliseconds in repetition 399
tcp_ping received 4096 bytes back
Round trip time was 0.052194 milliseconds in repetition 400
tcp_ping received 4096 bytes back
Round trip time was 0.051882 milliseconds in repetition 401
tcp_ping received 4096 bytes back
Round trip time was 0.045679 milliseconds in repetition 402
tcp_ping received 4096 bytes back
Round trip time was 0.052182 milliseconds in repetition 403
tcp_ping received 4096 bytes back
Round trip time was 0.045636 milliseconds in repetition 404
tcp_ping received 4096 bytes back
Round trip time was 0.047396 milliseconds in repetition 405
tcp_ping received 4096 bytes back
Round trip time was 0.044423 milliseconds in repetition 406
tcp_ping received 4096 bytes back
Round trip time was 0.098577 milliseconds in repetition 407
tcp_ping received 4096 bytes back
Round trip time was 0.054865 milliseconds in repetition 408
tcp_ping received 4096 bytes back
Round trip time was 0.066639 milliseconds in repetition 409
tcp_ping received 4096 bytes back
Round trip time was 0.067768 milliseconds in repetition 410
tcp_ping received 4096 bytes back
Round trip time was 0.058292 milliseconds in repetition 411
tcp_ping received 4096 bytes back
Round trip time was 0.078983 milliseconds in repetition 412
tcp_ping received 4096 bytes back
Round trip time was 0.076704 milliseconds in repetition 413
tcp_ping received 4096 bytes back
Round trip time was 0.064497 milliseconds in repetition 414
tcp_ping received 4096 bytes back
Round trip time was 0.067586 milliseconds in repetition 415
tcp_ping received 4096 bytes back
Round trip time was 0.049559 milliseconds in repetition 416
tcp_ping received 4096 bytes back
Round trip time was 0.072338 milliseconds in repetition 417
tcp_ping received 4096 bytes back
Round trip time was 0.068165 milliseconds in repetition 418
tcp_ping received 4096 bytes back
Round trip time was 0.066886 milliseconds in repetition 419
tcp_ping received 4096 bytes back
Round trip time was 0.067604 milliseconds in repetition 420
tcp_ping received 4096 bytes back
Round trip time was 0.069218 milliseconds in repetition 421
tcp_ping received 4096 bytes back
Round trip time was 0.061868 milliseconds in repetition 422
tcp_ping received 4096 bytes back
Round trip time was 0.070159 milliseconds in repetition 423
tcp_ping received 4096 bytes back
Round trip time was 0.065349 milliseconds in repetition 424
tcp_ping received 4096 bytes back
Round trip time was 0.050057 milliseconds in repetition 425
tcp_ping received 4096 bytes back
Round trip time was 0.05704 milliseconds in repetition 426
tcp_ping received 4096 bytes back
Round trip time was 0.042311 milliseconds in repetition 427
tcp_ping received 4096 bytes back
Round trip time was 0.051786 milliseconds in repetition 428
tcp_ping received 4096 bytes back
Round trip time was 0.060796 milliseconds in repetition 429
tcp_ping received 4096 bytes back
Round trip time was 0.05144 milliseconds in repetition 430
tcp_ping received 4096 bytes back
Round trip time was 0.051294 milliseconds in repetition 431
tcp_ping received 4096 bytes back
Round trip time was 0.051728 milliseconds in repetition 432
tcp_ping received 4096 bytes back
Round trip time was 0.052805 milliseconds in repetition 433
tcp_ping received 4096 bytes back
Round trip time was 0.086776 milliseconds in repetition 434
tcp_ping received 4096 bytes back
Round trip time was 0.049944 milliseconds in repetition 435
tcp_ping received 4096 bytes back
Round trip time was 0.042895 milliseconds in repetition 436
tcp_ping received 4096 bytes back
Round trip time was 0.065822 milliseconds in repetition 437
tcp_ping received 4096 bytes back
Round trip time was 0.05332 milliseconds in repetition 438
tcp_ping received 4096 bytes back
Round trip time was 0.061275 milliseconds in repetition 439
tcp_ping received 4096 bytes back
Round trip time was 0.05599 milliseconds in repetition 440
tcp_ping received 4096 bytes back
Round trip time was 0.059666 milliseconds in repetition 441
tcp_ping received 4096 bytes back
Round trip time was 0.069449 milliseconds in repetition 442
tcp_ping received 4096 bytes back
Round trip time was 0.046171 milliseconds in repetition 443
tcp_ping received 4096 bytes back
Round trip time was 0.057355 milliseconds in repetition 444
tcp_ping received 4096 bytes back
Round trip time was 0.06244 milliseconds in repetition 445
tcp_ping received 4096 bytes back
Round trip time was 0.061007 milliseconds in repetition 446
tcp_ping received 4096 bytes back
Round trip time was 0.067034 milliseconds in repetition 447
tcp_ping received 4096 bytes back
Round trip time was 0.072838 milliseconds in repetition 448
tcp_ping received 4096 bytes back
Round trip time was 0.063088 milliseconds in repetition 449
tcp_ping received 4096 bytes back
Round trip time was 0.061627 milliseconds in repetition 450
tcp_ping received 4096 bytes back
Round trip time was 0.056158 milliseconds in repetition 451
tcp_ping received 4096 bytes back
Round trip time was 0.046351 milliseconds in repetition 452
tcp_ping received 4096 bytes back
Round trip time was 0.071474 milliseconds in repetition 453
tcp_ping received 4096 bytes back
Round trip time was 0.055646 milliseconds in repetition 454
tcp_ping received 4096 bytes back
Round trip time was 0.056624 milliseconds in repetition 455
tcp_ping received 4096 bytes back
Round trip time was 0.054131 milliseconds in repetition 456
tcp_ping received 4096 bytes back
Round trip time was 0.059159 milliseconds in repetition 457
tcp_ping received 4096 bytes back
Round trip time was 0.052807 milliseconds in repetition 458
tcp_ping received 4096 bytes back
Round trip time was 0.069983 milliseconds in repetition 459
tcp_ping received 4096 bytes back
Round trip time was 0.058725 milliseconds in repetition 460
tcp_ping received 4096 bytes back
Round trip time was 0.067279 milliseconds in repetition 461
tcp_ping received 4096 bytes back
Round trip time was 0.065807 milliseconds in repetition 462
tcp_ping received 4096 bytes back
Round trip time was 0.066611 milliseconds in repetition 463
tcp_ping received 4096 bytes back
Round trip time was 0.053458 milliseconds in repetition 464
tcp_ping received 4096 bytes back
Round trip time was 0.057857 milliseconds in repetition 465
tcp_ping received 4096 bytes back
Round trip time was 0.057974 milliseconds in repetition 466
tcp_ping received 4096 bytes back
Round trip time was 0.051569 milliseconds in repetition 467
tcp_ping received 4096 bytes back
Round trip time was 0.064315 milliseconds in repetition 468
tcp_ping received 4096 bytes back
Round trip time was 0.053744 milliseconds in repetition 469
tcp_ping received 4096 bytes back
Round trip time was 0.057379 milliseconds in repetition 470
tcp_ping received 4096 bytes back
Round trip time was 0.056992 milliseconds in repetition 471
tcp_ping received 4096 bytes back
Round trip time was 0.062219 milliseconds in repetition 472
tcp_ping received 4096 bytes back
Round trip time was 0.051224 milliseconds in repetition 473
tcp_ping received 4096 bytes back
Round trip time was 0.069499 milliseconds in repetition 474
tcp_ping received 4096 bytes back
Round trip time was 0.0597 milliseconds in repetition 475
tcp_ping received 4096 bytes back
Round trip time was 0.054718 milliseconds in repetition 476
tcp_ping received 4096 bytes back
Round trip time was 0.057292 milliseconds in repetition 477
tcp_ping received 4096 bytes back
Round trip time was 0.062869 milliseconds in repetition 478
tcp_ping received 4096 bytes back
Round trip time was 0.050164 milliseconds in repetition 479
tcp_ping received 4096 bytes back
Round trip time was 0.059769 milliseconds in repetition 480
tcp_ping received 4096 bytes back
Round trip time was 0.066635 milliseconds in repetition 481
tcp_ping received 4096 bytes back
Round trip time was 0.062849 milliseconds in repetition 482
tcp_ping received 4096 bytes back
Round trip time was 0.065357 milliseconds in repetition 483
tcp_ping received 4096 bytes back
Round trip time was 0.053104 milliseconds in repetition 484
tcp_ping received 4096 bytes back
Round trip time was 0.056711 milliseconds in repetition 485
tcp_ping received 4096 bytes back
Round trip time was 0.051377 milliseconds in repetition 486
tcp_ping received 4096 bytes back
Round trip time was 0.051158 milliseconds in repetition 487
tcp_ping received 4096 bytes back
Round trip time was 0.042995 milliseconds in repetition 488
tcp_ping received 4096 bytes back
Round trip time was 0.053673 milliseconds in repetition 489
tcp_ping received 4096 bytes back
Round trip time was 0.059653 milliseconds in repetition 490
tcp_ping received 4096 bytes back
Round trip time was 0.054591 milliseconds in repetition 491
tcp_ping received 4096 bytes back
Round trip time was 0.053543 milliseconds in repetition 492
tcp_ping received 4096 bytes back
Round trip time was 0.059825 milliseconds in repetition 493
tcp_ping received 4096 bytes back
Round trip time was 0.0548 milliseconds in repetition 494
tcp_ping received 4096 bytes back
Round trip time was 0.053019 milliseconds in repetition 495
tcp_ping received 4096 bytes back
Round trip time was 0.071922 milliseconds in repetition 496
tcp_ping received 4096 bytes back
Round trip time was 0.056047 milliseconds in repetition 497
tcp_ping received 4096 bytes back
Round trip time was 0.051978 milliseconds in repetition 498
tcp_ping received 4096 bytes back
Round trip time was 0.053407 milliseconds in repetition 499
tcp_ping received 4096 bytes back
Round trip time was 0.057867 milliseconds in repetition 500
tcp_ping received 4096 bytes back
Round trip time was 0.054305 milliseconds in repetition 501

 ... clock resolution was 1e-06
TCP Ping:  Statistics over 501 repetitions of 4096 byte messages

RTT : percentile 10: 0.048961, median: 0.059633, percentile 90: 0.075207, average: 0.0611101, variance: 0.000146654

RTT histogram:
0.0403415 13
0.0458581 33
0.0513747 105
0.0568913 101
0.0624079 101
0.0679245 68
0.0734411 31
0.0789577 26
0.0844743 11
0.0899909 5
0.0955075 2
0.101024 2
0.106541 0
0.112057 0
0.117574 0
0.12309 1
0.128607 0
0.134124 0
0.13964 0
0.145157 1
0.150673 1

   median Throughput : 137374 KB/s   overall Throughput : 134053 KB/s

