TCP Ping trying to connect to server 127.0.0.1 (127.0.0.1) on port 1491
 ... connected to Pong server: asking for 501 repetitions of 48 bytes TCP messages
 ... Pong server agreed :-)
tcp_ping received 48 bytes back
Round trip time was 0.072472 milliseconds in repetition 1
tcp_ping received 48 bytes back
Round trip time was 0.065653 milliseconds in repetition 2
tcp_ping received 48 bytes back
Round trip time was 0.0664 milliseconds in repetition 3
tcp_ping received 48 bytes back
Round trip time was 0.07739 milliseconds in repetition 4
tcp_ping received 48 bytes back
Round trip time was 0.343254 milliseconds in repetition 5
tcp_ping received 48 bytes back
Round trip time was 0.079107 milliseconds in repetition 6
tcp_ping received 48 bytes back
Round trip time was 0.084218 milliseconds in repetition 7
tcp_ping received 48 bytes back
Round trip time was 0.08239 milliseconds in repetition 8
tcp_ping received 48 bytes back
Round trip time was 0.057523 milliseconds in repetition 9
tcp_ping received 48 bytes back
Round trip time was 0.066473 milliseconds in repetition 10
tcp_ping received 48 bytes back
Round trip time was 0.115168 milliseconds in repetition 11
tcp_ping received 48 bytes back
Round trip time was 0.164641 milliseconds in repetition 12
tcp_ping received 48 bytes back
Round trip time was 0.073536 milliseconds in repetition 13
tcp_ping received 48 bytes back
Round trip time was 0.160357 milliseconds in repetition 14
tcp_ping received 48 bytes back
Round trip time was 0.142851 milliseconds in repetition 15
tcp_ping received 48 bytes back
Round trip time was 0.132601 milliseconds in repetition 16
tcp_ping received 48 bytes back
Round trip time was 0.166512 milliseconds in repetition 17
tcp_ping received 48 bytes back
Round trip time was 0.073938 milliseconds in repetition 18
tcp_ping received 48 bytes back
Round trip time was 0.138554 milliseconds in repetition 19
tcp_ping received 48 bytes back
Round trip time was 0.080145 milliseconds in repetition 20
tcp_ping received 48 bytes back
Round trip time was 0.121054 milliseconds in repetition 21
tcp_ping received 48 bytes back
Round trip time was 0.098987 milliseconds in repetition 22
tcp_ping received 48 bytes back
Round trip time was 0.122865 milliseconds in repetition 23
tcp_ping received 48 bytes back
Round trip time was 0.048431 milliseconds in repetition 24
tcp_ping received 48 bytes back
Round trip time was 0.049819 milliseconds in repetition 25
tcp_ping received 48 bytes back
Round trip time was 0.066912 milliseconds in repetition 26
tcp_ping received 48 bytes back
Round trip time was 0.056262 milliseconds in repetition 27
tcp_ping received 48 bytes back
Round trip time was 0.0608 milliseconds in repetition 28
tcp_ping received 48 bytes back
Round trip time was 0.050492 milliseconds in repetition 29
tcp_ping received 48 bytes back
Round trip time was 0.051994 milliseconds in repetition 30
tcp_ping received 48 bytes back
Round trip time was 0.057193 milliseconds in repetition 31
tcp_ping received 48 bytes back
Round trip time was 0.049563 milliseconds in repetition 32
tcp_ping received 48 bytes back
Round trip time was 0.085346 milliseconds in repetition 33
tcp_ping received 48 bytes back
Round trip time was 0.127712 milliseconds in repetition 34
tcp_ping received 48 bytes back
Round trip time was 0.135351 milliseconds in repetition 35
tcp_ping received 48 bytes back
Round trip time was 0.059776 milliseconds in repetition 36
tcp_ping received 48 bytes back
Round trip time was 0.066431 milliseconds in repetition 37
tcp_ping received 48 bytes back
Round trip time was 0.071311 milliseconds in repetition 38
tcp_ping received 48 bytes back
Round trip time was 0.066196 milliseconds in repetition 39
tcp_ping received 48 bytes back
Round trip time was 0.060758 milliseconds in repetition 40
tcp_ping received 48 bytes back
Round trip time was 0.049471 milliseconds in repetition 41
tcp_ping received 48 bytes back
Round trip time was 0.049846 milliseconds in repetition 42
tcp_ping received 48 bytes back
Round trip time was 0.051689 milliseconds in repetition 43
tcp_ping received 48 bytes back
Round trip time was 0.049936 milliseconds in repetition 44
tcp_ping received 48 bytes back
Round trip time was 0.068481 milliseconds in repetition 45
tcp_ping received 48 bytes back
Round trip time was 0.054139 milliseconds in repetition 46
tcp_ping received 48 bytes back
Round trip time was 0.058083 milliseconds in repetition 47
tcp_ping received 48 bytes back
Round trip time was 0.206961 milliseconds in repetition 48
tcp_ping received 48 bytes back
Round trip time was 0.161876 milliseconds in repetition 49
tcp_ping received 48 bytes back
Round trip time was 0.08249 milliseconds in repetition 50
tcp_ping received 48 bytes back
Round trip time was 0.060929 milliseconds in repetition 51
tcp_ping received 48 bytes back
Round trip time was 0.154428 milliseconds in repetition 52
tcp_ping received 48 bytes back
Round trip time was 0.066044 milliseconds in repetition 53
tcp_ping received 48 bytes back
Round trip time was 0.140143 milliseconds in repetition 54
tcp_ping received 48 bytes back
Round trip time was 0.065761 milliseconds in repetition 55
tcp_ping received 48 bytes back
Round trip time was 0.052527 milliseconds in repetition 56
tcp_ping received 48 bytes back
Round trip time was 0.058503 milliseconds in repetition 57
tcp_ping received 48 bytes back
Round trip time was 0.151377 milliseconds in repetition 58
tcp_ping received 48 bytes back
Round trip time was 0.061351 milliseconds in repetition 59
tcp_ping received 48 bytes back
Round trip time was 0.061543 milliseconds in repetition 60
tcp_ping received 48 bytes back
Round trip time was 0.137468 milliseconds in repetition 61
tcp_ping received 48 bytes back
Round trip time was 0.081519 milliseconds in repetition 62
tcp_ping received 48 bytes back
Round trip time was 0.062563 milliseconds in repetition 63
tcp_ping received 48 bytes back
Round trip time was 0.064653 milliseconds in repetition 64
tcp_ping received 48 bytes back
Round trip time was 0.059322 milliseconds in repetition 65
tcp_ping received 48 bytes back
Round trip time was 0.05593 milliseconds in repetition 66
tcp_ping received 48 bytes back
Round trip time was 0.067993 milliseconds in repetition 67
tcp_ping received 48 bytes back
Round trip time was 0.057351 milliseconds in repetition 68
tcp_ping received 48 bytes back
Round trip time was 0.059454 milliseconds in repetition 69
tcp_ping received 48 bytes back
Round trip time was 0.066715 milliseconds in repetition 70
tcp_ping received 48 bytes back
Round trip time was 0.087363 milliseconds in repetition 71
tcp_ping received 48 bytes back
Round trip time was 0.054181 milliseconds in repetition 72
tcp_ping received 48 bytes back
Round trip time was 0.071742 milliseconds in repetition 73
tcp_ping received 48 bytes back
Round trip time was 0.081375 milliseconds in repetition 74
tcp_ping received 48 bytes back
Round trip time was 0.062867 milliseconds in repetition 75
tcp_ping received 48 bytes back
Round trip time was 0.062953 milliseconds in repetition 76
tcp_ping received 48 bytes back
Round trip time was 0.085477 milliseconds in repetition 77
tcp_ping received 48 bytes back
Round trip time was 0.09473 milliseconds in repetition 78
tcp_ping received 48 bytes back
Round trip time was 0.081417 milliseconds in repetition 79
tcp_ping received 48 bytes back
Round trip time was 0.079819 milliseconds in repetition 80
tcp_ping received 48 bytes back
Round trip time was 0.139739 milliseconds in repetition 81
tcp_ping received 48 bytes back
Round trip time was 0.071105 milliseconds in repetition 82
tcp_ping received 48 bytes back
Round trip time was 0.066505 milliseconds in repetition 83
tcp_ping received 48 bytes back
Round trip time was 0.064312 milliseconds in repetition 84
tcp_ping received 48 bytes back
Round trip time was 0.054592 milliseconds in repetition 85
tcp_ping received 48 bytes back
Round trip time was 0.076355 milliseconds in repetition 86
tcp_ping received 48 bytes back
Round trip time was 0.054852 milliseconds in repetition 87
tcp_ping received 48 bytes back
Round trip time was 0.16659 milliseconds in repetition 88
tcp_ping received 48 bytes back
Round trip time was 0.079333 milliseconds in repetition 89
tcp_ping received 48 bytes back
Round trip time was 0.21086 milliseconds in repetition 90
tcp_ping received 48 bytes back
Round trip time was 0.07264 milliseconds in repetition 91
tcp_ping received 48 bytes back
Round trip time was 0.061681 milliseconds in repetition 92
tcp_ping received 48 bytes back
Round trip time was 0.052134 milliseconds in repetition 93
tcp_ping received 48 bytes back
Round trip time was 0.050484 milliseconds in repetition 94
tcp_ping received 48 bytes back
Round trip time was 0.074265 milliseconds in repetition 95
tcp_ping received 48 bytes back
Round trip time was 0.218612 milliseconds in repetition 96
tcp_ping received 48 bytes back
Round trip time was 0.080411 milliseconds in repetition 97
tcp_ping received 48 bytes back
Round trip time was 0.042106 milliseconds in repetition 98
tcp_ping received 48 bytes back
Round trip time was 0.12655 milliseconds in repetition 99
tcp_ping received 48 bytes back
Round trip time was 0.081509 milliseconds in repetition 100
tcp_ping received 48 bytes back
Round trip time was 0.089196 milliseconds in repetition 101
tcp_ping received 48 bytes back
Round trip time was 0.074296 milliseconds in repetition 102
tcp_ping received 48 bytes back
Round trip time was 0.054807 milliseconds in repetition 103
tcp_ping received 48 bytes back
Round trip time was 0.055656 milliseconds in repetition 104
tcp_ping received 48 bytes back
Round trip time was 0.054386 milliseconds in repetition 105
tcp_ping received 48 bytes back
Round trip time was 0.039524 milliseconds in repetition 106
tcp_ping received 48 bytes back
Round trip time was 0.206822 milliseconds in repetition 107
tcp_ping received 48 bytes back
Round trip time was 0.085875 milliseconds in repetition 108
tcp_ping received 48 bytes back
Round trip time was 0.062418 milliseconds in repetition 109
tcp_ping received 48 bytes back
Round trip time was 0.053785 milliseconds in repetition 110
tcp_ping received 48 bytes back
Round trip time was 0.054596 milliseconds in repetition 111
tcp_ping received 48 bytes back
Round trip time was 0.065356 milliseconds in repetition 112
tcp_ping received 48 bytes back
Round trip time was 0.134886 milliseconds in repetition 113
tcp_ping received 48 bytes back
Round trip time was 0.071778 milliseconds in repetition 114
tcp_ping received 48 bytes back
Round trip time was 0.045074 milliseconds in repetition 115
tcp_ping received 48 bytes back
Round trip time was 0.079612 milliseconds in repetition 116
tcp_ping received 48 bytes back
Round trip time was 0.05474 milliseconds in repetition 117
tcp_ping received 48 bytes back
Round trip time was 0.066481 milliseconds in repetition 118
tcp_ping received 48 bytes back
Round trip time was 0.047781 milliseconds in repetition 119
tcp_ping received 48 bytes back
Round trip time was 0.051315 milliseconds in repetition 120
tcp_ping received 48 bytes back
Round trip time was 0.06861 milliseconds in repetition 121
tcp_ping received 48 bytes back
Round trip time was 0.068523 milliseconds in repetition 122
tcp_ping received 48 bytes back
Round trip time was 0.06967 milliseconds in repetition 123
tcp_ping received 48 bytes back
Round trip time was 0.094675 milliseconds in repetition 124
tcp_ping received 48 bytes back
Round trip time was 0.14949 milliseconds in repetition 125
tcp_ping received 48 bytes back
Round trip time was 0.081528 milliseconds in repetition 126
tcp_ping received 48 bytes back
Round trip time was 0.065826 milliseconds in repetition 127
tcp_ping received 48 bytes back
Round trip time was 0.070831 milliseconds in repetition 128
tcp_ping received 48 bytes back
Round trip time was 0.119897 milliseconds in repetition 129
tcp_ping received 48 bytes back
Round trip time was 0.059237 milliseconds in repetition 130
tcp_ping received 48 bytes back
Round trip time was 0.103312 milliseconds in repetition 131
tcp_ping received 48 bytes back
Round trip time was 0.063003 milliseconds in repetition 132
tcp_ping received 48 bytes back
Round trip time was 0.062704 milliseconds in repetition 133
tcp_ping received 48 bytes back
Round trip time was 0.067553 milliseconds in repetition 134
tcp_ping received 48 bytes back
Round trip time was 0.052847 milliseconds in repetition 135
tcp_ping received 48 bytes back
Round trip time was 0.050527 milliseconds in repetition 136
tcp_ping received 48 bytes back
Round trip time was 0.069897 milliseconds in repetition 137
tcp_ping received 48 bytes back
Round trip time was 0.052266 milliseconds in repetition 138
tcp_ping received 48 bytes back
Round trip time was 0.123957 milliseconds in repetition 139
tcp_ping received 48 bytes back
Round trip time was 0.142057 milliseconds in repetition 140
tcp_ping received 48 bytes back
Round trip time was 0.068341 milliseconds in repetition 141
tcp_ping received 48 bytes back
Round trip time was 0.072218 milliseconds in repetition 142
tcp_ping received 48 bytes back
Round trip time was 0.057435 milliseconds in repetition 143
tcp_ping received 48 bytes back
Round trip time was 0.261132 milliseconds in repetition 144
tcp_ping received 48 bytes back
Round trip time was 0.164362 milliseconds in repetition 145
tcp_ping received 48 bytes back
Round trip time was 0.166631 milliseconds in repetition 146
tcp_ping received 48 bytes back
Round trip time was 0.090339 milliseconds in repetition 147
tcp_ping received 48 bytes back
Round trip time was 0.067873 milliseconds in repetition 148
tcp_ping received 48 bytes back
Round trip time was 0.053817 milliseconds in repetition 149
tcp_ping received 48 bytes back
Round trip time was 0.05194 milliseconds in repetition 150
tcp_ping received 48 bytes back
Round trip time was 0.125728 milliseconds in repetition 151
tcp_ping received 48 bytes back
Round trip time was 0.13382 milliseconds in repetition 152
tcp_ping received 48 bytes back
Round trip time was 0.162091 milliseconds in repetition 153
tcp_ping received 48 bytes back
Round trip time was 0.066549 milliseconds in repetition 154
tcp_ping received 48 bytes back
Round trip time was 0.079331 milliseconds in repetition 155
tcp_ping received 48 bytes back
Round trip time was 0.053953 milliseconds in repetition 156
tcp_ping received 48 bytes back
Round trip time was 0.226533 milliseconds in repetition 157
tcp_ping received 48 bytes back
Round trip time was 0.23111 milliseconds in repetition 158
tcp_ping received 48 bytes back
Round trip time was 0.110702 milliseconds in repetition 159
tcp_ping received 48 bytes back
Round trip time was 0.092277 milliseconds in repetition 160
tcp_ping received 48 bytes back
Round trip time was 0.089656 milliseconds in repetition 161
tcp_ping received 48 bytes back
Round trip time was 0.19515 milliseconds in repetition 162
tcp_ping received 48 bytes back
Round trip time was 0.07311 milliseconds in repetition 163
tcp_ping received 48 bytes back
Round trip time was 0.053274 milliseconds in repetition 164
tcp_ping received 48 bytes back
Round trip time was 0.046466 milliseconds in repetition 165
tcp_ping received 48 bytes back
Round trip time was 0.046234 milliseconds in repetition 166
tcp_ping received 48 bytes back
Round trip time was 0.061019 milliseconds in repetition 167
tcp_ping received 48 bytes back
Round trip time was 0.164126 milliseconds in repetition 168
tcp_ping received 48 bytes back
Round trip time was 0.063804 milliseconds in repetition 169
tcp_ping received 48 bytes back
Round trip time was 0.083693 milliseconds in repetition 170
tcp_ping received 48 bytes back
Round trip time was 0.06621 milliseconds in repetition 171
tcp_ping received 48 bytes back
Round trip time was 0.052808 milliseconds in repetition 172
tcp_ping received 48 bytes back
Round trip time was 0.069649 milliseconds in repetition 173
tcp_ping received 48 bytes back
Round trip time was 0.05956 milliseconds in repetition 174
tcp_ping received 48 bytes back
Round trip time was 0.061716 milliseconds in repetition 175
tcp_ping received 48 bytes back
Round trip time was 0.059055 milliseconds in repetition 176
tcp_ping received 48 bytes back
Round trip time was 0.062605 milliseconds in repetition 177
tcp_ping received 48 bytes back
Round trip time was 0.070869 milliseconds in repetition 178
tcp_ping received 48 bytes back
Round trip time was 0.118149 milliseconds in repetition 179
tcp_ping received 48 bytes back
Round trip time was 0.081113 milliseconds in repetition 180
tcp_ping received 48 bytes back
Round trip time was 0.059313 milliseconds in repetition 181
tcp_ping received 48 bytes back
Round trip time was 0.06175 milliseconds in repetition 182
tcp_ping received 48 bytes back
Round trip time was 0.059957 milliseconds in repetition 183
tcp_ping received 48 bytes back
Round trip time was 0.059793 milliseconds in repetition 184
tcp_ping received 48 bytes back
Round trip time was 0.095527 milliseconds in repetition 185
tcp_ping received 48 bytes back
Round trip time was 0.067157 milliseconds in repetition 186
tcp_ping received 48 bytes back
Round trip time was 0.05106 milliseconds in repetition 187
tcp_ping received 48 bytes back
Round trip time was 0.050656 milliseconds in repetition 188
tcp_ping received 48 bytes back
Round trip time was 0.053439 milliseconds in repetition 189
tcp_ping received 48 bytes back
Round trip time was 0.063923 milliseconds in repetition 190
tcp_ping received 48 bytes back
Round trip time was 0.118217 milliseconds in repetition 191
tcp_ping received 48 bytes back
Round trip time was 0.064858 milliseconds in repetition 192
tcp_ping received 48 bytes back
Round trip time was 0.111786 milliseconds in repetition 193
tcp_ping received 48 bytes back
Round trip time was 0.062422 milliseconds in repetition 194
tcp_ping received 48 bytes back
Round trip time was 0.047866 milliseconds in repetition 195
tcp_ping received 48 bytes back
Round trip time was 0.054586 milliseconds in repetition 196
tcp_ping received 48 bytes back
Round trip time was 0.062138 milliseconds in repetition 197
tcp_ping received 48 bytes back
Round trip time was 0.059843 milliseconds in repetition 198
tcp_ping received 48 bytes back
Round trip time was 0.208425 milliseconds in repetition 199
tcp_ping received 48 bytes back
Round trip time was 0.188591 milliseconds in repetition 200
tcp_ping received 48 bytes back
Round trip time was 0.075814 milliseconds in repetition 201
tcp_ping received 48 bytes back
Round trip time was 0.056288 milliseconds in repetition 202
tcp_ping received 48 bytes back
Round trip time was 0.072262 milliseconds in repetition 203
tcp_ping received 48 bytes back
Round trip time was 0.067794 milliseconds in repetition 204
tcp_ping received 48 bytes back
Round trip time was 0.113837 milliseconds in repetition 205
tcp_ping received 48 bytes back
Round trip time was 0.06705 milliseconds in repetition 206
tcp_ping received 48 bytes back
Round trip time was 0.072432 milliseconds in repetition 207
tcp_ping received 48 bytes back
Round trip time was 0.069998 milliseconds in repetition 208
tcp_ping received 48 bytes back
Round trip time was 0.045146 milliseconds in repetition 209
tcp_ping received 48 bytes back
Round trip time was 0.047314 milliseconds in repetition 210
tcp_ping received 48 bytes back
Round trip time was 0.049153 milliseconds in repetition 211
tcp_ping received 48 bytes back
Round trip time was 0.160229 milliseconds in repetition 212
tcp_ping received 48 bytes back
Round trip time was 0.129896 milliseconds in repetition 213
tcp_ping received 48 bytes back
Round trip time was 0.079407 milliseconds in repetition 214
tcp_ping received 48 bytes back
Round trip time was 0.062092 milliseconds in repetition 215
tcp_ping received 48 bytes back
Round trip time was 0.04734 milliseconds in repetition 216
tcp_ping received 48 bytes back
Round trip time was 0.043165 milliseconds in repetition 217
tcp_ping received 48 bytes back
Round trip time was 0.066685 milliseconds in repetition 218
tcp_ping received 48 bytes back
Round trip time was 0.117604 milliseconds in repetition 219
tcp_ping received 48 bytes back
Round trip time was 0.04281 milliseconds in repetition 220
tcp_ping received 48 bytes back
Round trip time was 0.041517 milliseconds in repetition 221
tcp_ping received 48 bytes back
Round trip time was 0.057684 milliseconds in repetition 222
tcp_ping received 48 bytes back
Round trip time was 0.046298 milliseconds in repetition 223
tcp_ping received 48 bytes back
Round trip time was 0.054376 milliseconds in repetition 224
tcp_ping received 48 bytes back
Round trip time was 0.068426 milliseconds in repetition 225
tcp_ping received 48 bytes back
Round trip time was 0.052998 milliseconds in repetition 226
tcp_ping received 48 bytes back
Round trip time was 0.044673 milliseconds in repetition 227
tcp_ping received 48 bytes back
Round trip time was 0.037085 milliseconds in repetition 228
tcp_ping received 48 bytes back
Round trip time was 0.040158 milliseconds in repetition 229
tcp_ping received 48 bytes back
Round trip time was 0.051183 milliseconds in repetition 230
tcp_ping received 48 bytes back
Round trip time was 0.057009 milliseconds in repetition 231
tcp_ping received 48 bytes back
Round trip time was 0.055554 milliseconds in repetition 232
tcp_ping received 48 bytes back
Round trip time was 0.0703 milliseconds in repetition 233
tcp_ping received 48 bytes back
Round trip time was 0.063583 milliseconds in repetition 234
tcp_ping received 48 bytes back
Round trip time was 0.073903 milliseconds in repetition 235
tcp_ping received 48 bytes back
Round trip time was 0.051146 milliseconds in repetition 236
tcp_ping received 48 bytes back
Round trip time was 0.050655 milliseconds in repetition 237
tcp_ping received 48 bytes back
Round trip time was 0.056045 milliseconds in repetition 238
tcp_ping received 48 bytes back
Round trip time was 0.04995 milliseconds in repetition 239
tcp_ping received 48 bytes back
Round trip time was 0.056185 milliseconds in repetition 240
tcp_ping received 48 bytes back
Round trip time was 0.04793 milliseconds in repetition 241
tcp_ping received 48 bytes back
Round trip time was 0.062073 milliseconds in repetition 242
tcp_ping received 48 bytes back
Round trip time was 0.049944 milliseconds in repetition 243
tcp_ping received 48 bytes back
Round trip time was 0.058579 milliseconds in repetition 244
tcp_ping received 48 bytes back
Round trip time was 0.050612 milliseconds in repetition 245
tcp_ping received 48 bytes back
Round trip time was 0.065088 milliseconds in repetition 246
tcp_ping received 48 bytes back
Round trip time was 0.060445 milliseconds in repetition 247
tcp_ping received 48 bytes back
Round trip time was 0.058244 milliseconds in repetition 248
tcp_ping received 48 bytes back
Round trip time was 0.053442 milliseconds in repetition 249
tcp_ping received 48 bytes back
Round trip time was 0.057456 milliseconds in repetition 250
tcp_ping received 48 bytes back
Round trip time was 0.06264 milliseconds in repetition 251
tcp_ping received 48 bytes back
Round trip time was 0.055857 milliseconds in repetition 252
tcp_ping received 48 bytes back
Round trip time was 0.071527 milliseconds in repetition 253
tcp_ping received 48 bytes back
Round trip time was 0.062957 milliseconds in repetition 254
tcp_ping received 48 bytes back
Round trip time was 0.059808 milliseconds in repetition 255
tcp_ping received 48 bytes back
Round trip time was 0.058862 milliseconds in repetition 256
tcp_ping received 48 bytes back
Round trip time was 0.060899 milliseconds in repetition 257
tcp_ping received 48 bytes back
Round trip time was 0.054774 milliseconds in repetition 258
tcp_ping received 48 bytes back
Round trip time was 0.140339 milliseconds in repetition 259
tcp_ping received 48 bytes back
Round trip time was 0.056888 milliseconds in repetition 260
tcp_ping received 48 bytes back
Round trip time was 0.040458 milliseconds in repetition 261
tcp_ping received 48 bytes back
Round trip time was 0.04996 milliseconds in repetition 262
tcp_ping received 48 bytes back
Round trip time was 0.058454 milliseconds in repetition 263
tcp_ping received 48 bytes back
Round trip time was 0.032397 milliseconds in repetition 264
tcp_ping received 48 bytes back
Round trip time was 0.05086 milliseconds in repetition 265
tcp_ping received 48 bytes back
Round trip time was 0.041328 milliseconds in repetition 266
tcp_ping received 48 bytes back
Round trip time was 0.048313 milliseconds in repetition 267
tcp_ping received 48 bytes back
Round trip time was 0.065214 milliseconds in repetition 268
tcp_ping received 48 bytes back
Round trip time was 0.048425 milliseconds in repetition 269
tcp_ping received 48 bytes back
Round trip time was 0.058005 milliseconds in repetition 270
tcp_ping received 48 bytes back
Round trip time was 0.043856 milliseconds in repetition 271
tcp_ping received 48 bytes back
Round trip time was 0.040916 milliseconds in repetition 272
tcp_ping received 48 bytes back
Round trip time was 0.059463 milliseconds in repetition 273
tcp_ping received 48 bytes back
Round trip time was 0.048695 milliseconds in repetition 274
tcp_ping received 48 bytes back
Round trip time was 0.048879 milliseconds in repetition 275
tcp_ping received 48 bytes back
Round trip time was 0.052203 milliseconds in repetition 276
tcp_ping received 48 bytes back
Round trip time was 0.060994 milliseconds in repetition 277
tcp_ping received 48 bytes back
Round trip time was 0.056946 milliseconds in repetition 278
tcp_ping received 48 bytes back
Round trip time was 0.060108 milliseconds in repetition 279
tcp_ping received 48 bytes back
Round trip time was 0.055729 milliseconds in repetition 280
tcp_ping received 48 bytes back
Round trip time was 0.056643 milliseconds in repetition 281
tcp_ping received 48 bytes back
Round trip time was 0.069278 milliseconds in repetition 282
tcp_ping received 48 bytes back
Round trip time was 0.050526 milliseconds in repetition 283
tcp_ping received 48 bytes back
Round trip time was 0.050787 milliseconds in repetition 284
tcp_ping received 48 bytes back
Round trip time was 0.066548 milliseconds in repetition 285
tcp_ping received 48 bytes back
Round trip time was 0.150704 milliseconds in repetition 286
tcp_ping received 48 bytes back
Round trip time was 0.062258 milliseconds in repetition 287
tcp_ping received 48 bytes back
Round trip time was 0.050856 milliseconds in repetition 288
tcp_ping received 48 bytes back
Round trip time was 0.05259 milliseconds in repetition 289
tcp_ping received 48 bytes back
Round trip time was 0.073115 milliseconds in repetition 290
tcp_ping received 48 bytes back
Round trip time was 0.073181 milliseconds in repetition 291
tcp_ping received 48 bytes back
Round trip time was 0.063989 milliseconds in repetition 292
tcp_ping received 48 bytes back
Round trip time was 0.059829 milliseconds in repetition 293
tcp_ping received 48 bytes back
Round trip time was 0.045248 milliseconds in repetition 294
tcp_ping received 48 bytes back
Round trip time was 0.047838 milliseconds in repetition 295
tcp_ping received 48 bytes back
Round trip time was 0.071791 milliseconds in repetition 296
tcp_ping received 48 bytes back
Round trip time was 0.131311 milliseconds in repetition 297
tcp_ping received 48 bytes back
Round trip time was 0.052845 milliseconds in repetition 298
tcp_ping received 48 bytes back
Round trip time was 0.046986 milliseconds in repetition 299
tcp_ping received 48 bytes back
Round trip time was 0.042991 milliseconds in repetition 300
tcp_ping received 48 bytes back
Round trip time was 0.062741 milliseconds in repetition 301
tcp_ping received 48 bytes back
Round trip time was 0.147572 milliseconds in repetition 302
tcp_ping received 48 bytes back
Round trip time was 0.068607 milliseconds in repetition 303
tcp_ping received 48 bytes back
Round trip time was 0.044864 milliseconds in repetition 304
tcp_ping received 48 bytes back
Round trip time was 0.058675 milliseconds in repetition 305
tcp_ping received 48 bytes back
Round trip time was 0.039923 milliseconds in repetition 306
tcp_ping received 48 bytes back
Round trip time was 0.053606 milliseconds in repetition 307
tcp_ping received 48 bytes back
Round trip time was 0.061167 milliseconds in repetition 308
tcp_ping received 48 bytes back
Round trip time was 0.047803 milliseconds in repetition 309
tcp_ping received 48 bytes back
Round trip time was 0.060925 milliseconds in repetition 310
tcp_ping received 48 bytes back
Round trip time was 0.054044 milliseconds in repetition 311
tcp_ping received 48 bytes back
Round trip time was 0.053626 milliseconds in repetition 312
tcp_ping received 48 bytes back
Round trip time was 0.055997 milliseconds in repetition 313
tcp_ping received 48 bytes back
Round trip time was 0.071775 milliseconds in repetition 314
tcp_ping received 48 bytes back
Round trip time was 0.055991 milliseconds in repetition 315
tcp_ping received 48 bytes back
Round trip time was 0.045415 milliseconds in repetition 316
tcp_ping received 48 bytes back
Round trip time was 0.053995 milliseconds in repetition 317
tcp_ping received 48 bytes back
Round trip time was 0.061332 milliseconds in repetition 318
tcp_ping received 48 bytes back
Round trip time was 0.16577 milliseconds in repetition 319
tcp_ping received 48 bytes back
Round trip time was 0.052962 milliseconds in repetition 320
tcp_ping received 48 bytes back
Round trip time was 0.044275 milliseconds in repetition 321
tcp_ping received 48 bytes back
Round trip time was 0.047312 milliseconds in repetition 322
tcp_ping received 48 bytes back
Round trip time was 0.070486 milliseconds in repetition 323
tcp_ping received 48 bytes back
Round trip time was 0.125037 milliseconds in repetition 324
tcp_ping received 48 bytes back
Round trip time was 0.059721 milliseconds in repetition 325
tcp_ping received 48 bytes back
Round trip time was 0.045821 milliseconds in repetition 326
tcp_ping received 48 bytes back
Round trip time was 0.059807 milliseconds in repetition 327
tcp_ping received 48 bytes back
Round trip time was 0.04653 milliseconds in repetition 328
tcp_ping received 48 bytes back
Round trip time was 0.059734 milliseconds in repetition 329
tcp_ping received 48 bytes back
Round trip time was 0.051816 milliseconds in repetition 330
tcp_ping received 48 bytes back
Round trip time was 0.048182 milliseconds in repetition 331
tcp_ping received 48 bytes back
Round trip time was 0.059644 milliseconds in repetition 332
tcp_ping received 48 bytes back
Round trip time was 0.049043 milliseconds in repetition 333
tcp_ping received 48 bytes back
Round trip time was 0.079188 milliseconds in repetition 334
tcp_ping received 48 bytes back
Round trip time was 0.051621 milliseconds in repetition 335
tcp_ping received 48 bytes back
Round trip time was 0.0355 milliseconds in repetition 336
tcp_ping received 48 bytes back
Round trip time was 0.1234 milliseconds in repetition 337
tcp_ping received 48 bytes back
Round trip time was 0.052452 milliseconds in repetition 338
tcp_ping received 48 bytes back
Round trip time was 0.038715 milliseconds in repetition 339
tcp_ping received 48 bytes back
Round trip time was 0.041337 milliseconds in repetition 340
tcp_ping received 48 bytes back
Round trip time was 0.050395 milliseconds in repetition 341
tcp_ping received 48 bytes back
Round trip time was 0.048069 milliseconds in repetition 342
tcp_ping received 48 bytes back
Round trip time was 0.059297 milliseconds in repetition 343
tcp_ping received 48 bytes back
Round trip time was 0.058594 milliseconds in repetition 344
tcp_ping received 48 bytes back
Round trip time was 0.045552 milliseconds in repetition 345
tcp_ping received 48 bytes back
Round trip time was 0.059414 milliseconds in repetition 346
tcp_ping received 48 bytes back
Round trip time was 0.05646 milliseconds in repetition 347
tcp_ping received 48 bytes back
Round trip time was 0.048787 milliseconds in repetition 348
tcp_ping received 48 bytes back
Round trip time was 0.053111 milliseconds in repetition 349
tcp_ping received 48 bytes back
Round trip time was 0.057061 milliseconds in repetition 350
tcp_ping received 48 bytes back
Round trip time was 0.065993 milliseconds in repetition 351
tcp_ping received 48 bytes back
Round trip time was 0.0564 milliseconds in repetition 352
tcp_ping received 48 bytes back
Round trip time was 0.059026 milliseconds in repetition 353
tcp_ping received 48 bytes back
Round trip time was 0.061953 milliseconds in repetition 354
tcp_ping received 48 bytes back
Round trip time was 0.048847 milliseconds in repetition 355
tcp_ping received 48 bytes back
Round trip time was 0.051037 milliseconds in repetition 356
tcp_ping received 48 bytes back
Round trip time was 0.06005 milliseconds in repetition 357
tcp_ping received 48 bytes back
Round trip time was 0.058625 milliseconds in repetition 358
tcp_ping received 48 bytes back
Round trip time was 0.061316 milliseconds in repetition 359
tcp_ping received 48 bytes back
Round trip time was 0.066741 milliseconds in repetition 360
tcp_ping received 48 bytes back
Round trip time was 0.049954 milliseconds in repetition 361
tcp_ping received 48 bytes back
Round trip time was 0.04967 milliseconds in repetition 362
tcp_ping received 48 bytes back
Round trip time was 0.046143 milliseconds in repetition 363
tcp_ping received 48 bytes back
Round trip time was 0.04559 milliseconds in repetition 364
tcp_ping received 48 bytes back
Round trip time was 0.054003 milliseconds in repetition 365
tcp_ping received 48 bytes back
Round trip time was 0.042927 milliseconds in repetition 366
tcp_ping received 48 bytes back
Round trip time was 0.055329 milliseconds in repetition 367
tcp_ping received 48 bytes back
Round trip time was 0.043725 milliseconds in repetition 368
tcp_ping received 48 bytes back
Round trip time was 0.045238 milliseconds in repetition 369
tcp_ping received 48 bytes back
Round trip time was 0.046464 milliseconds in repetition 370
tcp_ping received 48 bytes back
Round trip time was 0.07157 milliseconds in repetition 371
tcp_ping received 48 bytes back
Round trip time was 0.053306 milliseconds in repetition 372
tcp_ping received 48 bytes back
Round trip time was 0.046333 milliseconds in repetition 373
tcp_ping received 48 bytes back
Round trip time was 0.102951 milliseconds in repetition 374
tcp_ping received 48 bytes back
Round trip time was 0.050281 milliseconds in repetition 375
tcp_ping received 48 bytes back
Round trip time was 0.042158 milliseconds in repetition 376
tcp_ping received 48 bytes back
Round trip time was 0.044436 milliseconds in repetition 377
tcp_ping received 48 bytes back
Round trip time was 0.04319 milliseconds in repetition 378
tcp_ping received 48 bytes back
Round trip time was 0.044436 milliseconds in repetition 379
tcp_ping received 48 bytes back
Round trip time was 0.057388 milliseconds in repetition 380
tcp_ping received 48 bytes back
Round trip time was 0.077542 milliseconds in repetition 381
tcp_ping received 48 bytes back
Round trip time was 0.08435 milliseconds in repetition 382
tcp_ping received 48 bytes back
Round trip time was 0.033974 milliseconds in repetition 383
tcp_ping received 48 bytes back
Round trip time was 0.052346 milliseconds in repetition 384
tcp_ping received 48 bytes back
Round trip time was 0.05588 milliseconds in repetition 385
tcp_ping received 48 bytes back
Round trip time was 0.060334 milliseconds in repetition 386
tcp_ping received 48 bytes back
Round trip time was 0.035238 milliseconds in repetition 387
tcp_ping received 48 bytes back
Round trip time was 0.047749 milliseconds in repetition 388
tcp_ping received 48 bytes back
Round trip time was 0.052533 milliseconds in repetition 389
tcp_ping received 48 bytes back
Round trip time was 0.043784 milliseconds in repetition 390
tcp_ping received 48 bytes back
Round trip time was 0.079432 milliseconds in repetition 391
tcp_ping received 48 bytes back
Round trip time was 0.089819 milliseconds in repetition 392
tcp_ping received 48 bytes back
Round trip time was 0.049091 milliseconds in repetition 393
tcp_ping received 48 bytes back
Round trip time was 0.041519 milliseconds in repetition 394
tcp_ping received 48 bytes back
Round trip time was 0.057713 milliseconds in repetition 395
tcp_ping received 48 bytes back
Round trip time was 0.064776 milliseconds in repetition 396
tcp_ping received 48 bytes back
Round trip time was 0.054026 milliseconds in repetition 397
tcp_ping received 48 bytes back
Round trip time was 0.05131 milliseconds in repetition 398
tcp_ping received 48 bytes back
Round trip time was 0.048536 milliseconds in repetition 399
tcp_ping received 48 bytes back
Round trip time was 0.042652 milliseconds in repetition 400
tcp_ping received 48 bytes back
Round trip time was 0.053158 milliseconds in repetition 401
tcp_ping received 48 bytes back
Round trip time was 0.054198 milliseconds in repetition 402
tcp_ping received 48 bytes back
Round trip time was 0.035994 milliseconds in repetition 403
tcp_ping received 48 bytes back
Round trip time was 0.048149 milliseconds in repetition 404
tcp_ping received 48 bytes back
Round trip time was 0.041136 milliseconds in repetition 405
tcp_ping received 48 bytes back
Round trip time was 0.046074 milliseconds in repetition 406
tcp_ping received 48 bytes back
Round trip time was 0.058337 milliseconds in repetition 407
tcp_ping received 48 bytes back
Round trip time was 0.055138 milliseconds in repetition 408
tcp_ping received 48 bytes back
Round trip time was 0.042252 milliseconds in repetition 409
tcp_ping received 48 bytes back
Round trip time was 0.048384 milliseconds in repetition 410
tcp_ping received 48 bytes back
Round trip time was 0.05215 milliseconds in repetition 411
tcp_ping received 48 bytes back
Round trip time was 0.044759 milliseconds in repetition 412
tcp_ping received 48 bytes back
Round trip time was 0.052448 milliseconds in repetition 413
tcp_ping received 48 bytes back
Round trip time was 0.03855 milliseconds in repetition 414
tcp_ping received 48 bytes back
Round trip time was 0.078323 milliseconds in repetition 415
tcp_ping received 48 bytes back
Round trip time was 0.057058 milliseconds in repetition 416
tcp_ping received 48 bytes back
Round trip time was 0.045346 milliseconds in repetition 417
tcp_ping received 48 bytes back
Round trip time was 0.032894 milliseconds in repetition 418
tcp_ping received 48 bytes back
Round trip time was 0.058579 milliseconds in repetition 419
tcp_ping received 48 bytes back
Round trip time was 0.048501 milliseconds in repetition 420
tcp_ping received 48 bytes back
Round trip time was 0.046538 milliseconds in repetition 421
tcp_ping received 48 bytes back
Round trip time was 0.051302 milliseconds in repetition 422
tcp_ping received 48 bytes back
Round trip time was 0.046277 milliseconds in repetition 423
tcp_ping received 48 bytes back
Round trip time was 0.046689 milliseconds in repetition 424
tcp_ping received 48 bytes back
Round trip time was 0.033807 milliseconds in repetition 425
tcp_ping received 48 bytes back
Round trip time was 0.04139 milliseconds in repetition 426
tcp_ping received 48 bytes back
Round trip time was 0.045223 milliseconds in repetition 427
tcp_ping received 48 bytes back
Round trip time was 0.049202 milliseconds in repetition 428
tcp_ping received 48 bytes back
Round trip time was 0.047659 milliseconds in repetition 429
tcp_ping received 48 bytes back
Round trip time was 0.041278 milliseconds in repetition 430
tcp_ping received 48 bytes back
Round trip time was 0.038035 milliseconds in repetition 431
tcp_ping received 48 bytes back
Round trip time was 0.047008 milliseconds in repetition 432
tcp_ping received 48 bytes back
Round trip time was 0.046978 milliseconds in repetition 433
tcp_ping received 48 bytes back
Round trip time was 0.043597 milliseconds in repetition 434
tcp_ping received 48 bytes back
Round trip time was 0.07832 milliseconds in repetition 435
tcp_ping received 48 bytes back
Round trip time was 0.054701 milliseconds in repetition 436
tcp_ping received 48 bytes back
Round trip time was 0.048739 milliseconds in repetition 437
tcp_ping received 48 bytes back
Round trip time was 0.045129 milliseconds in repetition 438
tcp_ping received 48 bytes back
Round trip time was 0.044248 milliseconds in repetition 439
tcp_ping received 48 bytes back
Round trip time was 0.053194 milliseconds in repetition 440
tcp_ping received 48 bytes back
Round trip time was 0.049609 milliseconds in repetition 441
tcp_ping received 48 bytes back
Round trip time was 0.040694 milliseconds in repetition 442
tcp_ping received 48 bytes back
Round trip time was 0.042005 milliseconds in repetition 443
tcp_ping received 48 bytes back
Round trip time was 0.04286 milliseconds in repetition 444
tcp_ping received 48 bytes back
Round trip time was 0.051117 milliseconds in repetition 445
tcp_ping received 48 bytes back
Round trip time was 0.054577 milliseconds in repetition 446
tcp_ping received 48 bytes back
Round trip time was 0.055744 milliseconds in repetition 447
tcp_ping received 48 bytes back
Round trip time was 0.038877 milliseconds in repetition 448
tcp_ping received 48 bytes back
Round trip time was 0.061665 milliseconds in repetition 449
tcp_ping received 48 bytes back
Round trip time was 0.054175 milliseconds in repetition 450
tcp_ping received 48 bytes back
Round trip time was 0.044735 milliseconds in repetition 451
tcp_ping received 48 bytes back
Round trip time was 0.059299 milliseconds in repetition 452
tcp_ping received 48 bytes back
Round trip time was 0.054172 milliseconds in repetition 453
tcp_ping received 48 bytes back
Round trip time was 0.050234 milliseconds in repetition 454
tcp_ping received 48 bytes back
Round trip time was 0.062586 milliseconds in repetition 455
tcp_ping received 48 bytes back
Round trip time was 0.059802 milliseconds in repetition 456
tcp_ping received 48 bytes back
Round trip time was 0.047481 milliseconds in repetition 457
tcp_ping received 48 bytes back
Round trip time was 0.045844 milliseconds in repetition 458
tcp_ping received 48 bytes back
Round trip time was 0.042355 milliseconds in repetition 459
tcp_ping received 48 bytes back
Round trip time was 0.048908 milliseconds in repetition 460
tcp_ping received 48 bytes back
Round trip time was 0.042059 milliseconds in repetition 461
tcp_ping received 48 bytes back
Round trip time was 0.042254 milliseconds in repetition 462
tcp_ping received 48 bytes back
Round trip time was 0.053101 milliseconds in repetition 463
tcp_ping received 48 bytes back
Round trip time was 0.051334 milliseconds in repetition 464
tcp_ping received 48 bytes back
Round trip time was 0.045799 milliseconds in repetition 465
tcp_ping received 48 bytes back
Round trip time was 0.237056 milliseconds in repetition 466
tcp_ping received 48 bytes back
Round trip time was 0.069773 milliseconds in repetition 467
tcp_ping received 48 bytes back
Round trip time was 0.046564 milliseconds in repetition 468
tcp_ping received 48 bytes back
Round trip time was 0.050681 milliseconds in repetition 469
tcp_ping received 48 bytes back
Round trip time was 0.044478 milliseconds in repetition 470
tcp_ping received 48 bytes back
Round trip time was 0.046837 milliseconds in repetition 471
tcp_ping received 48 bytes back
Round trip time was 0.060549 milliseconds in repetition 472
tcp_ping received 48 bytes back
Round trip time was 0.046777 milliseconds in repetition 473
tcp_ping received 48 bytes back
Round trip time was 0.05804 milliseconds in repetition 474
tcp_ping received 48 bytes back
Round trip time was 0.046622 milliseconds in repetition 475
tcp_ping received 48 bytes back
Round trip time was 0.04398 milliseconds in repetition 476
tcp_ping received 48 bytes back
Round trip time was 0.040767 milliseconds in repetition 477
tcp_ping received 48 bytes back
Round trip time was 0.042847 milliseconds in repetition 478
tcp_ping received 48 bytes back
Round trip time was 0.041803 milliseconds in repetition 479
tcp_ping received 48 bytes back
Round trip time was 0.046244 milliseconds in repetition 480
tcp_ping received 48 bytes back
Round trip time was 0.122154 milliseconds in repetition 481
tcp_ping received 48 bytes back
Round trip time was 0.048791 milliseconds in repetition 482
tcp_ping received 48 bytes back
Round trip time was 0.055475 milliseconds in repetition 483
tcp_ping received 48 bytes back
Round trip time was 0.050258 milliseconds in repetition 484
tcp_ping received 48 bytes back
Round trip time was 0.042972 milliseconds in repetition 485
tcp_ping received 48 bytes back
Round trip time was 0.053013 milliseconds in repetition 486
tcp_ping received 48 bytes back
Round trip time was 0.047209 milliseconds in repetition 487
tcp_ping received 48 bytes back
Round trip time was 0.039723 milliseconds in repetition 488
tcp_ping received 48 bytes back
Round trip time was 0.052378 milliseconds in repetition 489
tcp_ping received 48 bytes back
Round trip time was 0.055068 milliseconds in repetition 490
tcp_ping received 48 bytes back
Round trip time was 0.063834 milliseconds in repetition 491
tcp_ping received 48 bytes back
Round trip time was 0.050087 milliseconds in repetition 492
tcp_ping received 48 bytes back
Round trip time was 0.092258 milliseconds in repetition 493
tcp_ping received 48 bytes back
Round trip time was 0.083315 milliseconds in repetition 494
tcp_ping received 48 bytes back
Round trip time was 0.062533 milliseconds in repetition 495
tcp_ping received 48 bytes back
Round trip time was 0.062383 milliseconds in repetition 496
tcp_ping received 48 bytes back
Round trip time was 0.05632 milliseconds in repetition 497
tcp_ping received 48 bytes back
Round trip time was 0.085738 milliseconds in repetition 498
tcp_ping received 48 bytes back
Round trip time was 0.046921 milliseconds in repetition 499
tcp_ping received 48 bytes back
Round trip time was 0.045651 milliseconds in repetition 500
tcp_ping received 48 bytes back
Round trip time was 0.371138 milliseconds in repetition 501

 ... clock resolution was 1e-06
TCP Ping:  Statistics over 501 repetitions of 48 byte messages

RTT : percentile 10: 0.044275, median: 0.05804, percentile 90: 0.121054, average: 0.0698865, variance: 0.00155637

RTT histogram:
0.0323965 19
0.0493336 230
0.0662707 148
0.0832078 37
0.100145 8
0.117082 14
0.134019 15
0.150956 6
0.167893 11
0.18483 1
0.201768 4
0.218705 3
0.235642 2
0.252579 0
0.269516 1
0.286453 0
0.30339 0
0.320327 0
0.337264 1
0.354201 0
0.371138 1

   median Throughput : 1654.03 KB/s   overall Throughput : 1373.66 KB/s

