TCP Ping trying to connect to server 127.0.0.1 (127.0.0.1) on port 1491
 ... connected to Pong server: asking for 501 repetitions of 1024 bytes TCP messages
 ... Pong server agreed :-)
tcp_ping received 1024 bytes back
Round trip time was 0.057378 milliseconds in repetition 1
tcp_ping received 1024 bytes back
Round trip time was 0.05298 milliseconds in repetition 2
tcp_ping received 1024 bytes back
Round trip time was 0.040356 milliseconds in repetition 3
tcp_ping received 1024 bytes back
Round trip time was 0.048076 milliseconds in repetition 4
tcp_ping received 1024 bytes back
Round trip time was 0.070252 milliseconds in repetition 5
tcp_ping received 1024 bytes back
Round trip time was 0.069358 milliseconds in repetition 6
tcp_ping received 1024 bytes back
Round trip time was 0.047292 milliseconds in repetition 7
tcp_ping received 1024 bytes back
Round trip time was 0.068613 milliseconds in repetition 8
tcp_ping received 1024 bytes back
Round trip time was 0.070733 milliseconds in repetition 9
tcp_ping received 1024 bytes back
Round trip time was 0.052567 milliseconds in repetition 10
tcp_ping received 1024 bytes back
Round trip time was 0.092536 milliseconds in repetition 11
tcp_ping received 1024 bytes back
Round trip time was 0.112452 milliseconds in repetition 12
tcp_ping received 1024 bytes back
Round trip time was 0.056051 milliseconds in repetition 13
tcp_ping received 1024 bytes back
Round trip time was 0.047784 milliseconds in repetition 14
tcp_ping received 1024 bytes back
Round trip time was 0.083508 milliseconds in repetition 15
tcp_ping received 1024 bytes back
Round trip time was 0.072145 milliseconds in repetition 16
tcp_ping received 1024 bytes back
Round trip time was 0.070264 milliseconds in repetition 17
tcp_ping received 1024 bytes back
Round trip time was 0.073744 milliseconds in repetition 18
tcp_ping received 1024 bytes back
Round trip time was 0.062431 milliseconds in repetition 19
tcp_ping received 1024 bytes back
Round trip time was 0.063341 milliseconds in repetition 20
tcp_ping received 1024 bytes back
Round trip time was 0.070389 milliseconds in repetition 21
tcp_ping received 1024 bytes back
Round trip time was 0.048228 milliseconds in repetition 22
tcp_ping received 1024 bytes back
Round trip time was 0.04447 milliseconds in repetition 23
tcp_ping received 1024 bytes back
Round trip time was 0.053186 milliseconds in repetition 24
tcp_ping received 1024 bytes back
Round trip time was 0.067696 milliseconds in repetition 25
tcp_ping received 1024 bytes back
Round trip time was 0.05349 milliseconds in repetition 26
tcp_ping received 1024 bytes back
Round trip time was 0.052752 milliseconds in repetition 27
tcp_ping received 1024 bytes back
Round trip time was 0.03944 milliseconds in repetition 28
tcp_ping received 1024 bytes back
Round trip time was 0.090185 milliseconds in repetition 29
tcp_ping received 1024 bytes back
Round trip time was 0.049874 milliseconds in repetition 30
tcp_ping received 1024 bytes back
Round trip time was 0.042547 milliseconds in repetition 31
tcp_ping received 1024 bytes back
Round trip time was 0.041786 milliseconds in repetition 32
tcp_ping received 1024 bytes back
Round trip time was 0.063021 milliseconds in repetition 33
tcp_ping received 1024 bytes back
Round trip time was 0.055104 milliseconds in repetition 34
tcp_ping received 1024 bytes back
Round trip time was 0.056725 milliseconds in repetition 35
tcp_ping received 1024 bytes back
Round trip time was 0.060551 milliseconds in repetition 36
tcp_ping received 1024 bytes back
Round trip time was 0.058646 milliseconds in repetition 37
tcp_ping received 1024 bytes back
Round trip time was 0.061613 milliseconds in repetition 38
tcp_ping received 1024 bytes back
Round trip time was 0.075713 milliseconds in repetition 39
tcp_ping received 1024 bytes back
Round trip time was 0.054443 milliseconds in repetition 40
tcp_ping received 1024 bytes back
Round trip time was 0.068015 milliseconds in repetition 41
tcp_ping received 1024 bytes back
Round trip time was 0.056479 milliseconds in repetition 42
tcp_ping received 1024 bytes back
Round trip time was 0.047227 milliseconds in repetition 43
tcp_ping received 1024 bytes back
Round trip time was 0.045335 milliseconds in repetition 44
tcp_ping received 1024 bytes back
Round trip time was 0.0418 milliseconds in repetition 45
tcp_ping received 1024 bytes back
Round trip time was 0.056427 milliseconds in repetition 46
tcp_ping received 1024 bytes back
Round trip time was 0.045655 milliseconds in repetition 47
tcp_ping received 1024 bytes back
Round trip time was 0.047302 milliseconds in repetition 48
tcp_ping received 1024 bytes back
Round trip time was 0.048828 milliseconds in repetition 49
tcp_ping received 1024 bytes back
Round trip time was 0.039951 milliseconds in repetition 50
tcp_ping received 1024 bytes back
Round trip time was 0.039566 milliseconds in repetition 51
tcp_ping received 1024 bytes back
Round trip time was 0.042735 milliseconds in repetition 52
tcp_ping received 1024 bytes back
Round trip time was 0.057444 milliseconds in repetition 53
tcp_ping received 1024 bytes back
Round trip time was 0.049165 milliseconds in repetition 54
tcp_ping received 1024 bytes back
Round trip time was 0.043671 milliseconds in repetition 55
tcp_ping received 1024 bytes back
Round trip time was 0.049284 milliseconds in repetition 56
tcp_ping received 1024 bytes back
Round trip time was 0.05551 milliseconds in repetition 57
tcp_ping received 1024 bytes back
Round trip time was 0.055077 milliseconds in repetition 58
tcp_ping received 1024 bytes back
Round trip time was 0.047968 milliseconds in repetition 59
tcp_ping received 1024 bytes back
Round trip time was 0.050081 milliseconds in repetition 60
tcp_ping received 1024 bytes back
Round trip time was 0.042781 milliseconds in repetition 61
tcp_ping received 1024 bytes back
Round trip time was 0.040025 milliseconds in repetition 62
tcp_ping received 1024 bytes back
Round trip time was 0.044254 milliseconds in repetition 63
tcp_ping received 1024 bytes back
Round trip time was 0.047328 milliseconds in repetition 64
tcp_ping received 1024 bytes back
Round trip time was 0.051494 milliseconds in repetition 65
tcp_ping received 1024 bytes back
Round trip time was 0.039879 milliseconds in repetition 66
tcp_ping received 1024 bytes back
Round trip time was 0.055344 milliseconds in repetition 67
tcp_ping received 1024 bytes back
Round trip time was 0.052798 milliseconds in repetition 68
tcp_ping received 1024 bytes back
Round trip time was 0.05094 milliseconds in repetition 69
tcp_ping received 1024 bytes back
Round trip time was 0.044536 milliseconds in repetition 70
tcp_ping received 1024 bytes back
Round trip time was 0.050969 milliseconds in repetition 71
tcp_ping received 1024 bytes back
Round trip time was 0.043568 milliseconds in repetition 72
tcp_ping received 1024 bytes back
Round trip time was 0.055265 milliseconds in repetition 73
tcp_ping received 1024 bytes back
Round trip time was 0.049521 milliseconds in repetition 74
tcp_ping received 1024 bytes back
Round trip time was 0.050491 milliseconds in repetition 75
tcp_ping received 1024 bytes back
Round trip time was 0.060092 milliseconds in repetition 76
tcp_ping received 1024 bytes back
Round trip time was 0.046005 milliseconds in repetition 77
tcp_ping received 1024 bytes back
Round trip time was 0.048714 milliseconds in repetition 78
tcp_ping received 1024 bytes back
Round trip time was 0.042914 milliseconds in repetition 79
tcp_ping received 1024 bytes back
Round trip time was 0.055371 milliseconds in repetition 80
tcp_ping received 1024 bytes back
Round trip time was 0.044968 milliseconds in repetition 81
tcp_ping received 1024 bytes back
Round trip time was 0.053271 milliseconds in repetition 82
tcp_ping received 1024 bytes back
Round trip time was 0.051887 milliseconds in repetition 83
tcp_ping received 1024 bytes back
Round trip time was 0.045252 milliseconds in repetition 84
tcp_ping received 1024 bytes back
Round trip time was 0.075216 milliseconds in repetition 85
tcp_ping received 1024 bytes back
Round trip time was 0.084349 milliseconds in repetition 86
tcp_ping received 1024 bytes back
Round trip time was 0.061083 milliseconds in repetition 87
tcp_ping received 1024 bytes back
Round trip time was 0.054945 milliseconds in repetition 88
tcp_ping received 1024 bytes back
Round trip time was 0.038961 milliseconds in repetition 89
tcp_ping received 1024 bytes back
Round trip time was 0.045332 milliseconds in repetition 90
tcp_ping received 1024 bytes back
Round trip time was 0.051704 milliseconds in repetition 91
tcp_ping received 1024 bytes back
Round trip time was 0.047708 milliseconds in repetition 92
tcp_ping received 1024 bytes back
Round trip time was 0.055707 milliseconds in repetition 93
tcp_ping received 1024 bytes back
Round trip time was 0.041989 milliseconds in repetition 94
tcp_ping received 1024 bytes back
Round trip time was 0.04142 milliseconds in repetition 95
tcp_ping received 1024 bytes back
Round trip time was 0.039709 milliseconds in repetition 96
tcp_ping received 1024 bytes back
Round trip time was 0.046215 milliseconds in repetition 97
tcp_ping received 1024 bytes back
Round trip time was 0.041853 milliseconds in repetition 98
tcp_ping received 1024 bytes back
Round trip time was 0.047575 milliseconds in repetition 99
tcp_ping received 1024 bytes back
Round trip time was 0.054603 milliseconds in repetition 100
tcp_ping received 1024 bytes back
Round trip time was 0.055267 milliseconds in repetition 101
tcp_ping received 1024 bytes back
Round trip time was 0.056348 milliseconds in repetition 102
tcp_ping received 1024 bytes back
Round trip time was 0.050969 milliseconds in repetition 103
tcp_ping received 1024 bytes back
Round trip time was 0.057561 milliseconds in repetition 104
tcp_ping received 1024 bytes back
Round trip time was 0.043557 milliseconds in repetition 105
tcp_ping received 1024 bytes back
Round trip time was 0.046924 milliseconds in repetition 106
tcp_ping received 1024 bytes back
Round trip time was 0.082357 milliseconds in repetition 107
tcp_ping received 1024 bytes back
Round trip time was 0.06351 milliseconds in repetition 108
tcp_ping received 1024 bytes back
Round trip time was 0.049085 milliseconds in repetition 109
tcp_ping received 1024 bytes back
Round trip time was 0.055466 milliseconds in repetition 110
tcp_ping received 1024 bytes back
Round trip time was 0.04339 milliseconds in repetition 111
tcp_ping received 1024 bytes back
Round trip time was 0.066025 milliseconds in repetition 112
tcp_ping received 1024 bytes back
Round trip time was 0.047493 milliseconds in repetition 113
tcp_ping received 1024 bytes back
Round trip time was 0.056446 milliseconds in repetition 114
tcp_ping received 1024 bytes back
Round trip time was 0.077245 milliseconds in repetition 115
tcp_ping received 1024 bytes back
Round trip time was 0.158667 milliseconds in repetition 116
tcp_ping received 1024 bytes back
Round trip time was 0.058392 milliseconds in repetition 117
tcp_ping received 1024 bytes back
Round trip time was 0.048489 milliseconds in repetition 118
tcp_ping received 1024 bytes back
Round trip time was 0.054414 milliseconds in repetition 119
tcp_ping received 1024 bytes back
Round trip time was 0.071508 milliseconds in repetition 120
tcp_ping received 1024 bytes back
Round trip time was 0.053402 milliseconds in repetition 121
tcp_ping received 1024 bytes back
Round trip time was 0.042546 milliseconds in repetition 122
tcp_ping received 1024 bytes back
Round trip time was 0.041931 milliseconds in repetition 123
tcp_ping received 1024 bytes back
Round trip time was 0.053957 milliseconds in repetition 124
tcp_ping received 1024 bytes back
Round trip time was 0.052142 milliseconds in repetition 125
tcp_ping received 1024 bytes back
Round trip time was 0.066486 milliseconds in repetition 126
tcp_ping received 1024 bytes back
Round trip time was 0.048812 milliseconds in repetition 127
tcp_ping received 1024 bytes back
Round trip time was 0.043853 milliseconds in repetition 128
tcp_ping received 1024 bytes back
Round trip time was 0.05152 milliseconds in repetition 129
tcp_ping received 1024 bytes back
Round trip time was 0.054716 milliseconds in repetition 130
tcp_ping received 1024 bytes back
Round trip time was 0.047479 milliseconds in repetition 131
tcp_ping received 1024 bytes back
Round trip time was 0.071024 milliseconds in repetition 132
tcp_ping received 1024 bytes back
Round trip time was 0.061859 milliseconds in repetition 133
tcp_ping received 1024 bytes back
Round trip time was 0.054356 milliseconds in repetition 134
tcp_ping received 1024 bytes back
Round trip time was 0.054106 milliseconds in repetition 135
tcp_ping received 1024 bytes back
Round trip time was 0.057166 milliseconds in repetition 136
tcp_ping received 1024 bytes back
Round trip time was 0.054699 milliseconds in repetition 137
tcp_ping received 1024 bytes back
Round trip time was 0.043182 milliseconds in repetition 138
tcp_ping received 1024 bytes back
Round trip time was 0.03929 milliseconds in repetition 139
tcp_ping received 1024 bytes back
Round trip time was 0.076385 milliseconds in repetition 140
tcp_ping received 1024 bytes back
Round trip time was 0.048382 milliseconds in repetition 141
tcp_ping received 1024 bytes back
Round trip time was 0.056255 milliseconds in repetition 142
tcp_ping received 1024 bytes back
Round trip time was 0.055711 milliseconds in repetition 143
tcp_ping received 1024 bytes back
Round trip time was 0.051407 milliseconds in repetition 144
tcp_ping received 1024 bytes back
Round trip time was 0.06275 milliseconds in repetition 145
tcp_ping received 1024 bytes back
Round trip time was 0.050457 milliseconds in repetition 146
tcp_ping received 1024 bytes back
Round trip time was 0.049898 milliseconds in repetition 147
tcp_ping received 1024 bytes back
Round trip time was 0.048162 milliseconds in repetition 148
tcp_ping received 1024 bytes back
Round trip time was 0.041848 milliseconds in repetition 149
tcp_ping received 1024 bytes back
Round trip time was 0.041112 milliseconds in repetition 150
tcp_ping received 1024 bytes back
Round trip time was 0.050512 milliseconds in repetition 151
tcp_ping received 1024 bytes back
Round trip time was 0.03948 milliseconds in repetition 152
tcp_ping received 1024 bytes back
Round trip time was 0.055164 milliseconds in repetition 153
tcp_ping received 1024 bytes back
Round trip time was 0.043414 milliseconds in repetition 154
tcp_ping received 1024 bytes back
Round trip time was 0.040988 milliseconds in repetition 155
tcp_ping received 1024 bytes back
Round trip time was 0.047178 milliseconds in repetition 156
tcp_ping received 1024 bytes back
Round trip time was 0.046848 milliseconds in repetition 157
tcp_ping received 1024 bytes back
Round trip time was 0.051827 milliseconds in repetition 158
tcp_ping received 1024 bytes back
Round trip time was 0.049319 milliseconds in repetition 159
tcp_ping received 1024 bytes back
Round trip time was 0.053455 milliseconds in repetition 160
tcp_ping received 1024 bytes back
Round trip time was 0.047605 milliseconds in repetition 161
tcp_ping received 1024 bytes back
Round trip time was 0.051916 milliseconds in repetition 162
tcp_ping received 1024 bytes back
Round trip time was 0.053229 milliseconds in repetition 163
tcp_ping received 1024 bytes back
Round trip time was 0.04323 milliseconds in repetition 164
tcp_ping received 1024 bytes back
Round trip time was 0.040039 milliseconds in repetition 165
tcp_ping received 1024 bytes back
Round trip time was 0.046823 milliseconds in repetition 166
tcp_ping received 1024 bytes back
Round trip time was 0.045737 milliseconds in repetition 167
tcp_ping received 1024 bytes back
Round trip time was 0.04582 milliseconds in repetition 168
tcp_ping received 1024 bytes back
Round trip time was 0.045955 milliseconds in repetition 169
tcp_ping received 1024 bytes back
Round trip time was 0.043848 milliseconds in repetition 170
tcp_ping received 1024 bytes back
Round trip time was 0.045444 milliseconds in repetition 171
tcp_ping received 1024 bytes back
Round trip time was 0.059229 milliseconds in repetition 172
tcp_ping received 1024 bytes back
Round trip time was 0.044836 milliseconds in repetition 173
tcp_ping received 1024 bytes back
Round trip time was 0.042547 milliseconds in repetition 174
tcp_ping received 1024 bytes back
Round trip time was 0.049863 milliseconds in repetition 175
tcp_ping received 1024 bytes back
Round trip time was 0.050034 milliseconds in repetition 176
tcp_ping received 1024 bytes back
Round trip time was 0.04455 milliseconds in repetition 177
tcp_ping received 1024 bytes back
Round trip time was 0.042503 milliseconds in repetition 178
tcp_ping received 1024 bytes back
Round trip time was 0.043328 milliseconds in repetition 179
tcp_ping received 1024 bytes back
Round trip time was 0.036151 milliseconds in repetition 180
tcp_ping received 1024 bytes back
Round trip time was 0.052866 milliseconds in repetition 181
tcp_ping received 1024 bytes back
Round trip time was 0.045638 milliseconds in repetition 182
tcp_ping received 1024 bytes back
Round trip time was 0.053363 milliseconds in repetition 183
tcp_ping received 1024 bytes back
Round trip time was 0.054715 milliseconds in repetition 184
tcp_ping received 1024 bytes back
Round trip time was 0.043328 milliseconds in repetition 185
tcp_ping received 1024 bytes back
Round trip time was 0.070202 milliseconds in repetition 186
tcp_ping received 1024 bytes back
Round trip time was 0.045229 milliseconds in repetition 187
tcp_ping received 1024 bytes back
Round trip time was 0.043593 milliseconds in repetition 188
tcp_ping received 1024 bytes back
Round trip time was 0.051349 milliseconds in repetition 189
tcp_ping received 1024 bytes back
Round trip time was 0.05122 milliseconds in repetition 190
tcp_ping received 1024 bytes back
Round trip time was 0.046804 milliseconds in repetition 191
tcp_ping received 1024 bytes back
Round trip time was 0.042401 milliseconds in repetition 192
tcp_ping received 1024 bytes back
Round trip time was 0.060582 milliseconds in repetition 193
tcp_ping received 1024 bytes back
Round trip time was 0.04541 milliseconds in repetition 194
tcp_ping received 1024 bytes back
Round trip time was 0.054115 milliseconds in repetition 195
tcp_ping received 1024 bytes back
Round trip time was 0.045419 milliseconds in repetition 196
tcp_ping received 1024 bytes back
Round trip time was 0.053739 milliseconds in repetition 197
tcp_ping received 1024 bytes back
Round trip time was 0.038244 milliseconds in repetition 198
tcp_ping received 1024 bytes back
Round trip time was 0.055977 milliseconds in repetition 199
tcp_ping received 1024 bytes back
Round trip time was 0.066145 milliseconds in repetition 200
tcp_ping received 1024 bytes back
Round trip time was 0.04657 milliseconds in repetition 201
tcp_ping received 1024 bytes back
Round trip time was 0.04309 milliseconds in repetition 202
tcp_ping received 1024 bytes back
Round trip time was 0.033988 milliseconds in repetition 203
tcp_ping received 1024 bytes back
Round trip time was 0.043176 milliseconds in repetition 204
tcp_ping received 1024 bytes back
Round trip time was 0.054363 milliseconds in repetition 205
tcp_ping received 1024 bytes back
Round trip time was 0.052135 milliseconds in repetition 206
tcp_ping received 1024 bytes back
Round trip time was 0.048822 milliseconds in repetition 207
tcp_ping received 1024 bytes back
Round trip time was 0.062558 milliseconds in repetition 208
tcp_ping received 1024 bytes back
Round trip time was 0.048672 milliseconds in repetition 209
tcp_ping received 1024 bytes back
Round trip time was 0.040764 milliseconds in repetition 210
tcp_ping received 1024 bytes back
Round trip time was 0.049717 milliseconds in repetition 211
tcp_ping received 1024 bytes back
Round trip time was 0.04452 milliseconds in repetition 212
tcp_ping received 1024 bytes back
Round trip time was 0.050456 milliseconds in repetition 213
tcp_ping received 1024 bytes back
Round trip time was 0.050954 milliseconds in repetition 214
tcp_ping received 1024 bytes back
Round trip time was 0.043185 milliseconds in repetition 215
tcp_ping received 1024 bytes back
Round trip time was 0.047548 milliseconds in repetition 216
tcp_ping received 1024 bytes back
Round trip time was 0.044817 milliseconds in repetition 217
tcp_ping received 1024 bytes back
Round trip time was 0.056065 milliseconds in repetition 218
tcp_ping received 1024 bytes back
Round trip time was 0.054944 milliseconds in repetition 219
tcp_ping received 1024 bytes back
Round trip time was 0.05221 milliseconds in repetition 220
tcp_ping received 1024 bytes back
Round trip time was 0.062711 milliseconds in repetition 221
tcp_ping received 1024 bytes back
Round trip time was 0.060177 milliseconds in repetition 222
tcp_ping received 1024 bytes back
Round trip time was 0.051266 milliseconds in repetition 223
tcp_ping received 1024 bytes back
Round trip time was 0.055687 milliseconds in repetition 224
tcp_ping received 1024 bytes back
Round trip time was 0.04915 milliseconds in repetition 225
tcp_ping received 1024 bytes back
Round trip time was 0.046254 milliseconds in repetition 226
tcp_ping received 1024 bytes back
Round trip time was 0.055815 milliseconds in repetition 227
tcp_ping received 1024 bytes back
Round trip time was 0.044393 milliseconds in repetition 228
tcp_ping received 1024 bytes back
Round trip time was 0.057742 milliseconds in repetition 229
tcp_ping received 1024 bytes back
Round trip time was 0.055654 milliseconds in repetition 230
tcp_ping received 1024 bytes back
Round trip time was 0.04969 milliseconds in repetition 231
tcp_ping received 1024 bytes back
Round trip time was 0.050826 milliseconds in repetition 232
tcp_ping received 1024 bytes back
Round trip time was 0.046365 milliseconds in repetition 233
tcp_ping received 1024 bytes back
Round trip time was 0.050692 milliseconds in repetition 234
tcp_ping received 1024 bytes back
Round trip time was 0.050005 milliseconds in repetition 235
tcp_ping received 1024 bytes back
Round trip time was 0.051851 milliseconds in repetition 236
tcp_ping received 1024 bytes back
Round trip time was 0.068156 milliseconds in repetition 237
tcp_ping received 1024 bytes back
Round trip time was 0.047222 milliseconds in repetition 238
tcp_ping received 1024 bytes back
Round trip time was 0.042547 milliseconds in repetition 239
tcp_ping received 1024 bytes back
Round trip time was 0.043038 milliseconds in repetition 240
tcp_ping received 1024 bytes back
Round trip time was 0.119898 milliseconds in repetition 241
tcp_ping received 1024 bytes back
Round trip time was 0.061666 milliseconds in repetition 242
tcp_ping received 1024 bytes back
Round trip time was 0.053345 milliseconds in repetition 243
tcp_ping received 1024 bytes back
Round trip time was 0.049445 milliseconds in repetition 244
tcp_ping received 1024 bytes back
Round trip time was 0.05406 milliseconds in repetition 245
tcp_ping received 1024 bytes back
Round trip time was 0.090488 milliseconds in repetition 246
tcp_ping received 1024 bytes back
Round trip time was 0.084007 milliseconds in repetition 247
tcp_ping received 1024 bytes back
Round trip time was 0.06428 milliseconds in repetition 248
tcp_ping received 1024 bytes back
Round trip time was 0.054319 milliseconds in repetition 249
tcp_ping received 1024 bytes back
Round trip time was 0.051835 milliseconds in repetition 250
tcp_ping received 1024 bytes back
Round trip time was 0.164337 milliseconds in repetition 251
tcp_ping received 1024 bytes back
Round trip time was 0.055465 milliseconds in repetition 252
tcp_ping received 1024 bytes back
Round trip time was 0.078701 milliseconds in repetition 253
tcp_ping received 1024 bytes back
Round trip time was 0.052033 milliseconds in repetition 254
tcp_ping received 1024 bytes back
Round trip time was 0.057421 milliseconds in repetition 255
tcp_ping received 1024 bytes back
Round trip time was 0.058132 milliseconds in repetition 256
tcp_ping received 1024 bytes back
Round trip time was 0.052346 milliseconds in repetition 257
tcp_ping received 1024 bytes back
Round trip time was 0.044888 milliseconds in repetition 258
tcp_ping received 1024 bytes back
Round trip time was 0.079004 milliseconds in repetition 259
tcp_ping received 1024 bytes back
Round trip time was 0.062717 milliseconds in repetition 260
tcp_ping received 1024 bytes back
Round trip time was 0.055746 milliseconds in repetition 261
tcp_ping received 1024 bytes back
Round trip time was 0.050978 milliseconds in repetition 262
tcp_ping received 1024 bytes back
Round trip time was 0.054396 milliseconds in repetition 263
tcp_ping received 1024 bytes back
Round trip time was 0.048029 milliseconds in repetition 264
tcp_ping received 1024 bytes back
Round trip time was 0.043925 milliseconds in repetition 265
tcp_ping received 1024 bytes back
Round trip time was 0.037806 milliseconds in repetition 266
tcp_ping received 1024 bytes back
Round trip time was 0.043232 milliseconds in repetition 267
tcp_ping received 1024 bytes back
Round trip time was 0.05073 milliseconds in repetition 268
tcp_ping received 1024 bytes back
Round trip time was 0.040487 milliseconds in repetition 269
tcp_ping received 1024 bytes back
Round trip time was 0.041366 milliseconds in repetition 270
tcp_ping received 1024 bytes back
Round trip time was 0.049215 milliseconds in repetition 271
tcp_ping received 1024 bytes back
Round trip time was 0.049592 milliseconds in repetition 272
tcp_ping received 1024 bytes back
Round trip time was 0.175104 milliseconds in repetition 273
tcp_ping received 1024 bytes back
Round trip time was 0.047762 milliseconds in repetition 274
tcp_ping received 1024 bytes back
Round trip time was 0.049524 milliseconds in repetition 275
tcp_ping received 1024 bytes back
Round trip time was 0.044143 milliseconds in repetition 276
tcp_ping received 1024 bytes back
Round trip time was 0.05868 milliseconds in repetition 277
tcp_ping received 1024 bytes back
Round trip time was 0.055639 milliseconds in repetition 278
tcp_ping received 1024 bytes back
Round trip time was 0.053305 milliseconds in repetition 279
tcp_ping received 1024 bytes back
Round trip time was 0.043716 milliseconds in repetition 280
tcp_ping received 1024 bytes back
Round trip time was 0.04484 milliseconds in repetition 281
tcp_ping received 1024 bytes back
Round trip time was 0.056426 milliseconds in repetition 282
tcp_ping received 1024 bytes back
Round trip time was 0.055875 milliseconds in repetition 283
tcp_ping received 1024 bytes back
Round trip time was 0.052586 milliseconds in repetition 284
tcp_ping received 1024 bytes back
Round trip time was 0.043135 milliseconds in repetition 285
tcp_ping received 1024 bytes back
Round trip time was 0.051569 milliseconds in repetition 286
tcp_ping received 1024 bytes back
Round trip time was 0.044473 milliseconds in repetition 287
tcp_ping received 1024 bytes back
Round trip time was 0.046285 milliseconds in repetition 288
tcp_ping received 1024 bytes back
Round trip time was 0.044209 milliseconds in repetition 289
tcp_ping received 1024 bytes back
Round trip time was 0.042383 milliseconds in repetition 290
tcp_ping received 1024 bytes back
Round trip time was 0.049736 milliseconds in repetition 291
tcp_ping received 1024 bytes back
Round trip time was 0.051336 milliseconds in repetition 292
tcp_ping received 1024 bytes back
Round trip time was 0.047019 milliseconds in repetition 293
tcp_ping received 1024 bytes back
Round trip time was 0.049918 milliseconds in repetition 294
tcp_ping received 1024 bytes back
Round trip time was 0.046488 milliseconds in repetition 295
tcp_ping received 1024 bytes back
Round trip time was 0.035098 milliseconds in repetition 296
tcp_ping received 1024 bytes back
Round trip time was 0.039376 milliseconds in repetition 297
tcp_ping received 1024 bytes back
Round trip time was 0.04483 milliseconds in repetition 298
tcp_ping received 1024 bytes back
Round trip time was 0.044448 milliseconds in repetition 299
tcp_ping received 1024 bytes back
Round trip time was 0.046051 milliseconds in repetition 300
tcp_ping received 1024 bytes back
Round trip time was 0.045929 milliseconds in repetition 301
tcp_ping received 1024 bytes back
Round trip time was 0.044531 milliseconds in repetition 302
tcp_ping received 1024 bytes back
Round trip time was 0.042631 milliseconds in repetition 303
tcp_ping received 1024 bytes back
Round trip time was 0.058192 milliseconds in repetition 304
tcp_ping received 1024 bytes back
Round trip time was 0.052134 milliseconds in repetition 305
tcp_ping received 1024 bytes back
Round trip time was 0.053331 milliseconds in repetition 306
tcp_ping received 1024 bytes back
Round trip time was 0.041807 milliseconds in repetition 307
tcp_ping received 1024 bytes back
Round trip time was 0.033463 milliseconds in repetition 308
tcp_ping received 1024 bytes back
Round trip time was 0.045296 milliseconds in repetition 309
tcp_ping received 1024 bytes back
Round trip time was 0.045606 milliseconds in repetition 310
tcp_ping received 1024 bytes back
Round trip time was 0.049828 milliseconds in repetition 311
tcp_ping received 1024 bytes back
Round trip time was 0.043586 milliseconds in repetition 312
tcp_ping received 1024 bytes back
Round trip time was 0.044043 milliseconds in repetition 313
tcp_ping received 1024 bytes back
Round trip time was 0.037615 milliseconds in repetition 314
tcp_ping received 1024 bytes back
Round trip time was 0.045717 milliseconds in repetition 315
tcp_ping received 1024 bytes back
Round trip time was 0.03892 milliseconds in repetition 316
tcp_ping received 1024 bytes back
Round trip time was 0.049211 milliseconds in repetition 317
tcp_ping received 1024 bytes back
Round trip time was 0.043093 milliseconds in repetition 318
tcp_ping received 1024 bytes back
Round trip time was 0.059035 milliseconds in repetition 319
tcp_ping received 1024 bytes back
Round trip time was 0.05 milliseconds in repetition 320
tcp_ping received 1024 bytes back
Round trip time was 0.082917 milliseconds in repetition 321
tcp_ping received 1024 bytes back
Round trip time was 0.052251 milliseconds in repetition 322
tcp_ping received 1024 bytes back
Round trip time was 0.048478 milliseconds in repetition 323
tcp_ping received 1024 bytes back
Round trip time was 0.047002 milliseconds in repetition 324
tcp_ping received 1024 bytes back
Round trip time was 0.074065 milliseconds in repetition 325
tcp_ping received 1024 bytes back
Round trip time was 0.062171 milliseconds in repetition 326
tcp_ping received 1024 bytes back
Round trip time was 0.056295 milliseconds in repetition 327
tcp_ping received 1024 bytes back
Round trip time was 0.058993 milliseconds in repetition 328
tcp_ping received 1024 bytes back
Round trip time was 0.052517 milliseconds in repetition 329
tcp_ping received 1024 bytes back
Round trip time was 0.048458 milliseconds in repetition 330
tcp_ping received 1024 bytes back
Round trip time was 0.048916 milliseconds in repetition 331
tcp_ping received 1024 bytes back
Round trip time was 0.03688 milliseconds in repetition 332
tcp_ping received 1024 bytes back
Round trip time was 0.056712 milliseconds in repetition 333
tcp_ping received 1024 bytes back
Round trip time was 0.05706 milliseconds in repetition 334
tcp_ping received 1024 bytes back
Round trip time was 0.052368 milliseconds in repetition 335
tcp_ping received 1024 bytes back
Round trip time was 0.05797 milliseconds in repetition 336
tcp_ping received 1024 bytes back
Round trip time was 0.057204 milliseconds in repetition 337
tcp_ping received 1024 bytes back
Round trip time was 0.053842 milliseconds in repetition 338
tcp_ping received 1024 bytes back
Round trip time was 0.051448 milliseconds in repetition 339
tcp_ping received 1024 bytes back
Round trip time was 0.047466 milliseconds in repetition 340
tcp_ping received 1024 bytes back
Round trip time was 0.076258 milliseconds in repetition 341
tcp_ping received 1024 bytes back
Round trip time was 0.061063 milliseconds in repetition 342
tcp_ping received 1024 bytes back
Round trip time was 0.047317 milliseconds in repetition 343
tcp_ping received 1024 bytes back
Round trip time was 0.053663 milliseconds in repetition 344
tcp_ping received 1024 bytes back
Round trip time was 0.048009 milliseconds in repetition 345
tcp_ping received 1024 bytes back
Round trip time was 0.047639 milliseconds in repetition 346
tcp_ping received 1024 bytes back
Round trip time was 0.042853 milliseconds in repetition 347
tcp_ping received 1024 bytes back
Round trip time was 0.052737 milliseconds in repetition 348
tcp_ping received 1024 bytes back
Round trip time was 0.042844 milliseconds in repetition 349
tcp_ping received 1024 bytes back
Round trip time was 0.044345 milliseconds in repetition 350
tcp_ping received 1024 bytes back
Round trip time was 0.047309 milliseconds in repetition 351
tcp_ping received 1024 bytes back
Round trip time was 0.054297 milliseconds in repetition 352
tcp_ping received 1024 bytes back
Round trip time was 0.046098 milliseconds in repetition 353
tcp_ping received 1024 bytes back
Round trip time was 0.045114 milliseconds in repetition 354
tcp_ping received 1024 bytes back
Round trip time was 0.053577 milliseconds in repetition 355
tcp_ping received 1024 bytes back
Round trip time was 0.041154 milliseconds in repetition 356
tcp_ping received 1024 bytes back
Round trip time was 0.084174 milliseconds in repetition 357
tcp_ping received 1024 bytes back
Round trip time was 0.120589 milliseconds in repetition 358
tcp_ping received 1024 bytes back
Round trip time was 0.0504 milliseconds in repetition 359
tcp_ping received 1024 bytes back
Round trip time was 0.052663 milliseconds in repetition 360
tcp_ping received 1024 bytes back
Round trip time was 0.078064 milliseconds in repetition 361
tcp_ping received 1024 bytes back
Round trip time was 0.096373 milliseconds in repetition 362
tcp_ping received 1024 bytes back
Round trip time was 0.076343 milliseconds in repetition 363
tcp_ping received 1024 bytes back
Round trip time was 0.057569 milliseconds in repetition 364
tcp_ping received 1024 bytes back
Round trip time was 0.057899 milliseconds in repetition 365
tcp_ping received 1024 bytes back
Round trip time was 0.046635 milliseconds in repetition 366
tcp_ping received 1024 bytes back
Round trip time was 0.036118 milliseconds in repetition 367
tcp_ping received 1024 bytes back
Round trip time was 0.048318 milliseconds in repetition 368
tcp_ping received 1024 bytes back
Round trip time was 0.058431 milliseconds in repetition 369
tcp_ping received 1024 bytes back
Round trip time was 0.051772 milliseconds in repetition 370
tcp_ping received 1024 bytes back
Round trip time was 0.053269 milliseconds in repetition 371
tcp_ping received 1024 bytes back
Round trip time was 0.068862 milliseconds in repetition 372
tcp_ping received 1024 bytes back
Round trip time was 0.054023 milliseconds in repetition 373
tcp_ping received 1024 bytes back
Round trip time was 0.049982 milliseconds in repetition 374
tcp_ping received 1024 bytes back
Round trip time was 0.047414 milliseconds in repetition 375
tcp_ping received 1024 bytes back
Round trip time was 0.049738 milliseconds in repetition 376
tcp_ping received 1024 bytes back
Round trip time was 0.05636 milliseconds in repetition 377
tcp_ping received 1024 bytes back
Round trip time was 0.04919 milliseconds in repetition 378
tcp_ping received 1024 bytes back
Round trip time was 0.044231 milliseconds in repetition 379
tcp_ping received 1024 bytes back
Round trip time was 0.053034 milliseconds in repetition 380
tcp_ping received 1024 bytes back
Round trip time was 0.042377 milliseconds in repetition 381
tcp_ping received 1024 bytes back
Round trip time was 0.057951 milliseconds in repetition 382
tcp_ping received 1024 bytes back
Round trip time was 0.075486 milliseconds in repetition 383
tcp_ping received 1024 bytes back
Round trip time was 0.055119 milliseconds in repetition 384
tcp_ping received 1024 bytes back
Round trip time was 0.05674 milliseconds in repetition 385
tcp_ping received 1024 bytes back
Round trip time was 0.051407 milliseconds in repetition 386
tcp_ping received 1024 bytes back
Round trip time was 0.047487 milliseconds in repetition 387
tcp_ping received 1024 bytes back
Round trip time was 0.049819 milliseconds in repetition 388
tcp_ping received 1024 bytes back
Round trip time was 0.042534 milliseconds in repetition 389
tcp_ping received 1024 bytes back
Round trip time was 0.049292 milliseconds in repetition 390
tcp_ping received 1024 bytes back
Round trip time was 0.044164 milliseconds in repetition 391
tcp_ping received 1024 bytes back
Round trip time was 0.047444 milliseconds in repetition 392
tcp_ping received 1024 bytes back
Round trip time was 0.063449 milliseconds in repetition 393
tcp_ping received 1024 bytes back
Round trip time was 0.048666 milliseconds in repetition 394
tcp_ping received 1024 bytes back
Round trip time was 0.043535 milliseconds in repetition 395
tcp_ping received 1024 bytes back
Round trip time was 0.05003 milliseconds in repetition 396
tcp_ping received 1024 bytes back
Round trip time was 0.046448 milliseconds in repetition 397
tcp_ping received 1024 bytes back
Round trip time was 0.047874 milliseconds in repetition 398
tcp_ping received 1024 bytes back
Round trip time was 0.046428 milliseconds in repetition 399
tcp_ping received 1024 bytes back
Round trip time was 0.052004 milliseconds in repetition 400
tcp_ping received 1024 bytes back
Round trip time was 0.049577 milliseconds in repetition 401
tcp_ping received 1024 bytes back
Round trip time was 0.044471 milliseconds in repetition 402
tcp_ping received 1024 bytes back
Round trip time was 0.047122 milliseconds in repetition 403
tcp_ping received 1024 bytes back
Round trip time was 0.051308 milliseconds in repetition 404
tcp_ping received 1024 bytes back
Round trip time was 0.047285 milliseconds in repetition 405
tcp_ping received 1024 bytes back
Round trip time was 0.04743 milliseconds in repetition 406
tcp_ping received 1024 bytes back
Round trip time was 0.042823 milliseconds in repetition 407
tcp_ping received 1024 bytes back
Round trip time was 0.045266 milliseconds in repetition 408
tcp_ping received 1024 bytes back
Round trip time was 0.043878 milliseconds in repetition 409
tcp_ping received 1024 bytes back
Round trip time was 0.045869 milliseconds in repetition 410
tcp_ping received 1024 bytes back
Round trip time was 0.054391 milliseconds in repetition 411
tcp_ping received 1024 bytes back
Round trip time was 0.04672 milliseconds in repetition 412
tcp_ping received 1024 bytes back
Round trip time was 0.045404 milliseconds in repetition 413
tcp_ping received 1024 bytes back
Round trip time was 0.05358 milliseconds in repetition 414
tcp_ping received 1024 bytes back
Round trip time was 0.045421 milliseconds in repetition 415
tcp_ping received 1024 bytes back
Round trip time was 0.048469 milliseconds in repetition 416
tcp_ping received 1024 bytes back
Round trip time was 0.050151 milliseconds in repetition 417
tcp_ping received 1024 bytes back
Round trip time was 0.051467 milliseconds in repetition 418
tcp_ping received 1024 bytes back
Round trip time was 0.046309 milliseconds in repetition 419
tcp_ping received 1024 bytes back
Round trip time was 0.053596 milliseconds in repetition 420
tcp_ping received 1024 bytes back
Round trip time was 0.038278 milliseconds in repetition 421
tcp_ping received 1024 bytes back
Round trip time was 0.046336 milliseconds in repetition 422
tcp_ping received 1024 bytes back
Round trip time was 0.043823 milliseconds in repetition 423
tcp_ping received 1024 bytes back
Round trip time was 0.060108 milliseconds in repetition 424
tcp_ping received 1024 bytes back
Round trip time was 0.05069 milliseconds in repetition 425
tcp_ping received 1024 bytes back
Round trip time was 0.046244 milliseconds in repetition 426
tcp_ping received 1024 bytes back
Round trip time was 0.039991 milliseconds in repetition 427
tcp_ping received 1024 bytes back
Round trip time was 0.037379 milliseconds in repetition 428
tcp_ping received 1024 bytes back
Round trip time was 0.050837 milliseconds in repetition 429
tcp_ping received 1024 bytes back
Round trip time was 0.042867 milliseconds in repetition 430
tcp_ping received 1024 bytes back
Round trip time was 0.042231 milliseconds in repetition 431
tcp_ping received 1024 bytes back
Round trip time was 0.039724 milliseconds in repetition 432
tcp_ping received 1024 bytes back
Round trip time was 0.03977 milliseconds in repetition 433
tcp_ping received 1024 bytes back
Round trip time was 0.046752 milliseconds in repetition 434
tcp_ping received 1024 bytes back
Round trip time was 0.050108 milliseconds in repetition 435
tcp_ping received 1024 bytes back
Round trip time was 0.049409 milliseconds in repetition 436
tcp_ping received 1024 bytes back
Round trip time was 0.047052 milliseconds in repetition 437
tcp_ping received 1024 bytes back
Round trip time was 0.046668 milliseconds in repetition 438
tcp_ping received 1024 bytes back
Round trip time was 0.083703 milliseconds in repetition 439
tcp_ping received 1024 bytes back
Round trip time was 0.056713 milliseconds in repetition 440
tcp_ping received 1024 bytes back
Round trip time was 0.050032 milliseconds in repetition 441
tcp_ping received 1024 bytes back
Round trip time was 0.068051 milliseconds in repetition 442
tcp_ping received 1024 bytes back
Round trip time was 0.056687 milliseconds in repetition 443
tcp_ping received 1024 bytes back
Round trip time was 0.05188 milliseconds in repetition 444
tcp_ping received 1024 bytes back
Round trip time was 0.059242 milliseconds in repetition 445
tcp_ping received 1024 bytes back
Round trip time was 0.053928 milliseconds in repetition 446
tcp_ping received 1024 bytes back
Round trip time was 0.049659 milliseconds in repetition 447
tcp_ping received 1024 bytes back
Round trip time was 0.062065 milliseconds in repetition 448
tcp_ping received 1024 bytes back
Round trip time was 0.052586 milliseconds in repetition 449
tcp_ping received 1024 bytes back
Round trip time was 0.046781 milliseconds in repetition 450
tcp_ping received 1024 bytes back
Round trip time was 0.053317 milliseconds in repetition 451
tcp_ping received 1024 bytes back
Round trip time was 0.056963 milliseconds in repetition 452
tcp_ping received 1024 bytes back
Round trip time was 0.05092 milliseconds in repetition 453
tcp_ping received 1024 bytes back
Round trip time was 0.045662 milliseconds in repetition 454
tcp_ping received 1024 bytes back
Round trip time was 0.04381 milliseconds in repetition 455
tcp_ping received 1024 bytes back
Round trip time was 0.073263 milliseconds in repetition 456
tcp_ping received 1024 bytes back
Round trip time was 0.087668 milliseconds in repetition 457
tcp_ping received 1024 bytes back
Round trip time was 0.054531 milliseconds in repetition 458
tcp_ping received 1024 bytes back
Round trip time was 0.048791 milliseconds in repetition 459
tcp_ping received 1024 bytes back
Round trip time was 0.040197 milliseconds in repetition 460
tcp_ping received 1024 bytes back
Round trip time was 0.049819 milliseconds in repetition 461
tcp_ping received 1024 bytes back
Round trip time was 0.044619 milliseconds in repetition 462
tcp_ping received 1024 bytes back
Round trip time was 0.047709 milliseconds in repetition 463
tcp_ping received 1024 bytes back
Round trip time was 0.057917 milliseconds in repetition 464
tcp_ping received 1024 bytes back
Round trip time was 0.038655 milliseconds in repetition 465
tcp_ping received 1024 bytes back
Round trip time was 0.043733 milliseconds in repetition 466
tcp_ping received 1024 bytes back
Round trip time was 0.051064 milliseconds in repetition 467
tcp_ping received 1024 bytes back
Round trip time was 0.048293 milliseconds in repetition 468
tcp_ping received 1024 bytes back
Round trip time was 0.049461 milliseconds in repetition 469
tcp_ping received 1024 bytes back
Round trip time was 0.04409 milliseconds in repetition 470
tcp_ping received 1024 bytes back
Round trip time was 0.040254 milliseconds in repetition 471
tcp_ping received 1024 bytes back
Round trip time was 0.045096 milliseconds in repetition 472
tcp_ping received 1024 bytes back
Round trip time was 0.068015 milliseconds in repetition 473
tcp_ping received 1024 bytes back
Round trip time was 0.057923 milliseconds in repetition 474
tcp_ping received 1024 bytes back
Round trip time was 0.063938 milliseconds in repetition 475
tcp_ping received 1024 bytes back
Round trip time was 0.04085 milliseconds in repetition 476
tcp_ping received 1024 bytes back
Round trip time was 0.048468 milliseconds in repetition 477
tcp_ping received 1024 bytes back
Round trip time was 0.047531 milliseconds in repetition 478
tcp_ping received 1024 bytes back
Round trip time was 0.074271 milliseconds in repetition 479
tcp_ping received 1024 bytes back
Round trip time was 0.050121 milliseconds in repetition 480
tcp_ping received 1024 bytes back
Round trip time was 0.047712 milliseconds in repetition 481
tcp_ping received 1024 bytes back
Round trip time was 0.047612 milliseconds in repetition 482
tcp_ping received 1024 bytes back
Round trip time was 0.044647 milliseconds in repetition 483
tcp_ping received 1024 bytes back
Round trip time was 0.05 milliseconds in repetition 484
tcp_ping received 1024 bytes back
Round trip time was 0.053094 milliseconds in repetition 485
tcp_ping received 1024 bytes back
Round trip time was 0.04831 milliseconds in repetition 486
tcp_ping received 1024 bytes back
Round trip time was 0.041015 milliseconds in repetition 487
tcp_ping received 1024 bytes back
Round trip time was 0.034276 milliseconds in repetition 488
tcp_ping received 1024 bytes back
Round trip time was 0.034881 milliseconds in repetition 489
tcp_ping received 1024 bytes back
Round trip time was 0.047167 milliseconds in repetition 490
tcp_ping received 1024 bytes back
Round trip time was 0.040038 milliseconds in repetition 491
tcp_ping received 1024 bytes back
Round trip time was 0.081525 milliseconds in repetition 492
tcp_ping received 1024 bytes back
Round trip time was 0.087235 milliseconds in repetition 493
tcp_ping received 1024 bytes back
Round trip time was 0.055412 milliseconds in repetition 494
tcp_ping received 1024 bytes back
Round trip time was 0.060429 milliseconds in repetition 495
tcp_ping received 1024 bytes back
Round trip time was 0.054801 milliseconds in repetition 496
tcp_ping received 1024 bytes back
Round trip time was 0.064275 milliseconds in repetition 497
tcp_ping received 1024 bytes back
Round trip time was 0.087915 milliseconds in repetition 498
tcp_ping received 1024 bytes back
Round trip time was 0.052491 milliseconds in repetition 499
tcp_ping received 1024 bytes back
Round trip time was 0.050579 milliseconds in repetition 500
tcp_ping received 1024 bytes back
Round trip time was 0.045113 milliseconds in repetition 501

 ... clock resolution was 1e-06
TCP Ping:  Statistics over 501 repetitions of 1024 byte messages

RTT : percentile 10: 0.042377, median: 0.049982, percentile 90: 0.067696, average: 0.0530074, variance: 0.000207568

RTT histogram:
0.0334615 8
0.0405436 87
0.0476258 184
0.0547079 135
0.0617901 33
0.0688722 19
0.0759544 14
0.0830365 8
0.0901187 6
0.0972008 1
0.104283 0
0.111365 1
0.118447 2
0.125529 0
0.132612 0
0.139694 0
0.146776 0
0.153858 0
0.16094 2
0.168022 0
0.175105 1

   median Throughput : 40974.8 KB/s   overall Throughput : 38636.1 KB/s

