TCP Ping trying to connect to server 127.0.0.1 (127.0.0.1) on port 1491
 ... connected to Pong server: asking for 501 repetitions of 6144 bytes TCP messages
 ... Pong server agreed :-)
tcp_ping received 6144 bytes back
Round trip time was 0.094271 milliseconds in repetition 1
tcp_ping received 6144 bytes back
Round trip time was 0.063633 milliseconds in repetition 2
tcp_ping received 6144 bytes back
Round trip time was 0.054167 milliseconds in repetition 3
tcp_ping received 6144 bytes back
Round trip time was 0.055922 milliseconds in repetition 4
tcp_ping received 6144 bytes back
Round trip time was 0.085029 milliseconds in repetition 5
tcp_ping received 6144 bytes back
Round trip time was 0.089446 milliseconds in repetition 6
tcp_ping received 6144 bytes back
Round trip time was 0.084982 milliseconds in repetition 7
tcp_ping received 6144 bytes back
Round trip time was 0.064113 milliseconds in repetition 8
tcp_ping received 6144 bytes back
Round trip time was 0.068314 milliseconds in repetition 9
tcp_ping received 6144 bytes back
Round trip time was 0.068537 milliseconds in repetition 10
tcp_ping received 6144 bytes back
Round trip time was 0.090279 milliseconds in repetition 11
tcp_ping received 6144 bytes back
Round trip time was 0.086089 milliseconds in repetition 12
tcp_ping received 6144 bytes back
Round trip time was 0.116882 milliseconds in repetition 13
tcp_ping received 6144 bytes back
Round trip time was 0.080423 milliseconds in repetition 14
tcp_ping received 6144 bytes back
Round trip time was 0.078137 milliseconds in repetition 15
tcp_ping received 6144 bytes back
Round trip time was 0.078044 milliseconds in repetition 16
tcp_ping received 6144 bytes back
Round trip time was 0.058396 milliseconds in repetition 17
tcp_ping received 6144 bytes back
Round trip time was 0.066471 milliseconds in repetition 18
tcp_ping received 6144 bytes back
Round trip time was 0.044663 milliseconds in repetition 19
tcp_ping received 6144 bytes back
Round trip time was 0.062251 milliseconds in repetition 20
tcp_ping received 6144 bytes back
Round trip time was 0.06422 milliseconds in repetition 21
tcp_ping received 6144 bytes back
Round trip time was 0.083184 milliseconds in repetition 22
tcp_ping received 6144 bytes back
Round trip time was 0.066331 milliseconds in repetition 23
tcp_ping received 6144 bytes back
Round trip time was 0.064527 milliseconds in repetition 24
tcp_ping received 6144 bytes back
Round trip time was 0.0678 milliseconds in repetition 25
tcp_ping received 6144 bytes back
Round trip time was 0.078349 milliseconds in repetition 26
tcp_ping received 6144 bytes back
Round trip time was 0.090497 milliseconds in repetition 27
tcp_ping received 6144 bytes back
Round trip time was 0.07084 milliseconds in repetition 28
tcp_ping received 6144 bytes back
Round trip time was 0.070466 milliseconds in repetition 29
tcp_ping received 6144 bytes back
Round trip time was 0.061167 milliseconds in repetition 30
tcp_ping received 6144 bytes back
Round trip time was 0.06904 milliseconds in repetition 31
tcp_ping received 6144 bytes back
Round trip time was 0.071642 milliseconds in repetition 32
tcp_ping received 6144 bytes back
Round trip time was 0.085601 milliseconds in repetition 33
tcp_ping received 6144 bytes back
Round trip time was 0.082967 milliseconds in repetition 34
tcp_ping received 6144 bytes back
Round trip time was 0.08014 milliseconds in repetition 35
tcp_ping received 6144 bytes back
Round trip time was 0.083709 milliseconds in repetition 36
tcp_ping received 6144 bytes back
Round trip time was 0.074941 milliseconds in repetition 37
tcp_ping received 6144 bytes back
Round trip time was 0.059638 milliseconds in repetition 38
tcp_ping received 6144 bytes back
Round trip time was 0.054386 milliseconds in repetition 39
tcp_ping received 6144 bytes back
Round trip time was 0.047275 milliseconds in repetition 40
tcp_ping received 6144 bytes back
Round trip time was 0.053276 milliseconds in repetition 41
tcp_ping received 6144 bytes back
Round trip time was 0.049332 milliseconds in repetition 42
tcp_ping received 6144 bytes back
Round trip time was 0.049831 milliseconds in repetition 43
tcp_ping received 6144 bytes back
Round trip time was 0.09799 milliseconds in repetition 44
tcp_ping received 6144 bytes back
Round trip time was 0.109948 milliseconds in repetition 45
tcp_ping received 6144 bytes back
Round trip time was 0.080823 milliseconds in repetition 46
tcp_ping received 6144 bytes back
Round trip time was 0.075863 milliseconds in repetition 47
tcp_ping received 6144 bytes back
Round trip time was 0.07321 milliseconds in repetition 48
tcp_ping received 6144 bytes back
Round trip time was 0.111384 milliseconds in repetition 49
tcp_ping received 6144 bytes back
Round trip time was 0.110376 milliseconds in repetition 50
tcp_ping received 6144 bytes back
Round trip time was 0.082066 milliseconds in repetition 51
tcp_ping received 6144 bytes back
Round trip time was 0.072336 milliseconds in repetition 52
tcp_ping received 6144 bytes back
Round trip time was 0.069021 milliseconds in repetition 53
tcp_ping received 6144 bytes back
Round trip time was 0.096927 milliseconds in repetition 54
tcp_ping received 6144 bytes back
Round trip time was 0.160008 milliseconds in repetition 55
tcp_ping received 6144 bytes back
Round trip time was 0.10469 milliseconds in repetition 56
tcp_ping received 6144 bytes back
Round trip time was 0.078766 milliseconds in repetition 57
tcp_ping received 6144 bytes back
Round trip time was 0.093645 milliseconds in repetition 58
tcp_ping received 6144 bytes back
Round trip time was 0.085799 milliseconds in repetition 59
tcp_ping received 6144 bytes back
Round trip time was 0.087167 milliseconds in repetition 60
tcp_ping received 6144 bytes back
Round trip time was 0.065117 milliseconds in repetition 61
tcp_ping received 6144 bytes back
Round trip time was 0.083637 milliseconds in repetition 62
tcp_ping received 6144 bytes back
Round trip time was 0.092929 milliseconds in repetition 63
tcp_ping received 6144 bytes back
Round trip time was 0.061346 milliseconds in repetition 64
tcp_ping received 6144 bytes back
Round trip time was 0.0504 milliseconds in repetition 65
tcp_ping received 6144 bytes back
Round trip time was 0.086785 milliseconds in repetition 66
tcp_ping received 6144 bytes back
Round trip time was 0.08466 milliseconds in repetition 67
tcp_ping received 6144 bytes back
Round trip time was 0.085899 milliseconds in repetition 68
tcp_ping received 6144 bytes back
Round trip time was 0.072239 milliseconds in repetition 69
tcp_ping received 6144 bytes back
Round trip time was 0.09147 milliseconds in repetition 70
tcp_ping received 6144 bytes back
Round trip time was 0.069104 milliseconds in repetition 71
tcp_ping received 6144 bytes back
Round trip time was 0.107123 milliseconds in repetition 72
tcp_ping received 6144 bytes back
Round trip time was 0.067803 milliseconds in repetition 73
tcp_ping received 6144 bytes back
Round trip time was 0.068295 milliseconds in repetition 74
tcp_ping received 6144 bytes back
Round trip time was 0.069725 milliseconds in repetition 75
tcp_ping received 6144 bytes back
Round trip time was 0.072396 milliseconds in repetition 76
tcp_ping received 6144 bytes back
Round trip time was 0.077642 milliseconds in repetition 77
tcp_ping received 6144 bytes back
Round trip time was 0.075843 milliseconds in repetition 78
tcp_ping received 6144 bytes back
Round trip time was 0.081184 milliseconds in repetition 79
tcp_ping received 6144 bytes back
Round trip time was 0.092384 milliseconds in repetition 80
tcp_ping received 6144 bytes back
Round trip time was 0.061933 milliseconds in repetition 81
tcp_ping received 6144 bytes back
Round trip time was 0.065395 milliseconds in repetition 82
tcp_ping received 6144 bytes back
Round trip time was 0.056789 milliseconds in repetition 83
tcp_ping received 6144 bytes back
Round trip time was 0.071338 milliseconds in repetition 84
tcp_ping received 6144 bytes back
Round trip time was 0.065474 milliseconds in repetition 85
tcp_ping received 6144 bytes back
Round trip time was 0.072711 milliseconds in repetition 86
tcp_ping received 6144 bytes back
Round trip time was 0.070693 milliseconds in repetition 87
tcp_ping received 6144 bytes back
Round trip time was 0.069258 milliseconds in repetition 88
tcp_ping received 6144 bytes back
Round trip time was 0.064571 milliseconds in repetition 89
tcp_ping received 6144 bytes back
Round trip time was 0.075039 milliseconds in repetition 90
tcp_ping received 6144 bytes back
Round trip time was 0.078335 milliseconds in repetition 91
tcp_ping received 6144 bytes back
Round trip time was 0.079942 milliseconds in repetition 92
tcp_ping received 6144 bytes back
Round trip time was 0.097341 milliseconds in repetition 93
tcp_ping received 6144 bytes back
Round trip time was 0.082588 milliseconds in repetition 94
tcp_ping received 6144 bytes back
Round trip time was 0.050012 milliseconds in repetition 95
tcp_ping received 6144 bytes back
Round trip time was 0.061706 milliseconds in repetition 96
tcp_ping received 6144 bytes back
Round trip time was 0.064428 milliseconds in repetition 97
tcp_ping received 6144 bytes back
Round trip time was 0.05374 milliseconds in repetition 98
tcp_ping received 6144 bytes back
Round trip time was 0.06994 milliseconds in repetition 99
tcp_ping received 6144 bytes back
Round trip time was 0.047944 milliseconds in repetition 100
tcp_ping received 6144 bytes back
Round trip time was 0.04607 milliseconds in repetition 101
tcp_ping received 6144 bytes back
Round trip time was 0.057717 milliseconds in repetition 102
tcp_ping received 6144 bytes back
Round trip time was 0.055882 milliseconds in repetition 103
tcp_ping received 6144 bytes back
Round trip time was 0.128094 milliseconds in repetition 104
tcp_ping received 6144 bytes back
Round trip time was 0.083984 milliseconds in repetition 105
tcp_ping received 6144 bytes back
Round trip time was 0.054843 milliseconds in repetition 106
tcp_ping received 6144 bytes back
Round trip time was 0.045961 milliseconds in repetition 107
tcp_ping received 6144 bytes back
Round trip time was 0.047632 milliseconds in repetition 108
tcp_ping received 6144 bytes back
Round trip time was 0.054001 milliseconds in repetition 109
tcp_ping received 6144 bytes back
Round trip time was 0.095014 milliseconds in repetition 110
tcp_ping received 6144 bytes back
Round trip time was 0.062902 milliseconds in repetition 111
tcp_ping received 6144 bytes back
Round trip time was 0.107433 milliseconds in repetition 112
tcp_ping received 6144 bytes back
Round trip time was 0.049237 milliseconds in repetition 113
tcp_ping received 6144 bytes back
Round trip time was 0.042966 milliseconds in repetition 114
tcp_ping received 6144 bytes back
Round trip time was 0.170755 milliseconds in repetition 115
tcp_ping received 6144 bytes back
Round trip time was 0.203981 milliseconds in repetition 116
tcp_ping received 6144 bytes back
Round trip time was 0.082336 milliseconds in repetition 117
tcp_ping received 6144 bytes back
Round trip time was 0.056464 milliseconds in repetition 118
tcp_ping received 6144 bytes back
Round trip time was 0.169573 milliseconds in repetition 119
tcp_ping received 6144 bytes back
Round trip time was 0.077492 milliseconds in repetition 120
tcp_ping received 6144 bytes back
Round trip time was 0.068635 milliseconds in repetition 121
tcp_ping received 6144 bytes back
Round trip time was 0.078769 milliseconds in repetition 122
tcp_ping received 6144 bytes back
Round trip time was 0.073633 milliseconds in repetition 123
tcp_ping received 6144 bytes back
Round trip time was 0.046503 milliseconds in repetition 124
tcp_ping received 6144 bytes back
Round trip time was 0.052416 milliseconds in repetition 125
tcp_ping received 6144 bytes back
Round trip time was 0.088436 milliseconds in repetition 126
tcp_ping received 6144 bytes back
Round trip time was 0.063071 milliseconds in repetition 127
tcp_ping received 6144 bytes back
Round trip time was 0.052472 milliseconds in repetition 128
tcp_ping received 6144 bytes back
Round trip time was 0.047484 milliseconds in repetition 129
tcp_ping received 6144 bytes back
Round trip time was 0.202343 milliseconds in repetition 130
tcp_ping received 6144 bytes back
Round trip time was 0.165388 milliseconds in repetition 131
tcp_ping received 6144 bytes back
Round trip time was 0.286154 milliseconds in repetition 132
tcp_ping received 6144 bytes back
Round trip time was 0.133371 milliseconds in repetition 133
tcp_ping received 6144 bytes back
Round trip time was 0.046877 milliseconds in repetition 134
tcp_ping received 6144 bytes back
Round trip time was 0.043541 milliseconds in repetition 135
tcp_ping received 6144 bytes back
Round trip time was 0.087976 milliseconds in repetition 136
tcp_ping received 6144 bytes back
Round trip time was 0.139685 milliseconds in repetition 137
tcp_ping received 6144 bytes back
Round trip time was 0.135159 milliseconds in repetition 138
tcp_ping received 6144 bytes back
Round trip time was 0.135588 milliseconds in repetition 139
tcp_ping received 6144 bytes back
Round trip time was 0.087916 milliseconds in repetition 140
tcp_ping received 6144 bytes back
Round trip time was 0.093368 milliseconds in repetition 141
tcp_ping received 6144 bytes back
Round trip time was 0.080789 milliseconds in repetition 142
tcp_ping received 6144 bytes back
Round trip time was 0.131214 milliseconds in repetition 143
tcp_ping received 6144 bytes back
Round trip time was 0.087876 milliseconds in repetition 144
tcp_ping received 6144 bytes back
Round trip time was 0.123995 milliseconds in repetition 145
tcp_ping received 6144 bytes back
Round trip time was 0.086208 milliseconds in repetition 146
tcp_ping received 6144 bytes back
Round trip time was 0.087846 milliseconds in repetition 147
tcp_ping received 6144 bytes back
Round trip time was 0.056804 milliseconds in repetition 148
tcp_ping received 6144 bytes back
Round trip time was 0.09297 milliseconds in repetition 149
tcp_ping received 6144 bytes back
Round trip time was 0.095264 milliseconds in repetition 150
tcp_ping received 6144 bytes back
Round trip time was 0.054592 milliseconds in repetition 151
tcp_ping received 6144 bytes back
Round trip time was 0.043632 milliseconds in repetition 152
tcp_ping received 6144 bytes back
Round trip time was 0.070194 milliseconds in repetition 153
tcp_ping received 6144 bytes back
Round trip time was 0.055628 milliseconds in repetition 154
tcp_ping received 6144 bytes back
Round trip time was 0.13914 milliseconds in repetition 155
tcp_ping received 6144 bytes back
Round trip time was 0.158316 milliseconds in repetition 156
tcp_ping received 6144 bytes back
Round trip time was 0.062407 milliseconds in repetition 157
tcp_ping received 6144 bytes back
Round trip time was 0.051584 milliseconds in repetition 158
tcp_ping received 6144 bytes back
Round trip time was 0.056793 milliseconds in repetition 159
tcp_ping received 6144 bytes back
Round trip time was 0.128487 milliseconds in repetition 160
tcp_ping received 6144 bytes back
Round trip time was 0.052151 milliseconds in repetition 161
tcp_ping received 6144 bytes back
Round trip time was 0.06379 milliseconds in repetition 162
tcp_ping received 6144 bytes back
Round trip time was 0.184019 milliseconds in repetition 163
tcp_ping received 6144 bytes back
Round trip time was 0.053927 milliseconds in repetition 164
tcp_ping received 6144 bytes back
Round trip time was 0.056182 milliseconds in repetition 165
tcp_ping received 6144 bytes back
Round trip time was 0.05276 milliseconds in repetition 166
tcp_ping received 6144 bytes back
Round trip time was 0.047111 milliseconds in repetition 167
tcp_ping received 6144 bytes back
Round trip time was 0.049254 milliseconds in repetition 168
tcp_ping received 6144 bytes back
Round trip time was 0.049289 milliseconds in repetition 169
tcp_ping received 6144 bytes back
Round trip time was 0.110568 milliseconds in repetition 170
tcp_ping received 6144 bytes back
Round trip time was 0.136502 milliseconds in repetition 171
tcp_ping received 6144 bytes back
Round trip time was 0.201245 milliseconds in repetition 172
tcp_ping received 6144 bytes back
Round trip time was 0.052328 milliseconds in repetition 173
tcp_ping received 6144 bytes back
Round trip time was 0.054215 milliseconds in repetition 174
tcp_ping received 6144 bytes back
Round trip time was 0.051256 milliseconds in repetition 175
tcp_ping received 6144 bytes back
Round trip time was 0.056427 milliseconds in repetition 176
tcp_ping received 6144 bytes back
Round trip time was 0.054497 milliseconds in repetition 177
tcp_ping received 6144 bytes back
Round trip time was 0.05489 milliseconds in repetition 178
tcp_ping received 6144 bytes back
Round trip time was 0.04513 milliseconds in repetition 179
tcp_ping received 6144 bytes back
Round trip time was 0.057537 milliseconds in repetition 180
tcp_ping received 6144 bytes back
Round trip time was 0.099523 milliseconds in repetition 181
tcp_ping received 6144 bytes back
Round trip time was 0.050942 milliseconds in repetition 182
tcp_ping received 6144 bytes back
Round trip time was 0.049486 milliseconds in repetition 183
tcp_ping received 6144 bytes back
Round trip time was 0.049363 milliseconds in repetition 184
tcp_ping received 6144 bytes back
Round trip time was 0.172795 milliseconds in repetition 185
tcp_ping received 6144 bytes back
Round trip time was 0.206459 milliseconds in repetition 186
tcp_ping received 6144 bytes back
Round trip time was 0.092181 milliseconds in repetition 187
tcp_ping received 6144 bytes back
Round trip time was 0.172651 milliseconds in repetition 188
tcp_ping received 6144 bytes back
Round trip time was 0.056263 milliseconds in repetition 189
tcp_ping received 6144 bytes back
Round trip time was 0.131798 milliseconds in repetition 190
tcp_ping received 6144 bytes back
Round trip time was 0.061818 milliseconds in repetition 191
tcp_ping received 6144 bytes back
Round trip time was 0.057411 milliseconds in repetition 192
tcp_ping received 6144 bytes back
Round trip time was 0.05104 milliseconds in repetition 193
tcp_ping received 6144 bytes back
Round trip time was 0.0458 milliseconds in repetition 194
tcp_ping received 6144 bytes back
Round trip time was 0.05331 milliseconds in repetition 195
tcp_ping received 6144 bytes back
Round trip time was 0.141717 milliseconds in repetition 196
tcp_ping received 6144 bytes back
Round trip time was 0.053615 milliseconds in repetition 197
tcp_ping received 6144 bytes back
Round trip time was 0.052962 milliseconds in repetition 198
tcp_ping received 6144 bytes back
Round trip time was 0.050779 milliseconds in repetition 199
tcp_ping received 6144 bytes back
Round trip time was 0.055987 milliseconds in repetition 200
tcp_ping received 6144 bytes back
Round trip time was 0.139116 milliseconds in repetition 201
tcp_ping received 6144 bytes back
Round trip time was 0.052713 milliseconds in repetition 202
tcp_ping received 6144 bytes back
Round trip time was 0.056565 milliseconds in repetition 203
tcp_ping received 6144 bytes back
Round trip time was 0.049734 milliseconds in repetition 204
tcp_ping received 6144 bytes back
Round trip time was 0.049948 milliseconds in repetition 205
tcp_ping received 6144 bytes back
Round trip time was 0.048835 milliseconds in repetition 206
tcp_ping received 6144 bytes back
Round trip time was 0.127256 milliseconds in repetition 207
tcp_ping received 6144 bytes back
Round trip time was 0.071414 milliseconds in repetition 208
tcp_ping received 6144 bytes back
Round trip time was 0.047735 milliseconds in repetition 209
tcp_ping received 6144 bytes back
Round trip time was 0.164268 milliseconds in repetition 210
tcp_ping received 6144 bytes back
Round trip time was 0.076779 milliseconds in repetition 211
tcp_ping received 6144 bytes back
Round trip time was 0.177651 milliseconds in repetition 212
tcp_ping received 6144 bytes back
Round trip time was 0.172378 milliseconds in repetition 213
tcp_ping received 6144 bytes back
Round trip time was 0.241411 milliseconds in repetition 214
tcp_ping received 6144 bytes back
Round trip time was 0.075391 milliseconds in repetition 215
tcp_ping received 6144 bytes back
Round trip time was 0.077758 milliseconds in repetition 216
tcp_ping received 6144 bytes back
Round trip time was 0.069988 milliseconds in repetition 217
tcp_ping received 6144 bytes back
Round trip time was 0.159717 milliseconds in repetition 218
tcp_ping received 6144 bytes back
Round trip time was 0.090262 milliseconds in repetition 219
tcp_ping received 6144 bytes back
Round trip time was 0.053267 milliseconds in repetition 220
tcp_ping received 6144 bytes back
Round trip time was 0.054151 milliseconds in repetition 221
tcp_ping received 6144 bytes back
Round trip time was 0.060256 milliseconds in repetition 222
tcp_ping received 6144 bytes back
Round trip time was 0.053732 milliseconds in repetition 223
tcp_ping received 6144 bytes back
Round trip time was 0.060979 milliseconds in repetition 224
tcp_ping received 6144 bytes back
Round trip time was 0.045262 milliseconds in repetition 225
tcp_ping received 6144 bytes back
Round trip time was 0.046742 milliseconds in repetition 226
tcp_ping received 6144 bytes back
Round trip time was 0.186587 milliseconds in repetition 227
tcp_ping received 6144 bytes back
Round trip time was 0.133464 milliseconds in repetition 228
tcp_ping received 6144 bytes back
Round trip time was 0.078997 milliseconds in repetition 229
tcp_ping received 6144 bytes back
Round trip time was 0.057045 milliseconds in repetition 230
tcp_ping received 6144 bytes back
Round trip time was 0.044072 milliseconds in repetition 231
tcp_ping received 6144 bytes back
Round trip time was 0.05106 milliseconds in repetition 232
tcp_ping received 6144 bytes back
Round trip time was 0.277469 milliseconds in repetition 233
tcp_ping received 6144 bytes back
Round trip time was 0.057424 milliseconds in repetition 234
tcp_ping received 6144 bytes back
Round trip time was 0.056635 milliseconds in repetition 235
tcp_ping received 6144 bytes back
Round trip time was 0.059571 milliseconds in repetition 236
tcp_ping received 6144 bytes back
Round trip time was 0.051602 milliseconds in repetition 237
tcp_ping received 6144 bytes back
Round trip time was 0.049464 milliseconds in repetition 238
tcp_ping received 6144 bytes back
Round trip time was 0.047797 milliseconds in repetition 239
tcp_ping received 6144 bytes back
Round trip time was 0.046929 milliseconds in repetition 240
tcp_ping received 6144 bytes back
Round trip time was 0.052226 milliseconds in repetition 241
tcp_ping received 6144 bytes back
Round trip time was 0.050649 milliseconds in repetition 242
tcp_ping received 6144 bytes back
Round trip time was 0.050214 milliseconds in repetition 243
tcp_ping received 6144 bytes back
Round trip time was 0.174169 milliseconds in repetition 244
tcp_ping received 6144 bytes back
Round trip time was 0.052471 milliseconds in repetition 245
tcp_ping received 6144 bytes back
Round trip time was 0.166215 milliseconds in repetition 246
tcp_ping received 6144 bytes back
Round trip time was 0.068696 milliseconds in repetition 247
tcp_ping received 6144 bytes back
Round trip time was 0.202045 milliseconds in repetition 248
tcp_ping received 6144 bytes back
Round trip time was 0.056399 milliseconds in repetition 249
tcp_ping received 6144 bytes back
Round trip time was 0.068629 milliseconds in repetition 250
tcp_ping received 6144 bytes back
Round trip time was 0.056996 milliseconds in repetition 251
tcp_ping received 6144 bytes back
Round trip time was 0.137968 milliseconds in repetition 252
tcp_ping received 6144 bytes back
Round trip time was 0.056056 milliseconds in repetition 253
tcp_ping received 6144 bytes back
Round trip time was 0.044476 milliseconds in repetition 254
tcp_ping received 6144 bytes back
Round trip time was 0.047636 milliseconds in repetition 255
tcp_ping received 6144 bytes back
Round trip time was 0.04723 milliseconds in repetition 256
tcp_ping received 6144 bytes back
Round trip time was 0.048657 milliseconds in repetition 257
tcp_ping received 6144 bytes back
Round trip time was 0.186778 milliseconds in repetition 258
tcp_ping received 6144 bytes back
Round trip time was 0.057692 milliseconds in repetition 259
tcp_ping received 6144 bytes back
Round trip time was 0.099184 milliseconds in repetition 260
tcp_ping received 6144 bytes back
Round trip time was 0.057177 milliseconds in repetition 261
tcp_ping received 6144 bytes back
Round trip time was 0.051761 milliseconds in repetition 262
tcp_ping received 6144 bytes back
Round trip time was 0.071428 milliseconds in repetition 263
tcp_ping received 6144 bytes back
Round trip time was 0.168066 milliseconds in repetition 264
tcp_ping received 6144 bytes back
Round trip time was 0.053471 milliseconds in repetition 265
tcp_ping received 6144 bytes back
Round trip time was 0.049887 milliseconds in repetition 266
tcp_ping received 6144 bytes back
Round trip time was 0.050707 milliseconds in repetition 267
tcp_ping received 6144 bytes back
Round trip time was 0.050167 milliseconds in repetition 268
tcp_ping received 6144 bytes back
Round trip time was 0.054128 milliseconds in repetition 269
tcp_ping received 6144 bytes back
Round trip time was 0.051124 milliseconds in repetition 270
tcp_ping received 6144 bytes back
Round trip time was 0.049989 milliseconds in repetition 271
tcp_ping received 6144 bytes back
Round trip time was 0.115077 milliseconds in repetition 272
tcp_ping received 6144 bytes back
Round trip time was 0.141595 milliseconds in repetition 273
tcp_ping received 6144 bytes back
Round trip time was 0.23991 milliseconds in repetition 274
tcp_ping received 6144 bytes back
Round trip time was 0.086657 milliseconds in repetition 275
tcp_ping received 6144 bytes back
Round trip time was 0.097167 milliseconds in repetition 276
tcp_ping received 6144 bytes back
Round trip time was 0.058424 milliseconds in repetition 277
tcp_ping received 6144 bytes back
Round trip time was 0.118485 milliseconds in repetition 278
tcp_ping received 6144 bytes back
Round trip time was 0.093068 milliseconds in repetition 279
tcp_ping received 6144 bytes back
Round trip time was 0.194815 milliseconds in repetition 280
tcp_ping received 6144 bytes back
Round trip time was 0.077117 milliseconds in repetition 281
tcp_ping received 6144 bytes back
Round trip time was 0.048335 milliseconds in repetition 282
tcp_ping received 6144 bytes back
Round trip time was 0.048332 milliseconds in repetition 283
tcp_ping received 6144 bytes back
Round trip time was 0.062242 milliseconds in repetition 284
tcp_ping received 6144 bytes back
Round trip time was 0.05032 milliseconds in repetition 285
tcp_ping received 6144 bytes back
Round trip time was 0.055573 milliseconds in repetition 286
tcp_ping received 6144 bytes back
Round trip time was 0.052514 milliseconds in repetition 287
tcp_ping received 6144 bytes back
Round trip time was 0.048017 milliseconds in repetition 288
tcp_ping received 6144 bytes back
Round trip time was 0.089008 milliseconds in repetition 289
tcp_ping received 6144 bytes back
Round trip time was 0.224484 milliseconds in repetition 290
tcp_ping received 6144 bytes back
Round trip time was 0.078457 milliseconds in repetition 291
tcp_ping received 6144 bytes back
Round trip time was 0.300956 milliseconds in repetition 292
tcp_ping received 6144 bytes back
Round trip time was 0.065076 milliseconds in repetition 293
tcp_ping received 6144 bytes back
Round trip time was 0.051276 milliseconds in repetition 294
tcp_ping received 6144 bytes back
Round trip time was 0.050547 milliseconds in repetition 295
tcp_ping received 6144 bytes back
Round trip time was 0.044049 milliseconds in repetition 296
tcp_ping received 6144 bytes back
Round trip time was 0.043446 milliseconds in repetition 297
tcp_ping received 6144 bytes back
Round trip time was 0.051097 milliseconds in repetition 298
tcp_ping received 6144 bytes back
Round trip time was 0.045149 milliseconds in repetition 299
tcp_ping received 6144 bytes back
Round trip time was 0.059243 milliseconds in repetition 300
tcp_ping received 6144 bytes back
Round trip time was 0.180702 milliseconds in repetition 301
tcp_ping received 6144 bytes back
Round trip time was 0.08933 milliseconds in repetition 302
tcp_ping received 6144 bytes back
Round trip time was 0.153534 milliseconds in repetition 303
tcp_ping received 6144 bytes back
Round trip time was 0.079338 milliseconds in repetition 304
tcp_ping received 6144 bytes back
Round trip time was 0.056695 milliseconds in repetition 305
tcp_ping received 6144 bytes back
Round trip time was 0.056365 milliseconds in repetition 306
tcp_ping received 6144 bytes back
Round trip time was 0.046822 milliseconds in repetition 307
tcp_ping received 6144 bytes back
Round trip time was 0.171104 milliseconds in repetition 308
tcp_ping received 6144 bytes back
Round trip time was 0.051121 milliseconds in repetition 309
tcp_ping received 6144 bytes back
Round trip time was 0.045022 milliseconds in repetition 310
tcp_ping received 6144 bytes back
Round trip time was 0.155275 milliseconds in repetition 311
tcp_ping received 6144 bytes back
Round trip time was 0.082407 milliseconds in repetition 312
tcp_ping received 6144 bytes back
Round trip time was 0.287421 milliseconds in repetition 313
tcp_ping received 6144 bytes back
Round trip time was 0.138233 milliseconds in repetition 314
tcp_ping received 6144 bytes back
Round trip time was 0.056462 milliseconds in repetition 315
tcp_ping received 6144 bytes back
Round trip time was 0.045056 milliseconds in repetition 316
tcp_ping received 6144 bytes back
Round trip time was 0.060398 milliseconds in repetition 317
tcp_ping received 6144 bytes back
Round trip time was 0.04947 milliseconds in repetition 318
tcp_ping received 6144 bytes back
Round trip time was 0.04654 milliseconds in repetition 319
tcp_ping received 6144 bytes back
Round trip time was 0.043635 milliseconds in repetition 320
tcp_ping received 6144 bytes back
Round trip time was 0.053055 milliseconds in repetition 321
tcp_ping received 6144 bytes back
Round trip time was 0.118126 milliseconds in repetition 322
tcp_ping received 6144 bytes back
Round trip time was 0.04756 milliseconds in repetition 323
tcp_ping received 6144 bytes back
Round trip time was 0.048433 milliseconds in repetition 324
tcp_ping received 6144 bytes back
Round trip time was 0.062001 milliseconds in repetition 325
tcp_ping received 6144 bytes back
Round trip time was 0.056169 milliseconds in repetition 326
tcp_ping received 6144 bytes back
Round trip time was 0.053754 milliseconds in repetition 327
tcp_ping received 6144 bytes back
Round trip time was 0.07687 milliseconds in repetition 328
tcp_ping received 6144 bytes back
Round trip time was 0.240432 milliseconds in repetition 329
tcp_ping received 6144 bytes back
Round trip time was 0.065998 milliseconds in repetition 330
tcp_ping received 6144 bytes back
Round trip time was 0.072887 milliseconds in repetition 331
tcp_ping received 6144 bytes back
Round trip time was 0.06594 milliseconds in repetition 332
tcp_ping received 6144 bytes back
Round trip time was 0.080161 milliseconds in repetition 333
tcp_ping received 6144 bytes back
Round trip time was 0.080159 milliseconds in repetition 334
tcp_ping received 6144 bytes back
Round trip time was 0.205313 milliseconds in repetition 335
tcp_ping received 6144 bytes back
Round trip time was 0.292712 milliseconds in repetition 336
tcp_ping received 6144 bytes back
Round trip time was 0.123268 milliseconds in repetition 337
tcp_ping received 6144 bytes back
Round trip time was 0.196248 milliseconds in repetition 338
tcp_ping received 6144 bytes back
Round trip time was 0.286232 milliseconds in repetition 339
tcp_ping received 6144 bytes back
Round trip time was 0.069992 milliseconds in repetition 340
tcp_ping received 6144 bytes back
Round trip time was 0.053413 milliseconds in repetition 341
tcp_ping received 6144 bytes back
Round trip time was 0.049729 milliseconds in repetition 342
tcp_ping received 6144 bytes back
Round trip time was 0.047386 milliseconds in repetition 343
tcp_ping received 6144 bytes back
Round trip time was 0.051463 milliseconds in repetition 344
tcp_ping received 6144 bytes back
Round trip time was 0.061669 milliseconds in repetition 345
tcp_ping received 6144 bytes back
Round trip time was 0.051008 milliseconds in repetition 346
tcp_ping received 6144 bytes back
Round trip time was 0.049643 milliseconds in repetition 347
tcp_ping received 6144 bytes back
Round trip time was 0.056342 milliseconds in repetition 348
tcp_ping received 6144 bytes back
Round trip time was 0.063225 milliseconds in repetition 349
tcp_ping received 6144 bytes back
Round trip time was 0.051541 milliseconds in repetition 350
tcp_ping received 6144 bytes back
Round trip time was 0.043963 milliseconds in repetition 351
tcp_ping received 6144 bytes back
Round trip time was 0.048141 milliseconds in repetition 352
tcp_ping received 6144 bytes back
Round trip time was 0.049568 milliseconds in repetition 353
tcp_ping received 6144 bytes back
Round trip time was 0.102718 milliseconds in repetition 354
tcp_ping received 6144 bytes back
Round trip time was 0.05957 milliseconds in repetition 355
tcp_ping received 6144 bytes back
Round trip time was 0.175764 milliseconds in repetition 356
tcp_ping received 6144 bytes back
Round trip time was 0.107334 milliseconds in repetition 357
tcp_ping received 6144 bytes back
Round trip time was 0.098463 milliseconds in repetition 358
tcp_ping received 6144 bytes back
Round trip time was 0.203581 milliseconds in repetition 359
tcp_ping received 6144 bytes back
Round trip time was 0.064263 milliseconds in repetition 360
tcp_ping received 6144 bytes back
Round trip time was 0.179871 milliseconds in repetition 361
tcp_ping received 6144 bytes back
Round trip time was 0.196959 milliseconds in repetition 362
tcp_ping received 6144 bytes back
Round trip time was 0.050997 milliseconds in repetition 363
tcp_ping received 6144 bytes back
Round trip time was 0.048108 milliseconds in repetition 364
tcp_ping received 6144 bytes back
Round trip time was 0.056084 milliseconds in repetition 365
tcp_ping received 6144 bytes back
Round trip time was 0.054858 milliseconds in repetition 366
tcp_ping received 6144 bytes back
Round trip time was 0.051921 milliseconds in repetition 367
tcp_ping received 6144 bytes back
Round trip time was 0.044161 milliseconds in repetition 368
tcp_ping received 6144 bytes back
Round trip time was 0.131013 milliseconds in repetition 369
tcp_ping received 6144 bytes back
Round trip time was 0.059604 milliseconds in repetition 370
tcp_ping received 6144 bytes back
Round trip time was 0.063069 milliseconds in repetition 371
tcp_ping received 6144 bytes back
Round trip time was 0.047874 milliseconds in repetition 372
tcp_ping received 6144 bytes back
Round trip time was 0.044465 milliseconds in repetition 373
tcp_ping received 6144 bytes back
Round trip time was 0.051157 milliseconds in repetition 374
tcp_ping received 6144 bytes back
Round trip time was 0.049064 milliseconds in repetition 375
tcp_ping received 6144 bytes back
Round trip time was 0.053197 milliseconds in repetition 376
tcp_ping received 6144 bytes back
Round trip time was 0.052407 milliseconds in repetition 377
tcp_ping received 6144 bytes back
Round trip time was 0.055789 milliseconds in repetition 378
tcp_ping received 6144 bytes back
Round trip time was 0.052262 milliseconds in repetition 379
tcp_ping received 6144 bytes back
Round trip time was 0.051848 milliseconds in repetition 380
tcp_ping received 6144 bytes back
Round trip time was 0.045674 milliseconds in repetition 381
tcp_ping received 6144 bytes back
Round trip time was 0.07422 milliseconds in repetition 382
tcp_ping received 6144 bytes back
Round trip time was 0.163877 milliseconds in repetition 383
tcp_ping received 6144 bytes back
Round trip time was 0.058931 milliseconds in repetition 384
tcp_ping received 6144 bytes back
Round trip time was 0.047971 milliseconds in repetition 385
tcp_ping received 6144 bytes back
Round trip time was 0.18059 milliseconds in repetition 386
tcp_ping received 6144 bytes back
Round trip time was 0.058679 milliseconds in repetition 387
tcp_ping received 6144 bytes back
Round trip time was 0.063412 milliseconds in repetition 388
tcp_ping received 6144 bytes back
Round trip time was 0.18655 milliseconds in repetition 389
tcp_ping received 6144 bytes back
Round trip time was 0.144513 milliseconds in repetition 390
tcp_ping received 6144 bytes back
Round trip time was 0.202236 milliseconds in repetition 391
tcp_ping received 6144 bytes back
Round trip time was 0.06031 milliseconds in repetition 392
tcp_ping received 6144 bytes back
Round trip time was 0.050018 milliseconds in repetition 393
tcp_ping received 6144 bytes back
Round trip time was 0.175142 milliseconds in repetition 394
tcp_ping received 6144 bytes back
Round trip time was 0.137255 milliseconds in repetition 395
tcp_ping received 6144 bytes back
Round trip time was 0.179586 milliseconds in repetition 396
tcp_ping received 6144 bytes back
Round trip time was 0.172219 milliseconds in repetition 397
tcp_ping received 6144 bytes back
Round trip time was 0.075317 milliseconds in repetition 398
tcp_ping received 6144 bytes back
Round trip time was 0.173909 milliseconds in repetition 399
tcp_ping received 6144 bytes back
Round trip time was 0.071003 milliseconds in repetition 400
tcp_ping received 6144 bytes back
Round trip time was 0.05593 milliseconds in repetition 401
tcp_ping received 6144 bytes back
Round trip time was 0.058165 milliseconds in repetition 402
tcp_ping received 6144 bytes back
Round trip time was 0.053641 milliseconds in repetition 403
tcp_ping received 6144 bytes back
Round trip time was 0.069145 milliseconds in repetition 404
tcp_ping received 6144 bytes back
Round trip time was 0.053387 milliseconds in repetition 405
tcp_ping received 6144 bytes back
Round trip time was 0.12013 milliseconds in repetition 406
tcp_ping received 6144 bytes back
Round trip time was 0.267848 milliseconds in repetition 407
tcp_ping received 6144 bytes back
Round trip time was 0.071664 milliseconds in repetition 408
tcp_ping received 6144 bytes back
Round trip time was 0.151506 milliseconds in repetition 409
tcp_ping received 6144 bytes back
Round trip time was 0.180975 milliseconds in repetition 410
tcp_ping received 6144 bytes back
Round trip time was 0.061005 milliseconds in repetition 411
tcp_ping received 6144 bytes back
Round trip time was 0.073641 milliseconds in repetition 412
tcp_ping received 6144 bytes back
Round trip time was 0.085 milliseconds in repetition 413
tcp_ping received 6144 bytes back
Round trip time was 0.105093 milliseconds in repetition 414
tcp_ping received 6144 bytes back
Round trip time was 0.071424 milliseconds in repetition 415
tcp_ping received 6144 bytes back
Round trip time was 0.117164 milliseconds in repetition 416
tcp_ping received 6144 bytes back
Round trip time was 0.055617 milliseconds in repetition 417
tcp_ping received 6144 bytes back
Round trip time was 0.168205 milliseconds in repetition 418
tcp_ping received 6144 bytes back
Round trip time was 0.065391 milliseconds in repetition 419
tcp_ping received 6144 bytes back
Round trip time was 0.051013 milliseconds in repetition 420
tcp_ping received 6144 bytes back
Round trip time was 0.067933 milliseconds in repetition 421
tcp_ping received 6144 bytes back
Round trip time was 0.117339 milliseconds in repetition 422
tcp_ping received 6144 bytes back
Round trip time was 0.053685 milliseconds in repetition 423
tcp_ping received 6144 bytes back
Round trip time was 0.047401 milliseconds in repetition 424
tcp_ping received 6144 bytes back
Round trip time was 0.064471 milliseconds in repetition 425
tcp_ping received 6144 bytes back
Round trip time was 0.055658 milliseconds in repetition 426
tcp_ping received 6144 bytes back
Round trip time was 0.04442 milliseconds in repetition 427
tcp_ping received 6144 bytes back
Round trip time was 0.055443 milliseconds in repetition 428
tcp_ping received 6144 bytes back
Round trip time was 0.050841 milliseconds in repetition 429
tcp_ping received 6144 bytes back
Round trip time was 0.045336 milliseconds in repetition 430
tcp_ping received 6144 bytes back
Round trip time was 0.055182 milliseconds in repetition 431
tcp_ping received 6144 bytes back
Round trip time was 0.054183 milliseconds in repetition 432
tcp_ping received 6144 bytes back
Round trip time was 0.051757 milliseconds in repetition 433
tcp_ping received 6144 bytes back
Round trip time was 0.045316 milliseconds in repetition 434
tcp_ping received 6144 bytes back
Round trip time was 0.048905 milliseconds in repetition 435
tcp_ping received 6144 bytes back
Round trip time was 0.043382 milliseconds in repetition 436
tcp_ping received 6144 bytes back
Round trip time was 0.19979 milliseconds in repetition 437
tcp_ping received 6144 bytes back
Round trip time was 0.060421 milliseconds in repetition 438
tcp_ping received 6144 bytes back
Round trip time was 0.048913 milliseconds in repetition 439
tcp_ping received 6144 bytes back
Round trip time was 0.20763 milliseconds in repetition 440
tcp_ping received 6144 bytes back
Round trip time was 0.048687 milliseconds in repetition 441
tcp_ping received 6144 bytes back
Round trip time was 0.049797 milliseconds in repetition 442
tcp_ping received 6144 bytes back
Round trip time was 0.055702 milliseconds in repetition 443
tcp_ping received 6144 bytes back
Round trip time was 0.046598 milliseconds in repetition 444
tcp_ping received 6144 bytes back
Round trip time was 0.047245 milliseconds in repetition 445
tcp_ping received 6144 bytes back
Round trip time was 0.140709 milliseconds in repetition 446
tcp_ping received 6144 bytes back
Round trip time was 0.073569 milliseconds in repetition 447
tcp_ping received 6144 bytes back
Round trip time was 0.165227 milliseconds in repetition 448
tcp_ping received 6144 bytes back
Round trip time was 0.17775 milliseconds in repetition 449
tcp_ping received 6144 bytes back
Round trip time was 0.167985 milliseconds in repetition 450
tcp_ping received 6144 bytes back
Round trip time was 0.055351 milliseconds in repetition 451
tcp_ping received 6144 bytes back
Round trip time was 0.052368 milliseconds in repetition 452
tcp_ping received 6144 bytes back
Round trip time was 0.0513 milliseconds in repetition 453
tcp_ping received 6144 bytes back
Round trip time was 0.056526 milliseconds in repetition 454
tcp_ping received 6144 bytes back
Round trip time was 0.048719 milliseconds in repetition 455
tcp_ping received 6144 bytes back
Round trip time was 0.046779 milliseconds in repetition 456
tcp_ping received 6144 bytes back
Round trip time was 0.128392 milliseconds in repetition 457
tcp_ping received 6144 bytes back
Round trip time was 0.069422 milliseconds in repetition 458
tcp_ping received 6144 bytes back
Round trip time was 0.073142 milliseconds in repetition 459
tcp_ping received 6144 bytes back
Round trip time was 0.056843 milliseconds in repetition 460
tcp_ping received 6144 bytes back
Round trip time was 0.059643 milliseconds in repetition 461
tcp_ping received 6144 bytes back
Round trip time was 0.060433 milliseconds in repetition 462
tcp_ping received 6144 bytes back
Round trip time was 0.056407 milliseconds in repetition 463
tcp_ping received 6144 bytes back
Round trip time was 0.105048 milliseconds in repetition 464
tcp_ping received 6144 bytes back
Round trip time was 0.096884 milliseconds in repetition 465
tcp_ping received 6144 bytes back
Round trip time was 0.273142 milliseconds in repetition 466
tcp_ping received 6144 bytes back
Round trip time was 0.095677 milliseconds in repetition 467
tcp_ping received 6144 bytes back
Round trip time was 0.052668 milliseconds in repetition 468
tcp_ping received 6144 bytes back
Round trip time was 0.066757 milliseconds in repetition 469
tcp_ping received 6144 bytes back
Round trip time was 0.083361 milliseconds in repetition 470
tcp_ping received 6144 bytes back
Round trip time was 0.117574 milliseconds in repetition 471
tcp_ping received 6144 bytes back
Round trip time was 0.151258 milliseconds in repetition 472
tcp_ping received 6144 bytes back
Round trip time was 0.069473 milliseconds in repetition 473
tcp_ping received 6144 bytes back
Round trip time was 0.05085 milliseconds in repetition 474
tcp_ping received 6144 bytes back
Round trip time was 0.112871 milliseconds in repetition 475
tcp_ping received 6144 bytes back
Round trip time was 0.098774 milliseconds in repetition 476
tcp_ping received 6144 bytes back
Round trip time was 0.080985 milliseconds in repetition 477
tcp_ping received 6144 bytes back
Round trip time was 0.060652 milliseconds in repetition 478
tcp_ping received 6144 bytes back
Round trip time was 0.060733 milliseconds in repetition 479
tcp_ping received 6144 bytes back
Round trip time was 0.070493 milliseconds in repetition 480
tcp_ping received 6144 bytes back
Round trip time was 0.198589 milliseconds in repetition 481
tcp_ping received 6144 bytes back
Round trip time was 0.160947 milliseconds in repetition 482
tcp_ping received 6144 bytes back
Round trip time was 0.105467 milliseconds in repetition 483
tcp_ping received 6144 bytes back
Round trip time was 0.084744 milliseconds in repetition 484
tcp_ping received 6144 bytes back
Round trip time was 0.082639 milliseconds in repetition 485
tcp_ping received 6144 bytes back
Round trip time was 0.140893 milliseconds in repetition 486
tcp_ping received 6144 bytes back
Round trip time was 0.091323 milliseconds in repetition 487
tcp_ping received 6144 bytes back
Round trip time was 0.183981 milliseconds in repetition 488
tcp_ping received 6144 bytes back
Round trip time was 0.070709 milliseconds in repetition 489
tcp_ping received 6144 bytes back
Round trip time was 0.073104 milliseconds in repetition 490
tcp_ping received 6144 bytes back
Round trip time was 0.078737 milliseconds in repetition 491
tcp_ping received 6144 bytes back
Round trip time was 0.066566 milliseconds in repetition 492
tcp_ping received 6144 bytes back
Round trip time was 0.049147 milliseconds in repetition 493
tcp_ping received 6144 bytes back
Round trip time was 0.052905 milliseconds in repetition 494
tcp_ping received 6144 bytes back
Round trip time was 0.054238 milliseconds in repetition 495
tcp_ping received 6144 bytes back
Round trip time was 0.051061 milliseconds in repetition 496
tcp_ping received 6144 bytes back
Round trip time was 0.053805 milliseconds in repetition 497
tcp_ping received 6144 bytes back
Round trip time was 0.046866 milliseconds in repetition 498
tcp_ping received 6144 bytes back
Round trip time was 0.225872 milliseconds in repetition 499
tcp_ping received 6144 bytes back
Round trip time was 0.056974 milliseconds in repetition 500
tcp_ping received 6144 bytes back
Round trip time was 0.050357 milliseconds in repetition 501

 ... clock resolution was 1e-06
TCP Ping:  Statistics over 501 repetitions of 6144 byte messages

RTT : percentile 10: 0.048108, median: 0.06594, percentile 90: 0.168205, average: 0.0859405, variance: 0.00252914

RTT histogram:
0.0429645 68
0.0558641 162
0.0687637 73
0.0816633 57
0.0945629 29
0.107462 13
0.120362 10
0.133262 18
0.146161 7
0.159061 10
0.171961 17
0.18486 10
0.19776 11
0.210659 3
0.223559 2
0.236459 3
0.249358 0
0.262258 1
0.275157 2
0.288057 4
0.300957 1

   median Throughput : 186351 KB/s   overall Throughput : 142983 KB/s

