TCP Ping trying to connect to server 127.0.0.1 (127.0.0.1) on port 1491
 ... connected to Pong server: asking for 501 repetitions of 196608 bytes TCP messages
 ... Pong server agreed :-)
tcp_ping received 196608 bytes back
Round trip time was 0.709071 milliseconds in repetition 1
tcp_ping received 196608 bytes back
Round trip time was 0.65926 milliseconds in repetition 2
tcp_ping received 196608 bytes back
Round trip time was 0.6103 milliseconds in repetition 3
tcp_ping received 196608 bytes back
Round trip time was 0.481907 milliseconds in repetition 4
tcp_ping received 196608 bytes back
Round trip time was 0.562102 milliseconds in repetition 5
tcp_ping received 196608 bytes back
Round trip time was 0.515872 milliseconds in repetition 6
tcp_ping received 196608 bytes back
Round trip time was 0.46814 milliseconds in repetition 7
tcp_ping received 196608 bytes back
Round trip time was 0.485081 milliseconds in repetition 8
tcp_ping received 196608 bytes back
Round trip time was 0.488099 milliseconds in repetition 9
tcp_ping received 196608 bytes back
Round trip time was 0.52792 milliseconds in repetition 10
tcp_ping received 196608 bytes back
Round trip time was 0.460202 milliseconds in repetition 11
tcp_ping received 196608 bytes back
Round trip time was 0.456403 milliseconds in repetition 12
tcp_ping received 196608 bytes back
Round trip time was 0.464534 milliseconds in repetition 13
tcp_ping received 196608 bytes back
Round trip time was 0.724707 milliseconds in repetition 14
tcp_ping received 196608 bytes back
Round trip time was 0.446592 milliseconds in repetition 15
tcp_ping received 196608 bytes back
Round trip time was 0.683241 milliseconds in repetition 16
tcp_ping received 196608 bytes back
Round trip time was 0.571843 milliseconds in repetition 17
tcp_ping received 196608 bytes back
Round trip time was 0.504906 milliseconds in repetition 18
tcp_ping received 196608 bytes back
Round trip time was 0.44398 milliseconds in repetition 19
tcp_ping received 196608 bytes back
Round trip time was 0.730758 milliseconds in repetition 20
tcp_ping received 196608 bytes back
Round trip time was 0.511223 milliseconds in repetition 21
tcp_ping received 196608 bytes back
Round trip time was 0.439358 milliseconds in repetition 22
tcp_ping received 196608 bytes back
Round trip time was 0.501188 milliseconds in repetition 23
tcp_ping received 196608 bytes back
Round trip time was 0.450828 milliseconds in repetition 24
tcp_ping received 196608 bytes back
Round trip time was 0.483836 milliseconds in repetition 25
tcp_ping received 196608 bytes back
Round trip time was 0.507028 milliseconds in repetition 26
tcp_ping received 196608 bytes back
Round trip time was 0.471181 milliseconds in repetition 27
tcp_ping received 196608 bytes back
Round trip time was 0.479255 milliseconds in repetition 28
tcp_ping received 196608 bytes back
Round trip time was 0.502967 milliseconds in repetition 29
tcp_ping received 196608 bytes back
Round trip time was 0.770982 milliseconds in repetition 30
tcp_ping received 196608 bytes back
Round trip time was 0.552142 milliseconds in repetition 31
tcp_ping received 196608 bytes back
Round trip time was 0.631866 milliseconds in repetition 32
tcp_ping received 196608 bytes back
Round trip time was 0.472386 milliseconds in repetition 33
tcp_ping received 196608 bytes back
Round trip time was 0.497081 milliseconds in repetition 34
tcp_ping received 196608 bytes back
Round trip time was 0.471785 milliseconds in repetition 35
tcp_ping received 196608 bytes back
Round trip time was 0.531527 milliseconds in repetition 36
tcp_ping received 196608 bytes back
Round trip time was 0.491955 milliseconds in repetition 37
tcp_ping received 196608 bytes back
Round trip time was 0.479658 milliseconds in repetition 38
tcp_ping received 196608 bytes back
Round trip time was 0.442626 milliseconds in repetition 39
tcp_ping received 196608 bytes back
Round trip time was 0.427631 milliseconds in repetition 40
tcp_ping received 196608 bytes back
Round trip time was 0.517251 milliseconds in repetition 41
tcp_ping received 196608 bytes back
Round trip time was 0.503781 milliseconds in repetition 42
tcp_ping received 196608 bytes back
Round trip time was 0.54517 milliseconds in repetition 43
tcp_ping received 196608 bytes back
Round trip time was 0.473276 milliseconds in repetition 44
tcp_ping received 196608 bytes back
Round trip time was 0.833971 milliseconds in repetition 45
tcp_ping received 196608 bytes back
Round trip time was 0.475493 milliseconds in repetition 46
tcp_ping received 196608 bytes back
Round trip time was 0.467034 milliseconds in repetition 47
tcp_ping received 196608 bytes back
Round trip time was 0.586819 milliseconds in repetition 48
tcp_ping received 196608 bytes back
Round trip time was 0.474994 milliseconds in repetition 49
tcp_ping received 196608 bytes back
Round trip time was 0.512435 milliseconds in repetition 50
tcp_ping received 196608 bytes back
Round trip time was 0.46529 milliseconds in repetition 51
tcp_ping received 196608 bytes back
Round trip time was 0.496118 milliseconds in repetition 52
tcp_ping received 196608 bytes back
Round trip time was 0.50666 milliseconds in repetition 53
tcp_ping received 196608 bytes back
Round trip time was 0.489898 milliseconds in repetition 54
tcp_ping received 196608 bytes back
Round trip time was 0.50933 milliseconds in repetition 55
tcp_ping received 196608 bytes back
Round trip time was 0.44297 milliseconds in repetition 56
tcp_ping received 196608 bytes back
Round trip time was 0.452226 milliseconds in repetition 57
tcp_ping received 196608 bytes back
Round trip time was 0.493144 milliseconds in repetition 58
tcp_ping received 196608 bytes back
Round trip time was 0.51728 milliseconds in repetition 59
tcp_ping received 196608 bytes back
Round trip time was 0.466141 milliseconds in repetition 60
tcp_ping received 196608 bytes back
Round trip time was 0.527649 milliseconds in repetition 61
tcp_ping received 196608 bytes back
Round trip time was 0.51929 milliseconds in repetition 62
tcp_ping received 196608 bytes back
Round trip time was 0.651745 milliseconds in repetition 63
tcp_ping received 196608 bytes back
Round trip time was 0.576026 milliseconds in repetition 64
tcp_ping received 196608 bytes back
Round trip time was 0.592328 milliseconds in repetition 65
tcp_ping received 196608 bytes back
Round trip time was 0.63234 milliseconds in repetition 66
tcp_ping received 196608 bytes back
Round trip time was 0.452508 milliseconds in repetition 67
tcp_ping received 196608 bytes back
Round trip time was 0.450506 milliseconds in repetition 68
tcp_ping received 196608 bytes back
Round trip time was 0.500492 milliseconds in repetition 69
tcp_ping received 196608 bytes back
Round trip time was 0.453811 milliseconds in repetition 70
tcp_ping received 196608 bytes back
Round trip time was 0.452756 milliseconds in repetition 71
tcp_ping received 196608 bytes back
Round trip time was 0.431006 milliseconds in repetition 72
tcp_ping received 196608 bytes back
Round trip time was 0.461688 milliseconds in repetition 73
tcp_ping received 196608 bytes back
Round trip time was 0.443083 milliseconds in repetition 74
tcp_ping received 196608 bytes back
Round trip time was 0.526873 milliseconds in repetition 75
tcp_ping received 196608 bytes back
Round trip time was 0.435872 milliseconds in repetition 76
tcp_ping received 196608 bytes back
Round trip time was 0.462254 milliseconds in repetition 77
tcp_ping received 196608 bytes back
Round trip time was 0.46416 milliseconds in repetition 78
tcp_ping received 196608 bytes back
Round trip time was 0.474097 milliseconds in repetition 79
tcp_ping received 196608 bytes back
Round trip time was 0.43526 milliseconds in repetition 80
tcp_ping received 196608 bytes back
Round trip time was 0.460086 milliseconds in repetition 81
tcp_ping received 196608 bytes back
Round trip time was 0.522367 milliseconds in repetition 82
tcp_ping received 196608 bytes back
Round trip time was 0.57282 milliseconds in repetition 83
tcp_ping received 196608 bytes back
Round trip time was 0.568793 milliseconds in repetition 84
tcp_ping received 196608 bytes back
Round trip time was 0.569599 milliseconds in repetition 85
tcp_ping received 196608 bytes back
Round trip time was 0.521689 milliseconds in repetition 86
tcp_ping received 196608 bytes back
Round trip time was 0.484558 milliseconds in repetition 87
tcp_ping received 196608 bytes back
Round trip time was 0.454613 milliseconds in repetition 88
tcp_ping received 196608 bytes back
Round trip time was 0.448405 milliseconds in repetition 89
tcp_ping received 196608 bytes back
Round trip time was 0.441735 milliseconds in repetition 90
tcp_ping received 196608 bytes back
Round trip time was 0.489538 milliseconds in repetition 91
tcp_ping received 196608 bytes back
Round trip time was 0.481288 milliseconds in repetition 92
tcp_ping received 196608 bytes back
Round trip time was 0.43948 milliseconds in repetition 93
tcp_ping received 196608 bytes back
Round trip time was 0.4357 milliseconds in repetition 94
tcp_ping received 196608 bytes back
Round trip time was 0.428208 milliseconds in repetition 95
tcp_ping received 196608 bytes back
Round trip time was 0.511714 milliseconds in repetition 96
tcp_ping received 196608 bytes back
Round trip time was 0.459581 milliseconds in repetition 97
tcp_ping received 196608 bytes back
Round trip time was 0.456942 milliseconds in repetition 98
tcp_ping received 196608 bytes back
Round trip time was 0.479292 milliseconds in repetition 99
tcp_ping received 196608 bytes back
Round trip time was 0.846576 milliseconds in repetition 100
tcp_ping received 196608 bytes back
Round trip time was 0.52479 milliseconds in repetition 101
tcp_ping received 196608 bytes back
Round trip time was 0.478396 milliseconds in repetition 102
tcp_ping received 196608 bytes back
Round trip time was 0.469231 milliseconds in repetition 103
tcp_ping received 196608 bytes back
Round trip time was 0.517328 milliseconds in repetition 104
tcp_ping received 196608 bytes back
Round trip time was 0.506821 milliseconds in repetition 105
tcp_ping received 196608 bytes back
Round trip time was 0.487272 milliseconds in repetition 106
tcp_ping received 196608 bytes back
Round trip time was 0.454688 milliseconds in repetition 107
tcp_ping received 196608 bytes back
Round trip time was 0.659295 milliseconds in repetition 108
tcp_ping received 196608 bytes back
Round trip time was 0.50274 milliseconds in repetition 109
tcp_ping received 196608 bytes back
Round trip time was 0.738498 milliseconds in repetition 110
tcp_ping received 196608 bytes back
Round trip time was 0.497374 milliseconds in repetition 111
tcp_ping received 196608 bytes back
Round trip time was 0.546478 milliseconds in repetition 112
tcp_ping received 196608 bytes back
Round trip time was 0.476528 milliseconds in repetition 113
tcp_ping received 196608 bytes back
Round trip time was 0.452573 milliseconds in repetition 114
tcp_ping received 196608 bytes back
Round trip time was 0.540296 milliseconds in repetition 115
tcp_ping received 196608 bytes back
Round trip time was 0.491463 milliseconds in repetition 116
tcp_ping received 196608 bytes back
Round trip time was 0.446739 milliseconds in repetition 117
tcp_ping received 196608 bytes back
Round trip time was 0.544719 milliseconds in repetition 118
tcp_ping received 196608 bytes back
Round trip time was 0.448551 milliseconds in repetition 119
tcp_ping received 196608 bytes back
Round trip time was 0.462468 milliseconds in repetition 120
tcp_ping received 196608 bytes back
Round trip time was 0.511094 milliseconds in repetition 121
tcp_ping received 196608 bytes back
Round trip time was 0.483365 milliseconds in repetition 122
tcp_ping received 196608 bytes back
Round trip time was 0.498734 milliseconds in repetition 123
tcp_ping received 196608 bytes back
Round trip time was 0.596328 milliseconds in repetition 124
tcp_ping received 196608 bytes back
Round trip time was 0.510974 milliseconds in repetition 125
tcp_ping received 196608 bytes back
Round trip time was 0.778525 milliseconds in repetition 126
tcp_ping received 196608 bytes back
Round trip time was 0.536147 milliseconds in repetition 127
tcp_ping received 196608 bytes back
Round trip time was 0.549016 milliseconds in repetition 128
tcp_ping received 196608 bytes back
Round trip time was 0.521688 milliseconds in repetition 129
tcp_ping received 196608 bytes back
Round trip time was 0.546735 milliseconds in repetition 130
tcp_ping received 196608 bytes back
Round trip time was 0.554401 milliseconds in repetition 131
tcp_ping received 196608 bytes back
Round trip time was 0.585935 milliseconds in repetition 132
tcp_ping received 196608 bytes back
Round trip time was 0.598128 milliseconds in repetition 133
tcp_ping received 196608 bytes back
Round trip time was 0.497069 milliseconds in repetition 134
tcp_ping received 196608 bytes back
Round trip time was 0.542212 milliseconds in repetition 135
tcp_ping received 196608 bytes back
Round trip time was 0.476 milliseconds in repetition 136
tcp_ping received 196608 bytes back
Round trip time was 0.487467 milliseconds in repetition 137
tcp_ping received 196608 bytes back
Round trip time was 0.45987 milliseconds in repetition 138
tcp_ping received 196608 bytes back
Round trip time was 0.469395 milliseconds in repetition 139
tcp_ping received 196608 bytes back
Round trip time was 0.556035 milliseconds in repetition 140
tcp_ping received 196608 bytes back
Round trip time was 0.451493 milliseconds in repetition 141
tcp_ping received 196608 bytes back
Round trip time was 0.426308 milliseconds in repetition 142
tcp_ping received 196608 bytes back
Round trip time was 0.825081 milliseconds in repetition 143
tcp_ping received 196608 bytes back
Round trip time was 0.475134 milliseconds in repetition 144
tcp_ping received 196608 bytes back
Round trip time was 0.49791 milliseconds in repetition 145
tcp_ping received 196608 bytes back
Round trip time was 0.489458 milliseconds in repetition 146
tcp_ping received 196608 bytes back
Round trip time was 0.481199 milliseconds in repetition 147
tcp_ping received 196608 bytes back
Round trip time was 0.469369 milliseconds in repetition 148
tcp_ping received 196608 bytes back
Round trip time was 0.628513 milliseconds in repetition 149
tcp_ping received 196608 bytes back
Round trip time was 0.545767 milliseconds in repetition 150
tcp_ping received 196608 bytes back
Round trip time was 0.504896 milliseconds in repetition 151
tcp_ping received 196608 bytes back
Round trip time was 0.534335 milliseconds in repetition 152
tcp_ping received 196608 bytes back
Round trip time was 0.482501 milliseconds in repetition 153
tcp_ping received 196608 bytes back
Round trip time was 0.435601 milliseconds in repetition 154
tcp_ping received 196608 bytes back
Round trip time was 0.434371 milliseconds in repetition 155
tcp_ping received 196608 bytes back
Round trip time was 0.499228 milliseconds in repetition 156
tcp_ping received 196608 bytes back
Round trip time was 0.515429 milliseconds in repetition 157
tcp_ping received 196608 bytes back
Round trip time was 0.56334 milliseconds in repetition 158
tcp_ping received 196608 bytes back
Round trip time was 0.505435 milliseconds in repetition 159
tcp_ping received 196608 bytes back
Round trip time was 0.646556 milliseconds in repetition 160
tcp_ping received 196608 bytes back
Round trip time was 0.640018 milliseconds in repetition 161
tcp_ping received 196608 bytes back
Round trip time was 0.67804 milliseconds in repetition 162
tcp_ping received 196608 bytes back
Round trip time was 0.542082 milliseconds in repetition 163
tcp_ping received 196608 bytes back
Round trip time was 0.551931 milliseconds in repetition 164
tcp_ping received 196608 bytes back
Round trip time was 0.545139 milliseconds in repetition 165
tcp_ping received 196608 bytes back
Round trip time was 0.571168 milliseconds in repetition 166
tcp_ping received 196608 bytes back
Round trip time was 0.509303 milliseconds in repetition 167
tcp_ping received 196608 bytes back
Round trip time was 0.740611 milliseconds in repetition 168
tcp_ping received 196608 bytes back
Round trip time was 0.460019 milliseconds in repetition 169
tcp_ping received 196608 bytes back
Round trip time was 0.573373 milliseconds in repetition 170
tcp_ping received 196608 bytes back
Round trip time was 0.471951 milliseconds in repetition 171
tcp_ping received 196608 bytes back
Round trip time was 0.986844 milliseconds in repetition 172
tcp_ping received 196608 bytes back
Round trip time was 0.548947 milliseconds in repetition 173
tcp_ping received 196608 bytes back
Round trip time was 0.605203 milliseconds in repetition 174
tcp_ping received 196608 bytes back
Round trip time was 0.620453 milliseconds in repetition 175
tcp_ping received 196608 bytes back
Round trip time was 1.15223 milliseconds in repetition 176
tcp_ping received 196608 bytes back
Round trip time was 1.05141 milliseconds in repetition 177
tcp_ping received 196608 bytes back
Round trip time was 0.729979 milliseconds in repetition 178
tcp_ping received 196608 bytes back
Round trip time was 0.5618 milliseconds in repetition 179
tcp_ping received 196608 bytes back
Round trip time was 0.606766 milliseconds in repetition 180
tcp_ping received 196608 bytes back
Round trip time was 0.648918 milliseconds in repetition 181
tcp_ping received 196608 bytes back
Round trip time was 0.676962 milliseconds in repetition 182
tcp_ping received 196608 bytes back
Round trip time was 0.63325 milliseconds in repetition 183
tcp_ping received 196608 bytes back
Round trip time was 0.501562 milliseconds in repetition 184
tcp_ping received 196608 bytes back
Round trip time was 0.519381 milliseconds in repetition 185
tcp_ping received 196608 bytes back
Round trip time was 0.591856 milliseconds in repetition 186
tcp_ping received 196608 bytes back
Round trip time was 0.639332 milliseconds in repetition 187
tcp_ping received 196608 bytes back
Round trip time was 0.646554 milliseconds in repetition 188
tcp_ping received 196608 bytes back
Round trip time was 0.690372 milliseconds in repetition 189
tcp_ping received 196608 bytes back
Round trip time was 0.560591 milliseconds in repetition 190
tcp_ping received 196608 bytes back
Round trip time was 0.629375 milliseconds in repetition 191
tcp_ping received 196608 bytes back
Round trip time was 0.600819 milliseconds in repetition 192
tcp_ping received 196608 bytes back
Round trip time was 0.507364 milliseconds in repetition 193
tcp_ping received 196608 bytes back
Round trip time was 0.596894 milliseconds in repetition 194
tcp_ping received 196608 bytes back
Round trip time was 0.601249 milliseconds in repetition 195
tcp_ping received 196608 bytes back
Round trip time was 0.716129 milliseconds in repetition 196
tcp_ping received 196608 bytes back
Round trip time was 0.638387 milliseconds in repetition 197
tcp_ping received 196608 bytes back
Round trip time was 0.799208 milliseconds in repetition 198
tcp_ping received 196608 bytes back
Round trip time was 0.599319 milliseconds in repetition 199
tcp_ping received 196608 bytes back
Round trip time was 0.635749 milliseconds in repetition 200
tcp_ping received 196608 bytes back
Round trip time was 0.506619 milliseconds in repetition 201
tcp_ping received 196608 bytes back
Round trip time was 0.648373 milliseconds in repetition 202
tcp_ping received 196608 bytes back
Round trip time was 0.667961 milliseconds in repetition 203
tcp_ping received 196608 bytes back
Round trip time was 0.640347 milliseconds in repetition 204
tcp_ping received 196608 bytes back
Round trip time was 0.548753 milliseconds in repetition 205
tcp_ping received 196608 bytes back
Round trip time was 0.494811 milliseconds in repetition 206
tcp_ping received 196608 bytes back
Round trip time was 0.59146 milliseconds in repetition 207
tcp_ping received 196608 bytes back
Round trip time was 0.730445 milliseconds in repetition 208
tcp_ping received 196608 bytes back
Round trip time was 0.724584 milliseconds in repetition 209
tcp_ping received 196608 bytes back
Round trip time was 0.618978 milliseconds in repetition 210
tcp_ping received 196608 bytes back
Round trip time was 0.60696 milliseconds in repetition 211
tcp_ping received 196608 bytes back
Round trip time was 0.891567 milliseconds in repetition 212
tcp_ping received 196608 bytes back
Round trip time was 0.76597 milliseconds in repetition 213
tcp_ping received 196608 bytes back
Round trip time was 0.73657 milliseconds in repetition 214
tcp_ping received 196608 bytes back
Round trip time was 0.793426 milliseconds in repetition 215
tcp_ping received 196608 bytes back
Round trip time was 0.61746 milliseconds in repetition 216
tcp_ping received 196608 bytes back
Round trip time was 0.698828 milliseconds in repetition 217
tcp_ping received 196608 bytes back
Round trip time was 0.503951 milliseconds in repetition 218
tcp_ping received 196608 bytes back
Round trip time was 0.651475 milliseconds in repetition 219
tcp_ping received 196608 bytes back
Round trip time was 0.684631 milliseconds in repetition 220
tcp_ping received 196608 bytes back
Round trip time was 0.799032 milliseconds in repetition 221
tcp_ping received 196608 bytes back
Round trip time was 0.751393 milliseconds in repetition 222
tcp_ping received 196608 bytes back
Round trip time was 0.563857 milliseconds in repetition 223
tcp_ping received 196608 bytes back
Round trip time was 0.680073 milliseconds in repetition 224
tcp_ping received 196608 bytes back
Round trip time was 0.72684 milliseconds in repetition 225
tcp_ping received 196608 bytes back
Round trip time was 0.566702 milliseconds in repetition 226
tcp_ping received 196608 bytes back
Round trip time was 0.678558 milliseconds in repetition 227
tcp_ping received 196608 bytes back
Round trip time was 0.668677 milliseconds in repetition 228
tcp_ping received 196608 bytes back
Round trip time was 0.608333 milliseconds in repetition 229
tcp_ping received 196608 bytes back
Round trip time was 0.621258 milliseconds in repetition 230
tcp_ping received 196608 bytes back
Round trip time was 0.610995 milliseconds in repetition 231
tcp_ping received 196608 bytes back
Round trip time was 0.605277 milliseconds in repetition 232
tcp_ping received 196608 bytes back
Round trip time was 0.531628 milliseconds in repetition 233
tcp_ping received 196608 bytes back
Round trip time was 0.613558 milliseconds in repetition 234
tcp_ping received 196608 bytes back
Round trip time was 0.560256 milliseconds in repetition 235
tcp_ping received 196608 bytes back
Round trip time was 0.469843 milliseconds in repetition 236
tcp_ping received 196608 bytes back
Round trip time was 0.559057 milliseconds in repetition 237
tcp_ping received 196608 bytes back
Round trip time was 0.674351 milliseconds in repetition 238
tcp_ping received 196608 bytes back
Round trip time was 0.552374 milliseconds in repetition 239
tcp_ping received 196608 bytes back
Round trip time was 0.488074 milliseconds in repetition 240
tcp_ping received 196608 bytes back
Round trip time was 0.856014 milliseconds in repetition 241
tcp_ping received 196608 bytes back
Round trip time was 1.09212 milliseconds in repetition 242
tcp_ping received 196608 bytes back
Round trip time was 0.773405 milliseconds in repetition 243
tcp_ping received 196608 bytes back
Round trip time was 0.704231 milliseconds in repetition 244
tcp_ping received 196608 bytes back
Round trip time was 0.624762 milliseconds in repetition 245
tcp_ping received 196608 bytes back
Round trip time was 0.635362 milliseconds in repetition 246
tcp_ping received 196608 bytes back
Round trip time was 0.587135 milliseconds in repetition 247
tcp_ping received 196608 bytes back
Round trip time was 0.485453 milliseconds in repetition 248
tcp_ping received 196608 bytes back
Round trip time was 0.779517 milliseconds in repetition 249
tcp_ping received 196608 bytes back
Round trip time was 0.56421 milliseconds in repetition 250
tcp_ping received 196608 bytes back
Round trip time was 0.593911 milliseconds in repetition 251
tcp_ping received 196608 bytes back
Round trip time was 0.585679 milliseconds in repetition 252
tcp_ping received 196608 bytes back
Round trip time was 0.592359 milliseconds in repetition 253
tcp_ping received 196608 bytes back
Round trip time was 0.457826 milliseconds in repetition 254
tcp_ping received 196608 bytes back
Round trip time was 0.559048 milliseconds in repetition 255
tcp_ping received 196608 bytes back
Round trip time was 0.683076 milliseconds in repetition 256
tcp_ping received 196608 bytes back
Round trip time was 0.699541 milliseconds in repetition 257
tcp_ping received 196608 bytes back
Round trip time was 0.747717 milliseconds in repetition 258
tcp_ping received 196608 bytes back
Round trip time was 0.559015 milliseconds in repetition 259
tcp_ping received 196608 bytes back
Round trip time was 0.589828 milliseconds in repetition 260
tcp_ping received 196608 bytes back
Round trip time was 0.648665 milliseconds in repetition 261
tcp_ping received 196608 bytes back
Round trip time was 0.57953 milliseconds in repetition 262
tcp_ping received 196608 bytes back
Round trip time was 0.850872 milliseconds in repetition 263
tcp_ping received 196608 bytes back
Round trip time was 0.639556 milliseconds in repetition 264
tcp_ping received 196608 bytes back
Round trip time was 0.582827 milliseconds in repetition 265
tcp_ping received 196608 bytes back
Round trip time was 0.667866 milliseconds in repetition 266
tcp_ping received 196608 bytes back
Round trip time was 0.664486 milliseconds in repetition 267
tcp_ping received 196608 bytes back
Round trip time was 0.741214 milliseconds in repetition 268
tcp_ping received 196608 bytes back
Round trip time was 0.566516 milliseconds in repetition 269
tcp_ping received 196608 bytes back
Round trip time was 0.622302 milliseconds in repetition 270
tcp_ping received 196608 bytes back
Round trip time was 0.554821 milliseconds in repetition 271
tcp_ping received 196608 bytes back
Round trip time was 0.560642 milliseconds in repetition 272
tcp_ping received 196608 bytes back
Round trip time was 0.621268 milliseconds in repetition 273
tcp_ping received 196608 bytes back
Round trip time was 0.481468 milliseconds in repetition 274
tcp_ping received 196608 bytes back
Round trip time was 0.590983 milliseconds in repetition 275
tcp_ping received 196608 bytes back
Round trip time was 0.689219 milliseconds in repetition 276
tcp_ping received 196608 bytes back
Round trip time was 0.651355 milliseconds in repetition 277
tcp_ping received 196608 bytes back
Round trip time was 1.04444 milliseconds in repetition 278
tcp_ping received 196608 bytes back
Round trip time was 0.588986 milliseconds in repetition 279
tcp_ping received 196608 bytes back
Round trip time was 0.576455 milliseconds in repetition 280
tcp_ping received 196608 bytes back
Round trip time was 0.74782 milliseconds in repetition 281
tcp_ping received 196608 bytes back
Round trip time was 0.538273 milliseconds in repetition 282
tcp_ping received 196608 bytes back
Round trip time was 0.879446 milliseconds in repetition 283
tcp_ping received 196608 bytes back
Round trip time was 0.733853 milliseconds in repetition 284
tcp_ping received 196608 bytes back
Round trip time was 0.526192 milliseconds in repetition 285
tcp_ping received 196608 bytes back
Round trip time was 0.580461 milliseconds in repetition 286
tcp_ping received 196608 bytes back
Round trip time was 0.606615 milliseconds in repetition 287
tcp_ping received 196608 bytes back
Round trip time was 0.581322 milliseconds in repetition 288
tcp_ping received 196608 bytes back
Round trip time was 0.621506 milliseconds in repetition 289
tcp_ping received 196608 bytes back
Round trip time was 0.550454 milliseconds in repetition 290
tcp_ping received 196608 bytes back
Round trip time was 0.689287 milliseconds in repetition 291
tcp_ping received 196608 bytes back
Round trip time was 0.600523 milliseconds in repetition 292
tcp_ping received 196608 bytes back
Round trip time was 0.588522 milliseconds in repetition 293
tcp_ping received 196608 bytes back
Round trip time was 0.890729 milliseconds in repetition 294
tcp_ping received 196608 bytes back
Round trip time was 0.701144 milliseconds in repetition 295
tcp_ping received 196608 bytes back
Round trip time was 0.642884 milliseconds in repetition 296
tcp_ping received 196608 bytes back
Round trip time was 0.854712 milliseconds in repetition 297
tcp_ping received 196608 bytes back
Round trip time was 0.597117 milliseconds in repetition 298
tcp_ping received 196608 bytes back
Round trip time was 0.501862 milliseconds in repetition 299
tcp_ping received 196608 bytes back
Round trip time was 0.628175 milliseconds in repetition 300
tcp_ping received 196608 bytes back
Round trip time was 0.715866 milliseconds in repetition 301
tcp_ping received 196608 bytes back
Round trip time was 0.888294 milliseconds in repetition 302
tcp_ping received 196608 bytes back
Round trip time was 0.575603 milliseconds in repetition 303
tcp_ping received 196608 bytes back
Round trip time was 0.536866 milliseconds in repetition 304
tcp_ping received 196608 bytes back
Round trip time was 0.709575 milliseconds in repetition 305
tcp_ping received 196608 bytes back
Round trip time was 0.597909 milliseconds in repetition 306
tcp_ping received 196608 bytes back
Round trip time was 0.553499 milliseconds in repetition 307
tcp_ping received 196608 bytes back
Round trip time was 0.524212 milliseconds in repetition 308
tcp_ping received 196608 bytes back
Round trip time was 0.56921 milliseconds in repetition 309
tcp_ping received 196608 bytes back
Round trip time was 0.558773 milliseconds in repetition 310
tcp_ping received 196608 bytes back
Round trip time was 0.56333 milliseconds in repetition 311
tcp_ping received 196608 bytes back
Round trip time was 0.784673 milliseconds in repetition 312
tcp_ping received 196608 bytes back
Round trip time was 0.693894 milliseconds in repetition 313
tcp_ping received 196608 bytes back
Round trip time was 0.55342 milliseconds in repetition 314
tcp_ping received 196608 bytes back
Round trip time was 0.642184 milliseconds in repetition 315
tcp_ping received 196608 bytes back
Round trip time was 0.555042 milliseconds in repetition 316
tcp_ping received 196608 bytes back
Round trip time was 0.503293 milliseconds in repetition 317
tcp_ping received 196608 bytes back
Round trip time was 0.533137 milliseconds in repetition 318
tcp_ping received 196608 bytes back
Round trip time was 0.527221 milliseconds in repetition 319
tcp_ping received 196608 bytes back
Round trip time was 0.640174 milliseconds in repetition 320
tcp_ping received 196608 bytes back
Round trip time was 0.526372 milliseconds in repetition 321
tcp_ping received 196608 bytes back
Round trip time was 0.59047 milliseconds in repetition 322
tcp_ping received 196608 bytes back
Round trip time was 0.813513 milliseconds in repetition 323
tcp_ping received 196608 bytes back
Round trip time was 0.661568 milliseconds in repetition 324
tcp_ping received 196608 bytes back
Round trip time was 0.632157 milliseconds in repetition 325
tcp_ping received 196608 bytes back
Round trip time was 0.575917 milliseconds in repetition 326
tcp_ping received 196608 bytes back
Round trip time was 0.599887 milliseconds in repetition 327
tcp_ping received 196608 bytes back
Round trip time was 0.735806 milliseconds in repetition 328
tcp_ping received 196608 bytes back
Round trip time was 0.460798 milliseconds in repetition 329
tcp_ping received 196608 bytes back
Round trip time was 0.460962 milliseconds in repetition 330
tcp_ping received 196608 bytes back
Round trip time was 0.467416 milliseconds in repetition 331
tcp_ping received 196608 bytes back
Round trip time was 0.643128 milliseconds in repetition 332
tcp_ping received 196608 bytes back
Round trip time was 0.848138 milliseconds in repetition 333
tcp_ping received 196608 bytes back
Round trip time was 0.637902 milliseconds in repetition 334
tcp_ping received 196608 bytes back
Round trip time was 0.531691 milliseconds in repetition 335
tcp_ping received 196608 bytes back
Round trip time was 0.517095 milliseconds in repetition 336
tcp_ping received 196608 bytes back
Round trip time was 0.68449 milliseconds in repetition 337
tcp_ping received 196608 bytes back
Round trip time was 0.67451 milliseconds in repetition 338
tcp_ping received 196608 bytes back
Round trip time was 0.639237 milliseconds in repetition 339
tcp_ping received 196608 bytes back
Round trip time was 0.621691 milliseconds in repetition 340
tcp_ping received 196608 bytes back
Round trip time was 0.510983 milliseconds in repetition 341
tcp_ping received 196608 bytes back
Round trip time was 0.559156 milliseconds in repetition 342
tcp_ping received 196608 bytes back
Round trip time was 0.652643 milliseconds in repetition 343
tcp_ping received 196608 bytes back
Round trip time was 0.908561 milliseconds in repetition 344
tcp_ping received 196608 bytes back
Round trip time was 0.496653 milliseconds in repetition 345
tcp_ping received 196608 bytes back
Round trip time was 0.581281 milliseconds in repetition 346
tcp_ping received 196608 bytes back
Round trip time was 0.665875 milliseconds in repetition 347
tcp_ping received 196608 bytes back
Round trip time was 0.580314 milliseconds in repetition 348
tcp_ping received 196608 bytes back
Round trip time was 1.43774 milliseconds in repetition 349
tcp_ping received 196608 bytes back
Round trip time was 0.732295 milliseconds in repetition 350
tcp_ping received 196608 bytes back
Round trip time was 0.707882 milliseconds in repetition 351
tcp_ping received 196608 bytes back
Round trip time was 0.636484 milliseconds in repetition 352
tcp_ping received 196608 bytes back
Round trip time was 0.810807 milliseconds in repetition 353
tcp_ping received 196608 bytes back
Round trip time was 0.518808 milliseconds in repetition 354
tcp_ping received 196608 bytes back
Round trip time was 0.557702 milliseconds in repetition 355
tcp_ping received 196608 bytes back
Round trip time was 0.753593 milliseconds in repetition 356
tcp_ping received 196608 bytes back
Round trip time was 0.540196 milliseconds in repetition 357
tcp_ping received 196608 bytes back
Round trip time was 0.890285 milliseconds in repetition 358
tcp_ping received 196608 bytes back
Round trip time was 0.684061 milliseconds in repetition 359
tcp_ping received 196608 bytes back
Round trip time was 0.697016 milliseconds in repetition 360
tcp_ping received 196608 bytes back
Round trip time was 0.636702 milliseconds in repetition 361
tcp_ping received 196608 bytes back
Round trip time was 0.505746 milliseconds in repetition 362
tcp_ping received 196608 bytes back
Round trip time was 0.562862 milliseconds in repetition 363
tcp_ping received 196608 bytes back
Round trip time was 0.891289 milliseconds in repetition 364
tcp_ping received 196608 bytes back
Round trip time was 0.476605 milliseconds in repetition 365
tcp_ping received 196608 bytes back
Round trip time was 0.456563 milliseconds in repetition 366
tcp_ping received 196608 bytes back
Round trip time was 0.529326 milliseconds in repetition 367
tcp_ping received 196608 bytes back
Round trip time was 0.499793 milliseconds in repetition 368
tcp_ping received 196608 bytes back
Round trip time was 0.708097 milliseconds in repetition 369
tcp_ping received 196608 bytes back
Round trip time was 0.466312 milliseconds in repetition 370
tcp_ping received 196608 bytes back
Round trip time was 0.741975 milliseconds in repetition 371
tcp_ping received 196608 bytes back
Round trip time was 0.58415 milliseconds in repetition 372
tcp_ping received 196608 bytes back
Round trip time was 0.502445 milliseconds in repetition 373
tcp_ping received 196608 bytes back
Round trip time was 0.604903 milliseconds in repetition 374
tcp_ping received 196608 bytes back
Round trip time was 0.770137 milliseconds in repetition 375
tcp_ping received 196608 bytes back
Round trip time was 0.76711 milliseconds in repetition 376
tcp_ping received 196608 bytes back
Round trip time was 0.550611 milliseconds in repetition 377
tcp_ping received 196608 bytes back
Round trip time was 0.656013 milliseconds in repetition 378
tcp_ping received 196608 bytes back
Round trip time was 0.622674 milliseconds in repetition 379
tcp_ping received 196608 bytes back
Round trip time was 0.63346 milliseconds in repetition 380
tcp_ping received 196608 bytes back
Round trip time was 0.614949 milliseconds in repetition 381
tcp_ping received 196608 bytes back
Round trip time was 0.912352 milliseconds in repetition 382
tcp_ping received 196608 bytes back
Round trip time was 0.514278 milliseconds in repetition 383
tcp_ping received 196608 bytes back
Round trip time was 0.567183 milliseconds in repetition 384
tcp_ping received 196608 bytes back
Round trip time was 0.57196 milliseconds in repetition 385
tcp_ping received 196608 bytes back
Round trip time was 0.564785 milliseconds in repetition 386
tcp_ping received 196608 bytes back
Round trip time was 0.520916 milliseconds in repetition 387
tcp_ping received 196608 bytes back
Round trip time was 0.472929 milliseconds in repetition 388
tcp_ping received 196608 bytes back
Round trip time was 0.681347 milliseconds in repetition 389
tcp_ping received 196608 bytes back
Round trip time was 0.472667 milliseconds in repetition 390
tcp_ping received 196608 bytes back
Round trip time was 0.59411 milliseconds in repetition 391
tcp_ping received 196608 bytes back
Round trip time was 0.544885 milliseconds in repetition 392
tcp_ping received 196608 bytes back
Round trip time was 0.664877 milliseconds in repetition 393
tcp_ping received 196608 bytes back
Round trip time was 0.526867 milliseconds in repetition 394
tcp_ping received 196608 bytes back
Round trip time was 0.529971 milliseconds in repetition 395
tcp_ping received 196608 bytes back
Round trip time was 0.48757 milliseconds in repetition 396
tcp_ping received 196608 bytes back
Round trip time was 0.516104 milliseconds in repetition 397
tcp_ping received 196608 bytes back
Round trip time was 1.07078 milliseconds in repetition 398
tcp_ping received 196608 bytes back
Round trip time was 0.617063 milliseconds in repetition 399
tcp_ping received 196608 bytes back
Round trip time was 0.616068 milliseconds in repetition 400
tcp_ping received 196608 bytes back
Round trip time was 0.672671 milliseconds in repetition 401
tcp_ping received 196608 bytes back
Round trip time was 0.569102 milliseconds in repetition 402
tcp_ping received 196608 bytes back
Round trip time was 0.523244 milliseconds in repetition 403
tcp_ping received 196608 bytes back
Round trip time was 0.647484 milliseconds in repetition 404
tcp_ping received 196608 bytes back
Round trip time was 0.618531 milliseconds in repetition 405
tcp_ping received 196608 bytes back
Round trip time was 0.664057 milliseconds in repetition 406
tcp_ping received 196608 bytes back
Round trip time was 0.564372 milliseconds in repetition 407
tcp_ping received 196608 bytes back
Round trip time was 0.560863 milliseconds in repetition 408
tcp_ping received 196608 bytes back
Round trip time was 0.522175 milliseconds in repetition 409
tcp_ping received 196608 bytes back
Round trip time was 0.489268 milliseconds in repetition 410
tcp_ping received 196608 bytes back
Round trip time was 0.475443 milliseconds in repetition 411
tcp_ping received 196608 bytes back
Round trip time was 0.546736 milliseconds in repetition 412
tcp_ping received 196608 bytes back
Round trip time was 0.751442 milliseconds in repetition 413
tcp_ping received 196608 bytes back
Round trip time was 0.43644 milliseconds in repetition 414
tcp_ping received 196608 bytes back
Round trip time was 0.510094 milliseconds in repetition 415
tcp_ping received 196608 bytes back
Round trip time was 0.654869 milliseconds in repetition 416
tcp_ping received 196608 bytes back
Round trip time was 0.549447 milliseconds in repetition 417
tcp_ping received 196608 bytes back
Round trip time was 0.503503 milliseconds in repetition 418
tcp_ping received 196608 bytes back
Round trip time was 0.528249 milliseconds in repetition 419
tcp_ping received 196608 bytes back
Round trip time was 0.513726 milliseconds in repetition 420
tcp_ping received 196608 bytes back
Round trip time was 0.470007 milliseconds in repetition 421
tcp_ping received 196608 bytes back
Round trip time was 0.528458 milliseconds in repetition 422
tcp_ping received 196608 bytes back
Round trip time was 0.630819 milliseconds in repetition 423
tcp_ping received 196608 bytes back
Round trip time was 0.600547 milliseconds in repetition 424
tcp_ping received 196608 bytes back
Round trip time was 0.47695 milliseconds in repetition 425
tcp_ping received 196608 bytes back
Round trip time was 0.612181 milliseconds in repetition 426
tcp_ping received 196608 bytes back
Round trip time was 0.554942 milliseconds in repetition 427
tcp_ping received 196608 bytes back
Round trip time was 0.48898 milliseconds in repetition 428
tcp_ping received 196608 bytes back
Round trip time was 0.761764 milliseconds in repetition 429
tcp_ping received 196608 bytes back
Round trip time was 0.469469 milliseconds in repetition 430
tcp_ping received 196608 bytes back
Round trip time was 0.54226 milliseconds in repetition 431
tcp_ping received 196608 bytes back
Round trip time was 0.49018 milliseconds in repetition 432
tcp_ping received 196608 bytes back
Round trip time was 0.515572 milliseconds in repetition 433
tcp_ping received 196608 bytes back
Round trip time was 0.442003 milliseconds in repetition 434
tcp_ping received 196608 bytes back
Round trip time was 0.482469 milliseconds in repetition 435
tcp_ping received 196608 bytes back
Round trip time was 0.714719 milliseconds in repetition 436
tcp_ping received 196608 bytes back
Round trip time was 0.841807 milliseconds in repetition 437
tcp_ping received 196608 bytes back
Round trip time was 0.510886 milliseconds in repetition 438
tcp_ping received 196608 bytes back
Round trip time was 0.638219 milliseconds in repetition 439
tcp_ping received 196608 bytes back
Round trip time was 0.506429 milliseconds in repetition 440
tcp_ping received 196608 bytes back
Round trip time was 0.56044 milliseconds in repetition 441
tcp_ping received 196608 bytes back
Round trip time was 0.511768 milliseconds in repetition 442
tcp_ping received 196608 bytes back
Round trip time was 0.47378 milliseconds in repetition 443
tcp_ping received 196608 bytes back
Round trip time was 0.460427 milliseconds in repetition 444
tcp_ping received 196608 bytes back
Round trip time was 0.5307 milliseconds in repetition 445
tcp_ping received 196608 bytes back
Round trip time was 0.553724 milliseconds in repetition 446
tcp_ping received 196608 bytes back
Round trip time was 0.57755 milliseconds in repetition 447
tcp_ping received 196608 bytes back
Round trip time was 0.500539 milliseconds in repetition 448
tcp_ping received 196608 bytes back
Round trip time was 0.538182 milliseconds in repetition 449
tcp_ping received 196608 bytes back
Round trip time was 0.506676 milliseconds in repetition 450
tcp_ping received 196608 bytes back
Round trip time was 0.563285 milliseconds in repetition 451
tcp_ping received 196608 bytes back
Round trip time was 0.481063 milliseconds in repetition 452
tcp_ping received 196608 bytes back
Round trip time was 0.443793 milliseconds in repetition 453
tcp_ping received 196608 bytes back
Round trip time was 0.454827 milliseconds in repetition 454
tcp_ping received 196608 bytes back
Round trip time was 0.792868 milliseconds in repetition 455
tcp_ping received 196608 bytes back
Round trip time was 0.55609 milliseconds in repetition 456
tcp_ping received 196608 bytes back
Round trip time was 1.17733 milliseconds in repetition 457
tcp_ping received 196608 bytes back
Round trip time was 1.79793 milliseconds in repetition 458
tcp_ping received 196608 bytes back
Round trip time was 0.580549 milliseconds in repetition 459
tcp_ping received 196608 bytes back
Round trip time was 0.529655 milliseconds in repetition 460
tcp_ping received 196608 bytes back
Round trip time was 0.475119 milliseconds in repetition 461
tcp_ping received 196608 bytes back
Round trip time was 0.519546 milliseconds in repetition 462
tcp_ping received 196608 bytes back
Round trip time was 0.559006 milliseconds in repetition 463
tcp_ping received 196608 bytes back
Round trip time was 0.558299 milliseconds in repetition 464
tcp_ping received 196608 bytes back
Round trip time was 0.498001 milliseconds in repetition 465
tcp_ping received 196608 bytes back
Round trip time was 0.748786 milliseconds in repetition 466
tcp_ping received 196608 bytes back
Round trip time was 0.541115 milliseconds in repetition 467
tcp_ping received 196608 bytes back
Round trip time was 0.529619 milliseconds in repetition 468
tcp_ping received 196608 bytes back
Round trip time was 0.537549 milliseconds in repetition 469
tcp_ping received 196608 bytes back
Round trip time was 0.539972 milliseconds in repetition 470
tcp_ping received 196608 bytes back
Round trip time was 1.07503 milliseconds in repetition 471
tcp_ping received 196608 bytes back
Round trip time was 0.466399 milliseconds in repetition 472
tcp_ping received 196608 bytes back
Round trip time was 0.447147 milliseconds in repetition 473
tcp_ping received 196608 bytes back
Round trip time was 0.803215 milliseconds in repetition 474
tcp_ping received 196608 bytes back
Round trip time was 0.606915 milliseconds in repetition 475
tcp_ping received 196608 bytes back
Round trip time was 0.572359 milliseconds in repetition 476
tcp_ping received 196608 bytes back
Round trip time was 0.499716 milliseconds in repetition 477
tcp_ping received 196608 bytes back
Round trip time was 0.481128 milliseconds in repetition 478
tcp_ping received 196608 bytes back
Round trip time was 0.472603 milliseconds in repetition 479
tcp_ping received 196608 bytes back
Round trip time was 0.447368 milliseconds in repetition 480
tcp_ping received 196608 bytes back
Round trip time was 0.499669 milliseconds in repetition 481
tcp_ping received 196608 bytes back
Round trip time was 0.472008 milliseconds in repetition 482
tcp_ping received 196608 bytes back
Round trip time was 0.469071 milliseconds in repetition 483
tcp_ping received 196608 bytes back
Round trip time was 0.455146 milliseconds in repetition 484
tcp_ping received 196608 bytes back
Round trip time was 0.430821 milliseconds in repetition 485
tcp_ping received 196608 bytes back
Round trip time was 0.475309 milliseconds in repetition 486
tcp_ping received 196608 bytes back
Round trip time was 0.677755 milliseconds in repetition 487
tcp_ping received 196608 bytes back
Round trip time was 0.450897 milliseconds in repetition 488
tcp_ping received 196608 bytes back
Round trip time was 0.43289 milliseconds in repetition 489
tcp_ping received 196608 bytes back
Round trip time was 0.474118 milliseconds in repetition 490
tcp_ping received 196608 bytes back
Round trip time was 3.18253 milliseconds in repetition 491
tcp_ping received 196608 bytes back
Round trip time was 0.793136 milliseconds in repetition 492
tcp_ping received 196608 bytes back
Round trip time was 0.514236 milliseconds in repetition 493
tcp_ping received 196608 bytes back
Round trip time was 0.483796 milliseconds in repetition 494
tcp_ping received 196608 bytes back
Round trip time was 0.557959 milliseconds in repetition 495
tcp_ping received 196608 bytes back
Round trip time was 0.469355 milliseconds in repetition 496
tcp_ping received 196608 bytes back
Round trip time was 0.791439 milliseconds in repetition 497
tcp_ping received 196608 bytes back
Round trip time was 0.554317 milliseconds in repetition 498
tcp_ping received 196608 bytes back
Round trip time was 0.492911 milliseconds in repetition 499
tcp_ping received 196608 bytes back
Round trip time was 0.541341 milliseconds in repetition 500
tcp_ping received 196608 bytes back
Round trip time was 0.553186 milliseconds in repetition 501

 ... clock resolution was 1e-06
TCP Ping:  Statistics over 501 repetitions of 196608 byte messages

RTT : percentile 10: 0.460798, median: 0.554317, percentile 90: 0.747717, average: 0.590789, variance: 0.0328154

RTT histogram:
0.426306 128
0.564118 238
0.701929 94
0.83974 29
0.977551 3
1.11536 6
1.25317 0
1.39098 1
1.5288 0
1.66661 0
1.80442 1
1.94223 0
2.08004 0
2.21785 0
2.35566 0
2.49347 0
2.63128 0
2.7691 0
2.90691 0
3.04472 0
3.18253 1

   median Throughput : 709370 KB/s   overall Throughput : 665578 KB/s

