TCP Ping trying to connect to server 127.0.0.1 (127.0.0.1) on port 1491
 ... connected to Pong server: asking for 501 repetitions of 524288 bytes TCP messages
 ... Pong server agreed :-)
tcp_ping received 524288 bytes back
Round trip time was 1.33749 milliseconds in repetition 1
tcp_ping received 524288 bytes back
Round trip time was 2.58689 milliseconds in repetition 2
tcp_ping received 524288 bytes back
Round trip time was 1.80542 milliseconds in repetition 3
tcp_ping received 524288 bytes back
Round trip time was 1.3126 milliseconds in repetition 4
tcp_ping received 524288 bytes back
Round trip time was 1.27586 milliseconds in repetition 5
tcp_ping received 524288 bytes back
Round trip time was 1.15328 milliseconds in repetition 6
tcp_ping received 524288 bytes back
Round trip time was 1.15519 milliseconds in repetition 7
tcp_ping received 524288 bytes back
Round trip time was 1.16899 milliseconds in repetition 8
tcp_ping received 524288 bytes back
Round trip time was 1.13385 milliseconds in repetition 9
tcp_ping received 524288 bytes back
Round trip time was 2.34943 milliseconds in repetition 10
tcp_ping received 524288 bytes back
Round trip time was 1.46624 milliseconds in repetition 11
tcp_ping received 524288 bytes back
Round trip time was 1.19288 milliseconds in repetition 12
tcp_ping received 524288 bytes back
Round trip time was 1.09815 milliseconds in repetition 13
tcp_ping received 524288 bytes back
Round trip time was 1.12491 milliseconds in repetition 14
tcp_ping received 524288 bytes back
Round trip time was 1.12525 milliseconds in repetition 15
tcp_ping received 524288 bytes back
Round trip time was 1.20467 milliseconds in repetition 16
tcp_ping received 524288 bytes back
Round trip time was 1.58132 milliseconds in repetition 17
tcp_ping received 524288 bytes back
Round trip time was 1.20725 milliseconds in repetition 18
tcp_ping received 524288 bytes back
Round trip time was 1.23483 milliseconds in repetition 19
tcp_ping received 524288 bytes back
Round trip time was 1.24653 milliseconds in repetition 20
tcp_ping received 524288 bytes back
Round trip time was 1.20511 milliseconds in repetition 21
tcp_ping received 524288 bytes back
Round trip time was 1.32412 milliseconds in repetition 22
tcp_ping received 524288 bytes back
Round trip time was 1.18831 milliseconds in repetition 23
tcp_ping received 524288 bytes back
Round trip time was 1.56217 milliseconds in repetition 24
tcp_ping received 524288 bytes back
Round trip time was 1.69632 milliseconds in repetition 25
tcp_ping received 524288 bytes back
Round trip time was 1.42789 milliseconds in repetition 26
tcp_ping received 524288 bytes back
Round trip time was 1.17697 milliseconds in repetition 27
tcp_ping received 524288 bytes back
Round trip time was 1.09973 milliseconds in repetition 28
tcp_ping received 524288 bytes back
Round trip time was 1.0381 milliseconds in repetition 29
tcp_ping received 524288 bytes back
Round trip time was 1.07677 milliseconds in repetition 30
tcp_ping received 524288 bytes back
Round trip time was 1.08743 milliseconds in repetition 31
tcp_ping received 524288 bytes back
Round trip time was 1.57929 milliseconds in repetition 32
tcp_ping received 524288 bytes back
Round trip time was 1.33389 milliseconds in repetition 33
tcp_ping received 524288 bytes back
Round trip time was 1.39725 milliseconds in repetition 34
tcp_ping received 524288 bytes back
Round trip time was 1.49714 milliseconds in repetition 35
tcp_ping received 524288 bytes back
Round trip time was 1.2969 milliseconds in repetition 36
tcp_ping received 524288 bytes back
Round trip time was 1.30795 milliseconds in repetition 37
tcp_ping received 524288 bytes back
Round trip time was 1.22778 milliseconds in repetition 38
tcp_ping received 524288 bytes back
Round trip time was 1.84908 milliseconds in repetition 39
tcp_ping received 524288 bytes back
Round trip time was 1.5998 milliseconds in repetition 40
tcp_ping received 524288 bytes back
Round trip time was 1.42712 milliseconds in repetition 41
tcp_ping received 524288 bytes back
Round trip time was 2.01658 milliseconds in repetition 42
tcp_ping received 524288 bytes back
Round trip time was 1.35244 milliseconds in repetition 43
tcp_ping received 524288 bytes back
Round trip time was 1.2489 milliseconds in repetition 44
tcp_ping received 524288 bytes back
Round trip time was 1.49664 milliseconds in repetition 45
tcp_ping received 524288 bytes back
Round trip time was 1.34876 milliseconds in repetition 46
tcp_ping received 524288 bytes back
Round trip time was 1.19379 milliseconds in repetition 47
tcp_ping received 524288 bytes back
Round trip time was 1.30929 milliseconds in repetition 48
tcp_ping received 524288 bytes back
Round trip time was 1.80185 milliseconds in repetition 49
tcp_ping received 524288 bytes back
Round trip time was 1.25211 milliseconds in repetition 50
tcp_ping received 524288 bytes back
Round trip time was 1.12441 milliseconds in repetition 51
tcp_ping received 524288 bytes back
Round trip time was 1.20081 milliseconds in repetition 52
tcp_ping received 524288 bytes back
Round trip time was 1.3109 milliseconds in repetition 53
tcp_ping received 524288 bytes back
Round trip time was 1.24347 milliseconds in repetition 54
tcp_ping received 524288 bytes back
Round trip time was 1.46641 milliseconds in repetition 55
tcp_ping received 524288 bytes back
Round trip time was 1.25707 milliseconds in repetition 56
tcp_ping received 524288 bytes back
Round trip time was 1.28408 milliseconds in repetition 57
tcp_ping received 524288 bytes back
Round trip time was 1.45725 milliseconds in repetition 58
tcp_ping received 524288 bytes back
Round trip time was 1.36493 milliseconds in repetition 59
tcp_ping received 524288 bytes back
Round trip time was 1.20501 milliseconds in repetition 60
tcp_ping received 524288 bytes back
Round trip time was 1.22452 milliseconds in repetition 61
tcp_ping received 524288 bytes back
Round trip time was 1.15578 milliseconds in repetition 62
tcp_ping received 524288 bytes back
Round trip time was 1.25561 milliseconds in repetition 63
tcp_ping received 524288 bytes back
Round trip time was 1.50092 milliseconds in repetition 64
tcp_ping received 524288 bytes back
Round trip time was 1.11378 milliseconds in repetition 65
tcp_ping received 524288 bytes back
Round trip time was 1.69229 milliseconds in repetition 66
tcp_ping received 524288 bytes back
Round trip time was 1.29796 milliseconds in repetition 67
tcp_ping received 524288 bytes back
Round trip time was 1.31285 milliseconds in repetition 68
tcp_ping received 524288 bytes back
Round trip time was 1.35057 milliseconds in repetition 69
tcp_ping received 524288 bytes back
Round trip time was 1.63585 milliseconds in repetition 70
tcp_ping received 524288 bytes back
Round trip time was 1.24755 milliseconds in repetition 71
tcp_ping received 524288 bytes back
Round trip time was 1.2427 milliseconds in repetition 72
tcp_ping received 524288 bytes back
Round trip time was 1.55336 milliseconds in repetition 73
tcp_ping received 524288 bytes back
Round trip time was 1.41867 milliseconds in repetition 74
tcp_ping received 524288 bytes back
Round trip time was 1.22089 milliseconds in repetition 75
tcp_ping received 524288 bytes back
Round trip time was 1.32875 milliseconds in repetition 76
tcp_ping received 524288 bytes back
Round trip time was 1.22249 milliseconds in repetition 77
tcp_ping received 524288 bytes back
Round trip time was 1.33006 milliseconds in repetition 78
tcp_ping received 524288 bytes back
Round trip time was 1.34063 milliseconds in repetition 79
tcp_ping received 524288 bytes back
Round trip time was 1.22519 milliseconds in repetition 80
tcp_ping received 524288 bytes back
Round trip time was 1.18036 milliseconds in repetition 81
tcp_ping received 524288 bytes back
Round trip time was 1.36646 milliseconds in repetition 82
tcp_ping received 524288 bytes back
Round trip time was 1.64626 milliseconds in repetition 83
tcp_ping received 524288 bytes back
Round trip time was 1.50698 milliseconds in repetition 84
tcp_ping received 524288 bytes back
Round trip time was 1.61318 milliseconds in repetition 85
tcp_ping received 524288 bytes back
Round trip time was 1.62478 milliseconds in repetition 86
tcp_ping received 524288 bytes back
Round trip time was 1.28059 milliseconds in repetition 87
tcp_ping received 524288 bytes back
Round trip time was 1.25266 milliseconds in repetition 88
tcp_ping received 524288 bytes back
Round trip time was 1.27466 milliseconds in repetition 89
tcp_ping received 524288 bytes back
Round trip time was 1.3106 milliseconds in repetition 90
tcp_ping received 524288 bytes back
Round trip time was 1.174 milliseconds in repetition 91
tcp_ping received 524288 bytes back
Round trip time was 1.21197 milliseconds in repetition 92
tcp_ping received 524288 bytes back
Round trip time was 1.23678 milliseconds in repetition 93
tcp_ping received 524288 bytes back
Round trip time was 1.24259 milliseconds in repetition 94
tcp_ping received 524288 bytes back
Round trip time was 1.24016 milliseconds in repetition 95
tcp_ping received 524288 bytes back
Round trip time was 1.19984 milliseconds in repetition 96
tcp_ping received 524288 bytes back
Round trip time was 1.1553 milliseconds in repetition 97
tcp_ping received 524288 bytes back
Round trip time was 1.19497 milliseconds in repetition 98
tcp_ping received 524288 bytes back
Round trip time was 1.44267 milliseconds in repetition 99
tcp_ping received 524288 bytes back
Round trip time was 1.91394 milliseconds in repetition 100
tcp_ping received 524288 bytes back
Round trip time was 1.78413 milliseconds in repetition 101
tcp_ping received 524288 bytes back
Round trip time was 1.31749 milliseconds in repetition 102
tcp_ping received 524288 bytes back
Round trip time was 1.27134 milliseconds in repetition 103
tcp_ping received 524288 bytes back
Round trip time was 1.30956 milliseconds in repetition 104
tcp_ping received 524288 bytes back
Round trip time was 1.16515 milliseconds in repetition 105
tcp_ping received 524288 bytes back
Round trip time was 1.26939 milliseconds in repetition 106
tcp_ping received 524288 bytes back
Round trip time was 1.18102 milliseconds in repetition 107
tcp_ping received 524288 bytes back
Round trip time was 1.63488 milliseconds in repetition 108
tcp_ping received 524288 bytes back
Round trip time was 1.23454 milliseconds in repetition 109
tcp_ping received 524288 bytes back
Round trip time was 1.19561 milliseconds in repetition 110
tcp_ping received 524288 bytes back
Round trip time was 1.28152 milliseconds in repetition 111
tcp_ping received 524288 bytes back
Round trip time was 1.2477 milliseconds in repetition 112
tcp_ping received 524288 bytes back
Round trip time was 1.10075 milliseconds in repetition 113
tcp_ping received 524288 bytes back
Round trip time was 1.28284 milliseconds in repetition 114
tcp_ping received 524288 bytes back
Round trip time was 1.28326 milliseconds in repetition 115
tcp_ping received 524288 bytes back
Round trip time was 1.56505 milliseconds in repetition 116
tcp_ping received 524288 bytes back
Round trip time was 1.9312 milliseconds in repetition 117
tcp_ping received 524288 bytes back
Round trip time was 1.36049 milliseconds in repetition 118
tcp_ping received 524288 bytes back
Round trip time was 1.24766 milliseconds in repetition 119
tcp_ping received 524288 bytes back
Round trip time was 1.29451 milliseconds in repetition 120
tcp_ping received 524288 bytes back
Round trip time was 1.37477 milliseconds in repetition 121
tcp_ping received 524288 bytes back
Round trip time was 1.26126 milliseconds in repetition 122
tcp_ping received 524288 bytes back
Round trip time was 1.17786 milliseconds in repetition 123
tcp_ping received 524288 bytes back
Round trip time was 1.26251 milliseconds in repetition 124
tcp_ping received 524288 bytes back
Round trip time was 1.34301 milliseconds in repetition 125
tcp_ping received 524288 bytes back
Round trip time was 1.2148 milliseconds in repetition 126
tcp_ping received 524288 bytes back
Round trip time was 1.25376 milliseconds in repetition 127
tcp_ping received 524288 bytes back
Round trip time was 1.2209 milliseconds in repetition 128
tcp_ping received 524288 bytes back
Round trip time was 1.4565 milliseconds in repetition 129
tcp_ping received 524288 bytes back
Round trip time was 1.21998 milliseconds in repetition 130
tcp_ping received 524288 bytes back
Round trip time was 1.20878 milliseconds in repetition 131
tcp_ping received 524288 bytes back
Round trip time was 1.27053 milliseconds in repetition 132
tcp_ping received 524288 bytes back
Round trip time was 1.72359 milliseconds in repetition 133
tcp_ping received 524288 bytes back
Round trip time was 1.31223 milliseconds in repetition 134
tcp_ping received 524288 bytes back
Round trip time was 1.2745 milliseconds in repetition 135
tcp_ping received 524288 bytes back
Round trip time was 1.28158 milliseconds in repetition 136
tcp_ping received 524288 bytes back
Round trip time was 1.30692 milliseconds in repetition 137
tcp_ping received 524288 bytes back
Round trip time was 1.15444 milliseconds in repetition 138
tcp_ping received 524288 bytes back
Round trip time was 1.4729 milliseconds in repetition 139
tcp_ping received 524288 bytes back
Round trip time was 1.41835 milliseconds in repetition 140
tcp_ping received 524288 bytes back
Round trip time was 1.53859 milliseconds in repetition 141
tcp_ping received 524288 bytes back
Round trip time was 1.38815 milliseconds in repetition 142
tcp_ping received 524288 bytes back
Round trip time was 1.16802 milliseconds in repetition 143
tcp_ping received 524288 bytes back
Round trip time was 1.19449 milliseconds in repetition 144
tcp_ping received 524288 bytes back
Round trip time was 1.09062 milliseconds in repetition 145
tcp_ping received 524288 bytes back
Round trip time was 1.08267 milliseconds in repetition 146
tcp_ping received 524288 bytes back
Round trip time was 1.36076 milliseconds in repetition 147
tcp_ping received 524288 bytes back
Round trip time was 1.3028 milliseconds in repetition 148
tcp_ping received 524288 bytes back
Round trip time was 1.18833 milliseconds in repetition 149
tcp_ping received 524288 bytes back
Round trip time was 1.69093 milliseconds in repetition 150
tcp_ping received 524288 bytes back
Round trip time was 1.28586 milliseconds in repetition 151
tcp_ping received 524288 bytes back
Round trip time was 1.15637 milliseconds in repetition 152
tcp_ping received 524288 bytes back
Round trip time was 1.13593 milliseconds in repetition 153
tcp_ping received 524288 bytes back
Round trip time was 1.13856 milliseconds in repetition 154
tcp_ping received 524288 bytes back
Round trip time was 1.237 milliseconds in repetition 155
tcp_ping received 524288 bytes back
Round trip time was 1.28558 milliseconds in repetition 156
tcp_ping received 524288 bytes back
Round trip time was 1.29581 milliseconds in repetition 157
tcp_ping received 524288 bytes back
Round trip time was 1.28175 milliseconds in repetition 158
tcp_ping received 524288 bytes back
Round trip time was 1.48829 milliseconds in repetition 159
tcp_ping received 524288 bytes back
Round trip time was 1.1537 milliseconds in repetition 160
tcp_ping received 524288 bytes back
Round trip time was 1.18024 milliseconds in repetition 161
tcp_ping received 524288 bytes back
Round trip time was 1.45167 milliseconds in repetition 162
tcp_ping received 524288 bytes back
Round trip time was 1.52008 milliseconds in repetition 163
tcp_ping received 524288 bytes back
Round trip time was 1.37458 milliseconds in repetition 164
tcp_ping received 524288 bytes back
Round trip time was 1.69718 milliseconds in repetition 165
tcp_ping received 524288 bytes back
Round trip time was 1.23742 milliseconds in repetition 166
tcp_ping received 524288 bytes back
Round trip time was 1.59032 milliseconds in repetition 167
tcp_ping received 524288 bytes back
Round trip time was 1.27792 milliseconds in repetition 168
tcp_ping received 524288 bytes back
Round trip time was 1.12858 milliseconds in repetition 169
tcp_ping received 524288 bytes back
Round trip time was 1.18562 milliseconds in repetition 170
tcp_ping received 524288 bytes back
Round trip time was 1.67225 milliseconds in repetition 171
tcp_ping received 524288 bytes back
Round trip time was 1.24857 milliseconds in repetition 172
tcp_ping received 524288 bytes back
Round trip time was 1.25725 milliseconds in repetition 173
tcp_ping received 524288 bytes back
Round trip time was 1.31479 milliseconds in repetition 174
tcp_ping received 524288 bytes back
Round trip time was 1.81947 milliseconds in repetition 175
tcp_ping received 524288 bytes back
Round trip time was 2.0199 milliseconds in repetition 176
tcp_ping received 524288 bytes back
Round trip time was 1.28888 milliseconds in repetition 177
tcp_ping received 524288 bytes back
Round trip time was 1.4777 milliseconds in repetition 178
tcp_ping received 524288 bytes back
Round trip time was 1.26665 milliseconds in repetition 179
tcp_ping received 524288 bytes back
Round trip time was 1.17137 milliseconds in repetition 180
tcp_ping received 524288 bytes back
Round trip time was 1.14301 milliseconds in repetition 181
tcp_ping received 524288 bytes back
Round trip time was 1.20491 milliseconds in repetition 182
tcp_ping received 524288 bytes back
Round trip time was 1.73157 milliseconds in repetition 183
tcp_ping received 524288 bytes back
Round trip time was 1.11351 milliseconds in repetition 184
tcp_ping received 524288 bytes back
Round trip time was 1.38001 milliseconds in repetition 185
tcp_ping received 524288 bytes back
Round trip time was 1.47517 milliseconds in repetition 186
tcp_ping received 524288 bytes back
Round trip time was 1.4555 milliseconds in repetition 187
tcp_ping received 524288 bytes back
Round trip time was 1.22879 milliseconds in repetition 188
tcp_ping received 524288 bytes back
Round trip time was 1.12556 milliseconds in repetition 189
tcp_ping received 524288 bytes back
Round trip time was 1.23721 milliseconds in repetition 190
tcp_ping received 524288 bytes back
Round trip time was 1.27194 milliseconds in repetition 191
tcp_ping received 524288 bytes back
Round trip time was 1.68342 milliseconds in repetition 192
tcp_ping received 524288 bytes back
Round trip time was 1.21213 milliseconds in repetition 193
tcp_ping received 524288 bytes back
Round trip time was 1.85054 milliseconds in repetition 194
tcp_ping received 524288 bytes back
Round trip time was 1.52951 milliseconds in repetition 195
tcp_ping received 524288 bytes back
Round trip time was 1.31275 milliseconds in repetition 196
tcp_ping received 524288 bytes back
Round trip time was 1.94534 milliseconds in repetition 197
tcp_ping received 524288 bytes back
Round trip time was 1.29533 milliseconds in repetition 198
tcp_ping received 524288 bytes back
Round trip time was 2.2146 milliseconds in repetition 199
tcp_ping received 524288 bytes back
Round trip time was 1.88346 milliseconds in repetition 200
tcp_ping received 524288 bytes back
Round trip time was 1.32399 milliseconds in repetition 201
tcp_ping received 524288 bytes back
Round trip time was 1.52136 milliseconds in repetition 202
tcp_ping received 524288 bytes back
Round trip time was 1.60003 milliseconds in repetition 203
tcp_ping received 524288 bytes back
Round trip time was 1.28101 milliseconds in repetition 204
tcp_ping received 524288 bytes back
Round trip time was 1.23443 milliseconds in repetition 205
tcp_ping received 524288 bytes back
Round trip time was 1.17137 milliseconds in repetition 206
tcp_ping received 524288 bytes back
Round trip time was 1.18652 milliseconds in repetition 207
tcp_ping received 524288 bytes back
Round trip time was 1.18693 milliseconds in repetition 208
tcp_ping received 524288 bytes back
Round trip time was 1.27977 milliseconds in repetition 209
tcp_ping received 524288 bytes back
Round trip time was 1.15322 milliseconds in repetition 210
tcp_ping received 524288 bytes back
Round trip time was 1.44203 milliseconds in repetition 211
tcp_ping received 524288 bytes back
Round trip time was 1.15896 milliseconds in repetition 212
tcp_ping received 524288 bytes back
Round trip time was 1.16421 milliseconds in repetition 213
tcp_ping received 524288 bytes back
Round trip time was 1.24263 milliseconds in repetition 214
tcp_ping received 524288 bytes back
Round trip time was 1.4284 milliseconds in repetition 215
tcp_ping received 524288 bytes back
Round trip time was 1.36203 milliseconds in repetition 216
tcp_ping received 524288 bytes back
Round trip time was 1.38882 milliseconds in repetition 217
tcp_ping received 524288 bytes back
Round trip time was 1.62081 milliseconds in repetition 218
tcp_ping received 524288 bytes back
Round trip time was 1.22728 milliseconds in repetition 219
tcp_ping received 524288 bytes back
Round trip time was 1.19781 milliseconds in repetition 220
tcp_ping received 524288 bytes back
Round trip time was 1.2788 milliseconds in repetition 221
tcp_ping received 524288 bytes back
Round trip time was 1.15272 milliseconds in repetition 222
tcp_ping received 524288 bytes back
Round trip time was 1.11635 milliseconds in repetition 223
tcp_ping received 524288 bytes back
Round trip time was 1.42972 milliseconds in repetition 224
tcp_ping received 524288 bytes back
Round trip time was 1.68287 milliseconds in repetition 225
tcp_ping received 524288 bytes back
Round trip time was 1.26429 milliseconds in repetition 226
tcp_ping received 524288 bytes back
Round trip time was 1.22313 milliseconds in repetition 227
tcp_ping received 524288 bytes back
Round trip time was 1.49018 milliseconds in repetition 228
tcp_ping received 524288 bytes back
Round trip time was 1.20706 milliseconds in repetition 229
tcp_ping received 524288 bytes back
Round trip time was 1.22321 milliseconds in repetition 230
tcp_ping received 524288 bytes back
Round trip time was 1.47109 milliseconds in repetition 231
tcp_ping received 524288 bytes back
Round trip time was 1.51435 milliseconds in repetition 232
tcp_ping received 524288 bytes back
Round trip time was 1.29086 milliseconds in repetition 233
tcp_ping received 524288 bytes back
Round trip time was 1.24546 milliseconds in repetition 234
tcp_ping received 524288 bytes back
Round trip time was 1.49513 milliseconds in repetition 235
tcp_ping received 524288 bytes back
Round trip time was 1.45789 milliseconds in repetition 236
tcp_ping received 524288 bytes back
Round trip time was 1.35779 milliseconds in repetition 237
tcp_ping received 524288 bytes back
Round trip time was 1.45794 milliseconds in repetition 238
tcp_ping received 524288 bytes back
Round trip time was 1.31578 milliseconds in repetition 239
tcp_ping received 524288 bytes back
Round trip time was 1.57886 milliseconds in repetition 240
tcp_ping received 524288 bytes back
Round trip time was 1.25383 milliseconds in repetition 241
tcp_ping received 524288 bytes back
Round trip time was 1.25798 milliseconds in repetition 242
tcp_ping received 524288 bytes back
Round trip time was 1.30636 milliseconds in repetition 243
tcp_ping received 524288 bytes back
Round trip time was 1.36158 milliseconds in repetition 244
tcp_ping received 524288 bytes back
Round trip time was 1.1299 milliseconds in repetition 245
tcp_ping received 524288 bytes back
Round trip time was 1.29631 milliseconds in repetition 246
tcp_ping received 524288 bytes back
Round trip time was 1.55294 milliseconds in repetition 247
tcp_ping received 524288 bytes back
Round trip time was 1.79006 milliseconds in repetition 248
tcp_ping received 524288 bytes back
Round trip time was 1.33952 milliseconds in repetition 249
tcp_ping received 524288 bytes back
Round trip time was 1.31874 milliseconds in repetition 250
tcp_ping received 524288 bytes back
Round trip time was 1.64333 milliseconds in repetition 251
tcp_ping received 524288 bytes back
Round trip time was 1.42362 milliseconds in repetition 252
tcp_ping received 524288 bytes back
Round trip time was 1.24842 milliseconds in repetition 253
tcp_ping received 524288 bytes back
Round trip time was 1.28281 milliseconds in repetition 254
tcp_ping received 524288 bytes back
Round trip time was 1.79119 milliseconds in repetition 255
tcp_ping received 524288 bytes back
Round trip time was 1.54252 milliseconds in repetition 256
tcp_ping received 524288 bytes back
Round trip time was 1.42744 milliseconds in repetition 257
tcp_ping received 524288 bytes back
Round trip time was 1.34067 milliseconds in repetition 258
tcp_ping received 524288 bytes back
Round trip time was 1.4732 milliseconds in repetition 259
tcp_ping received 524288 bytes back
Round trip time was 1.17604 milliseconds in repetition 260
tcp_ping received 524288 bytes back
Round trip time was 1.45172 milliseconds in repetition 261
tcp_ping received 524288 bytes back
Round trip time was 1.49505 milliseconds in repetition 262
tcp_ping received 524288 bytes back
Round trip time was 1.37742 milliseconds in repetition 263
tcp_ping received 524288 bytes back
Round trip time was 1.60436 milliseconds in repetition 264
tcp_ping received 524288 bytes back
Round trip time was 1.01655 milliseconds in repetition 265
tcp_ping received 524288 bytes back
Round trip time was 1.09279 milliseconds in repetition 266
tcp_ping received 524288 bytes back
Round trip time was 1.59751 milliseconds in repetition 267
tcp_ping received 524288 bytes back
Round trip time was 1.36437 milliseconds in repetition 268
tcp_ping received 524288 bytes back
Round trip time was 1.26978 milliseconds in repetition 269
tcp_ping received 524288 bytes back
Round trip time was 1.22368 milliseconds in repetition 270
tcp_ping received 524288 bytes back
Round trip time was 1.59122 milliseconds in repetition 271
tcp_ping received 524288 bytes back
Round trip time was 1.10542 milliseconds in repetition 272
tcp_ping received 524288 bytes back
Round trip time was 1.21754 milliseconds in repetition 273
tcp_ping received 524288 bytes back
Round trip time was 1.2347 milliseconds in repetition 274
tcp_ping received 524288 bytes back
Round trip time was 1.08769 milliseconds in repetition 275
tcp_ping received 524288 bytes back
Round trip time was 1.14954 milliseconds in repetition 276
tcp_ping received 524288 bytes back
Round trip time was 1.66059 milliseconds in repetition 277
tcp_ping received 524288 bytes back
Round trip time was 2.00712 milliseconds in repetition 278
tcp_ping received 524288 bytes back
Round trip time was 1.32874 milliseconds in repetition 279
tcp_ping received 524288 bytes back
Round trip time was 1.19742 milliseconds in repetition 280
tcp_ping received 524288 bytes back
Round trip time was 1.32681 milliseconds in repetition 281
tcp_ping received 524288 bytes back
Round trip time was 1.29488 milliseconds in repetition 282
tcp_ping received 524288 bytes back
Round trip time was 1.54498 milliseconds in repetition 283
tcp_ping received 524288 bytes back
Round trip time was 1.36261 milliseconds in repetition 284
tcp_ping received 524288 bytes back
Round trip time was 1.33778 milliseconds in repetition 285
tcp_ping received 524288 bytes back
Round trip time was 1.39407 milliseconds in repetition 286
tcp_ping received 524288 bytes back
Round trip time was 1.22544 milliseconds in repetition 287
tcp_ping received 524288 bytes back
Round trip time was 1.3128 milliseconds in repetition 288
tcp_ping received 524288 bytes back
Round trip time was 1.52321 milliseconds in repetition 289
tcp_ping received 524288 bytes back
Round trip time was 1.30181 milliseconds in repetition 290
tcp_ping received 524288 bytes back
Round trip time was 1.8826 milliseconds in repetition 291
tcp_ping received 524288 bytes back
Round trip time was 1.57392 milliseconds in repetition 292
tcp_ping received 524288 bytes back
Round trip time was 1.26818 milliseconds in repetition 293
tcp_ping received 524288 bytes back
Round trip time was 1.24523 milliseconds in repetition 294
tcp_ping received 524288 bytes back
Round trip time was 1.22602 milliseconds in repetition 295
tcp_ping received 524288 bytes back
Round trip time was 1.25748 milliseconds in repetition 296
tcp_ping received 524288 bytes back
Round trip time was 1.11623 milliseconds in repetition 297
tcp_ping received 524288 bytes back
Round trip time was 1.40026 milliseconds in repetition 298
tcp_ping received 524288 bytes back
Round trip time was 1.68271 milliseconds in repetition 299
tcp_ping received 524288 bytes back
Round trip time was 1.2571 milliseconds in repetition 300
tcp_ping received 524288 bytes back
Round trip time was 1.21443 milliseconds in repetition 301
tcp_ping received 524288 bytes back
Round trip time was 1.62372 milliseconds in repetition 302
tcp_ping received 524288 bytes back
Round trip time was 1.13012 milliseconds in repetition 303
tcp_ping received 524288 bytes back
Round trip time was 1.05678 milliseconds in repetition 304
tcp_ping received 524288 bytes back
Round trip time was 1.45738 milliseconds in repetition 305
tcp_ping received 524288 bytes back
Round trip time was 1.19144 milliseconds in repetition 306
tcp_ping received 524288 bytes back
Round trip time was 1.26517 milliseconds in repetition 307
tcp_ping received 524288 bytes back
Round trip time was 1.29347 milliseconds in repetition 308
tcp_ping received 524288 bytes back
Round trip time was 1.59359 milliseconds in repetition 309
tcp_ping received 524288 bytes back
Round trip time was 1.18291 milliseconds in repetition 310
tcp_ping received 524288 bytes back
Round trip time was 1.10978 milliseconds in repetition 311
tcp_ping received 524288 bytes back
Round trip time was 1.39841 milliseconds in repetition 312
tcp_ping received 524288 bytes back
Round trip time was 1.13397 milliseconds in repetition 313
tcp_ping received 524288 bytes back
Round trip time was 1.31001 milliseconds in repetition 314
tcp_ping received 524288 bytes back
Round trip time was 1.40497 milliseconds in repetition 315
tcp_ping received 524288 bytes back
Round trip time was 1.61776 milliseconds in repetition 316
tcp_ping received 524288 bytes back
Round trip time was 1.53899 milliseconds in repetition 317
tcp_ping received 524288 bytes back
Round trip time was 1.38496 milliseconds in repetition 318
tcp_ping received 524288 bytes back
Round trip time was 1.34802 milliseconds in repetition 319
tcp_ping received 524288 bytes back
Round trip time was 1.25429 milliseconds in repetition 320
tcp_ping received 524288 bytes back
Round trip time was 1.21158 milliseconds in repetition 321
tcp_ping received 524288 bytes back
Round trip time was 1.29459 milliseconds in repetition 322
tcp_ping received 524288 bytes back
Round trip time was 1.72275 milliseconds in repetition 323
tcp_ping received 524288 bytes back
Round trip time was 1.65707 milliseconds in repetition 324
tcp_ping received 524288 bytes back
Round trip time was 1.49848 milliseconds in repetition 325
tcp_ping received 524288 bytes back
Round trip time was 1.22618 milliseconds in repetition 326
tcp_ping received 524288 bytes back
Round trip time was 1.34813 milliseconds in repetition 327
tcp_ping received 524288 bytes back
Round trip time was 1.22672 milliseconds in repetition 328
tcp_ping received 524288 bytes back
Round trip time was 1.27406 milliseconds in repetition 329
tcp_ping received 524288 bytes back
Round trip time was 1.16875 milliseconds in repetition 330
tcp_ping received 524288 bytes back
Round trip time was 1.25076 milliseconds in repetition 331
tcp_ping received 524288 bytes back
Round trip time was 1.64951 milliseconds in repetition 332
tcp_ping received 524288 bytes back
Round trip time was 1.16205 milliseconds in repetition 333
tcp_ping received 524288 bytes back
Round trip time was 1.19347 milliseconds in repetition 334
tcp_ping received 524288 bytes back
Round trip time was 1.25843 milliseconds in repetition 335
tcp_ping received 524288 bytes back
Round trip time was 1.27164 milliseconds in repetition 336
tcp_ping received 524288 bytes back
Round trip time was 1.46696 milliseconds in repetition 337
tcp_ping received 524288 bytes back
Round trip time was 1.34587 milliseconds in repetition 338
tcp_ping received 524288 bytes back
Round trip time was 1.50106 milliseconds in repetition 339
tcp_ping received 524288 bytes back
Round trip time was 1.27621 milliseconds in repetition 340
tcp_ping received 524288 bytes back
Round trip time was 1.44609 milliseconds in repetition 341
tcp_ping received 524288 bytes back
Round trip time was 1.33052 milliseconds in repetition 342
tcp_ping received 524288 bytes back
Round trip time was 1.18115 milliseconds in repetition 343
tcp_ping received 524288 bytes back
Round trip time was 1.11344 milliseconds in repetition 344
tcp_ping received 524288 bytes back
Round trip time was 1.18589 milliseconds in repetition 345
tcp_ping received 524288 bytes back
Round trip time was 1.51168 milliseconds in repetition 346
tcp_ping received 524288 bytes back
Round trip time was 1.3155 milliseconds in repetition 347
tcp_ping received 524288 bytes back
Round trip time was 1.31045 milliseconds in repetition 348
tcp_ping received 524288 bytes back
Round trip time was 1.37505 milliseconds in repetition 349
tcp_ping received 524288 bytes back
Round trip time was 1.72751 milliseconds in repetition 350
tcp_ping received 524288 bytes back
Round trip time was 1.25528 milliseconds in repetition 351
tcp_ping received 524288 bytes back
Round trip time was 1.26438 milliseconds in repetition 352
tcp_ping received 524288 bytes back
Round trip time was 1.26773 milliseconds in repetition 353
tcp_ping received 524288 bytes back
Round trip time was 1.59356 milliseconds in repetition 354
tcp_ping received 524288 bytes back
Round trip time was 1.32772 milliseconds in repetition 355
tcp_ping received 524288 bytes back
Round trip time was 1.30264 milliseconds in repetition 356
tcp_ping received 524288 bytes back
Round trip time was 1.43379 milliseconds in repetition 357
tcp_ping received 524288 bytes back
Round trip time was 1.29907 milliseconds in repetition 358
tcp_ping received 524288 bytes back
Round trip time was 1.22134 milliseconds in repetition 359
tcp_ping received 524288 bytes back
Round trip time was 1.77794 milliseconds in repetition 360
tcp_ping received 524288 bytes back
Round trip time was 1.25417 milliseconds in repetition 361
tcp_ping received 524288 bytes back
Round trip time was 1.23469 milliseconds in repetition 362
tcp_ping received 524288 bytes back
Round trip time was 1.45213 milliseconds in repetition 363
tcp_ping received 524288 bytes back
Round trip time was 1.17843 milliseconds in repetition 364
tcp_ping received 524288 bytes back
Round trip time was 1.21047 milliseconds in repetition 365
tcp_ping received 524288 bytes back
Round trip time was 1.69563 milliseconds in repetition 366
tcp_ping received 524288 bytes back
Round trip time was 1.15226 milliseconds in repetition 367
tcp_ping received 524288 bytes back
Round trip time was 1.46504 milliseconds in repetition 368
tcp_ping received 524288 bytes back
Round trip time was 1.22604 milliseconds in repetition 369
tcp_ping received 524288 bytes back
Round trip time was 1.28047 milliseconds in repetition 370
tcp_ping received 524288 bytes back
Round trip time was 1.23609 milliseconds in repetition 371
tcp_ping received 524288 bytes back
Round trip time was 1.26995 milliseconds in repetition 372
tcp_ping received 524288 bytes back
Round trip time was 1.24098 milliseconds in repetition 373
tcp_ping received 524288 bytes back
Round trip time was 1.44625 milliseconds in repetition 374
tcp_ping received 524288 bytes back
Round trip time was 1.28125 milliseconds in repetition 375
tcp_ping received 524288 bytes back
Round trip time was 1.62807 milliseconds in repetition 376
tcp_ping received 524288 bytes back
Round trip time was 1.42396 milliseconds in repetition 377
tcp_ping received 524288 bytes back
Round trip time was 1.23628 milliseconds in repetition 378
tcp_ping received 524288 bytes back
Round trip time was 1.16657 milliseconds in repetition 379
tcp_ping received 524288 bytes back
Round trip time was 1.30697 milliseconds in repetition 380
tcp_ping received 524288 bytes back
Round trip time was 1.26151 milliseconds in repetition 381
tcp_ping received 524288 bytes back
Round trip time was 1.44935 milliseconds in repetition 382
tcp_ping received 524288 bytes back
Round trip time was 1.52597 milliseconds in repetition 383
tcp_ping received 524288 bytes back
Round trip time was 1.60733 milliseconds in repetition 384
tcp_ping received 524288 bytes back
Round trip time was 1.3629 milliseconds in repetition 385
tcp_ping received 524288 bytes back
Round trip time was 1.23972 milliseconds in repetition 386
tcp_ping received 524288 bytes back
Round trip time was 1.15755 milliseconds in repetition 387
tcp_ping received 524288 bytes back
Round trip time was 1.58073 milliseconds in repetition 388
tcp_ping received 524288 bytes back
Round trip time was 1.02217 milliseconds in repetition 389
tcp_ping received 524288 bytes back
Round trip time was 1.15963 milliseconds in repetition 390
tcp_ping received 524288 bytes back
Round trip time was 1.66492 milliseconds in repetition 391
tcp_ping received 524288 bytes back
Round trip time was 1.6163 milliseconds in repetition 392
tcp_ping received 524288 bytes back
Round trip time was 1.44188 milliseconds in repetition 393
tcp_ping received 524288 bytes back
Round trip time was 1.27665 milliseconds in repetition 394
tcp_ping received 524288 bytes back
Round trip time was 1.16365 milliseconds in repetition 395
tcp_ping received 524288 bytes back
Round trip time was 1.1756 milliseconds in repetition 396
tcp_ping received 524288 bytes back
Round trip time was 1.25516 milliseconds in repetition 397
tcp_ping received 524288 bytes back
Round trip time was 1.184 milliseconds in repetition 398
tcp_ping received 524288 bytes back
Round trip time was 2.17963 milliseconds in repetition 399
tcp_ping received 524288 bytes back
Round trip time was 1.37086 milliseconds in repetition 400
tcp_ping received 524288 bytes back
Round trip time was 1.66893 milliseconds in repetition 401
tcp_ping received 524288 bytes back
Round trip time was 1.20001 milliseconds in repetition 402
tcp_ping received 524288 bytes back
Round trip time was 1.14231 milliseconds in repetition 403
tcp_ping received 524288 bytes back
Round trip time was 1.12922 milliseconds in repetition 404
tcp_ping received 524288 bytes back
Round trip time was 1.50388 milliseconds in repetition 405
tcp_ping received 524288 bytes back
Round trip time was 2.1371 milliseconds in repetition 406
tcp_ping received 524288 bytes back
Round trip time was 1.5734 milliseconds in repetition 407
tcp_ping received 524288 bytes back
Round trip time was 1.19417 milliseconds in repetition 408
tcp_ping received 524288 bytes back
Round trip time was 1.12982 milliseconds in repetition 409
tcp_ping received 524288 bytes back
Round trip time was 1.23915 milliseconds in repetition 410
tcp_ping received 524288 bytes back
Round trip time was 1.23818 milliseconds in repetition 411
tcp_ping received 524288 bytes back
Round trip time was 1.31274 milliseconds in repetition 412
tcp_ping received 524288 bytes back
Round trip time was 1.4127 milliseconds in repetition 413
tcp_ping received 524288 bytes back
Round trip time was 1.35902 milliseconds in repetition 414
tcp_ping received 524288 bytes back
Round trip time was 2.04776 milliseconds in repetition 415
tcp_ping received 524288 bytes back
Round trip time was 1.25947 milliseconds in repetition 416
tcp_ping received 524288 bytes back
Round trip time was 1.22019 milliseconds in repetition 417
tcp_ping received 524288 bytes back
Round trip time was 1.19308 milliseconds in repetition 418
tcp_ping received 524288 bytes back
Round trip time was 1.22557 milliseconds in repetition 419
tcp_ping received 524288 bytes back
Round trip time was 1.20271 milliseconds in repetition 420
tcp_ping received 524288 bytes back
Round trip time was 1.20605 milliseconds in repetition 421
tcp_ping received 524288 bytes back
Round trip time was 1.14707 milliseconds in repetition 422
tcp_ping received 524288 bytes back
Round trip time was 1.14173 milliseconds in repetition 423
tcp_ping received 524288 bytes back
Round trip time was 1.2351 milliseconds in repetition 424
tcp_ping received 524288 bytes back
Round trip time was 1.42716 milliseconds in repetition 425
tcp_ping received 524288 bytes back
Round trip time was 1.2979 milliseconds in repetition 426
tcp_ping received 524288 bytes back
Round trip time was 1.26101 milliseconds in repetition 427
tcp_ping received 524288 bytes back
Round trip time was 1.10442 milliseconds in repetition 428
tcp_ping received 524288 bytes back
Round trip time was 1.99542 milliseconds in repetition 429
tcp_ping received 524288 bytes back
Round trip time was 1.08474 milliseconds in repetition 430
tcp_ping received 524288 bytes back
Round trip time was 1.32319 milliseconds in repetition 431
tcp_ping received 524288 bytes back
Round trip time was 1.66367 milliseconds in repetition 432
tcp_ping received 524288 bytes back
Round trip time was 1.19281 milliseconds in repetition 433
tcp_ping received 524288 bytes back
Round trip time was 1.14766 milliseconds in repetition 434
tcp_ping received 524288 bytes back
Round trip time was 1.16692 milliseconds in repetition 435
tcp_ping received 524288 bytes back
Round trip time was 1.23488 milliseconds in repetition 436
tcp_ping received 524288 bytes back
Round trip time was 1.28259 milliseconds in repetition 437
tcp_ping received 524288 bytes back
Round trip time was 1.36123 milliseconds in repetition 438
tcp_ping received 524288 bytes back
Round trip time was 1.39403 milliseconds in repetition 439
tcp_ping received 524288 bytes back
Round trip time was 1.24749 milliseconds in repetition 440
tcp_ping received 524288 bytes back
Round trip time was 1.34631 milliseconds in repetition 441
tcp_ping received 524288 bytes back
Round trip time was 2.57904 milliseconds in repetition 442
tcp_ping received 524288 bytes back
Round trip time was 1.52295 milliseconds in repetition 443
tcp_ping received 524288 bytes back
Round trip time was 1.37206 milliseconds in repetition 444
tcp_ping received 524288 bytes back
Round trip time was 1.34479 milliseconds in repetition 445
tcp_ping received 524288 bytes back
Round trip time was 1.22081 milliseconds in repetition 446
tcp_ping received 524288 bytes back
Round trip time was 1.5275 milliseconds in repetition 447
tcp_ping received 524288 bytes back
Round trip time was 1.8023 milliseconds in repetition 448
tcp_ping received 524288 bytes back
Round trip time was 1.17679 milliseconds in repetition 449
tcp_ping received 524288 bytes back
Round trip time was 1.15872 milliseconds in repetition 450
tcp_ping received 524288 bytes back
Round trip time was 1.31826 milliseconds in repetition 451
tcp_ping received 524288 bytes back
Round trip time was 1.36695 milliseconds in repetition 452
tcp_ping received 524288 bytes back
Round trip time was 1.32612 milliseconds in repetition 453
tcp_ping received 524288 bytes back
Round trip time was 1.41371 milliseconds in repetition 454
tcp_ping received 524288 bytes back
Round trip time was 1.49986 milliseconds in repetition 455
tcp_ping received 524288 bytes back
Round trip time was 1.47773 milliseconds in repetition 456
tcp_ping received 524288 bytes back
Round trip time was 1.16808 milliseconds in repetition 457
tcp_ping received 524288 bytes back
Round trip time was 1.26746 milliseconds in repetition 458
tcp_ping received 524288 bytes back
Round trip time was 1.35725 milliseconds in repetition 459
tcp_ping received 524288 bytes back
Round trip time was 1.22347 milliseconds in repetition 460
tcp_ping received 524288 bytes back
Round trip time was 1.25849 milliseconds in repetition 461
tcp_ping received 524288 bytes back
Round trip time was 1.31092 milliseconds in repetition 462
tcp_ping received 524288 bytes back
Round trip time was 1.35801 milliseconds in repetition 463
tcp_ping received 524288 bytes back
Round trip time was 1.42849 milliseconds in repetition 464
tcp_ping received 524288 bytes back
Round trip time was 1.39416 milliseconds in repetition 465
tcp_ping received 524288 bytes back
Round trip time was 1.40991 milliseconds in repetition 466
tcp_ping received 524288 bytes back
Round trip time was 1.42538 milliseconds in repetition 467
tcp_ping received 524288 bytes back
Round trip time was 1.39606 milliseconds in repetition 468
tcp_ping received 524288 bytes back
Round trip time was 1.58897 milliseconds in repetition 469
tcp_ping received 524288 bytes back
Round trip time was 1.1575 milliseconds in repetition 470
tcp_ping received 524288 bytes back
Round trip time was 1.31924 milliseconds in repetition 471
tcp_ping received 524288 bytes back
Round trip time was 1.24586 milliseconds in repetition 472
tcp_ping received 524288 bytes back
Round trip time was 1.68432 milliseconds in repetition 473
tcp_ping received 524288 bytes back
Round trip time was 1.49691 milliseconds in repetition 474
tcp_ping received 524288 bytes back
Round trip time was 1.59883 milliseconds in repetition 475
tcp_ping received 524288 bytes back
Round trip time was 1.25591 milliseconds in repetition 476
tcp_ping received 524288 bytes back
Round trip time was 1.17673 milliseconds in repetition 477
tcp_ping received 524288 bytes back
Round trip time was 1.24076 milliseconds in repetition 478
tcp_ping received 524288 bytes back
Round trip time was 1.26132 milliseconds in repetition 479
tcp_ping received 524288 bytes back
Round trip time was 1.52861 milliseconds in repetition 480
tcp_ping received 524288 bytes back
Round trip time was 2.69984 milliseconds in repetition 481
tcp_ping received 524288 bytes back
Round trip time was 1.57455 milliseconds in repetition 482
tcp_ping received 524288 bytes back
Round trip time was 1.23383 milliseconds in repetition 483
tcp_ping received 524288 bytes back
Round trip time was 1.20892 milliseconds in repetition 484
tcp_ping received 524288 bytes back
Round trip time was 1.14705 milliseconds in repetition 485
tcp_ping received 524288 bytes back
Round trip time was 1.11743 milliseconds in repetition 486
tcp_ping received 524288 bytes back
Round trip time was 1.27151 milliseconds in repetition 487
tcp_ping received 524288 bytes back
Round trip time was 1.12055 milliseconds in repetition 488
tcp_ping received 524288 bytes back
Round trip time was 1.49216 milliseconds in repetition 489
tcp_ping received 524288 bytes back
Round trip time was 1.26296 milliseconds in repetition 490
tcp_ping received 524288 bytes back
Round trip time was 1.18036 milliseconds in repetition 491
tcp_ping received 524288 bytes back
Round trip time was 1.13787 milliseconds in repetition 492
tcp_ping received 524288 bytes back
Round trip time was 1.13175 milliseconds in repetition 493
tcp_ping received 524288 bytes back
Round trip time was 1.1286 milliseconds in repetition 494
tcp_ping received 524288 bytes back
Round trip time was 1.13575 milliseconds in repetition 495
tcp_ping received 524288 bytes back
Round trip time was 1.12242 milliseconds in repetition 496
tcp_ping received 524288 bytes back
Round trip time was 1.21889 milliseconds in repetition 497
tcp_ping received 524288 bytes back
Round trip time was 1.36484 milliseconds in repetition 498
tcp_ping received 524288 bytes back
Round trip time was 1.25484 milliseconds in repetition 499
tcp_ping received 524288 bytes back
Round trip time was 1.23702 milliseconds in repetition 500
tcp_ping received 524288 bytes back
Round trip time was 1.21176 milliseconds in repetition 501

 ... clock resolution was 1e-06
TCP Ping:  Statistics over 501 repetitions of 524288 byte messages

RTT : percentile 10: 1.15272, median: 1.28408, percentile 90: 1.63488, average: 1.35595, variance: 0.0514335

RTT histogram:
1.01654 4
1.10071 40
1.18487 106
1.26904 130
1.3532 67
1.43737 46
1.52153 31
1.6057 30
1.68986 20
1.77403 7
1.85819 5
1.94236 3
2.02652 5
2.11068 1
2.19485 2
2.27901 0
2.36318 1
2.44734 0
2.53151 0
2.61567 2
2.69984 1

   median Throughput : 816600 KB/s   overall Throughput : 773316 KB/s

