TCP Ping trying to connect to server 127.0.0.1 (127.0.0.1) on port 1491
 ... connected to Pong server: asking for 501 repetitions of 1536 bytes TCP messages
 ... Pong server agreed :-)
tcp_ping received 1536 bytes back
Round trip time was 0.073509 milliseconds in repetition 1
tcp_ping received 1536 bytes back
Round trip time was 0.096358 milliseconds in repetition 2
tcp_ping received 1536 bytes back
Round trip time was 0.058164 milliseconds in repetition 3
tcp_ping received 1536 bytes back
Round trip time was 0.080255 milliseconds in repetition 4
tcp_ping received 1536 bytes back
Round trip time was 0.182414 milliseconds in repetition 5
tcp_ping received 1536 bytes back
Round trip time was 0.057409 milliseconds in repetition 6
tcp_ping received 1536 bytes back
Round trip time was 0.047538 milliseconds in repetition 7
tcp_ping received 1536 bytes back
Round trip time was 0.04543 milliseconds in repetition 8
tcp_ping received 1536 bytes back
Round trip time was 0.050087 milliseconds in repetition 9
tcp_ping received 1536 bytes back
Round trip time was 0.042874 milliseconds in repetition 10
tcp_ping received 1536 bytes back
Round trip time was 0.052973 milliseconds in repetition 11
tcp_ping received 1536 bytes back
Round trip time was 0.06862 milliseconds in repetition 12
tcp_ping received 1536 bytes back
Round trip time was 0.051478 milliseconds in repetition 13
tcp_ping received 1536 bytes back
Round trip time was 0.071215 milliseconds in repetition 14
tcp_ping received 1536 bytes back
Round trip time was 0.055139 milliseconds in repetition 15
tcp_ping received 1536 bytes back
Round trip time was 0.080146 milliseconds in repetition 16
tcp_ping received 1536 bytes back
Round trip time was 0.054392 milliseconds in repetition 17
tcp_ping received 1536 bytes back
Round trip time was 0.057869 milliseconds in repetition 18
tcp_ping received 1536 bytes back
Round trip time was 0.076751 milliseconds in repetition 19
tcp_ping received 1536 bytes back
Round trip time was 0.056515 milliseconds in repetition 20
tcp_ping received 1536 bytes back
Round trip time was 0.056804 milliseconds in repetition 21
tcp_ping received 1536 bytes back
Round trip time was 0.05736 milliseconds in repetition 22
tcp_ping received 1536 bytes back
Round trip time was 0.06837 milliseconds in repetition 23
tcp_ping received 1536 bytes back
Round trip time was 0.057927 milliseconds in repetition 24
tcp_ping received 1536 bytes back
Round trip time was 0.050206 milliseconds in repetition 25
tcp_ping received 1536 bytes back
Round trip time was 0.048059 milliseconds in repetition 26
tcp_ping received 1536 bytes back
Round trip time was 0.064075 milliseconds in repetition 27
tcp_ping received 1536 bytes back
Round trip time was 0.06196 milliseconds in repetition 28
tcp_ping received 1536 bytes back
Round trip time was 0.052689 milliseconds in repetition 29
tcp_ping received 1536 bytes back
Round trip time was 0.054639 milliseconds in repetition 30
tcp_ping received 1536 bytes back
Round trip time was 0.050701 milliseconds in repetition 31
tcp_ping received 1536 bytes back
Round trip time was 0.054273 milliseconds in repetition 32
tcp_ping received 1536 bytes back
Round trip time was 0.069613 milliseconds in repetition 33
tcp_ping received 1536 bytes back
Round trip time was 0.070144 milliseconds in repetition 34
tcp_ping received 1536 bytes back
Round trip time was 0.068191 milliseconds in repetition 35
tcp_ping received 1536 bytes back
Round trip time was 0.065462 milliseconds in repetition 36
tcp_ping received 1536 bytes back
Round trip time was 0.063863 milliseconds in repetition 37
tcp_ping received 1536 bytes back
Round trip time was 0.056691 milliseconds in repetition 38
tcp_ping received 1536 bytes back
Round trip time was 0.046638 milliseconds in repetition 39
tcp_ping received 1536 bytes back
Round trip time was 0.03899 milliseconds in repetition 40
tcp_ping received 1536 bytes back
Round trip time was 0.057551 milliseconds in repetition 41
tcp_ping received 1536 bytes back
Round trip time was 0.055272 milliseconds in repetition 42
tcp_ping received 1536 bytes back
Round trip time was 0.053945 milliseconds in repetition 43
tcp_ping received 1536 bytes back
Round trip time was 0.052888 milliseconds in repetition 44
tcp_ping received 1536 bytes back
Round trip time was 0.044129 milliseconds in repetition 45
tcp_ping received 1536 bytes back
Round trip time was 0.059565 milliseconds in repetition 46
tcp_ping received 1536 bytes back
Round trip time was 0.044007 milliseconds in repetition 47
tcp_ping received 1536 bytes back
Round trip time was 0.046857 milliseconds in repetition 48
tcp_ping received 1536 bytes back
Round trip time was 0.049636 milliseconds in repetition 49
tcp_ping received 1536 bytes back
Round trip time was 0.048973 milliseconds in repetition 50
tcp_ping received 1536 bytes back
Round trip time was 0.041657 milliseconds in repetition 51
tcp_ping received 1536 bytes back
Round trip time was 0.046433 milliseconds in repetition 52
tcp_ping received 1536 bytes back
Round trip time was 0.051783 milliseconds in repetition 53
tcp_ping received 1536 bytes back
Round trip time was 0.046798 milliseconds in repetition 54
tcp_ping received 1536 bytes back
Round trip time was 0.052954 milliseconds in repetition 55
tcp_ping received 1536 bytes back
Round trip time was 0.042874 milliseconds in repetition 56
tcp_ping received 1536 bytes back
Round trip time was 0.091283 milliseconds in repetition 57
tcp_ping received 1536 bytes back
Round trip time was 0.051513 milliseconds in repetition 58
tcp_ping received 1536 bytes back
Round trip time was 0.054412 milliseconds in repetition 59
tcp_ping received 1536 bytes back
Round trip time was 0.048585 milliseconds in repetition 60
tcp_ping received 1536 bytes back
Round trip time was 0.048868 milliseconds in repetition 61
tcp_ping received 1536 bytes back
Round trip time was 0.079088 milliseconds in repetition 62
tcp_ping received 1536 bytes back
Round trip time was 0.048217 milliseconds in repetition 63
tcp_ping received 1536 bytes back
Round trip time was 0.049076 milliseconds in repetition 64
tcp_ping received 1536 bytes back
Round trip time was 0.047079 milliseconds in repetition 65
tcp_ping received 1536 bytes back
Round trip time was 0.081037 milliseconds in repetition 66
tcp_ping received 1536 bytes back
Round trip time was 0.053164 milliseconds in repetition 67
tcp_ping received 1536 bytes back
Round trip time was 0.045321 milliseconds in repetition 68
tcp_ping received 1536 bytes back
Round trip time was 0.048727 milliseconds in repetition 69
tcp_ping received 1536 bytes back
Round trip time was 0.053994 milliseconds in repetition 70
tcp_ping received 1536 bytes back
Round trip time was 0.061873 milliseconds in repetition 71
tcp_ping received 1536 bytes back
Round trip time was 0.05046 milliseconds in repetition 72
tcp_ping received 1536 bytes back
Round trip time was 0.04925 milliseconds in repetition 73
tcp_ping received 1536 bytes back
Round trip time was 0.047037 milliseconds in repetition 74
tcp_ping received 1536 bytes back
Round trip time was 0.053251 milliseconds in repetition 75
tcp_ping received 1536 bytes back
Round trip time was 0.065694 milliseconds in repetition 76
tcp_ping received 1536 bytes back
Round trip time was 0.056978 milliseconds in repetition 77
tcp_ping received 1536 bytes back
Round trip time was 0.0517 milliseconds in repetition 78
tcp_ping received 1536 bytes back
Round trip time was 0.062395 milliseconds in repetition 79
tcp_ping received 1536 bytes back
Round trip time was 0.051262 milliseconds in repetition 80
tcp_ping received 1536 bytes back
Round trip time was 0.051974 milliseconds in repetition 81
tcp_ping received 1536 bytes back
Round trip time was 0.065225 milliseconds in repetition 82
tcp_ping received 1536 bytes back
Round trip time was 0.048642 milliseconds in repetition 83
tcp_ping received 1536 bytes back
Round trip time was 0.05009 milliseconds in repetition 84
tcp_ping received 1536 bytes back
Round trip time was 0.069286 milliseconds in repetition 85
tcp_ping received 1536 bytes back
Round trip time was 0.068595 milliseconds in repetition 86
tcp_ping received 1536 bytes back
Round trip time was 0.055119 milliseconds in repetition 87
tcp_ping received 1536 bytes back
Round trip time was 0.053816 milliseconds in repetition 88
tcp_ping received 1536 bytes back
Round trip time was 0.042019 milliseconds in repetition 89
tcp_ping received 1536 bytes back
Round trip time was 0.048227 milliseconds in repetition 90
tcp_ping received 1536 bytes back
Round trip time was 0.051596 milliseconds in repetition 91
tcp_ping received 1536 bytes back
Round trip time was 0.048915 milliseconds in repetition 92
tcp_ping received 1536 bytes back
Round trip time was 0.051287 milliseconds in repetition 93
tcp_ping received 1536 bytes back
Round trip time was 0.061681 milliseconds in repetition 94
tcp_ping received 1536 bytes back
Round trip time was 0.047108 milliseconds in repetition 95
tcp_ping received 1536 bytes back
Round trip time was 0.054808 milliseconds in repetition 96
tcp_ping received 1536 bytes back
Round trip time was 0.052938 milliseconds in repetition 97
tcp_ping received 1536 bytes back
Round trip time was 0.055441 milliseconds in repetition 98
tcp_ping received 1536 bytes back
Round trip time was 0.052191 milliseconds in repetition 99
tcp_ping received 1536 bytes back
Round trip time was 0.045399 milliseconds in repetition 100
tcp_ping received 1536 bytes back
Round trip time was 0.053046 milliseconds in repetition 101
tcp_ping received 1536 bytes back
Round trip time was 0.048332 milliseconds in repetition 102
tcp_ping received 1536 bytes back
Round trip time was 0.04823 milliseconds in repetition 103
tcp_ping received 1536 bytes back
Round trip time was 0.051204 milliseconds in repetition 104
tcp_ping received 1536 bytes back
Round trip time was 0.036826 milliseconds in repetition 105
tcp_ping received 1536 bytes back
Round trip time was 0.050089 milliseconds in repetition 106
tcp_ping received 1536 bytes back
Round trip time was 0.050879 milliseconds in repetition 107
tcp_ping received 1536 bytes back
Round trip time was 0.047878 milliseconds in repetition 108
tcp_ping received 1536 bytes back
Round trip time was 0.067943 milliseconds in repetition 109
tcp_ping received 1536 bytes back
Round trip time was 0.043614 milliseconds in repetition 110
tcp_ping received 1536 bytes back
Round trip time was 0.045914 milliseconds in repetition 111
tcp_ping received 1536 bytes back
Round trip time was 0.058736 milliseconds in repetition 112
tcp_ping received 1536 bytes back
Round trip time was 0.053225 milliseconds in repetition 113
tcp_ping received 1536 bytes back
Round trip time was 0.048487 milliseconds in repetition 114
tcp_ping received 1536 bytes back
Round trip time was 0.048699 milliseconds in repetition 115
tcp_ping received 1536 bytes back
Round trip time was 0.048639 milliseconds in repetition 116
tcp_ping received 1536 bytes back
Round trip time was 0.063319 milliseconds in repetition 117
tcp_ping received 1536 bytes back
Round trip time was 0.049088 milliseconds in repetition 118
tcp_ping received 1536 bytes back
Round trip time was 0.058515 milliseconds in repetition 119
tcp_ping received 1536 bytes back
Round trip time was 0.04218 milliseconds in repetition 120
tcp_ping received 1536 bytes back
Round trip time was 0.054805 milliseconds in repetition 121
tcp_ping received 1536 bytes back
Round trip time was 0.051142 milliseconds in repetition 122
tcp_ping received 1536 bytes back
Round trip time was 0.048173 milliseconds in repetition 123
tcp_ping received 1536 bytes back
Round trip time was 0.045826 milliseconds in repetition 124
tcp_ping received 1536 bytes back
Round trip time was 0.067863 milliseconds in repetition 125
tcp_ping received 1536 bytes back
Round trip time was 0.04904 milliseconds in repetition 126
tcp_ping received 1536 bytes back
Round trip time was 0.060053 milliseconds in repetition 127
tcp_ping received 1536 bytes back
Round trip time was 0.048381 milliseconds in repetition 128
tcp_ping received 1536 bytes back
Round trip time was 0.063319 milliseconds in repetition 129
tcp_ping received 1536 bytes back
Round trip time was 0.052285 milliseconds in repetition 130
tcp_ping received 1536 bytes back
Round trip time was 0.063529 milliseconds in repetition 131
tcp_ping received 1536 bytes back
Round trip time was 0.053403 milliseconds in repetition 132
tcp_ping received 1536 bytes back
Round trip time was 0.044516 milliseconds in repetition 133
tcp_ping received 1536 bytes back
Round trip time was 0.242498 milliseconds in repetition 134
tcp_ping received 1536 bytes back
Round trip time was 0.053044 milliseconds in repetition 135
tcp_ping received 1536 bytes back
Round trip time was 0.064866 milliseconds in repetition 136
tcp_ping received 1536 bytes back
Round trip time was 0.089497 milliseconds in repetition 137
tcp_ping received 1536 bytes back
Round trip time was 0.069862 milliseconds in repetition 138
tcp_ping received 1536 bytes back
Round trip time was 0.070706 milliseconds in repetition 139
tcp_ping received 1536 bytes back
Round trip time was 0.060594 milliseconds in repetition 140
tcp_ping received 1536 bytes back
Round trip time was 0.071284 milliseconds in repetition 141
tcp_ping received 1536 bytes back
Round trip time was 0.069542 milliseconds in repetition 142
tcp_ping received 1536 bytes back
Round trip time was 0.067965 milliseconds in repetition 143
tcp_ping received 1536 bytes back
Round trip time was 0.056996 milliseconds in repetition 144
tcp_ping received 1536 bytes back
Round trip time was 0.098222 milliseconds in repetition 145
tcp_ping received 1536 bytes back
Round trip time was 0.059589 milliseconds in repetition 146
tcp_ping received 1536 bytes back
Round trip time was 0.047036 milliseconds in repetition 147
tcp_ping received 1536 bytes back
Round trip time was 0.057695 milliseconds in repetition 148
tcp_ping received 1536 bytes back
Round trip time was 0.051432 milliseconds in repetition 149
tcp_ping received 1536 bytes back
Round trip time was 0.051275 milliseconds in repetition 150
tcp_ping received 1536 bytes back
Round trip time was 0.051729 milliseconds in repetition 151
tcp_ping received 1536 bytes back
Round trip time was 0.050531 milliseconds in repetition 152
tcp_ping received 1536 bytes back
Round trip time was 0.049378 milliseconds in repetition 153
tcp_ping received 1536 bytes back
Round trip time was 0.045985 milliseconds in repetition 154
tcp_ping received 1536 bytes back
Round trip time was 0.040534 milliseconds in repetition 155
tcp_ping received 1536 bytes back
Round trip time was 0.053343 milliseconds in repetition 156
tcp_ping received 1536 bytes back
Round trip time was 0.047247 milliseconds in repetition 157
tcp_ping received 1536 bytes back
Round trip time was 0.054972 milliseconds in repetition 158
tcp_ping received 1536 bytes back
Round trip time was 0.045377 milliseconds in repetition 159
tcp_ping received 1536 bytes back
Round trip time was 0.04549 milliseconds in repetition 160
tcp_ping received 1536 bytes back
Round trip time was 0.039399 milliseconds in repetition 161
tcp_ping received 1536 bytes back
Round trip time was 0.042508 milliseconds in repetition 162
tcp_ping received 1536 bytes back
Round trip time was 0.04055 milliseconds in repetition 163
tcp_ping received 1536 bytes back
Round trip time was 0.062083 milliseconds in repetition 164
tcp_ping received 1536 bytes back
Round trip time was 0.049722 milliseconds in repetition 165
tcp_ping received 1536 bytes back
Round trip time was 0.042439 milliseconds in repetition 166
tcp_ping received 1536 bytes back
Round trip time was 0.052142 milliseconds in repetition 167
tcp_ping received 1536 bytes back
Round trip time was 0.045578 milliseconds in repetition 168
tcp_ping received 1536 bytes back
Round trip time was 0.045997 milliseconds in repetition 169
tcp_ping received 1536 bytes back
Round trip time was 0.062354 milliseconds in repetition 170
tcp_ping received 1536 bytes back
Round trip time was 0.051681 milliseconds in repetition 171
tcp_ping received 1536 bytes back
Round trip time was 0.058876 milliseconds in repetition 172
tcp_ping received 1536 bytes back
Round trip time was 0.061073 milliseconds in repetition 173
tcp_ping received 1536 bytes back
Round trip time was 0.068135 milliseconds in repetition 174
tcp_ping received 1536 bytes back
Round trip time was 0.056205 milliseconds in repetition 175
tcp_ping received 1536 bytes back
Round trip time was 0.044468 milliseconds in repetition 176
tcp_ping received 1536 bytes back
Round trip time was 0.052105 milliseconds in repetition 177
tcp_ping received 1536 bytes back
Round trip time was 0.049302 milliseconds in repetition 178
tcp_ping received 1536 bytes back
Round trip time was 0.051924 milliseconds in repetition 179
tcp_ping received 1536 bytes back
Round trip time was 0.050524 milliseconds in repetition 180
tcp_ping received 1536 bytes back
Round trip time was 0.056278 milliseconds in repetition 181
tcp_ping received 1536 bytes back
Round trip time was 0.04377 milliseconds in repetition 182
tcp_ping received 1536 bytes back
Round trip time was 0.059755 milliseconds in repetition 183
tcp_ping received 1536 bytes back
Round trip time was 0.055976 milliseconds in repetition 184
tcp_ping received 1536 bytes back
Round trip time was 0.053207 milliseconds in repetition 185
tcp_ping received 1536 bytes back
Round trip time was 0.060733 milliseconds in repetition 186
tcp_ping received 1536 bytes back
Round trip time was 0.052915 milliseconds in repetition 187
tcp_ping received 1536 bytes back
Round trip time was 0.064702 milliseconds in repetition 188
tcp_ping received 1536 bytes back
Round trip time was 0.060656 milliseconds in repetition 189
tcp_ping received 1536 bytes back
Round trip time was 0.05211 milliseconds in repetition 190
tcp_ping received 1536 bytes back
Round trip time was 0.065552 milliseconds in repetition 191
tcp_ping received 1536 bytes back
Round trip time was 0.055539 milliseconds in repetition 192
tcp_ping received 1536 bytes back
Round trip time was 0.050646 milliseconds in repetition 193
tcp_ping received 1536 bytes back
Round trip time was 0.061819 milliseconds in repetition 194
tcp_ping received 1536 bytes back
Round trip time was 0.055283 milliseconds in repetition 195
tcp_ping received 1536 bytes back
Round trip time was 0.058434 milliseconds in repetition 196
tcp_ping received 1536 bytes back
Round trip time was 0.052014 milliseconds in repetition 197
tcp_ping received 1536 bytes back
Round trip time was 0.055259 milliseconds in repetition 198
tcp_ping received 1536 bytes back
Round trip time was 0.06555 milliseconds in repetition 199
tcp_ping received 1536 bytes back
Round trip time was 0.04617 milliseconds in repetition 200
tcp_ping received 1536 bytes back
Round trip time was 0.056506 milliseconds in repetition 201
tcp_ping received 1536 bytes back
Round trip time was 0.049864 milliseconds in repetition 202
tcp_ping received 1536 bytes back
Round trip time was 0.050414 milliseconds in repetition 203
tcp_ping received 1536 bytes back
Round trip time was 0.051604 milliseconds in repetition 204
tcp_ping received 1536 bytes back
Round trip time was 0.046825 milliseconds in repetition 205
tcp_ping received 1536 bytes back
Round trip time was 0.05967 milliseconds in repetition 206
tcp_ping received 1536 bytes back
Round trip time was 0.04989 milliseconds in repetition 207
tcp_ping received 1536 bytes back
Round trip time was 0.04855 milliseconds in repetition 208
tcp_ping received 1536 bytes back
Round trip time was 0.03859 milliseconds in repetition 209
tcp_ping received 1536 bytes back
Round trip time was 0.043682 milliseconds in repetition 210
tcp_ping received 1536 bytes back
Round trip time was 0.057852 milliseconds in repetition 211
tcp_ping received 1536 bytes back
Round trip time was 0.057852 milliseconds in repetition 212
tcp_ping received 1536 bytes back
Round trip time was 0.062361 milliseconds in repetition 213
tcp_ping received 1536 bytes back
Round trip time was 0.044497 milliseconds in repetition 214
tcp_ping received 1536 bytes back
Round trip time was 0.05658 milliseconds in repetition 215
tcp_ping received 1536 bytes back
Round trip time was 0.048413 milliseconds in repetition 216
tcp_ping received 1536 bytes back
Round trip time was 0.042107 milliseconds in repetition 217
tcp_ping received 1536 bytes back
Round trip time was 0.053115 milliseconds in repetition 218
tcp_ping received 1536 bytes back
Round trip time was 0.056696 milliseconds in repetition 219
tcp_ping received 1536 bytes back
Round trip time was 0.054042 milliseconds in repetition 220
tcp_ping received 1536 bytes back
Round trip time was 0.05935 milliseconds in repetition 221
tcp_ping received 1536 bytes back
Round trip time was 0.068169 milliseconds in repetition 222
tcp_ping received 1536 bytes back
Round trip time was 0.044916 milliseconds in repetition 223
tcp_ping received 1536 bytes back
Round trip time was 0.053931 milliseconds in repetition 224
tcp_ping received 1536 bytes back
Round trip time was 0.053255 milliseconds in repetition 225
tcp_ping received 1536 bytes back
Round trip time was 0.047534 milliseconds in repetition 226
tcp_ping received 1536 bytes back
Round trip time was 0.052702 milliseconds in repetition 227
tcp_ping received 1536 bytes back
Round trip time was 0.049485 milliseconds in repetition 228
tcp_ping received 1536 bytes back
Round trip time was 0.040076 milliseconds in repetition 229
tcp_ping received 1536 bytes back
Round trip time was 0.04209 milliseconds in repetition 230
tcp_ping received 1536 bytes back
Round trip time was 0.045549 milliseconds in repetition 231
tcp_ping received 1536 bytes back
Round trip time was 0.050316 milliseconds in repetition 232
tcp_ping received 1536 bytes back
Round trip time was 0.051819 milliseconds in repetition 233
tcp_ping received 1536 bytes back
Round trip time was 0.04928 milliseconds in repetition 234
tcp_ping received 1536 bytes back
Round trip time was 0.055943 milliseconds in repetition 235
tcp_ping received 1536 bytes back
Round trip time was 0.045251 milliseconds in repetition 236
tcp_ping received 1536 bytes back
Round trip time was 0.05382 milliseconds in repetition 237
tcp_ping received 1536 bytes back
Round trip time was 0.06403 milliseconds in repetition 238
tcp_ping received 1536 bytes back
Round trip time was 0.056198 milliseconds in repetition 239
tcp_ping received 1536 bytes back
Round trip time was 0.053225 milliseconds in repetition 240
tcp_ping received 1536 bytes back
Round trip time was 0.060619 milliseconds in repetition 241
tcp_ping received 1536 bytes back
Round trip time was 0.064625 milliseconds in repetition 242
tcp_ping received 1536 bytes back
Round trip time was 0.054839 milliseconds in repetition 243
tcp_ping received 1536 bytes back
Round trip time was 0.042345 milliseconds in repetition 244
tcp_ping received 1536 bytes back
Round trip time was 0.051725 milliseconds in repetition 245
tcp_ping received 1536 bytes back
Round trip time was 0.054522 milliseconds in repetition 246
tcp_ping received 1536 bytes back
Round trip time was 0.047202 milliseconds in repetition 247
tcp_ping received 1536 bytes back
Round trip time was 0.036117 milliseconds in repetition 248
tcp_ping received 1536 bytes back
Round trip time was 0.04755 milliseconds in repetition 249
tcp_ping received 1536 bytes back
Round trip time was 0.049903 milliseconds in repetition 250
tcp_ping received 1536 bytes back
Round trip time was 0.071455 milliseconds in repetition 251
tcp_ping received 1536 bytes back
Round trip time was 0.073805 milliseconds in repetition 252
tcp_ping received 1536 bytes back
Round trip time was 0.048389 milliseconds in repetition 253
tcp_ping received 1536 bytes back
Round trip time was 0.175724 milliseconds in repetition 254
tcp_ping received 1536 bytes back
Round trip time was 0.050579 milliseconds in repetition 255
tcp_ping received 1536 bytes back
Round trip time was 0.039853 milliseconds in repetition 256
tcp_ping received 1536 bytes back
Round trip time was 0.047744 milliseconds in repetition 257
tcp_ping received 1536 bytes back
Round trip time was 0.06513 milliseconds in repetition 258
tcp_ping received 1536 bytes back
Round trip time was 0.054621 milliseconds in repetition 259
tcp_ping received 1536 bytes back
Round trip time was 0.054744 milliseconds in repetition 260
tcp_ping received 1536 bytes back
Round trip time was 0.050485 milliseconds in repetition 261
tcp_ping received 1536 bytes back
Round trip time was 0.067168 milliseconds in repetition 262
tcp_ping received 1536 bytes back
Round trip time was 0.054705 milliseconds in repetition 263
tcp_ping received 1536 bytes back
Round trip time was 0.050602 milliseconds in repetition 264
tcp_ping received 1536 bytes back
Round trip time was 0.050029 milliseconds in repetition 265
tcp_ping received 1536 bytes back
Round trip time was 0.05223 milliseconds in repetition 266
tcp_ping received 1536 bytes back
Round trip time was 0.052045 milliseconds in repetition 267
tcp_ping received 1536 bytes back
Round trip time was 0.052105 milliseconds in repetition 268
tcp_ping received 1536 bytes back
Round trip time was 0.059774 milliseconds in repetition 269
tcp_ping received 1536 bytes back
Round trip time was 0.054132 milliseconds in repetition 270
tcp_ping received 1536 bytes back
Round trip time was 0.070589 milliseconds in repetition 271
tcp_ping received 1536 bytes back
Round trip time was 0.055562 milliseconds in repetition 272
tcp_ping received 1536 bytes back
Round trip time was 0.059468 milliseconds in repetition 273
tcp_ping received 1536 bytes back
Round trip time was 0.054356 milliseconds in repetition 274
tcp_ping received 1536 bytes back
Round trip time was 0.06046 milliseconds in repetition 275
tcp_ping received 1536 bytes back
Round trip time was 0.050646 milliseconds in repetition 276
tcp_ping received 1536 bytes back
Round trip time was 0.071582 milliseconds in repetition 277
tcp_ping received 1536 bytes back
Round trip time was 0.057561 milliseconds in repetition 278
tcp_ping received 1536 bytes back
Round trip time was 0.082008 milliseconds in repetition 279
tcp_ping received 1536 bytes back
Round trip time was 0.090027 milliseconds in repetition 280
tcp_ping received 1536 bytes back
Round trip time was 0.054489 milliseconds in repetition 281
tcp_ping received 1536 bytes back
Round trip time was 0.053683 milliseconds in repetition 282
tcp_ping received 1536 bytes back
Round trip time was 0.117264 milliseconds in repetition 283
tcp_ping received 1536 bytes back
Round trip time was 0.059435 milliseconds in repetition 284
tcp_ping received 1536 bytes back
Round trip time was 0.041313 milliseconds in repetition 285
tcp_ping received 1536 bytes back
Round trip time was 0.05334 milliseconds in repetition 286
tcp_ping received 1536 bytes back
Round trip time was 0.064012 milliseconds in repetition 287
tcp_ping received 1536 bytes back
Round trip time was 0.054255 milliseconds in repetition 288
tcp_ping received 1536 bytes back
Round trip time was 0.059046 milliseconds in repetition 289
tcp_ping received 1536 bytes back
Round trip time was 0.051902 milliseconds in repetition 290
tcp_ping received 1536 bytes back
Round trip time was 0.047128 milliseconds in repetition 291
tcp_ping received 1536 bytes back
Round trip time was 0.035955 milliseconds in repetition 292
tcp_ping received 1536 bytes back
Round trip time was 0.043062 milliseconds in repetition 293
tcp_ping received 1536 bytes back
Round trip time was 0.048212 milliseconds in repetition 294
tcp_ping received 1536 bytes back
Round trip time was 0.063284 milliseconds in repetition 295
tcp_ping received 1536 bytes back
Round trip time was 0.050679 milliseconds in repetition 296
tcp_ping received 1536 bytes back
Round trip time was 0.053844 milliseconds in repetition 297
tcp_ping received 1536 bytes back
Round trip time was 0.058036 milliseconds in repetition 298
tcp_ping received 1536 bytes back
Round trip time was 0.066026 milliseconds in repetition 299
tcp_ping received 1536 bytes back
Round trip time was 0.065429 milliseconds in repetition 300
tcp_ping received 1536 bytes back
Round trip time was 0.053952 milliseconds in repetition 301
tcp_ping received 1536 bytes back
Round trip time was 0.047888 milliseconds in repetition 302
tcp_ping received 1536 bytes back
Round trip time was 0.058826 milliseconds in repetition 303
tcp_ping received 1536 bytes back
Round trip time was 0.060557 milliseconds in repetition 304
tcp_ping received 1536 bytes back
Round trip time was 0.073759 milliseconds in repetition 305
tcp_ping received 1536 bytes back
Round trip time was 0.06517 milliseconds in repetition 306
tcp_ping received 1536 bytes back
Round trip time was 0.04778 milliseconds in repetition 307
tcp_ping received 1536 bytes back
Round trip time was 0.042974 milliseconds in repetition 308
tcp_ping received 1536 bytes back
Round trip time was 0.067761 milliseconds in repetition 309
tcp_ping received 1536 bytes back
Round trip time was 0.053843 milliseconds in repetition 310
tcp_ping received 1536 bytes back
Round trip time was 0.050564 milliseconds in repetition 311
tcp_ping received 1536 bytes back
Round trip time was 0.056498 milliseconds in repetition 312
tcp_ping received 1536 bytes back
Round trip time was 0.076046 milliseconds in repetition 313
tcp_ping received 1536 bytes back
Round trip time was 0.05085 milliseconds in repetition 314
tcp_ping received 1536 bytes back
Round trip time was 0.059707 milliseconds in repetition 315
tcp_ping received 1536 bytes back
Round trip time was 0.049851 milliseconds in repetition 316
tcp_ping received 1536 bytes back
Round trip time was 0.048142 milliseconds in repetition 317
tcp_ping received 1536 bytes back
Round trip time was 0.059647 milliseconds in repetition 318
tcp_ping received 1536 bytes back
Round trip time was 0.053509 milliseconds in repetition 319
tcp_ping received 1536 bytes back
Round trip time was 0.058324 milliseconds in repetition 320
tcp_ping received 1536 bytes back
Round trip time was 0.052963 milliseconds in repetition 321
tcp_ping received 1536 bytes back
Round trip time was 0.064791 milliseconds in repetition 322
tcp_ping received 1536 bytes back
Round trip time was 0.053314 milliseconds in repetition 323
tcp_ping received 1536 bytes back
Round trip time was 0.044349 milliseconds in repetition 324
tcp_ping received 1536 bytes back
Round trip time was 0.0546 milliseconds in repetition 325
tcp_ping received 1536 bytes back
Round trip time was 0.054449 milliseconds in repetition 326
tcp_ping received 1536 bytes back
Round trip time was 0.051053 milliseconds in repetition 327
tcp_ping received 1536 bytes back
Round trip time was 0.044956 milliseconds in repetition 328
tcp_ping received 1536 bytes back
Round trip time was 0.039347 milliseconds in repetition 329
tcp_ping received 1536 bytes back
Round trip time was 0.073119 milliseconds in repetition 330
tcp_ping received 1536 bytes back
Round trip time was 0.044538 milliseconds in repetition 331
tcp_ping received 1536 bytes back
Round trip time was 0.050613 milliseconds in repetition 332
tcp_ping received 1536 bytes back
Round trip time was 0.060836 milliseconds in repetition 333
tcp_ping received 1536 bytes back
Round trip time was 0.067679 milliseconds in repetition 334
tcp_ping received 1536 bytes back
Round trip time was 0.057835 milliseconds in repetition 335
tcp_ping received 1536 bytes back
Round trip time was 0.04808 milliseconds in repetition 336
tcp_ping received 1536 bytes back
Round trip time was 0.047404 milliseconds in repetition 337
tcp_ping received 1536 bytes back
Round trip time was 0.051473 milliseconds in repetition 338
tcp_ping received 1536 bytes back
Round trip time was 0.058842 milliseconds in repetition 339
tcp_ping received 1536 bytes back
Round trip time was 0.065848 milliseconds in repetition 340
tcp_ping received 1536 bytes back
Round trip time was 0.046413 milliseconds in repetition 341
tcp_ping received 1536 bytes back
Round trip time was 0.045499 milliseconds in repetition 342
tcp_ping received 1536 bytes back
Round trip time was 0.053406 milliseconds in repetition 343
tcp_ping received 1536 bytes back
Round trip time was 0.068949 milliseconds in repetition 344
tcp_ping received 1536 bytes back
Round trip time was 0.044034 milliseconds in repetition 345
tcp_ping received 1536 bytes back
Round trip time was 0.039858 milliseconds in repetition 346
tcp_ping received 1536 bytes back
Round trip time was 0.050991 milliseconds in repetition 347
tcp_ping received 1536 bytes back
Round trip time was 0.042106 milliseconds in repetition 348
tcp_ping received 1536 bytes back
Round trip time was 0.038007 milliseconds in repetition 349
tcp_ping received 1536 bytes back
Round trip time was 0.059001 milliseconds in repetition 350
tcp_ping received 1536 bytes back
Round trip time was 0.048532 milliseconds in repetition 351
tcp_ping received 1536 bytes back
Round trip time was 0.049249 milliseconds in repetition 352
tcp_ping received 1536 bytes back
Round trip time was 0.04965 milliseconds in repetition 353
tcp_ping received 1536 bytes back
Round trip time was 0.053895 milliseconds in repetition 354
tcp_ping received 1536 bytes back
Round trip time was 0.054323 milliseconds in repetition 355
tcp_ping received 1536 bytes back
Round trip time was 0.040255 milliseconds in repetition 356
tcp_ping received 1536 bytes back
Round trip time was 0.045961 milliseconds in repetition 357
tcp_ping received 1536 bytes back
Round trip time was 0.052226 milliseconds in repetition 358
tcp_ping received 1536 bytes back
Round trip time was 0.05033 milliseconds in repetition 359
tcp_ping received 1536 bytes back
Round trip time was 0.053699 milliseconds in repetition 360
tcp_ping received 1536 bytes back
Round trip time was 0.049367 milliseconds in repetition 361
tcp_ping received 1536 bytes back
Round trip time was 0.04388 milliseconds in repetition 362
tcp_ping received 1536 bytes back
Round trip time was 0.052292 milliseconds in repetition 363
tcp_ping received 1536 bytes back
Round trip time was 0.050559 milliseconds in repetition 364
tcp_ping received 1536 bytes back
Round trip time was 0.045911 milliseconds in repetition 365
tcp_ping received 1536 bytes back
Round trip time was 0.057187 milliseconds in repetition 366
tcp_ping received 1536 bytes back
Round trip time was 0.047915 milliseconds in repetition 367
tcp_ping received 1536 bytes back
Round trip time was 0.037395 milliseconds in repetition 368
tcp_ping received 1536 bytes back
Round trip time was 0.048649 milliseconds in repetition 369
tcp_ping received 1536 bytes back
Round trip time was 0.051477 milliseconds in repetition 370
tcp_ping received 1536 bytes back
Round trip time was 0.051986 milliseconds in repetition 371
tcp_ping received 1536 bytes back
Round trip time was 0.056585 milliseconds in repetition 372
tcp_ping received 1536 bytes back
Round trip time was 0.11108 milliseconds in repetition 373
tcp_ping received 1536 bytes back
Round trip time was 0.140889 milliseconds in repetition 374
tcp_ping received 1536 bytes back
Round trip time was 0.056141 milliseconds in repetition 375
tcp_ping received 1536 bytes back
Round trip time was 0.051123 milliseconds in repetition 376
tcp_ping received 1536 bytes back
Round trip time was 0.066815 milliseconds in repetition 377
tcp_ping received 1536 bytes back
Round trip time was 0.057853 milliseconds in repetition 378
tcp_ping received 1536 bytes back
Round trip time was 0.057274 milliseconds in repetition 379
tcp_ping received 1536 bytes back
Round trip time was 0.05418 milliseconds in repetition 380
tcp_ping received 1536 bytes back
Round trip time was 0.043274 milliseconds in repetition 381
tcp_ping received 1536 bytes back
Round trip time was 0.051756 milliseconds in repetition 382
tcp_ping received 1536 bytes back
Round trip time was 0.050256 milliseconds in repetition 383
tcp_ping received 1536 bytes back
Round trip time was 0.058938 milliseconds in repetition 384
tcp_ping received 1536 bytes back
Round trip time was 0.051959 milliseconds in repetition 385
tcp_ping received 1536 bytes back
Round trip time was 0.05351 milliseconds in repetition 386
tcp_ping received 1536 bytes back
Round trip time was 0.054878 milliseconds in repetition 387
tcp_ping received 1536 bytes back
Round trip time was 0.048423 milliseconds in repetition 388
tcp_ping received 1536 bytes back
Round trip time was 0.052285 milliseconds in repetition 389
tcp_ping received 1536 bytes back
Round trip time was 0.046781 milliseconds in repetition 390
tcp_ping received 1536 bytes back
Round trip time was 0.044562 milliseconds in repetition 391
tcp_ping received 1536 bytes back
Round trip time was 0.048863 milliseconds in repetition 392
tcp_ping received 1536 bytes back
Round trip time was 0.058225 milliseconds in repetition 393
tcp_ping received 1536 bytes back
Round trip time was 0.046757 milliseconds in repetition 394
tcp_ping received 1536 bytes back
Round trip time was 0.089402 milliseconds in repetition 395
tcp_ping received 1536 bytes back
Round trip time was 0.062405 milliseconds in repetition 396
tcp_ping received 1536 bytes back
Round trip time was 0.049969 milliseconds in repetition 397
tcp_ping received 1536 bytes back
Round trip time was 0.06424 milliseconds in repetition 398
tcp_ping received 1536 bytes back
Round trip time was 0.049817 milliseconds in repetition 399
tcp_ping received 1536 bytes back
Round trip time was 0.052139 milliseconds in repetition 400
tcp_ping received 1536 bytes back
Round trip time was 0.065361 milliseconds in repetition 401
tcp_ping received 1536 bytes back
Round trip time was 0.048311 milliseconds in repetition 402
tcp_ping received 1536 bytes back
Round trip time was 0.054467 milliseconds in repetition 403
tcp_ping received 1536 bytes back
Round trip time was 0.070167 milliseconds in repetition 404
tcp_ping received 1536 bytes back
Round trip time was 0.052059 milliseconds in repetition 405
tcp_ping received 1536 bytes back
Round trip time was 0.054377 milliseconds in repetition 406
tcp_ping received 1536 bytes back
Round trip time was 0.05526 milliseconds in repetition 407
tcp_ping received 1536 bytes back
Round trip time was 0.05444 milliseconds in repetition 408
tcp_ping received 1536 bytes back
Round trip time was 0.059152 milliseconds in repetition 409
tcp_ping received 1536 bytes back
Round trip time was 0.060063 milliseconds in repetition 410
tcp_ping received 1536 bytes back
Round trip time was 0.055857 milliseconds in repetition 411
tcp_ping received 1536 bytes back
Round trip time was 0.049301 milliseconds in repetition 412
tcp_ping received 1536 bytes back
Round trip time was 0.052547 milliseconds in repetition 413
tcp_ping received 1536 bytes back
Round trip time was 0.063574 milliseconds in repetition 414
tcp_ping received 1536 bytes back
Round trip time was 0.061951 milliseconds in repetition 415
tcp_ping received 1536 bytes back
Round trip time was 0.046611 milliseconds in repetition 416
tcp_ping received 1536 bytes back
Round trip time was 0.057085 milliseconds in repetition 417
tcp_ping received 1536 bytes back
Round trip time was 0.063416 milliseconds in repetition 418
tcp_ping received 1536 bytes back
Round trip time was 0.049483 milliseconds in repetition 419
tcp_ping received 1536 bytes back
Round trip time was 0.055401 milliseconds in repetition 420
tcp_ping received 1536 bytes back
Round trip time was 0.052191 milliseconds in repetition 421
tcp_ping received 1536 bytes back
Round trip time was 0.06378 milliseconds in repetition 422
tcp_ping received 1536 bytes back
Round trip time was 0.084261 milliseconds in repetition 423
tcp_ping received 1536 bytes back
Round trip time was 0.058854 milliseconds in repetition 424
tcp_ping received 1536 bytes back
Round trip time was 0.060111 milliseconds in repetition 425
tcp_ping received 1536 bytes back
Round trip time was 0.056248 milliseconds in repetition 426
tcp_ping received 1536 bytes back
Round trip time was 0.054351 milliseconds in repetition 427
tcp_ping received 1536 bytes back
Round trip time was 0.050991 milliseconds in repetition 428
tcp_ping received 1536 bytes back
Round trip time was 0.066041 milliseconds in repetition 429
tcp_ping received 1536 bytes back
Round trip time was 0.051753 milliseconds in repetition 430
tcp_ping received 1536 bytes back
Round trip time was 0.056136 milliseconds in repetition 431
tcp_ping received 1536 bytes back
Round trip time was 0.050147 milliseconds in repetition 432
tcp_ping received 1536 bytes back
Round trip time was 0.042201 milliseconds in repetition 433
tcp_ping received 1536 bytes back
Round trip time was 0.051418 milliseconds in repetition 434
tcp_ping received 1536 bytes back
Round trip time was 0.056061 milliseconds in repetition 435
tcp_ping received 1536 bytes back
Round trip time was 0.051572 milliseconds in repetition 436
tcp_ping received 1536 bytes back
Round trip time was 0.049916 milliseconds in repetition 437
tcp_ping received 1536 bytes back
Round trip time was 0.047809 milliseconds in repetition 438
tcp_ping received 1536 bytes back
Round trip time was 0.044358 milliseconds in repetition 439
tcp_ping received 1536 bytes back
Round trip time was 0.047637 milliseconds in repetition 440
tcp_ping received 1536 bytes back
Round trip time was 0.139337 milliseconds in repetition 441
tcp_ping received 1536 bytes back
Round trip time was 0.05538 milliseconds in repetition 442
tcp_ping received 1536 bytes back
Round trip time was 0.039557 milliseconds in repetition 443
tcp_ping received 1536 bytes back
Round trip time was 0.055946 milliseconds in repetition 444
tcp_ping received 1536 bytes back
Round trip time was 0.041925 milliseconds in repetition 445
tcp_ping received 1536 bytes back
Round trip time was 0.054181 milliseconds in repetition 446
tcp_ping received 1536 bytes back
Round trip time was 0.05607 milliseconds in repetition 447
tcp_ping received 1536 bytes back
Round trip time was 0.055929 milliseconds in repetition 448
tcp_ping received 1536 bytes back
Round trip time was 0.068135 milliseconds in repetition 449
tcp_ping received 1536 bytes back
Round trip time was 0.054252 milliseconds in repetition 450
tcp_ping received 1536 bytes back
Round trip time was 0.051451 milliseconds in repetition 451
tcp_ping received 1536 bytes back
Round trip time was 0.051796 milliseconds in repetition 452
tcp_ping received 1536 bytes back
Round trip time was 0.051842 milliseconds in repetition 453
tcp_ping received 1536 bytes back
Round trip time was 0.041638 milliseconds in repetition 454
tcp_ping received 1536 bytes back
Round trip time was 0.049979 milliseconds in repetition 455
tcp_ping received 1536 bytes back
Round trip time was 0.040472 milliseconds in repetition 456
tcp_ping received 1536 bytes back
Round trip time was 0.050237 milliseconds in repetition 457
tcp_ping received 1536 bytes back
Round trip time was 0.057558 milliseconds in repetition 458
tcp_ping received 1536 bytes back
Round trip time was 0.048608 milliseconds in repetition 459
tcp_ping received 1536 bytes back
Round trip time was 0.059825 milliseconds in repetition 460
tcp_ping received 1536 bytes back
Round trip time was 0.051612 milliseconds in repetition 461
tcp_ping received 1536 bytes back
Round trip time was 0.054278 milliseconds in repetition 462
tcp_ping received 1536 bytes back
Round trip time was 0.052962 milliseconds in repetition 463
tcp_ping received 1536 bytes back
Round trip time was 0.04596 milliseconds in repetition 464
tcp_ping received 1536 bytes back
Round trip time was 0.039075 milliseconds in repetition 465
tcp_ping received 1536 bytes back
Round trip time was 0.04754 milliseconds in repetition 466
tcp_ping received 1536 bytes back
Round trip time was 0.047525 milliseconds in repetition 467
tcp_ping received 1536 bytes back
Round trip time was 0.042356 milliseconds in repetition 468
tcp_ping received 1536 bytes back
Round trip time was 0.049859 milliseconds in repetition 469
tcp_ping received 1536 bytes back
Round trip time was 0.075705 milliseconds in repetition 470
tcp_ping received 1536 bytes back
Round trip time was 0.043196 milliseconds in repetition 471
tcp_ping received 1536 bytes back
Round trip time was 0.051622 milliseconds in repetition 472
tcp_ping received 1536 bytes back
Round trip time was 0.050102 milliseconds in repetition 473
tcp_ping received 1536 bytes back
Round trip time was 0.063203 milliseconds in repetition 474
tcp_ping received 1536 bytes back
Round trip time was 0.057944 milliseconds in repetition 475
tcp_ping received 1536 bytes back
Round trip time was 0.042405 milliseconds in repetition 476
tcp_ping received 1536 bytes back
Round trip time was 0.048497 milliseconds in repetition 477
tcp_ping received 1536 bytes back
Round trip time was 0.049599 milliseconds in repetition 478
tcp_ping received 1536 bytes back
Round trip time was 0.049553 milliseconds in repetition 479
tcp_ping received 1536 bytes back
Round trip time was 0.047523 milliseconds in repetition 480
tcp_ping received 1536 bytes back
Round trip time was 0.049039 milliseconds in repetition 481
tcp_ping received 1536 bytes back
Round trip time was 0.059291 milliseconds in repetition 482
tcp_ping received 1536 bytes back
Round trip time was 0.058169 milliseconds in repetition 483
tcp_ping received 1536 bytes back
Round trip time was 0.053503 milliseconds in repetition 484
tcp_ping received 1536 bytes back
Round trip time was 0.048764 milliseconds in repetition 485
tcp_ping received 1536 bytes back
Round trip time was 0.046179 milliseconds in repetition 486
tcp_ping received 1536 bytes back
Round trip time was 0.052683 milliseconds in repetition 487
tcp_ping received 1536 bytes back
Round trip time was 0.046688 milliseconds in repetition 488
tcp_ping received 1536 bytes back
Round trip time was 0.043289 milliseconds in repetition 489
tcp_ping received 1536 bytes back
Round trip time was 0.052284 milliseconds in repetition 490
tcp_ping received 1536 bytes back
Round trip time was 0.046429 milliseconds in repetition 491
tcp_ping received 1536 bytes back
Round trip time was 0.04327 milliseconds in repetition 492
tcp_ping received 1536 bytes back
Round trip time was 0.045922 milliseconds in repetition 493
tcp_ping received 1536 bytes back
Round trip time was 0.045318 milliseconds in repetition 494
tcp_ping received 1536 bytes back
Round trip time was 0.050525 milliseconds in repetition 495
tcp_ping received 1536 bytes back
Round trip time was 0.044917 milliseconds in repetition 496
tcp_ping received 1536 bytes back
Round trip time was 0.074308 milliseconds in repetition 497
tcp_ping received 1536 bytes back
Round trip time was 0.056542 milliseconds in repetition 498
tcp_ping received 1536 bytes back
Round trip time was 0.103506 milliseconds in repetition 499
tcp_ping received 1536 bytes back
Round trip time was 0.064096 milliseconds in repetition 500
tcp_ping received 1536 bytes back
Round trip time was 0.06683 milliseconds in repetition 501

 ... clock resolution was 1e-06
TCP Ping:  Statistics over 501 repetitions of 1536 byte messages

RTT : percentile 10: 0.044468, median: 0.052702, percentile 90: 0.067863, average: 0.0557935, variance: 0.000264642

RTT histogram:
0.0359535 18
0.0462807 188
0.056608 200
0.0669352 67
0.0772625 13
0.0875897 5
0.097917 2
0.108244 2
0.118571 1
0.128899 0
0.139226 2
0.149553 0
0.159881 0
0.170208 0
0.180535 2
0.190862 0
0.20119 0
0.211517 0
0.221844 0
0.232171 0
0.242499 1

   median Throughput : 58290 KB/s   overall Throughput : 55060.2 KB/s

