TCP Ping trying to connect to server 127.0.0.1 (127.0.0.1) on port 1491
 ... connected to Pong server: asking for 501 repetitions of 49152 bytes TCP messages
 ... Pong server agreed :-)
tcp_ping received 49152 bytes back
Round trip time was 0.177149 milliseconds in repetition 1
tcp_ping received 49152 bytes back
Round trip time was 0.168847 milliseconds in repetition 2
tcp_ping received 49152 bytes back
Round trip time was 0.138996 milliseconds in repetition 3
tcp_ping received 49152 bytes back
Round trip time was 0.174699 milliseconds in repetition 4
tcp_ping received 49152 bytes back
Round trip time was 0.16574 milliseconds in repetition 5
tcp_ping received 49152 bytes back
Round trip time was 0.245873 milliseconds in repetition 6
tcp_ping received 49152 bytes back
Round trip time was 0.168436 milliseconds in repetition 7
tcp_ping received 49152 bytes back
Round trip time was 0.161868 milliseconds in repetition 8
tcp_ping received 49152 bytes back
Round trip time was 0.141677 milliseconds in repetition 9
tcp_ping received 49152 bytes back
Round trip time was 0.146483 milliseconds in repetition 10
tcp_ping received 49152 bytes back
Round trip time was 0.256986 milliseconds in repetition 11
tcp_ping received 49152 bytes back
Round trip time was 0.214974 milliseconds in repetition 12
tcp_ping received 49152 bytes back
Round trip time was 0.409413 milliseconds in repetition 13
tcp_ping received 49152 bytes back
Round trip time was 0.385261 milliseconds in repetition 14
tcp_ping received 49152 bytes back
Round trip time was 0.4706 milliseconds in repetition 15
tcp_ping received 49152 bytes back
Round trip time was 0.36208 milliseconds in repetition 16
tcp_ping received 49152 bytes back
Round trip time was 0.358376 milliseconds in repetition 17
tcp_ping received 49152 bytes back
Round trip time was 0.192108 milliseconds in repetition 18
tcp_ping received 49152 bytes back
Round trip time was 0.175149 milliseconds in repetition 19
tcp_ping received 49152 bytes back
Round trip time was 0.206849 milliseconds in repetition 20
tcp_ping received 49152 bytes back
Round trip time was 0.216088 milliseconds in repetition 21
tcp_ping received 49152 bytes back
Round trip time was 0.208768 milliseconds in repetition 22
tcp_ping received 49152 bytes back
Round trip time was 0.179742 milliseconds in repetition 23
tcp_ping received 49152 bytes back
Round trip time was 0.19097 milliseconds in repetition 24
tcp_ping received 49152 bytes back
Round trip time was 0.188155 milliseconds in repetition 25
tcp_ping received 49152 bytes back
Round trip time was 0.386327 milliseconds in repetition 26
tcp_ping received 49152 bytes back
Round trip time was 0.591675 milliseconds in repetition 27
tcp_ping received 49152 bytes back
Round trip time was 0.372188 milliseconds in repetition 28
tcp_ping received 49152 bytes back
Round trip time was 0.162187 milliseconds in repetition 29
tcp_ping received 49152 bytes back
Round trip time was 0.150337 milliseconds in repetition 30
tcp_ping received 49152 bytes back
Round trip time was 0.147961 milliseconds in repetition 31
tcp_ping received 49152 bytes back
Round trip time was 0.14484 milliseconds in repetition 32
tcp_ping received 49152 bytes back
Round trip time was 0.137909 milliseconds in repetition 33
tcp_ping received 49152 bytes back
Round trip time was 0.137256 milliseconds in repetition 34
tcp_ping received 49152 bytes back
Round trip time was 0.285714 milliseconds in repetition 35
tcp_ping received 49152 bytes back
Round trip time was 0.160873 milliseconds in repetition 36
tcp_ping received 49152 bytes back
Round trip time was 0.157014 milliseconds in repetition 37
tcp_ping received 49152 bytes back
Round trip time was 0.146095 milliseconds in repetition 38
tcp_ping received 49152 bytes back
Round trip time was 0.207324 milliseconds in repetition 39
tcp_ping received 49152 bytes back
Round trip time was 0.213008 milliseconds in repetition 40
tcp_ping received 49152 bytes back
Round trip time was 0.184535 milliseconds in repetition 41
tcp_ping received 49152 bytes back
Round trip time was 0.177966 milliseconds in repetition 42
tcp_ping received 49152 bytes back
Round trip time was 0.201193 milliseconds in repetition 43
tcp_ping received 49152 bytes back
Round trip time was 0.168455 milliseconds in repetition 44
tcp_ping received 49152 bytes back
Round trip time was 0.177807 milliseconds in repetition 45
tcp_ping received 49152 bytes back
Round trip time was 0.247371 milliseconds in repetition 46
tcp_ping received 49152 bytes back
Round trip time was 0.281298 milliseconds in repetition 47
tcp_ping received 49152 bytes back
Round trip time was 0.277598 milliseconds in repetition 48
tcp_ping received 49152 bytes back
Round trip time was 0.138835 milliseconds in repetition 49
tcp_ping received 49152 bytes back
Round trip time was 0.154823 milliseconds in repetition 50
tcp_ping received 49152 bytes back
Round trip time was 0.153835 milliseconds in repetition 51
tcp_ping received 49152 bytes back
Round trip time was 0.154638 milliseconds in repetition 52
tcp_ping received 49152 bytes back
Round trip time was 0.149996 milliseconds in repetition 53
tcp_ping received 49152 bytes back
Round trip time was 0.13725 milliseconds in repetition 54
tcp_ping received 49152 bytes back
Round trip time was 0.133952 milliseconds in repetition 55
tcp_ping received 49152 bytes back
Round trip time was 0.140645 milliseconds in repetition 56
tcp_ping received 49152 bytes back
Round trip time was 0.187496 milliseconds in repetition 57
tcp_ping received 49152 bytes back
Round trip time was 0.13662 milliseconds in repetition 58
tcp_ping received 49152 bytes back
Round trip time was 0.135445 milliseconds in repetition 59
tcp_ping received 49152 bytes back
Round trip time was 0.135054 milliseconds in repetition 60
tcp_ping received 49152 bytes back
Round trip time was 0.165579 milliseconds in repetition 61
tcp_ping received 49152 bytes back
Round trip time was 0.159047 milliseconds in repetition 62
tcp_ping received 49152 bytes back
Round trip time was 0.169032 milliseconds in repetition 63
tcp_ping received 49152 bytes back
Round trip time was 0.174231 milliseconds in repetition 64
tcp_ping received 49152 bytes back
Round trip time was 0.144316 milliseconds in repetition 65
tcp_ping received 49152 bytes back
Round trip time was 0.138142 milliseconds in repetition 66
tcp_ping received 49152 bytes back
Round trip time was 0.155377 milliseconds in repetition 67
tcp_ping received 49152 bytes back
Round trip time was 0.151935 milliseconds in repetition 68
tcp_ping received 49152 bytes back
Round trip time was 0.149036 milliseconds in repetition 69
tcp_ping received 49152 bytes back
Round trip time was 0.14599 milliseconds in repetition 70
tcp_ping received 49152 bytes back
Round trip time was 0.13846 milliseconds in repetition 71
tcp_ping received 49152 bytes back
Round trip time was 0.135841 milliseconds in repetition 72
tcp_ping received 49152 bytes back
Round trip time was 0.130464 milliseconds in repetition 73
tcp_ping received 49152 bytes back
Round trip time was 0.148011 milliseconds in repetition 74
tcp_ping received 49152 bytes back
Round trip time was 0.146631 milliseconds in repetition 75
tcp_ping received 49152 bytes back
Round trip time was 0.138717 milliseconds in repetition 76
tcp_ping received 49152 bytes back
Round trip time was 0.135861 milliseconds in repetition 77
tcp_ping received 49152 bytes back
Round trip time was 0.134495 milliseconds in repetition 78
tcp_ping received 49152 bytes back
Round trip time was 0.203381 milliseconds in repetition 79
tcp_ping received 49152 bytes back
Round trip time was 0.162051 milliseconds in repetition 80
tcp_ping received 49152 bytes back
Round trip time was 0.146533 milliseconds in repetition 81
tcp_ping received 49152 bytes back
Round trip time was 0.150475 milliseconds in repetition 82
tcp_ping received 49152 bytes back
Round trip time was 0.146566 milliseconds in repetition 83
tcp_ping received 49152 bytes back
Round trip time was 0.138337 milliseconds in repetition 84
tcp_ping received 49152 bytes back
Round trip time was 0.183694 milliseconds in repetition 85
tcp_ping received 49152 bytes back
Round trip time was 0.165777 milliseconds in repetition 86
tcp_ping received 49152 bytes back
Round trip time was 0.136681 milliseconds in repetition 87
tcp_ping received 49152 bytes back
Round trip time was 0.152025 milliseconds in repetition 88
tcp_ping received 49152 bytes back
Round trip time was 0.158986 milliseconds in repetition 89
tcp_ping received 49152 bytes back
Round trip time was 0.153533 milliseconds in repetition 90
tcp_ping received 49152 bytes back
Round trip time was 0.185528 milliseconds in repetition 91
tcp_ping received 49152 bytes back
Round trip time was 0.191311 milliseconds in repetition 92
tcp_ping received 49152 bytes back
Round trip time was 0.163008 milliseconds in repetition 93
tcp_ping received 49152 bytes back
Round trip time was 0.163949 milliseconds in repetition 94
tcp_ping received 49152 bytes back
Round trip time was 0.175726 milliseconds in repetition 95
tcp_ping received 49152 bytes back
Round trip time was 0.151875 milliseconds in repetition 96
tcp_ping received 49152 bytes back
Round trip time was 0.151125 milliseconds in repetition 97
tcp_ping received 49152 bytes back
Round trip time was 0.145751 milliseconds in repetition 98
tcp_ping received 49152 bytes back
Round trip time was 0.149385 milliseconds in repetition 99
tcp_ping received 49152 bytes back
Round trip time was 0.14614 milliseconds in repetition 100
tcp_ping received 49152 bytes back
Round trip time was 0.153148 milliseconds in repetition 101
tcp_ping received 49152 bytes back
Round trip time was 0.140943 milliseconds in repetition 102
tcp_ping received 49152 bytes back
Round trip time was 0.146854 milliseconds in repetition 103
tcp_ping received 49152 bytes back
Round trip time was 0.144398 milliseconds in repetition 104
tcp_ping received 49152 bytes back
Round trip time was 0.177253 milliseconds in repetition 105
tcp_ping received 49152 bytes back
Round trip time was 0.299091 milliseconds in repetition 106
tcp_ping received 49152 bytes back
Round trip time was 0.142873 milliseconds in repetition 107
tcp_ping received 49152 bytes back
Round trip time was 0.136549 milliseconds in repetition 108
tcp_ping received 49152 bytes back
Round trip time was 0.135173 milliseconds in repetition 109
tcp_ping received 49152 bytes back
Round trip time was 0.147866 milliseconds in repetition 110
tcp_ping received 49152 bytes back
Round trip time was 0.151825 milliseconds in repetition 111
tcp_ping received 49152 bytes back
Round trip time was 0.170307 milliseconds in repetition 112
tcp_ping received 49152 bytes back
Round trip time was 0.152976 milliseconds in repetition 113
tcp_ping received 49152 bytes back
Round trip time was 0.140619 milliseconds in repetition 114
tcp_ping received 49152 bytes back
Round trip time was 0.151553 milliseconds in repetition 115
tcp_ping received 49152 bytes back
Round trip time was 0.14451 milliseconds in repetition 116
tcp_ping received 49152 bytes back
Round trip time was 0.150365 milliseconds in repetition 117
tcp_ping received 49152 bytes back
Round trip time was 0.143329 milliseconds in repetition 118
tcp_ping received 49152 bytes back
Round trip time was 0.145313 milliseconds in repetition 119
tcp_ping received 49152 bytes back
Round trip time was 0.139422 milliseconds in repetition 120
tcp_ping received 49152 bytes back
Round trip time was 0.13949 milliseconds in repetition 121
tcp_ping received 49152 bytes back
Round trip time was 0.148157 milliseconds in repetition 122
tcp_ping received 49152 bytes back
Round trip time was 0.143239 milliseconds in repetition 123
tcp_ping received 49152 bytes back
Round trip time was 0.142916 milliseconds in repetition 124
tcp_ping received 49152 bytes back
Round trip time was 0.139087 milliseconds in repetition 125
tcp_ping received 49152 bytes back
Round trip time was 0.132533 milliseconds in repetition 126
tcp_ping received 49152 bytes back
Round trip time was 0.381981 milliseconds in repetition 127
tcp_ping received 49152 bytes back
Round trip time was 0.20163 milliseconds in repetition 128
tcp_ping received 49152 bytes back
Round trip time was 0.162217 milliseconds in repetition 129
tcp_ping received 49152 bytes back
Round trip time was 0.142571 milliseconds in repetition 130
tcp_ping received 49152 bytes back
Round trip time was 0.154675 milliseconds in repetition 131
tcp_ping received 49152 bytes back
Round trip time was 0.175159 milliseconds in repetition 132
tcp_ping received 49152 bytes back
Round trip time was 0.164888 milliseconds in repetition 133
tcp_ping received 49152 bytes back
Round trip time was 0.151373 milliseconds in repetition 134
tcp_ping received 49152 bytes back
Round trip time was 0.143256 milliseconds in repetition 135
tcp_ping received 49152 bytes back
Round trip time was 0.158176 milliseconds in repetition 136
tcp_ping received 49152 bytes back
Round trip time was 0.171187 milliseconds in repetition 137
tcp_ping received 49152 bytes back
Round trip time was 0.148233 milliseconds in repetition 138
tcp_ping received 49152 bytes back
Round trip time was 0.144908 milliseconds in repetition 139
tcp_ping received 49152 bytes back
Round trip time was 0.139062 milliseconds in repetition 140
tcp_ping received 49152 bytes back
Round trip time was 0.17367 milliseconds in repetition 141
tcp_ping received 49152 bytes back
Round trip time was 0.186582 milliseconds in repetition 142
tcp_ping received 49152 bytes back
Round trip time was 0.184503 milliseconds in repetition 143
tcp_ping received 49152 bytes back
Round trip time was 0.183451 milliseconds in repetition 144
tcp_ping received 49152 bytes back
Round trip time was 0.253897 milliseconds in repetition 145
tcp_ping received 49152 bytes back
Round trip time was 0.23987 milliseconds in repetition 146
tcp_ping received 49152 bytes back
Round trip time was 0.260922 milliseconds in repetition 147
tcp_ping received 49152 bytes back
Round trip time was 0.162724 milliseconds in repetition 148
tcp_ping received 49152 bytes back
Round trip time was 0.186832 milliseconds in repetition 149
tcp_ping received 49152 bytes back
Round trip time was 0.157076 milliseconds in repetition 150
tcp_ping received 49152 bytes back
Round trip time was 0.142316 milliseconds in repetition 151
tcp_ping received 49152 bytes back
Round trip time was 0.14286 milliseconds in repetition 152
tcp_ping received 49152 bytes back
Round trip time was 0.132286 milliseconds in repetition 153
tcp_ping received 49152 bytes back
Round trip time was 0.139986 milliseconds in repetition 154
tcp_ping received 49152 bytes back
Round trip time was 0.129841 milliseconds in repetition 155
tcp_ping received 49152 bytes back
Round trip time was 0.156797 milliseconds in repetition 156
tcp_ping received 49152 bytes back
Round trip time was 0.151259 milliseconds in repetition 157
tcp_ping received 49152 bytes back
Round trip time was 0.136227 milliseconds in repetition 158
tcp_ping received 49152 bytes back
Round trip time was 0.127814 milliseconds in repetition 159
tcp_ping received 49152 bytes back
Round trip time was 0.132663 milliseconds in repetition 160
tcp_ping received 49152 bytes back
Round trip time was 0.145895 milliseconds in repetition 161
tcp_ping received 49152 bytes back
Round trip time was 0.138495 milliseconds in repetition 162
tcp_ping received 49152 bytes back
Round trip time was 0.148127 milliseconds in repetition 163
tcp_ping received 49152 bytes back
Round trip time was 0.136623 milliseconds in repetition 164
tcp_ping received 49152 bytes back
Round trip time was 0.134216 milliseconds in repetition 165
tcp_ping received 49152 bytes back
Round trip time was 0.133617 milliseconds in repetition 166
tcp_ping received 49152 bytes back
Round trip time was 0.147786 milliseconds in repetition 167
tcp_ping received 49152 bytes back
Round trip time was 0.143524 milliseconds in repetition 168
tcp_ping received 49152 bytes back
Round trip time was 0.13052 milliseconds in repetition 169
tcp_ping received 49152 bytes back
Round trip time was 0.150903 milliseconds in repetition 170
tcp_ping received 49152 bytes back
Round trip time was 0.38795 milliseconds in repetition 171
tcp_ping received 49152 bytes back
Round trip time was 0.245897 milliseconds in repetition 172
tcp_ping received 49152 bytes back
Round trip time was 0.142708 milliseconds in repetition 173
tcp_ping received 49152 bytes back
Round trip time was 0.135454 milliseconds in repetition 174
tcp_ping received 49152 bytes back
Round trip time was 0.15584 milliseconds in repetition 175
tcp_ping received 49152 bytes back
Round trip time was 0.162301 milliseconds in repetition 176
tcp_ping received 49152 bytes back
Round trip time was 0.134878 milliseconds in repetition 177
tcp_ping received 49152 bytes back
Round trip time was 0.136168 milliseconds in repetition 178
tcp_ping received 49152 bytes back
Round trip time was 0.159212 milliseconds in repetition 179
tcp_ping received 49152 bytes back
Round trip time was 0.152339 milliseconds in repetition 180
tcp_ping received 49152 bytes back
Round trip time was 0.13665 milliseconds in repetition 181
tcp_ping received 49152 bytes back
Round trip time was 0.141124 milliseconds in repetition 182
tcp_ping received 49152 bytes back
Round trip time was 0.15122 milliseconds in repetition 183
tcp_ping received 49152 bytes back
Round trip time was 0.146259 milliseconds in repetition 184
tcp_ping received 49152 bytes back
Round trip time was 0.161194 milliseconds in repetition 185
tcp_ping received 49152 bytes back
Round trip time was 0.1637 milliseconds in repetition 186
tcp_ping received 49152 bytes back
Round trip time was 0.152357 milliseconds in repetition 187
tcp_ping received 49152 bytes back
Round trip time was 0.151283 milliseconds in repetition 188
tcp_ping received 49152 bytes back
Round trip time was 0.142465 milliseconds in repetition 189
tcp_ping received 49152 bytes back
Round trip time was 0.150222 milliseconds in repetition 190
tcp_ping received 49152 bytes back
Round trip time was 0.180751 milliseconds in repetition 191
tcp_ping received 49152 bytes back
Round trip time was 0.182418 milliseconds in repetition 192
tcp_ping received 49152 bytes back
Round trip time was 0.149296 milliseconds in repetition 193
tcp_ping received 49152 bytes back
Round trip time was 0.153022 milliseconds in repetition 194
tcp_ping received 49152 bytes back
Round trip time was 0.289705 milliseconds in repetition 195
tcp_ping received 49152 bytes back
Round trip time was 0.237464 milliseconds in repetition 196
tcp_ping received 49152 bytes back
Round trip time was 0.225211 milliseconds in repetition 197
tcp_ping received 49152 bytes back
Round trip time was 0.21325 milliseconds in repetition 198
tcp_ping received 49152 bytes back
Round trip time was 0.170541 milliseconds in repetition 199
tcp_ping received 49152 bytes back
Round trip time was 0.174142 milliseconds in repetition 200
tcp_ping received 49152 bytes back
Round trip time was 0.18138 milliseconds in repetition 201
tcp_ping received 49152 bytes back
Round trip time was 0.15324 milliseconds in repetition 202
tcp_ping received 49152 bytes back
Round trip time was 0.142778 milliseconds in repetition 203
tcp_ping received 49152 bytes back
Round trip time was 0.136725 milliseconds in repetition 204
tcp_ping received 49152 bytes back
Round trip time was 0.144365 milliseconds in repetition 205
tcp_ping received 49152 bytes back
Round trip time was 0.135838 milliseconds in repetition 206
tcp_ping received 49152 bytes back
Round trip time was 0.14141 milliseconds in repetition 207
tcp_ping received 49152 bytes back
Round trip time was 0.134792 milliseconds in repetition 208
tcp_ping received 49152 bytes back
Round trip time was 0.159656 milliseconds in repetition 209
tcp_ping received 49152 bytes back
Round trip time was 0.146281 milliseconds in repetition 210
tcp_ping received 49152 bytes back
Round trip time was 0.139742 milliseconds in repetition 211
tcp_ping received 49152 bytes back
Round trip time was 0.130798 milliseconds in repetition 212
tcp_ping received 49152 bytes back
Round trip time was 0.134655 milliseconds in repetition 213
tcp_ping received 49152 bytes back
Round trip time was 0.151702 milliseconds in repetition 214
tcp_ping received 49152 bytes back
Round trip time was 0.139969 milliseconds in repetition 215
tcp_ping received 49152 bytes back
Round trip time was 0.143515 milliseconds in repetition 216
tcp_ping received 49152 bytes back
Round trip time was 0.146909 milliseconds in repetition 217
tcp_ping received 49152 bytes back
Round trip time was 0.147451 milliseconds in repetition 218
tcp_ping received 49152 bytes back
Round trip time was 0.146858 milliseconds in repetition 219
tcp_ping received 49152 bytes back
Round trip time was 0.148221 milliseconds in repetition 220
tcp_ping received 49152 bytes back
Round trip time was 0.13619 milliseconds in repetition 221
tcp_ping received 49152 bytes back
Round trip time was 0.135214 milliseconds in repetition 222
tcp_ping received 49152 bytes back
Round trip time was 0.137122 milliseconds in repetition 223
tcp_ping received 49152 bytes back
Round trip time was 0.151905 milliseconds in repetition 224
tcp_ping received 49152 bytes back
Round trip time was 0.142112 milliseconds in repetition 225
tcp_ping received 49152 bytes back
Round trip time was 0.152365 milliseconds in repetition 226
tcp_ping received 49152 bytes back
Round trip time was 0.144254 milliseconds in repetition 227
tcp_ping received 49152 bytes back
Round trip time was 0.138317 milliseconds in repetition 228
tcp_ping received 49152 bytes back
Round trip time was 0.157492 milliseconds in repetition 229
tcp_ping received 49152 bytes back
Round trip time was 0.146932 milliseconds in repetition 230
tcp_ping received 49152 bytes back
Round trip time was 0.13798 milliseconds in repetition 231
tcp_ping received 49152 bytes back
Round trip time was 0.150688 milliseconds in repetition 232
tcp_ping received 49152 bytes back
Round trip time was 0.13848 milliseconds in repetition 233
tcp_ping received 49152 bytes back
Round trip time was 0.144896 milliseconds in repetition 234
tcp_ping received 49152 bytes back
Round trip time was 0.143586 milliseconds in repetition 235
tcp_ping received 49152 bytes back
Round trip time was 0.142666 milliseconds in repetition 236
tcp_ping received 49152 bytes back
Round trip time was 0.14147 milliseconds in repetition 237
tcp_ping received 49152 bytes back
Round trip time was 0.145251 milliseconds in repetition 238
tcp_ping received 49152 bytes back
Round trip time was 0.129637 milliseconds in repetition 239
tcp_ping received 49152 bytes back
Round trip time was 0.13031 milliseconds in repetition 240
tcp_ping received 49152 bytes back
Round trip time was 0.139802 milliseconds in repetition 241
tcp_ping received 49152 bytes back
Round trip time was 0.14324 milliseconds in repetition 242
tcp_ping received 49152 bytes back
Round trip time was 0.140285 milliseconds in repetition 243
tcp_ping received 49152 bytes back
Round trip time was 0.499447 milliseconds in repetition 244
tcp_ping received 49152 bytes back
Round trip time was 0.255928 milliseconds in repetition 245
tcp_ping received 49152 bytes back
Round trip time was 0.194406 milliseconds in repetition 246
tcp_ping received 49152 bytes back
Round trip time was 0.247137 milliseconds in repetition 247
tcp_ping received 49152 bytes back
Round trip time was 0.252508 milliseconds in repetition 248
tcp_ping received 49152 bytes back
Round trip time was 0.284992 milliseconds in repetition 249
tcp_ping received 49152 bytes back
Round trip time was 0.14092 milliseconds in repetition 250
tcp_ping received 49152 bytes back
Round trip time was 0.150008 milliseconds in repetition 251
tcp_ping received 49152 bytes back
Round trip time was 0.139308 milliseconds in repetition 252
tcp_ping received 49152 bytes back
Round trip time was 0.134073 milliseconds in repetition 253
tcp_ping received 49152 bytes back
Round trip time was 0.147565 milliseconds in repetition 254
tcp_ping received 49152 bytes back
Round trip time was 0.133167 milliseconds in repetition 255
tcp_ping received 49152 bytes back
Round trip time was 0.133019 milliseconds in repetition 256
tcp_ping received 49152 bytes back
Round trip time was 0.154312 milliseconds in repetition 257
tcp_ping received 49152 bytes back
Round trip time was 0.190983 milliseconds in repetition 258
tcp_ping received 49152 bytes back
Round trip time was 0.171808 milliseconds in repetition 259
tcp_ping received 49152 bytes back
Round trip time was 0.153412 milliseconds in repetition 260
tcp_ping received 49152 bytes back
Round trip time was 0.173058 milliseconds in repetition 261
tcp_ping received 49152 bytes back
Round trip time was 0.142971 milliseconds in repetition 262
tcp_ping received 49152 bytes back
Round trip time was 0.134749 milliseconds in repetition 263
tcp_ping received 49152 bytes back
Round trip time was 0.130511 milliseconds in repetition 264
tcp_ping received 49152 bytes back
Round trip time was 0.155151 milliseconds in repetition 265
tcp_ping received 49152 bytes back
Round trip time was 0.167009 milliseconds in repetition 266
tcp_ping received 49152 bytes back
Round trip time was 0.173547 milliseconds in repetition 267
tcp_ping received 49152 bytes back
Round trip time was 0.162765 milliseconds in repetition 268
tcp_ping received 49152 bytes back
Round trip time was 0.165694 milliseconds in repetition 269
tcp_ping received 49152 bytes back
Round trip time was 0.168024 milliseconds in repetition 270
tcp_ping received 49152 bytes back
Round trip time was 0.179443 milliseconds in repetition 271
tcp_ping received 49152 bytes back
Round trip time was 0.164331 milliseconds in repetition 272
tcp_ping received 49152 bytes back
Round trip time was 0.177818 milliseconds in repetition 273
tcp_ping received 49152 bytes back
Round trip time was 0.165921 milliseconds in repetition 274
tcp_ping received 49152 bytes back
Round trip time was 0.154061 milliseconds in repetition 275
tcp_ping received 49152 bytes back
Round trip time was 0.151361 milliseconds in repetition 276
tcp_ping received 49152 bytes back
Round trip time was 0.14206 milliseconds in repetition 277
tcp_ping received 49152 bytes back
Round trip time was 0.155791 milliseconds in repetition 278
tcp_ping received 49152 bytes back
Round trip time was 0.134538 milliseconds in repetition 279
tcp_ping received 49152 bytes back
Round trip time was 0.140954 milliseconds in repetition 280
tcp_ping received 49152 bytes back
Round trip time was 0.141991 milliseconds in repetition 281
tcp_ping received 49152 bytes back
Round trip time was 0.136846 milliseconds in repetition 282
tcp_ping received 49152 bytes back
Round trip time was 0.16394 milliseconds in repetition 283
tcp_ping received 49152 bytes back
Round trip time was 0.155808 milliseconds in repetition 284
tcp_ping received 49152 bytes back
Round trip time was 0.14825 milliseconds in repetition 285
tcp_ping received 49152 bytes back
Round trip time was 0.155784 milliseconds in repetition 286
tcp_ping received 49152 bytes back
Round trip time was 0.178665 milliseconds in repetition 287
tcp_ping received 49152 bytes back
Round trip time was 0.168962 milliseconds in repetition 288
tcp_ping received 49152 bytes back
Round trip time was 0.182806 milliseconds in repetition 289
tcp_ping received 49152 bytes back
Round trip time was 0.169617 milliseconds in repetition 290
tcp_ping received 49152 bytes back
Round trip time was 0.162501 milliseconds in repetition 291
tcp_ping received 49152 bytes back
Round trip time was 0.185422 milliseconds in repetition 292
tcp_ping received 49152 bytes back
Round trip time was 0.173763 milliseconds in repetition 293
tcp_ping received 49152 bytes back
Round trip time was 0.191204 milliseconds in repetition 294
tcp_ping received 49152 bytes back
Round trip time was 0.177266 milliseconds in repetition 295
tcp_ping received 49152 bytes back
Round trip time was 0.163306 milliseconds in repetition 296
tcp_ping received 49152 bytes back
Round trip time was 0.148977 milliseconds in repetition 297
tcp_ping received 49152 bytes back
Round trip time was 0.147539 milliseconds in repetition 298
tcp_ping received 49152 bytes back
Round trip time was 0.152566 milliseconds in repetition 299
tcp_ping received 49152 bytes back
Round trip time was 0.186023 milliseconds in repetition 300
tcp_ping received 49152 bytes back
Round trip time was 0.250157 milliseconds in repetition 301
tcp_ping received 49152 bytes back
Round trip time was 0.133818 milliseconds in repetition 302
tcp_ping received 49152 bytes back
Round trip time was 0.145958 milliseconds in repetition 303
tcp_ping received 49152 bytes back
Round trip time was 0.138976 milliseconds in repetition 304
tcp_ping received 49152 bytes back
Round trip time was 0.149788 milliseconds in repetition 305
tcp_ping received 49152 bytes back
Round trip time was 0.160786 milliseconds in repetition 306
tcp_ping received 49152 bytes back
Round trip time was 0.146517 milliseconds in repetition 307
tcp_ping received 49152 bytes back
Round trip time was 0.141926 milliseconds in repetition 308
tcp_ping received 49152 bytes back
Round trip time was 0.145966 milliseconds in repetition 309
tcp_ping received 49152 bytes back
Round trip time was 0.135056 milliseconds in repetition 310
tcp_ping received 49152 bytes back
Round trip time was 0.224076 milliseconds in repetition 311
tcp_ping received 49152 bytes back
Round trip time was 0.168945 milliseconds in repetition 312
tcp_ping received 49152 bytes back
Round trip time was 0.137364 milliseconds in repetition 313
tcp_ping received 49152 bytes back
Round trip time was 0.15446 milliseconds in repetition 314
tcp_ping received 49152 bytes back
Round trip time was 0.134174 milliseconds in repetition 315
tcp_ping received 49152 bytes back
Round trip time was 0.146308 milliseconds in repetition 316
tcp_ping received 49152 bytes back
Round trip time was 0.140611 milliseconds in repetition 317
tcp_ping received 49152 bytes back
Round trip time was 0.146718 milliseconds in repetition 318
tcp_ping received 49152 bytes back
Round trip time was 0.141507 milliseconds in repetition 319
tcp_ping received 49152 bytes back
Round trip time was 0.150359 milliseconds in repetition 320
tcp_ping received 49152 bytes back
Round trip time was 0.137176 milliseconds in repetition 321
tcp_ping received 49152 bytes back
Round trip time was 0.160147 milliseconds in repetition 322
tcp_ping received 49152 bytes back
Round trip time was 0.288869 milliseconds in repetition 323
tcp_ping received 49152 bytes back
Round trip time was 0.151177 milliseconds in repetition 324
tcp_ping received 49152 bytes back
Round trip time was 0.134372 milliseconds in repetition 325
tcp_ping received 49152 bytes back
Round trip time was 0.140154 milliseconds in repetition 326
tcp_ping received 49152 bytes back
Round trip time was 0.142648 milliseconds in repetition 327
tcp_ping received 49152 bytes back
Round trip time was 0.142456 milliseconds in repetition 328
tcp_ping received 49152 bytes back
Round trip time was 0.134608 milliseconds in repetition 329
tcp_ping received 49152 bytes back
Round trip time was 0.13878 milliseconds in repetition 330
tcp_ping received 49152 bytes back
Round trip time was 0.139532 milliseconds in repetition 331
tcp_ping received 49152 bytes back
Round trip time was 0.13456 milliseconds in repetition 332
tcp_ping received 49152 bytes back
Round trip time was 0.161932 milliseconds in repetition 333
tcp_ping received 49152 bytes back
Round trip time was 0.165298 milliseconds in repetition 334
tcp_ping received 49152 bytes back
Round trip time was 0.145475 milliseconds in repetition 335
tcp_ping received 49152 bytes back
Round trip time was 0.134855 milliseconds in repetition 336
tcp_ping received 49152 bytes back
Round trip time was 0.165179 milliseconds in repetition 337
tcp_ping received 49152 bytes back
Round trip time was 0.162788 milliseconds in repetition 338
tcp_ping received 49152 bytes back
Round trip time was 0.240274 milliseconds in repetition 339
tcp_ping received 49152 bytes back
Round trip time was 0.224785 milliseconds in repetition 340
tcp_ping received 49152 bytes back
Round trip time was 0.148648 milliseconds in repetition 341
tcp_ping received 49152 bytes back
Round trip time was 0.135762 milliseconds in repetition 342
tcp_ping received 49152 bytes back
Round trip time was 0.157154 milliseconds in repetition 343
tcp_ping received 49152 bytes back
Round trip time was 0.177373 milliseconds in repetition 344
tcp_ping received 49152 bytes back
Round trip time was 0.146473 milliseconds in repetition 345
tcp_ping received 49152 bytes back
Round trip time was 0.17182 milliseconds in repetition 346
tcp_ping received 49152 bytes back
Round trip time was 0.170168 milliseconds in repetition 347
tcp_ping received 49152 bytes back
Round trip time was 0.146946 milliseconds in repetition 348
tcp_ping received 49152 bytes back
Round trip time was 0.154191 milliseconds in repetition 349
tcp_ping received 49152 bytes back
Round trip time was 0.260791 milliseconds in repetition 350
tcp_ping received 49152 bytes back
Round trip time was 0.1976 milliseconds in repetition 351
tcp_ping received 49152 bytes back
Round trip time was 0.133445 milliseconds in repetition 352
tcp_ping received 49152 bytes back
Round trip time was 0.318764 milliseconds in repetition 353
tcp_ping received 49152 bytes back
Round trip time was 0.226643 milliseconds in repetition 354
tcp_ping received 49152 bytes back
Round trip time was 0.177654 milliseconds in repetition 355
tcp_ping received 49152 bytes back
Round trip time was 0.220776 milliseconds in repetition 356
tcp_ping received 49152 bytes back
Round trip time was 0.15022 milliseconds in repetition 357
tcp_ping received 49152 bytes back
Round trip time was 0.153867 milliseconds in repetition 358
tcp_ping received 49152 bytes back
Round trip time was 0.142222 milliseconds in repetition 359
tcp_ping received 49152 bytes back
Round trip time was 0.190712 milliseconds in repetition 360
tcp_ping received 49152 bytes back
Round trip time was 0.152052 milliseconds in repetition 361
tcp_ping received 49152 bytes back
Round trip time was 0.152612 milliseconds in repetition 362
tcp_ping received 49152 bytes back
Round trip time was 0.132967 milliseconds in repetition 363
tcp_ping received 49152 bytes back
Round trip time was 0.141455 milliseconds in repetition 364
tcp_ping received 49152 bytes back
Round trip time was 0.150614 milliseconds in repetition 365
tcp_ping received 49152 bytes back
Round trip time was 0.150575 milliseconds in repetition 366
tcp_ping received 49152 bytes back
Round trip time was 0.144764 milliseconds in repetition 367
tcp_ping received 49152 bytes back
Round trip time was 0.141672 milliseconds in repetition 368
tcp_ping received 49152 bytes back
Round trip time was 0.144767 milliseconds in repetition 369
tcp_ping received 49152 bytes back
Round trip time was 0.133682 milliseconds in repetition 370
tcp_ping received 49152 bytes back
Round trip time was 0.134912 milliseconds in repetition 371
tcp_ping received 49152 bytes back
Round trip time was 0.148615 milliseconds in repetition 372
tcp_ping received 49152 bytes back
Round trip time was 0.142304 milliseconds in repetition 373
tcp_ping received 49152 bytes back
Round trip time was 0.133756 milliseconds in repetition 374
tcp_ping received 49152 bytes back
Round trip time was 0.140316 milliseconds in repetition 375
tcp_ping received 49152 bytes back
Round trip time was 0.144667 milliseconds in repetition 376
tcp_ping received 49152 bytes back
Round trip time was 0.144374 milliseconds in repetition 377
tcp_ping received 49152 bytes back
Round trip time was 0.157771 milliseconds in repetition 378
tcp_ping received 49152 bytes back
Round trip time was 0.151202 milliseconds in repetition 379
tcp_ping received 49152 bytes back
Round trip time was 0.22249 milliseconds in repetition 380
tcp_ping received 49152 bytes back
Round trip time was 0.193578 milliseconds in repetition 381
tcp_ping received 49152 bytes back
Round trip time was 0.242762 milliseconds in repetition 382
tcp_ping received 49152 bytes back
Round trip time was 0.232492 milliseconds in repetition 383
tcp_ping received 49152 bytes back
Round trip time was 0.190323 milliseconds in repetition 384
tcp_ping received 49152 bytes back
Round trip time was 0.187635 milliseconds in repetition 385
tcp_ping received 49152 bytes back
Round trip time was 0.267166 milliseconds in repetition 386
tcp_ping received 49152 bytes back
Round trip time was 0.262985 milliseconds in repetition 387
tcp_ping received 49152 bytes back
Round trip time was 0.215211 milliseconds in repetition 388
tcp_ping received 49152 bytes back
Round trip time was 0.172966 milliseconds in repetition 389
tcp_ping received 49152 bytes back
Round trip time was 0.19524 milliseconds in repetition 390
tcp_ping received 49152 bytes back
Round trip time was 0.218868 milliseconds in repetition 391
tcp_ping received 49152 bytes back
Round trip time was 0.180108 milliseconds in repetition 392
tcp_ping received 49152 bytes back
Round trip time was 0.224442 milliseconds in repetition 393
tcp_ping received 49152 bytes back
Round trip time was 0.184173 milliseconds in repetition 394
tcp_ping received 49152 bytes back
Round trip time was 0.175208 milliseconds in repetition 395
tcp_ping received 49152 bytes back
Round trip time was 0.168306 milliseconds in repetition 396
tcp_ping received 49152 bytes back
Round trip time was 0.166394 milliseconds in repetition 397
tcp_ping received 49152 bytes back
Round trip time was 0.170051 milliseconds in repetition 398
tcp_ping received 49152 bytes back
Round trip time was 0.161096 milliseconds in repetition 399
tcp_ping received 49152 bytes back
Round trip time was 0.17465 milliseconds in repetition 400
tcp_ping received 49152 bytes back
Round trip time was 0.140491 milliseconds in repetition 401
tcp_ping received 49152 bytes back
Round trip time was 0.137056 milliseconds in repetition 402
tcp_ping received 49152 bytes back
Round trip time was 0.168053 milliseconds in repetition 403
tcp_ping received 49152 bytes back
Round trip time was 0.169265 milliseconds in repetition 404
tcp_ping received 49152 bytes back
Round trip time was 0.189823 milliseconds in repetition 405
tcp_ping received 49152 bytes back
Round trip time was 0.200925 milliseconds in repetition 406
tcp_ping received 49152 bytes back
Round trip time was 0.218646 milliseconds in repetition 407
tcp_ping received 49152 bytes back
Round trip time was 0.162324 milliseconds in repetition 408
tcp_ping received 49152 bytes back
Round trip time was 0.156607 milliseconds in repetition 409
tcp_ping received 49152 bytes back
Round trip time was 0.185229 milliseconds in repetition 410
tcp_ping received 49152 bytes back
Round trip time was 0.161788 milliseconds in repetition 411
tcp_ping received 49152 bytes back
Round trip time was 0.143027 milliseconds in repetition 412
tcp_ping received 49152 bytes back
Round trip time was 0.160466 milliseconds in repetition 413
tcp_ping received 49152 bytes back
Round trip time was 0.144881 milliseconds in repetition 414
tcp_ping received 49152 bytes back
Round trip time was 0.140841 milliseconds in repetition 415
tcp_ping received 49152 bytes back
Round trip time was 0.1506 milliseconds in repetition 416
tcp_ping received 49152 bytes back
Round trip time was 0.148139 milliseconds in repetition 417
tcp_ping received 49152 bytes back
Round trip time was 0.166226 milliseconds in repetition 418
tcp_ping received 49152 bytes back
Round trip time was 0.142179 milliseconds in repetition 419
tcp_ping received 49152 bytes back
Round trip time was 0.156631 milliseconds in repetition 420
tcp_ping received 49152 bytes back
Round trip time was 0.15112 milliseconds in repetition 421
tcp_ping received 49152 bytes back
Round trip time was 0.140124 milliseconds in repetition 422
tcp_ping received 49152 bytes back
Round trip time was 0.138688 milliseconds in repetition 423
tcp_ping received 49152 bytes back
Round trip time was 0.241624 milliseconds in repetition 424
tcp_ping received 49152 bytes back
Round trip time was 0.17803 milliseconds in repetition 425
tcp_ping received 49152 bytes back
Round trip time was 0.164109 milliseconds in repetition 426
tcp_ping received 49152 bytes back
Round trip time was 0.190756 milliseconds in repetition 427
tcp_ping received 49152 bytes back
Round trip time was 0.177258 milliseconds in repetition 428
tcp_ping received 49152 bytes back
Round trip time was 0.230393 milliseconds in repetition 429
tcp_ping received 49152 bytes back
Round trip time was 0.175985 milliseconds in repetition 430
tcp_ping received 49152 bytes back
Round trip time was 0.256065 milliseconds in repetition 431
tcp_ping received 49152 bytes back
Round trip time was 0.167729 milliseconds in repetition 432
tcp_ping received 49152 bytes back
Round trip time was 0.15619 milliseconds in repetition 433
tcp_ping received 49152 bytes back
Round trip time was 0.143704 milliseconds in repetition 434
tcp_ping received 49152 bytes back
Round trip time was 0.141725 milliseconds in repetition 435
tcp_ping received 49152 bytes back
Round trip time was 0.174188 milliseconds in repetition 436
tcp_ping received 49152 bytes back
Round trip time was 0.279359 milliseconds in repetition 437
tcp_ping received 49152 bytes back
Round trip time was 0.155263 milliseconds in repetition 438
tcp_ping received 49152 bytes back
Round trip time was 0.142432 milliseconds in repetition 439
tcp_ping received 49152 bytes back
Round trip time was 0.16603 milliseconds in repetition 440
tcp_ping received 49152 bytes back
Round trip time was 0.189688 milliseconds in repetition 441
tcp_ping received 49152 bytes back
Round trip time was 0.163855 milliseconds in repetition 442
tcp_ping received 49152 bytes back
Round trip time was 0.155817 milliseconds in repetition 443
tcp_ping received 49152 bytes back
Round trip time was 0.135727 milliseconds in repetition 444
tcp_ping received 49152 bytes back
Round trip time was 0.144802 milliseconds in repetition 445
tcp_ping received 49152 bytes back
Round trip time was 0.146719 milliseconds in repetition 446
tcp_ping received 49152 bytes back
Round trip time was 0.139675 milliseconds in repetition 447
tcp_ping received 49152 bytes back
Round trip time was 0.153851 milliseconds in repetition 448
tcp_ping received 49152 bytes back
Round trip time was 0.15003 milliseconds in repetition 449
tcp_ping received 49152 bytes back
Round trip time was 0.145061 milliseconds in repetition 450
tcp_ping received 49152 bytes back
Round trip time was 0.134001 milliseconds in repetition 451
tcp_ping received 49152 bytes back
Round trip time was 0.145049 milliseconds in repetition 452
tcp_ping received 49152 bytes back
Round trip time was 0.145728 milliseconds in repetition 453
tcp_ping received 49152 bytes back
Round trip time was 0.147566 milliseconds in repetition 454
tcp_ping received 49152 bytes back
Round trip time was 0.153182 milliseconds in repetition 455
tcp_ping received 49152 bytes back
Round trip time was 0.135457 milliseconds in repetition 456
tcp_ping received 49152 bytes back
Round trip time was 0.140522 milliseconds in repetition 457
tcp_ping received 49152 bytes back
Round trip time was 0.149393 milliseconds in repetition 458
tcp_ping received 49152 bytes back
Round trip time was 0.148854 milliseconds in repetition 459
tcp_ping received 49152 bytes back
Round trip time was 0.135854 milliseconds in repetition 460
tcp_ping received 49152 bytes back
Round trip time was 0.13506 milliseconds in repetition 461
tcp_ping received 49152 bytes back
Round trip time was 0.154723 milliseconds in repetition 462
tcp_ping received 49152 bytes back
Round trip time was 0.195928 milliseconds in repetition 463
tcp_ping received 49152 bytes back
Round trip time was 0.168729 milliseconds in repetition 464
tcp_ping received 49152 bytes back
Round trip time was 0.150109 milliseconds in repetition 465
tcp_ping received 49152 bytes back
Round trip time was 0.137778 milliseconds in repetition 466
tcp_ping received 49152 bytes back
Round trip time was 0.185218 milliseconds in repetition 467
tcp_ping received 49152 bytes back
Round trip time was 0.15521 milliseconds in repetition 468
tcp_ping received 49152 bytes back
Round trip time was 0.190765 milliseconds in repetition 469
tcp_ping received 49152 bytes back
Round trip time was 0.151659 milliseconds in repetition 470
tcp_ping received 49152 bytes back
Round trip time was 0.170749 milliseconds in repetition 471
tcp_ping received 49152 bytes back
Round trip time was 0.138857 milliseconds in repetition 472
tcp_ping received 49152 bytes back
Round trip time was 0.205015 milliseconds in repetition 473
tcp_ping received 49152 bytes back
Round trip time was 0.163482 milliseconds in repetition 474
tcp_ping received 49152 bytes back
Round trip time was 0.167298 milliseconds in repetition 475
tcp_ping received 49152 bytes back
Round trip time was 0.177387 milliseconds in repetition 476
tcp_ping received 49152 bytes back
Round trip time was 0.169139 milliseconds in repetition 477
tcp_ping received 49152 bytes back
Round trip time was 0.164111 milliseconds in repetition 478
tcp_ping received 49152 bytes back
Round trip time was 0.145895 milliseconds in repetition 479
tcp_ping received 49152 bytes back
Round trip time was 0.166218 milliseconds in repetition 480
tcp_ping received 49152 bytes back
Round trip time was 0.167937 milliseconds in repetition 481
tcp_ping received 49152 bytes back
Round trip time was 0.148396 milliseconds in repetition 482
tcp_ping received 49152 bytes back
Round trip time was 0.142671 milliseconds in repetition 483
tcp_ping received 49152 bytes back
Round trip time was 0.164608 milliseconds in repetition 484
tcp_ping received 49152 bytes back
Round trip time was 0.143899 milliseconds in repetition 485
tcp_ping received 49152 bytes back
Round trip time was 0.136526 milliseconds in repetition 486
tcp_ping received 49152 bytes back
Round trip time was 0.156866 milliseconds in repetition 487
tcp_ping received 49152 bytes back
Round trip time was 0.146227 milliseconds in repetition 488
tcp_ping received 49152 bytes back
Round trip time was 0.213629 milliseconds in repetition 489
tcp_ping received 49152 bytes back
Round trip time was 0.143208 milliseconds in repetition 490
tcp_ping received 49152 bytes back
Round trip time was 0.145102 milliseconds in repetition 491
tcp_ping received 49152 bytes back
Round trip time was 0.134632 milliseconds in repetition 492
tcp_ping received 49152 bytes back
Round trip time was 0.152134 milliseconds in repetition 493
tcp_ping received 49152 bytes back
Round trip time was 0.177876 milliseconds in repetition 494
tcp_ping received 49152 bytes back
Round trip time was 0.139051 milliseconds in repetition 495
tcp_ping received 49152 bytes back
Round trip time was 0.15058 milliseconds in repetition 496
tcp_ping received 49152 bytes back
Round trip time was 0.14961 milliseconds in repetition 497
tcp_ping received 49152 bytes back
Round trip time was 0.142342 milliseconds in repetition 498
tcp_ping received 49152 bytes back
Round trip time was 0.146283 milliseconds in repetition 499
tcp_ping received 49152 bytes back
Round trip time was 0.141665 milliseconds in repetition 500
tcp_ping received 49152 bytes back
Round trip time was 0.163383 milliseconds in repetition 501

 ... clock resolution was 1e-06
TCP Ping:  Statistics over 501 repetitions of 49152 byte messages

RTT : percentile 10: 0.136168, median: 0.151825, percentile 90: 0.216088, average: 0.16841, variance: 0.00254732

RTT histogram:
0.127813 87
0.151007 232
0.1742 96
0.197393 30
0.220586 16
0.243779 13
0.266972 8
0.290165 7
0.313358 1
0.336551 0
0.359744 2
0.382938 5
0.406131 1
0.429324 0
0.452517 0
0.47571 1
0.498903 1
0.522096 0
0.545289 0
0.568482 0
0.591675 1

   median Throughput : 647482 KB/s   overall Throughput : 583718 KB/s

