TCP Ping trying to connect to server 127.0.0.1 (127.0.0.1) on port 1491
 ... connected to Pong server: asking for 501 repetitions of 24576 bytes TCP messages
 ... Pong server agreed :-)
tcp_ping received 24576 bytes back
Round trip time was 0.232648 milliseconds in repetition 1
tcp_ping received 24576 bytes back
Round trip time was 0.309914 milliseconds in repetition 2
tcp_ping received 24576 bytes back
Round trip time was 0.776138 milliseconds in repetition 3
tcp_ping received 24576 bytes back
Round trip time was 0.278514 milliseconds in repetition 4
tcp_ping received 24576 bytes back
Round trip time was 0.422516 milliseconds in repetition 5
tcp_ping received 24576 bytes back
Round trip time was 0.244612 milliseconds in repetition 6
tcp_ping received 24576 bytes back
Round trip time was 0.346075 milliseconds in repetition 7
tcp_ping received 24576 bytes back
Round trip time was 0.466767 milliseconds in repetition 8
tcp_ping received 24576 bytes back
Round trip time was 0.183483 milliseconds in repetition 9
tcp_ping received 24576 bytes back
Round trip time was 0.434178 milliseconds in repetition 10
tcp_ping received 24576 bytes back
Round trip time was 0.14085 milliseconds in repetition 11
tcp_ping received 24576 bytes back
Round trip time was 0.093755 milliseconds in repetition 12
tcp_ping received 24576 bytes back
Round trip time was 0.114933 milliseconds in repetition 13
tcp_ping received 24576 bytes back
Round trip time was 0.102261 milliseconds in repetition 14
tcp_ping received 24576 bytes back
Round trip time was 0.174445 milliseconds in repetition 15
tcp_ping received 24576 bytes back
Round trip time was 0.108298 milliseconds in repetition 16
tcp_ping received 24576 bytes back
Round trip time was 0.108306 milliseconds in repetition 17
tcp_ping received 24576 bytes back
Round trip time was 0.156776 milliseconds in repetition 18
tcp_ping received 24576 bytes back
Round trip time was 0.21432 milliseconds in repetition 19
tcp_ping received 24576 bytes back
Round trip time was 0.188686 milliseconds in repetition 20
tcp_ping received 24576 bytes back
Round trip time was 0.22172 milliseconds in repetition 21
tcp_ping received 24576 bytes back
Round trip time was 0.382247 milliseconds in repetition 22
tcp_ping received 24576 bytes back
Round trip time was 0.158747 milliseconds in repetition 23
tcp_ping received 24576 bytes back
Round trip time was 0.590355 milliseconds in repetition 24
tcp_ping received 24576 bytes back
Round trip time was 0.356352 milliseconds in repetition 25
tcp_ping received 24576 bytes back
Round trip time was 0.512998 milliseconds in repetition 26
tcp_ping received 24576 bytes back
Round trip time was 0.576235 milliseconds in repetition 27
tcp_ping received 24576 bytes back
Round trip time was 0.535244 milliseconds in repetition 28
tcp_ping received 24576 bytes back
Round trip time was 0.484105 milliseconds in repetition 29
tcp_ping received 24576 bytes back
Round trip time was 0.49363 milliseconds in repetition 30
tcp_ping received 24576 bytes back
Round trip time was 0.248899 milliseconds in repetition 31
tcp_ping received 24576 bytes back
Round trip time was 0.218122 milliseconds in repetition 32
tcp_ping received 24576 bytes back
Round trip time was 0.175934 milliseconds in repetition 33
tcp_ping received 24576 bytes back
Round trip time was 0.210588 milliseconds in repetition 34
tcp_ping received 24576 bytes back
Round trip time was 0.216885 milliseconds in repetition 35
tcp_ping received 24576 bytes back
Round trip time was 0.255709 milliseconds in repetition 36
tcp_ping received 24576 bytes back
Round trip time was 0.163711 milliseconds in repetition 37
tcp_ping received 24576 bytes back
Round trip time was 0.146234 milliseconds in repetition 38
tcp_ping received 24576 bytes back
Round trip time was 0.144784 milliseconds in repetition 39
tcp_ping received 24576 bytes back
Round trip time was 0.171002 milliseconds in repetition 40
tcp_ping received 24576 bytes back
Round trip time was 0.255094 milliseconds in repetition 41
tcp_ping received 24576 bytes back
Round trip time was 0.098535 milliseconds in repetition 42
tcp_ping received 24576 bytes back
Round trip time was 0.098573 milliseconds in repetition 43
tcp_ping received 24576 bytes back
Round trip time was 0.084856 milliseconds in repetition 44
tcp_ping received 24576 bytes back
Round trip time was 0.071773 milliseconds in repetition 45
tcp_ping received 24576 bytes back
Round trip time was 0.24195 milliseconds in repetition 46
tcp_ping received 24576 bytes back
Round trip time was 0.099111 milliseconds in repetition 47
tcp_ping received 24576 bytes back
Round trip time was 0.085369 milliseconds in repetition 48
tcp_ping received 24576 bytes back
Round trip time was 0.096748 milliseconds in repetition 49
tcp_ping received 24576 bytes back
Round trip time was 0.157057 milliseconds in repetition 50
tcp_ping received 24576 bytes back
Round trip time was 0.192806 milliseconds in repetition 51
tcp_ping received 24576 bytes back
Round trip time was 0.213657 milliseconds in repetition 52
tcp_ping received 24576 bytes back
Round trip time was 0.139781 milliseconds in repetition 53
tcp_ping received 24576 bytes back
Round trip time was 0.241011 milliseconds in repetition 54
tcp_ping received 24576 bytes back
Round trip time was 0.19633 milliseconds in repetition 55
tcp_ping received 24576 bytes back
Round trip time was 0.246433 milliseconds in repetition 56
tcp_ping received 24576 bytes back
Round trip time was 0.388187 milliseconds in repetition 57
tcp_ping received 24576 bytes back
Round trip time was 0.22147 milliseconds in repetition 58
tcp_ping received 24576 bytes back
Round trip time was 0.530902 milliseconds in repetition 59
tcp_ping received 24576 bytes back
Round trip time was 0.312423 milliseconds in repetition 60
tcp_ping received 24576 bytes back
Round trip time was 0.093698 milliseconds in repetition 61
tcp_ping received 24576 bytes back
Round trip time was 0.111009 milliseconds in repetition 62
tcp_ping received 24576 bytes back
Round trip time was 0.087164 milliseconds in repetition 63
tcp_ping received 24576 bytes back
Round trip time was 0.209269 milliseconds in repetition 64
tcp_ping received 24576 bytes back
Round trip time was 0.09528 milliseconds in repetition 65
tcp_ping received 24576 bytes back
Round trip time was 0.196419 milliseconds in repetition 66
tcp_ping received 24576 bytes back
Round trip time was 0.105372 milliseconds in repetition 67
tcp_ping received 24576 bytes back
Round trip time was 0.089641 milliseconds in repetition 68
tcp_ping received 24576 bytes back
Round trip time was 0.147435 milliseconds in repetition 69
tcp_ping received 24576 bytes back
Round trip time was 0.105491 milliseconds in repetition 70
tcp_ping received 24576 bytes back
Round trip time was 0.093232 milliseconds in repetition 71
tcp_ping received 24576 bytes back
Round trip time was 0.09449 milliseconds in repetition 72
tcp_ping received 24576 bytes back
Round trip time was 0.090121 milliseconds in repetition 73
tcp_ping received 24576 bytes back
Round trip time was 0.22392 milliseconds in repetition 74
tcp_ping received 24576 bytes back
Round trip time was 0.096341 milliseconds in repetition 75
tcp_ping received 24576 bytes back
Round trip time was 0.087009 milliseconds in repetition 76
tcp_ping received 24576 bytes back
Round trip time was 0.089396 milliseconds in repetition 77
tcp_ping received 24576 bytes back
Round trip time was 0.088013 milliseconds in repetition 78
tcp_ping received 24576 bytes back
Round trip time was 0.087245 milliseconds in repetition 79
tcp_ping received 24576 bytes back
Round trip time was 0.090823 milliseconds in repetition 80
tcp_ping received 24576 bytes back
Round trip time was 0.261543 milliseconds in repetition 81
tcp_ping received 24576 bytes back
Round trip time was 0.093889 milliseconds in repetition 82
tcp_ping received 24576 bytes back
Round trip time was 0.08674 milliseconds in repetition 83
tcp_ping received 24576 bytes back
Round trip time was 0.08334 milliseconds in repetition 84
tcp_ping received 24576 bytes back
Round trip time was 0.209446 milliseconds in repetition 85
tcp_ping received 24576 bytes back
Round trip time was 0.096617 milliseconds in repetition 86
tcp_ping received 24576 bytes back
Round trip time was 0.093307 milliseconds in repetition 87
tcp_ping received 24576 bytes back
Round trip time was 0.107255 milliseconds in repetition 88
tcp_ping received 24576 bytes back
Round trip time was 0.114269 milliseconds in repetition 89
tcp_ping received 24576 bytes back
Round trip time was 0.0948 milliseconds in repetition 90
tcp_ping received 24576 bytes back
Round trip time was 0.182153 milliseconds in repetition 91
tcp_ping received 24576 bytes back
Round trip time was 0.114922 milliseconds in repetition 92
tcp_ping received 24576 bytes back
Round trip time was 0.091507 milliseconds in repetition 93
tcp_ping received 24576 bytes back
Round trip time was 0.180427 milliseconds in repetition 94
tcp_ping received 24576 bytes back
Round trip time was 0.102101 milliseconds in repetition 95
tcp_ping received 24576 bytes back
Round trip time was 0.103213 milliseconds in repetition 96
tcp_ping received 24576 bytes back
Round trip time was 0.128356 milliseconds in repetition 97
tcp_ping received 24576 bytes back
Round trip time was 0.191928 milliseconds in repetition 98
tcp_ping received 24576 bytes back
Round trip time was 0.167262 milliseconds in repetition 99
tcp_ping received 24576 bytes back
Round trip time was 0.262434 milliseconds in repetition 100
tcp_ping received 24576 bytes back
Round trip time was 0.10934 milliseconds in repetition 101
tcp_ping received 24576 bytes back
Round trip time was 0.100915 milliseconds in repetition 102
tcp_ping received 24576 bytes back
Round trip time was 0.125303 milliseconds in repetition 103
tcp_ping received 24576 bytes back
Round trip time was 0.257548 milliseconds in repetition 104
tcp_ping received 24576 bytes back
Round trip time was 0.252435 milliseconds in repetition 105
tcp_ping received 24576 bytes back
Round trip time was 0.111913 milliseconds in repetition 106
tcp_ping received 24576 bytes back
Round trip time was 0.109921 milliseconds in repetition 107
tcp_ping received 24576 bytes back
Round trip time was 0.108947 milliseconds in repetition 108
tcp_ping received 24576 bytes back
Round trip time was 0.208204 milliseconds in repetition 109
tcp_ping received 24576 bytes back
Round trip time was 0.098862 milliseconds in repetition 110
tcp_ping received 24576 bytes back
Round trip time was 0.199846 milliseconds in repetition 111
tcp_ping received 24576 bytes back
Round trip time was 0.113211 milliseconds in repetition 112
tcp_ping received 24576 bytes back
Round trip time was 0.099381 milliseconds in repetition 113
tcp_ping received 24576 bytes back
Round trip time was 0.089301 milliseconds in repetition 114
tcp_ping received 24576 bytes back
Round trip time was 0.093219 milliseconds in repetition 115
tcp_ping received 24576 bytes back
Round trip time was 0.083142 milliseconds in repetition 116
tcp_ping received 24576 bytes back
Round trip time was 0.088578 milliseconds in repetition 117
tcp_ping received 24576 bytes back
Round trip time was 0.092289 milliseconds in repetition 118
tcp_ping received 24576 bytes back
Round trip time was 0.090677 milliseconds in repetition 119
tcp_ping received 24576 bytes back
Round trip time was 0.12725 milliseconds in repetition 120
tcp_ping received 24576 bytes back
Round trip time was 0.233378 milliseconds in repetition 121
tcp_ping received 24576 bytes back
Round trip time was 0.201421 milliseconds in repetition 122
tcp_ping received 24576 bytes back
Round trip time was 0.107102 milliseconds in repetition 123
tcp_ping received 24576 bytes back
Round trip time was 0.087963 milliseconds in repetition 124
tcp_ping received 24576 bytes back
Round trip time was 0.133792 milliseconds in repetition 125
tcp_ping received 24576 bytes back
Round trip time was 0.106843 milliseconds in repetition 126
tcp_ping received 24576 bytes back
Round trip time was 0.17943 milliseconds in repetition 127
tcp_ping received 24576 bytes back
Round trip time was 0.088588 milliseconds in repetition 128
tcp_ping received 24576 bytes back
Round trip time was 0.088614 milliseconds in repetition 129
tcp_ping received 24576 bytes back
Round trip time was 0.090485 milliseconds in repetition 130
tcp_ping received 24576 bytes back
Round trip time was 0.174952 milliseconds in repetition 131
tcp_ping received 24576 bytes back
Round trip time was 0.134414 milliseconds in repetition 132
tcp_ping received 24576 bytes back
Round trip time was 0.137869 milliseconds in repetition 133
tcp_ping received 24576 bytes back
Round trip time was 0.200102 milliseconds in repetition 134
tcp_ping received 24576 bytes back
Round trip time was 0.095986 milliseconds in repetition 135
tcp_ping received 24576 bytes back
Round trip time was 0.147291 milliseconds in repetition 136
tcp_ping received 24576 bytes back
Round trip time was 0.092533 milliseconds in repetition 137
tcp_ping received 24576 bytes back
Round trip time was 0.093837 milliseconds in repetition 138
tcp_ping received 24576 bytes back
Round trip time was 0.08348 milliseconds in repetition 139
tcp_ping received 24576 bytes back
Round trip time was 0.112204 milliseconds in repetition 140
tcp_ping received 24576 bytes back
Round trip time was 0.090637 milliseconds in repetition 141
tcp_ping received 24576 bytes back
Round trip time was 0.093213 milliseconds in repetition 142
tcp_ping received 24576 bytes back
Round trip time was 0.090971 milliseconds in repetition 143
tcp_ping received 24576 bytes back
Round trip time was 0.258817 milliseconds in repetition 144
tcp_ping received 24576 bytes back
Round trip time was 0.094496 milliseconds in repetition 145
tcp_ping received 24576 bytes back
Round trip time was 0.091849 milliseconds in repetition 146
tcp_ping received 24576 bytes back
Round trip time was 0.089379 milliseconds in repetition 147
tcp_ping received 24576 bytes back
Round trip time was 0.094078 milliseconds in repetition 148
tcp_ping received 24576 bytes back
Round trip time was 0.205425 milliseconds in repetition 149
tcp_ping received 24576 bytes back
Round trip time was 0.087464 milliseconds in repetition 150
tcp_ping received 24576 bytes back
Round trip time was 0.096356 milliseconds in repetition 151
tcp_ping received 24576 bytes back
Round trip time was 0.199332 milliseconds in repetition 152
tcp_ping received 24576 bytes back
Round trip time was 0.118394 milliseconds in repetition 153
tcp_ping received 24576 bytes back
Round trip time was 0.14752 milliseconds in repetition 154
tcp_ping received 24576 bytes back
Round trip time was 0.186617 milliseconds in repetition 155
tcp_ping received 24576 bytes back
Round trip time was 0.386146 milliseconds in repetition 156
tcp_ping received 24576 bytes back
Round trip time was 0.108328 milliseconds in repetition 157
tcp_ping received 24576 bytes back
Round trip time was 0.11163 milliseconds in repetition 158
tcp_ping received 24576 bytes back
Round trip time was 0.151818 milliseconds in repetition 159
tcp_ping received 24576 bytes back
Round trip time was 0.225612 milliseconds in repetition 160
tcp_ping received 24576 bytes back
Round trip time was 0.121689 milliseconds in repetition 161
tcp_ping received 24576 bytes back
Round trip time was 0.106129 milliseconds in repetition 162
tcp_ping received 24576 bytes back
Round trip time was 0.093404 milliseconds in repetition 163
tcp_ping received 24576 bytes back
Round trip time was 0.180008 milliseconds in repetition 164
tcp_ping received 24576 bytes back
Round trip time was 0.130188 milliseconds in repetition 165
tcp_ping received 24576 bytes back
Round trip time was 0.213469 milliseconds in repetition 166
tcp_ping received 24576 bytes back
Round trip time was 0.111463 milliseconds in repetition 167
tcp_ping received 24576 bytes back
Round trip time was 0.112853 milliseconds in repetition 168
tcp_ping received 24576 bytes back
Round trip time was 0.098897 milliseconds in repetition 169
tcp_ping received 24576 bytes back
Round trip time was 0.088062 milliseconds in repetition 170
tcp_ping received 24576 bytes back
Round trip time was 0.099215 milliseconds in repetition 171
tcp_ping received 24576 bytes back
Round trip time was 0.171581 milliseconds in repetition 172
tcp_ping received 24576 bytes back
Round trip time was 0.124594 milliseconds in repetition 173
tcp_ping received 24576 bytes back
Round trip time was 0.125424 milliseconds in repetition 174
tcp_ping received 24576 bytes back
Round trip time was 0.147046 milliseconds in repetition 175
tcp_ping received 24576 bytes back
Round trip time was 0.151601 milliseconds in repetition 176
tcp_ping received 24576 bytes back
Round trip time was 0.123478 milliseconds in repetition 177
tcp_ping received 24576 bytes back
Round trip time was 0.124566 milliseconds in repetition 178
tcp_ping received 24576 bytes back
Round trip time was 0.089352 milliseconds in repetition 179
tcp_ping received 24576 bytes back
Round trip time was 0.094967 milliseconds in repetition 180
tcp_ping received 24576 bytes back
Round trip time was 0.082292 milliseconds in repetition 181
tcp_ping received 24576 bytes back
Round trip time was 0.089151 milliseconds in repetition 182
tcp_ping received 24576 bytes back
Round trip time was 0.20736 milliseconds in repetition 183
tcp_ping received 24576 bytes back
Round trip time was 0.115345 milliseconds in repetition 184
tcp_ping received 24576 bytes back
Round trip time was 0.111491 milliseconds in repetition 185
tcp_ping received 24576 bytes back
Round trip time was 0.119487 milliseconds in repetition 186
tcp_ping received 24576 bytes back
Round trip time was 0.344254 milliseconds in repetition 187
tcp_ping received 24576 bytes back
Round trip time was 0.099069 milliseconds in repetition 188
tcp_ping received 24576 bytes back
Round trip time was 0.095959 milliseconds in repetition 189
tcp_ping received 24576 bytes back
Round trip time was 0.086581 milliseconds in repetition 190
tcp_ping received 24576 bytes back
Round trip time was 0.394398 milliseconds in repetition 191
tcp_ping received 24576 bytes back
Round trip time was 0.12689 milliseconds in repetition 192
tcp_ping received 24576 bytes back
Round trip time was 0.092736 milliseconds in repetition 193
tcp_ping received 24576 bytes back
Round trip time was 0.096631 milliseconds in repetition 194
tcp_ping received 24576 bytes back
Round trip time was 0.092353 milliseconds in repetition 195
tcp_ping received 24576 bytes back
Round trip time was 0.095584 milliseconds in repetition 196
tcp_ping received 24576 bytes back
Round trip time was 0.093057 milliseconds in repetition 197
tcp_ping received 24576 bytes back
Round trip time was 0.123862 milliseconds in repetition 198
tcp_ping received 24576 bytes back
Round trip time was 0.202496 milliseconds in repetition 199
tcp_ping received 24576 bytes back
Round trip time was 0.095048 milliseconds in repetition 200
tcp_ping received 24576 bytes back
Round trip time was 0.095314 milliseconds in repetition 201
tcp_ping received 24576 bytes back
Round trip time was 0.087682 milliseconds in repetition 202
tcp_ping received 24576 bytes back
Round trip time was 0.101739 milliseconds in repetition 203
tcp_ping received 24576 bytes back
Round trip time was 0.099536 milliseconds in repetition 204
tcp_ping received 24576 bytes back
Round trip time was 0.110732 milliseconds in repetition 205
tcp_ping received 24576 bytes back
Round trip time was 0.239884 milliseconds in repetition 206
tcp_ping received 24576 bytes back
Round trip time was 0.118324 milliseconds in repetition 207
tcp_ping received 24576 bytes back
Round trip time was 0.134372 milliseconds in repetition 208
tcp_ping received 24576 bytes back
Round trip time was 0.132078 milliseconds in repetition 209
tcp_ping received 24576 bytes back
Round trip time was 0.270372 milliseconds in repetition 210
tcp_ping received 24576 bytes back
Round trip time was 0.105806 milliseconds in repetition 211
tcp_ping received 24576 bytes back
Round trip time was 0.207769 milliseconds in repetition 212
tcp_ping received 24576 bytes back
Round trip time was 0.189147 milliseconds in repetition 213
tcp_ping received 24576 bytes back
Round trip time was 0.198331 milliseconds in repetition 214
tcp_ping received 24576 bytes back
Round trip time was 0.117813 milliseconds in repetition 215
tcp_ping received 24576 bytes back
Round trip time was 0.092779 milliseconds in repetition 216
tcp_ping received 24576 bytes back
Round trip time was 0.094372 milliseconds in repetition 217
tcp_ping received 24576 bytes back
Round trip time was 0.257985 milliseconds in repetition 218
tcp_ping received 24576 bytes back
Round trip time was 0.096539 milliseconds in repetition 219
tcp_ping received 24576 bytes back
Round trip time was 0.119462 milliseconds in repetition 220
tcp_ping received 24576 bytes back
Round trip time was 0.11074 milliseconds in repetition 221
tcp_ping received 24576 bytes back
Round trip time was 0.091649 milliseconds in repetition 222
tcp_ping received 24576 bytes back
Round trip time was 0.090165 milliseconds in repetition 223
tcp_ping received 24576 bytes back
Round trip time was 0.08312 milliseconds in repetition 224
tcp_ping received 24576 bytes back
Round trip time was 0.087494 milliseconds in repetition 225
tcp_ping received 24576 bytes back
Round trip time was 0.182739 milliseconds in repetition 226
tcp_ping received 24576 bytes back
Round trip time was 0.091392 milliseconds in repetition 227
tcp_ping received 24576 bytes back
Round trip time was 0.093871 milliseconds in repetition 228
tcp_ping received 24576 bytes back
Round trip time was 0.097058 milliseconds in repetition 229
tcp_ping received 24576 bytes back
Round trip time was 0.090202 milliseconds in repetition 230
tcp_ping received 24576 bytes back
Round trip time was 0.092389 milliseconds in repetition 231
tcp_ping received 24576 bytes back
Round trip time was 0.086822 milliseconds in repetition 232
tcp_ping received 24576 bytes back
Round trip time was 0.11297 milliseconds in repetition 233
tcp_ping received 24576 bytes back
Round trip time was 0.11309 milliseconds in repetition 234
tcp_ping received 24576 bytes back
Round trip time was 0.206956 milliseconds in repetition 235
tcp_ping received 24576 bytes back
Round trip time was 0.139423 milliseconds in repetition 236
tcp_ping received 24576 bytes back
Round trip time was 0.157114 milliseconds in repetition 237
tcp_ping received 24576 bytes back
Round trip time was 0.129669 milliseconds in repetition 238
tcp_ping received 24576 bytes back
Round trip time was 0.247797 milliseconds in repetition 239
tcp_ping received 24576 bytes back
Round trip time was 0.180606 milliseconds in repetition 240
tcp_ping received 24576 bytes back
Round trip time was 0.157455 milliseconds in repetition 241
tcp_ping received 24576 bytes back
Round trip time was 0.137154 milliseconds in repetition 242
tcp_ping received 24576 bytes back
Round trip time was 0.116916 milliseconds in repetition 243
tcp_ping received 24576 bytes back
Round trip time was 0.090488 milliseconds in repetition 244
tcp_ping received 24576 bytes back
Round trip time was 0.189179 milliseconds in repetition 245
tcp_ping received 24576 bytes back
Round trip time was 0.095608 milliseconds in repetition 246
tcp_ping received 24576 bytes back
Round trip time was 0.101409 milliseconds in repetition 247
tcp_ping received 24576 bytes back
Round trip time was 0.105956 milliseconds in repetition 248
tcp_ping received 24576 bytes back
Round trip time was 0.090479 milliseconds in repetition 249
tcp_ping received 24576 bytes back
Round trip time was 0.087593 milliseconds in repetition 250
tcp_ping received 24576 bytes back
Round trip time was 0.095224 milliseconds in repetition 251
tcp_ping received 24576 bytes back
Round trip time was 0.095874 milliseconds in repetition 252
tcp_ping received 24576 bytes back
Round trip time was 0.159911 milliseconds in repetition 253
tcp_ping received 24576 bytes back
Round trip time was 0.425914 milliseconds in repetition 254
tcp_ping received 24576 bytes back
Round trip time was 0.118313 milliseconds in repetition 255
tcp_ping received 24576 bytes back
Round trip time was 0.118054 milliseconds in repetition 256
tcp_ping received 24576 bytes back
Round trip time was 0.208065 milliseconds in repetition 257
tcp_ping received 24576 bytes back
Round trip time was 0.308162 milliseconds in repetition 258
tcp_ping received 24576 bytes back
Round trip time was 0.12301 milliseconds in repetition 259
tcp_ping received 24576 bytes back
Round trip time was 0.118262 milliseconds in repetition 260
tcp_ping received 24576 bytes back
Round trip time was 0.267563 milliseconds in repetition 261
tcp_ping received 24576 bytes back
Round trip time was 0.116069 milliseconds in repetition 262
tcp_ping received 24576 bytes back
Round trip time was 0.118111 milliseconds in repetition 263
tcp_ping received 24576 bytes back
Round trip time was 0.188712 milliseconds in repetition 264
tcp_ping received 24576 bytes back
Round trip time was 0.139241 milliseconds in repetition 265
tcp_ping received 24576 bytes back
Round trip time was 0.153561 milliseconds in repetition 266
tcp_ping received 24576 bytes back
Round trip time was 0.091379 milliseconds in repetition 267
tcp_ping received 24576 bytes back
Round trip time was 0.275952 milliseconds in repetition 268
tcp_ping received 24576 bytes back
Round trip time was 0.156238 milliseconds in repetition 269
tcp_ping received 24576 bytes back
Round trip time was 0.10732 milliseconds in repetition 270
tcp_ping received 24576 bytes back
Round trip time was 0.088539 milliseconds in repetition 271
tcp_ping received 24576 bytes back
Round trip time was 0.186948 milliseconds in repetition 272
tcp_ping received 24576 bytes back
Round trip time was 0.111122 milliseconds in repetition 273
tcp_ping received 24576 bytes back
Round trip time was 0.11833 milliseconds in repetition 274
tcp_ping received 24576 bytes back
Round trip time was 0.08847 milliseconds in repetition 275
tcp_ping received 24576 bytes back
Round trip time was 0.197791 milliseconds in repetition 276
tcp_ping received 24576 bytes back
Round trip time was 0.140356 milliseconds in repetition 277
tcp_ping received 24576 bytes back
Round trip time was 0.104479 milliseconds in repetition 278
tcp_ping received 24576 bytes back
Round trip time was 0.2504 milliseconds in repetition 279
tcp_ping received 24576 bytes back
Round trip time was 0.103313 milliseconds in repetition 280
tcp_ping received 24576 bytes back
Round trip time was 0.111393 milliseconds in repetition 281
tcp_ping received 24576 bytes back
Round trip time was 0.09634 milliseconds in repetition 282
tcp_ping received 24576 bytes back
Round trip time was 0.08849 milliseconds in repetition 283
tcp_ping received 24576 bytes back
Round trip time was 0.298663 milliseconds in repetition 284
tcp_ping received 24576 bytes back
Round trip time was 0.09099 milliseconds in repetition 285
tcp_ping received 24576 bytes back
Round trip time was 0.161389 milliseconds in repetition 286
tcp_ping received 24576 bytes back
Round trip time was 0.184135 milliseconds in repetition 287
tcp_ping received 24576 bytes back
Round trip time was 0.103166 milliseconds in repetition 288
tcp_ping received 24576 bytes back
Round trip time was 0.087769 milliseconds in repetition 289
tcp_ping received 24576 bytes back
Round trip time was 0.086481 milliseconds in repetition 290
tcp_ping received 24576 bytes back
Round trip time was 0.091624 milliseconds in repetition 291
tcp_ping received 24576 bytes back
Round trip time was 0.098855 milliseconds in repetition 292
tcp_ping received 24576 bytes back
Round trip time was 0.113274 milliseconds in repetition 293
tcp_ping received 24576 bytes back
Round trip time was 0.11009 milliseconds in repetition 294
tcp_ping received 24576 bytes back
Round trip time was 0.250905 milliseconds in repetition 295
tcp_ping received 24576 bytes back
Round trip time was 0.097416 milliseconds in repetition 296
tcp_ping received 24576 bytes back
Round trip time was 0.094291 milliseconds in repetition 297
tcp_ping received 24576 bytes back
Round trip time was 0.09681 milliseconds in repetition 298
tcp_ping received 24576 bytes back
Round trip time was 0.148961 milliseconds in repetition 299
tcp_ping received 24576 bytes back
Round trip time was 0.212814 milliseconds in repetition 300
tcp_ping received 24576 bytes back
Round trip time was 0.093428 milliseconds in repetition 301
tcp_ping received 24576 bytes back
Round trip time was 0.108471 milliseconds in repetition 302
tcp_ping received 24576 bytes back
Round trip time was 0.393981 milliseconds in repetition 303
tcp_ping received 24576 bytes back
Round trip time was 0.113036 milliseconds in repetition 304
tcp_ping received 24576 bytes back
Round trip time was 0.091571 milliseconds in repetition 305
tcp_ping received 24576 bytes back
Round trip time was 0.090544 milliseconds in repetition 306
tcp_ping received 24576 bytes back
Round trip time was 0.086034 milliseconds in repetition 307
tcp_ping received 24576 bytes back
Round trip time was 0.113996 milliseconds in repetition 308
tcp_ping received 24576 bytes back
Round trip time was 0.187382 milliseconds in repetition 309
tcp_ping received 24576 bytes back
Round trip time was 0.091769 milliseconds in repetition 310
tcp_ping received 24576 bytes back
Round trip time was 0.098342 milliseconds in repetition 311
tcp_ping received 24576 bytes back
Round trip time was 0.269624 milliseconds in repetition 312
tcp_ping received 24576 bytes back
Round trip time was 0.164322 milliseconds in repetition 313
tcp_ping received 24576 bytes back
Round trip time was 0.131713 milliseconds in repetition 314
tcp_ping received 24576 bytes back
Round trip time was 0.302138 milliseconds in repetition 315
tcp_ping received 24576 bytes back
Round trip time was 0.192582 milliseconds in repetition 316
tcp_ping received 24576 bytes back
Round trip time was 0.224588 milliseconds in repetition 317
tcp_ping received 24576 bytes back
Round trip time was 0.266191 milliseconds in repetition 318
tcp_ping received 24576 bytes back
Round trip time was 0.142258 milliseconds in repetition 319
tcp_ping received 24576 bytes back
Round trip time was 0.15621 milliseconds in repetition 320
tcp_ping received 24576 bytes back
Round trip time was 0.121982 milliseconds in repetition 321
tcp_ping received 24576 bytes back
Round trip time was 0.19728 milliseconds in repetition 322
tcp_ping received 24576 bytes back
Round trip time was 0.188902 milliseconds in repetition 323
tcp_ping received 24576 bytes back
Round trip time was 0.123729 milliseconds in repetition 324
tcp_ping received 24576 bytes back
Round trip time was 0.091766 milliseconds in repetition 325
tcp_ping received 24576 bytes back
Round trip time was 0.206096 milliseconds in repetition 326
tcp_ping received 24576 bytes back
Round trip time was 0.115442 milliseconds in repetition 327
tcp_ping received 24576 bytes back
Round trip time was 0.100526 milliseconds in repetition 328
tcp_ping received 24576 bytes back
Round trip time was 0.204139 milliseconds in repetition 329
tcp_ping received 24576 bytes back
Round trip time was 0.172214 milliseconds in repetition 330
tcp_ping received 24576 bytes back
Round trip time was 0.355037 milliseconds in repetition 331
tcp_ping received 24576 bytes back
Round trip time was 0.092296 milliseconds in repetition 332
tcp_ping received 24576 bytes back
Round trip time was 0.140836 milliseconds in repetition 333
tcp_ping received 24576 bytes back
Round trip time was 0.208407 milliseconds in repetition 334
tcp_ping received 24576 bytes back
Round trip time was 0.097914 milliseconds in repetition 335
tcp_ping received 24576 bytes back
Round trip time was 0.094028 milliseconds in repetition 336
tcp_ping received 24576 bytes back
Round trip time was 0.141103 milliseconds in repetition 337
tcp_ping received 24576 bytes back
Round trip time was 0.168222 milliseconds in repetition 338
tcp_ping received 24576 bytes back
Round trip time was 0.110815 milliseconds in repetition 339
tcp_ping received 24576 bytes back
Round trip time was 0.112612 milliseconds in repetition 340
tcp_ping received 24576 bytes back
Round trip time was 0.261487 milliseconds in repetition 341
tcp_ping received 24576 bytes back
Round trip time was 0.12572 milliseconds in repetition 342
tcp_ping received 24576 bytes back
Round trip time was 0.142807 milliseconds in repetition 343
tcp_ping received 24576 bytes back
Round trip time was 0.136767 milliseconds in repetition 344
tcp_ping received 24576 bytes back
Round trip time was 0.194568 milliseconds in repetition 345
tcp_ping received 24576 bytes back
Round trip time was 0.114854 milliseconds in repetition 346
tcp_ping received 24576 bytes back
Round trip time was 0.108167 milliseconds in repetition 347
tcp_ping received 24576 bytes back
Round trip time was 0.289513 milliseconds in repetition 348
tcp_ping received 24576 bytes back
Round trip time was 0.140975 milliseconds in repetition 349
tcp_ping received 24576 bytes back
Round trip time was 0.129711 milliseconds in repetition 350
tcp_ping received 24576 bytes back
Round trip time was 0.12577 milliseconds in repetition 351
tcp_ping received 24576 bytes back
Round trip time was 0.097891 milliseconds in repetition 352
tcp_ping received 24576 bytes back
Round trip time was 0.187776 milliseconds in repetition 353
tcp_ping received 24576 bytes back
Round trip time was 0.092213 milliseconds in repetition 354
tcp_ping received 24576 bytes back
Round trip time was 0.152466 milliseconds in repetition 355
tcp_ping received 24576 bytes back
Round trip time was 0.121541 milliseconds in repetition 356
tcp_ping received 24576 bytes back
Round trip time was 0.274788 milliseconds in repetition 357
tcp_ping received 24576 bytes back
Round trip time was 0.172138 milliseconds in repetition 358
tcp_ping received 24576 bytes back
Round trip time was 0.16949 milliseconds in repetition 359
tcp_ping received 24576 bytes back
Round trip time was 0.176129 milliseconds in repetition 360
tcp_ping received 24576 bytes back
Round trip time was 0.113201 milliseconds in repetition 361
tcp_ping received 24576 bytes back
Round trip time was 0.334214 milliseconds in repetition 362
tcp_ping received 24576 bytes back
Round trip time was 0.12027 milliseconds in repetition 363
tcp_ping received 24576 bytes back
Round trip time was 0.124465 milliseconds in repetition 364
tcp_ping received 24576 bytes back
Round trip time was 0.135946 milliseconds in repetition 365
tcp_ping received 24576 bytes back
Round trip time was 0.114357 milliseconds in repetition 366
tcp_ping received 24576 bytes back
Round trip time was 0.189129 milliseconds in repetition 367
tcp_ping received 24576 bytes back
Round trip time was 0.165953 milliseconds in repetition 368
tcp_ping received 24576 bytes back
Round trip time was 0.251855 milliseconds in repetition 369
tcp_ping received 24576 bytes back
Round trip time was 0.119227 milliseconds in repetition 370
tcp_ping received 24576 bytes back
Round trip time was 0.153968 milliseconds in repetition 371
tcp_ping received 24576 bytes back
Round trip time was 0.119853 milliseconds in repetition 372
tcp_ping received 24576 bytes back
Round trip time was 0.103294 milliseconds in repetition 373
tcp_ping received 24576 bytes back
Round trip time was 0.089051 milliseconds in repetition 374
tcp_ping received 24576 bytes back
Round trip time was 0.090385 milliseconds in repetition 375
tcp_ping received 24576 bytes back
Round trip time was 0.194112 milliseconds in repetition 376
tcp_ping received 24576 bytes back
Round trip time was 0.100944 milliseconds in repetition 377
tcp_ping received 24576 bytes back
Round trip time was 0.094826 milliseconds in repetition 378
tcp_ping received 24576 bytes back
Round trip time was 0.095467 milliseconds in repetition 379
tcp_ping received 24576 bytes back
Round trip time was 0.097636 milliseconds in repetition 380
tcp_ping received 24576 bytes back
Round trip time was 0.093659 milliseconds in repetition 381
tcp_ping received 24576 bytes back
Round trip time was 0.206568 milliseconds in repetition 382
tcp_ping received 24576 bytes back
Round trip time was 0.095377 milliseconds in repetition 383
tcp_ping received 24576 bytes back
Round trip time was 0.111947 milliseconds in repetition 384
tcp_ping received 24576 bytes back
Round trip time was 0.177045 milliseconds in repetition 385
tcp_ping received 24576 bytes back
Round trip time was 0.201688 milliseconds in repetition 386
tcp_ping received 24576 bytes back
Round trip time was 0.10569 milliseconds in repetition 387
tcp_ping received 24576 bytes back
Round trip time was 0.131481 milliseconds in repetition 388
tcp_ping received 24576 bytes back
Round trip time was 0.113083 milliseconds in repetition 389
tcp_ping received 24576 bytes back
Round trip time was 0.100117 milliseconds in repetition 390
tcp_ping received 24576 bytes back
Round trip time was 0.088204 milliseconds in repetition 391
tcp_ping received 24576 bytes back
Round trip time was 0.103405 milliseconds in repetition 392
tcp_ping received 24576 bytes back
Round trip time was 0.210657 milliseconds in repetition 393
tcp_ping received 24576 bytes back
Round trip time was 0.101865 milliseconds in repetition 394
tcp_ping received 24576 bytes back
Round trip time was 0.118824 milliseconds in repetition 395
tcp_ping received 24576 bytes back
Round trip time was 0.098519 milliseconds in repetition 396
tcp_ping received 24576 bytes back
Round trip time was 0.099026 milliseconds in repetition 397
tcp_ping received 24576 bytes back
Round trip time was 0.249035 milliseconds in repetition 398
tcp_ping received 24576 bytes back
Round trip time was 0.097486 milliseconds in repetition 399
tcp_ping received 24576 bytes back
Round trip time was 0.092981 milliseconds in repetition 400
tcp_ping received 24576 bytes back
Round trip time was 0.103263 milliseconds in repetition 401
tcp_ping received 24576 bytes back
Round trip time was 0.09726 milliseconds in repetition 402
tcp_ping received 24576 bytes back
Round trip time was 0.198791 milliseconds in repetition 403
tcp_ping received 24576 bytes back
Round trip time was 0.095087 milliseconds in repetition 404
tcp_ping received 24576 bytes back
Round trip time was 0.100487 milliseconds in repetition 405
tcp_ping received 24576 bytes back
Round trip time was 0.0998 milliseconds in repetition 406
tcp_ping received 24576 bytes back
Round trip time was 0.254625 milliseconds in repetition 407
tcp_ping received 24576 bytes back
Round trip time was 0.191961 milliseconds in repetition 408
tcp_ping received 24576 bytes back
Round trip time was 0.241143 milliseconds in repetition 409
tcp_ping received 24576 bytes back
Round trip time was 0.199734 milliseconds in repetition 410
tcp_ping received 24576 bytes back
Round trip time was 0.3322 milliseconds in repetition 411
tcp_ping received 24576 bytes back
Round trip time was 0.145827 milliseconds in repetition 412
tcp_ping received 24576 bytes back
Round trip time was 0.139569 milliseconds in repetition 413
tcp_ping received 24576 bytes back
Round trip time was 0.207546 milliseconds in repetition 414
tcp_ping received 24576 bytes back
Round trip time was 0.195202 milliseconds in repetition 415
tcp_ping received 24576 bytes back
Round trip time was 0.209763 milliseconds in repetition 416
tcp_ping received 24576 bytes back
Round trip time was 0.213268 milliseconds in repetition 417
tcp_ping received 24576 bytes back
Round trip time was 0.167782 milliseconds in repetition 418
tcp_ping received 24576 bytes back
Round trip time was 0.17969 milliseconds in repetition 419
tcp_ping received 24576 bytes back
Round trip time was 0.151896 milliseconds in repetition 420
tcp_ping received 24576 bytes back
Round trip time was 0.146987 milliseconds in repetition 421
tcp_ping received 24576 bytes back
Round trip time was 0.120721 milliseconds in repetition 422
tcp_ping received 24576 bytes back
Round trip time was 0.248395 milliseconds in repetition 423
tcp_ping received 24576 bytes back
Round trip time was 0.10764 milliseconds in repetition 424
tcp_ping received 24576 bytes back
Round trip time was 0.092592 milliseconds in repetition 425
tcp_ping received 24576 bytes back
Round trip time was 0.191747 milliseconds in repetition 426
tcp_ping received 24576 bytes back
Round trip time was 0.096793 milliseconds in repetition 427
tcp_ping received 24576 bytes back
Round trip time was 0.097466 milliseconds in repetition 428
tcp_ping received 24576 bytes back
Round trip time was 0.090416 milliseconds in repetition 429
tcp_ping received 24576 bytes back
Round trip time was 0.085699 milliseconds in repetition 430
tcp_ping received 24576 bytes back
Round trip time was 0.245866 milliseconds in repetition 431
tcp_ping received 24576 bytes back
Round trip time was 0.096641 milliseconds in repetition 432
tcp_ping received 24576 bytes back
Round trip time was 0.104856 milliseconds in repetition 433
tcp_ping received 24576 bytes back
Round trip time was 0.239835 milliseconds in repetition 434
tcp_ping received 24576 bytes back
Round trip time was 0.09602 milliseconds in repetition 435
tcp_ping received 24576 bytes back
Round trip time was 0.086835 milliseconds in repetition 436
tcp_ping received 24576 bytes back
Round trip time was 0.084099 milliseconds in repetition 437
tcp_ping received 24576 bytes back
Round trip time was 0.111976 milliseconds in repetition 438
tcp_ping received 24576 bytes back
Round trip time was 0.096426 milliseconds in repetition 439
tcp_ping received 24576 bytes back
Round trip time was 0.212955 milliseconds in repetition 440
tcp_ping received 24576 bytes back
Round trip time was 0.095976 milliseconds in repetition 441
tcp_ping received 24576 bytes back
Round trip time was 0.118234 milliseconds in repetition 442
tcp_ping received 24576 bytes back
Round trip time was 0.093407 milliseconds in repetition 443
tcp_ping received 24576 bytes back
Round trip time was 0.092118 milliseconds in repetition 444
tcp_ping received 24576 bytes back
Round trip time was 0.083519 milliseconds in repetition 445
tcp_ping received 24576 bytes back
Round trip time was 0.186615 milliseconds in repetition 446
tcp_ping received 24576 bytes back
Round trip time was 0.193229 milliseconds in repetition 447
tcp_ping received 24576 bytes back
Round trip time was 0.103225 milliseconds in repetition 448
tcp_ping received 24576 bytes back
Round trip time was 0.09682 milliseconds in repetition 449
tcp_ping received 24576 bytes back
Round trip time was 0.200667 milliseconds in repetition 450
tcp_ping received 24576 bytes back
Round trip time was 0.091449 milliseconds in repetition 451
tcp_ping received 24576 bytes back
Round trip time was 0.114372 milliseconds in repetition 452
tcp_ping received 24576 bytes back
Round trip time was 0.104761 milliseconds in repetition 453
tcp_ping received 24576 bytes back
Round trip time was 0.089699 milliseconds in repetition 454
tcp_ping received 24576 bytes back
Round trip time was 0.184598 milliseconds in repetition 455
tcp_ping received 24576 bytes back
Round trip time was 0.207593 milliseconds in repetition 456
tcp_ping received 24576 bytes back
Round trip time was 0.157375 milliseconds in repetition 457
tcp_ping received 24576 bytes back
Round trip time was 0.188549 milliseconds in repetition 458
tcp_ping received 24576 bytes back
Round trip time was 0.140398 milliseconds in repetition 459
tcp_ping received 24576 bytes back
Round trip time was 0.251121 milliseconds in repetition 460
tcp_ping received 24576 bytes back
Round trip time was 0.220607 milliseconds in repetition 461
tcp_ping received 24576 bytes back
Round trip time was 0.14315 milliseconds in repetition 462
tcp_ping received 24576 bytes back
Round trip time was 0.111963 milliseconds in repetition 463
tcp_ping received 24576 bytes back
Round trip time was 0.153088 milliseconds in repetition 464
tcp_ping received 24576 bytes back
Round trip time was 0.579932 milliseconds in repetition 465
tcp_ping received 24576 bytes back
Round trip time was 0.112496 milliseconds in repetition 466
tcp_ping received 24576 bytes back
Round trip time was 0.098327 milliseconds in repetition 467
tcp_ping received 24576 bytes back
Round trip time was 0.208683 milliseconds in repetition 468
tcp_ping received 24576 bytes back
Round trip time was 0.104719 milliseconds in repetition 469
tcp_ping received 24576 bytes back
Round trip time was 0.121925 milliseconds in repetition 470
tcp_ping received 24576 bytes back
Round trip time was 0.098163 milliseconds in repetition 471
tcp_ping received 24576 bytes back
Round trip time was 0.175487 milliseconds in repetition 472
tcp_ping received 24576 bytes back
Round trip time was 0.12335 milliseconds in repetition 473
tcp_ping received 24576 bytes back
Round trip time was 0.18723 milliseconds in repetition 474
tcp_ping received 24576 bytes back
Round trip time was 0.219876 milliseconds in repetition 475
tcp_ping received 24576 bytes back
Round trip time was 0.108347 milliseconds in repetition 476
tcp_ping received 24576 bytes back
Round trip time was 0.085532 milliseconds in repetition 477
tcp_ping received 24576 bytes back
Round trip time was 0.08425 milliseconds in repetition 478
tcp_ping received 24576 bytes back
Round trip time was 0.0862 milliseconds in repetition 479
tcp_ping received 24576 bytes back
Round trip time was 0.085337 milliseconds in repetition 480
tcp_ping received 24576 bytes back
Round trip time was 0.105642 milliseconds in repetition 481
tcp_ping received 24576 bytes back
Round trip time was 0.22007 milliseconds in repetition 482
tcp_ping received 24576 bytes back
Round trip time was 0.114205 milliseconds in repetition 483
tcp_ping received 24576 bytes back
Round trip time was 0.167075 milliseconds in repetition 484
tcp_ping received 24576 bytes back
Round trip time was 0.101029 milliseconds in repetition 485
tcp_ping received 24576 bytes back
Round trip time was 0.097925 milliseconds in repetition 486
tcp_ping received 24576 bytes back
Round trip time was 0.111097 milliseconds in repetition 487
tcp_ping received 24576 bytes back
Round trip time was 0.08962 milliseconds in repetition 488
tcp_ping received 24576 bytes back
Round trip time was 0.196872 milliseconds in repetition 489
tcp_ping received 24576 bytes back
Round trip time was 0.094857 milliseconds in repetition 490
tcp_ping received 24576 bytes back
Round trip time was 0.185178 milliseconds in repetition 491
tcp_ping received 24576 bytes back
Round trip time was 0.114025 milliseconds in repetition 492
tcp_ping received 24576 bytes back
Round trip time was 0.103673 milliseconds in repetition 493
tcp_ping received 24576 bytes back
Round trip time was 0.189452 milliseconds in repetition 494
tcp_ping received 24576 bytes back
Round trip time was 0.094574 milliseconds in repetition 495
tcp_ping received 24576 bytes back
Round trip time was 0.084829 milliseconds in repetition 496
tcp_ping received 24576 bytes back
Round trip time was 0.104241 milliseconds in repetition 497
tcp_ping received 24576 bytes back
Round trip time was 0.207975 milliseconds in repetition 498
tcp_ping received 24576 bytes back
Round trip time was 0.09603 milliseconds in repetition 499
tcp_ping received 24576 bytes back
Round trip time was 0.212115 milliseconds in repetition 500
tcp_ping received 24576 bytes back
Round trip time was 0.168591 milliseconds in repetition 501

 ... clock resolution was 1e-06
TCP Ping:  Statistics over 501 repetitions of 24576 byte messages

RTT : percentile 10: 0.090165, median: 0.118313, percentile 90: 0.2504, average: 0.154847, variance: 0.00784265

RTT histogram:
0.0717725 45
0.106991 228
0.142209 57
0.177427 54
0.212646 52
0.247864 28
0.283082 9
0.318301 6
0.353519 4
0.388737 5
0.423955 3
0.459174 1
0.494392 2
0.52961 3
0.564829 2
0.600047 1
0.635265 0
0.670484 0
0.705702 0
0.74092 0
0.776139 1

   median Throughput : 415440 KB/s   overall Throughput : 317424 KB/s

