TCP Ping trying to connect to server 127.0.0.1 (127.0.0.1) on port 1491
 ... connected to Pong server: asking for 501 repetitions of 65536 bytes TCP messages
 ... Pong server agreed :-)
tcp_ping received 65536 bytes back
Round trip time was 0.21504 milliseconds in repetition 1
tcp_ping received 65536 bytes back
Round trip time was 0.178518 milliseconds in repetition 2
tcp_ping received 65536 bytes back
Round trip time was 0.187636 milliseconds in repetition 3
tcp_ping received 65536 bytes back
Round trip time was 0.175971 milliseconds in repetition 4
tcp_ping received 65536 bytes back
Round trip time was 0.19305 milliseconds in repetition 5
tcp_ping received 65536 bytes back
Round trip time was 0.228481 milliseconds in repetition 6
tcp_ping received 65536 bytes back
Round trip time was 0.207931 milliseconds in repetition 7
tcp_ping received 65536 bytes back
Round trip time was 0.185037 milliseconds in repetition 8
tcp_ping received 65536 bytes back
Round trip time was 0.177918 milliseconds in repetition 9
tcp_ping received 65536 bytes back
Round trip time was 0.177993 milliseconds in repetition 10
tcp_ping received 65536 bytes back
Round trip time was 0.177384 milliseconds in repetition 11
tcp_ping received 65536 bytes back
Round trip time was 0.181698 milliseconds in repetition 12
tcp_ping received 65536 bytes back
Round trip time was 0.165197 milliseconds in repetition 13
tcp_ping received 65536 bytes back
Round trip time was 0.1684 milliseconds in repetition 14
tcp_ping received 65536 bytes back
Round trip time was 0.163245 milliseconds in repetition 15
tcp_ping received 65536 bytes back
Round trip time was 0.186188 milliseconds in repetition 16
tcp_ping received 65536 bytes back
Round trip time was 0.178083 milliseconds in repetition 17
tcp_ping received 65536 bytes back
Round trip time was 0.180543 milliseconds in repetition 18
tcp_ping received 65536 bytes back
Round trip time was 0.170628 milliseconds in repetition 19
tcp_ping received 65536 bytes back
Round trip time was 0.167233 milliseconds in repetition 20
tcp_ping received 65536 bytes back
Round trip time was 0.185522 milliseconds in repetition 21
tcp_ping received 65536 bytes back
Round trip time was 0.184566 milliseconds in repetition 22
tcp_ping received 65536 bytes back
Round trip time was 0.184177 milliseconds in repetition 23
tcp_ping received 65536 bytes back
Round trip time was 0.180256 milliseconds in repetition 24
tcp_ping received 65536 bytes back
Round trip time was 0.178688 milliseconds in repetition 25
tcp_ping received 65536 bytes back
Round trip time was 0.170485 milliseconds in repetition 26
tcp_ping received 65536 bytes back
Round trip time was 0.261736 milliseconds in repetition 27
tcp_ping received 65536 bytes back
Round trip time was 0.487126 milliseconds in repetition 28
tcp_ping received 65536 bytes back
Round trip time was 0.205209 milliseconds in repetition 29
tcp_ping received 65536 bytes back
Round trip time was 0.238207 milliseconds in repetition 30
tcp_ping received 65536 bytes back
Round trip time was 0.17925 milliseconds in repetition 31
tcp_ping received 65536 bytes back
Round trip time was 0.182158 milliseconds in repetition 32
tcp_ping received 65536 bytes back
Round trip time was 0.249763 milliseconds in repetition 33
tcp_ping received 65536 bytes back
Round trip time was 0.182823 milliseconds in repetition 34
tcp_ping received 65536 bytes back
Round trip time was 0.169575 milliseconds in repetition 35
tcp_ping received 65536 bytes back
Round trip time was 0.172549 milliseconds in repetition 36
tcp_ping received 65536 bytes back
Round trip time was 0.178234 milliseconds in repetition 37
tcp_ping received 65536 bytes back
Round trip time was 0.192963 milliseconds in repetition 38
tcp_ping received 65536 bytes back
Round trip time was 0.173066 milliseconds in repetition 39
tcp_ping received 65536 bytes back
Round trip time was 0.174132 milliseconds in repetition 40
tcp_ping received 65536 bytes back
Round trip time was 0.174174 milliseconds in repetition 41
tcp_ping received 65536 bytes back
Round trip time was 0.261626 milliseconds in repetition 42
tcp_ping received 65536 bytes back
Round trip time was 0.181973 milliseconds in repetition 43
tcp_ping received 65536 bytes back
Round trip time was 0.222359 milliseconds in repetition 44
tcp_ping received 65536 bytes back
Round trip time was 0.17596 milliseconds in repetition 45
tcp_ping received 65536 bytes back
Round trip time was 0.188397 milliseconds in repetition 46
tcp_ping received 65536 bytes back
Round trip time was 0.177147 milliseconds in repetition 47
tcp_ping received 65536 bytes back
Round trip time was 0.25157 milliseconds in repetition 48
tcp_ping received 65536 bytes back
Round trip time was 0.190115 milliseconds in repetition 49
tcp_ping received 65536 bytes back
Round trip time was 0.210229 milliseconds in repetition 50
tcp_ping received 65536 bytes back
Round trip time was 0.184815 milliseconds in repetition 51
tcp_ping received 65536 bytes back
Round trip time was 0.172906 milliseconds in repetition 52
tcp_ping received 65536 bytes back
Round trip time was 0.181666 milliseconds in repetition 53
tcp_ping received 65536 bytes back
Round trip time was 0.173978 milliseconds in repetition 54
tcp_ping received 65536 bytes back
Round trip time was 0.180776 milliseconds in repetition 55
tcp_ping received 65536 bytes back
Round trip time was 0.181635 milliseconds in repetition 56
tcp_ping received 65536 bytes back
Round trip time was 0.187613 milliseconds in repetition 57
tcp_ping received 65536 bytes back
Round trip time was 0.183469 milliseconds in repetition 58
tcp_ping received 65536 bytes back
Round trip time was 0.244235 milliseconds in repetition 59
tcp_ping received 65536 bytes back
Round trip time was 0.203687 milliseconds in repetition 60
tcp_ping received 65536 bytes back
Round trip time was 0.205537 milliseconds in repetition 61
tcp_ping received 65536 bytes back
Round trip time was 0.175335 milliseconds in repetition 62
tcp_ping received 65536 bytes back
Round trip time was 0.180903 milliseconds in repetition 63
tcp_ping received 65536 bytes back
Round trip time was 0.176406 milliseconds in repetition 64
tcp_ping received 65536 bytes back
Round trip time was 0.184952 milliseconds in repetition 65
tcp_ping received 65536 bytes back
Round trip time was 0.253739 milliseconds in repetition 66
tcp_ping received 65536 bytes back
Round trip time was 0.210428 milliseconds in repetition 67
tcp_ping received 65536 bytes back
Round trip time was 0.261076 milliseconds in repetition 68
tcp_ping received 65536 bytes back
Round trip time was 0.264594 milliseconds in repetition 69
tcp_ping received 65536 bytes back
Round trip time was 0.283492 milliseconds in repetition 70
tcp_ping received 65536 bytes back
Round trip time was 0.303932 milliseconds in repetition 71
tcp_ping received 65536 bytes back
Round trip time was 0.206662 milliseconds in repetition 72
tcp_ping received 65536 bytes back
Round trip time was 0.182405 milliseconds in repetition 73
tcp_ping received 65536 bytes back
Round trip time was 0.176296 milliseconds in repetition 74
tcp_ping received 65536 bytes back
Round trip time was 0.189521 milliseconds in repetition 75
tcp_ping received 65536 bytes back
Round trip time was 0.191508 milliseconds in repetition 76
tcp_ping received 65536 bytes back
Round trip time was 0.183568 milliseconds in repetition 77
tcp_ping received 65536 bytes back
Round trip time was 0.183597 milliseconds in repetition 78
tcp_ping received 65536 bytes back
Round trip time was 0.185229 milliseconds in repetition 79
tcp_ping received 65536 bytes back
Round trip time was 0.169432 milliseconds in repetition 80
tcp_ping received 65536 bytes back
Round trip time was 0.484552 milliseconds in repetition 81
tcp_ping received 65536 bytes back
Round trip time was 0.168619 milliseconds in repetition 82
tcp_ping received 65536 bytes back
Round trip time was 0.172266 milliseconds in repetition 83
tcp_ping received 65536 bytes back
Round trip time was 0.171391 milliseconds in repetition 84
tcp_ping received 65536 bytes back
Round trip time was 0.164598 milliseconds in repetition 85
tcp_ping received 65536 bytes back
Round trip time was 0.180752 milliseconds in repetition 86
tcp_ping received 65536 bytes back
Round trip time was 0.176661 milliseconds in repetition 87
tcp_ping received 65536 bytes back
Round trip time was 0.176399 milliseconds in repetition 88
tcp_ping received 65536 bytes back
Round trip time was 0.187571 milliseconds in repetition 89
tcp_ping received 65536 bytes back
Round trip time was 0.176642 milliseconds in repetition 90
tcp_ping received 65536 bytes back
Round trip time was 0.164633 milliseconds in repetition 91
tcp_ping received 65536 bytes back
Round trip time was 0.195548 milliseconds in repetition 92
tcp_ping received 65536 bytes back
Round trip time was 0.18449 milliseconds in repetition 93
tcp_ping received 65536 bytes back
Round trip time was 0.187281 milliseconds in repetition 94
tcp_ping received 65536 bytes back
Round trip time was 0.176337 milliseconds in repetition 95
tcp_ping received 65536 bytes back
Round trip time was 0.17421 milliseconds in repetition 96
tcp_ping received 65536 bytes back
Round trip time was 0.172475 milliseconds in repetition 97
tcp_ping received 65536 bytes back
Round trip time was 0.174228 milliseconds in repetition 98
tcp_ping received 65536 bytes back
Round trip time was 0.18358 milliseconds in repetition 99
tcp_ping received 65536 bytes back
Round trip time was 0.183771 milliseconds in repetition 100
tcp_ping received 65536 bytes back
Round trip time was 0.223861 milliseconds in repetition 101
tcp_ping received 65536 bytes back
Round trip time was 0.183574 milliseconds in repetition 102
tcp_ping received 65536 bytes back
Round trip time was 0.210039 milliseconds in repetition 103
tcp_ping received 65536 bytes back
Round trip time was 0.185349 milliseconds in repetition 104
tcp_ping received 65536 bytes back
Round trip time was 0.18814 milliseconds in repetition 105
tcp_ping received 65536 bytes back
Round trip time was 0.174143 milliseconds in repetition 106
tcp_ping received 65536 bytes back
Round trip time was 0.23054 milliseconds in repetition 107
tcp_ping received 65536 bytes back
Round trip time was 0.206807 milliseconds in repetition 108
tcp_ping received 65536 bytes back
Round trip time was 0.412709 milliseconds in repetition 109
tcp_ping received 65536 bytes back
Round trip time was 0.33963 milliseconds in repetition 110
tcp_ping received 65536 bytes back
Round trip time was 0.264673 milliseconds in repetition 111
tcp_ping received 65536 bytes back
Round trip time was 0.294872 milliseconds in repetition 112
tcp_ping received 65536 bytes back
Round trip time was 0.215772 milliseconds in repetition 113
tcp_ping received 65536 bytes back
Round trip time was 0.235921 milliseconds in repetition 114
tcp_ping received 65536 bytes back
Round trip time was 0.184894 milliseconds in repetition 115
tcp_ping received 65536 bytes back
Round trip time was 0.180381 milliseconds in repetition 116
tcp_ping received 65536 bytes back
Round trip time was 0.177587 milliseconds in repetition 117
tcp_ping received 65536 bytes back
Round trip time was 0.296936 milliseconds in repetition 118
tcp_ping received 65536 bytes back
Round trip time was 0.195625 milliseconds in repetition 119
tcp_ping received 65536 bytes back
Round trip time was 0.181783 milliseconds in repetition 120
tcp_ping received 65536 bytes back
Round trip time was 0.255614 milliseconds in repetition 121
tcp_ping received 65536 bytes back
Round trip time was 0.191363 milliseconds in repetition 122
tcp_ping received 65536 bytes back
Round trip time was 0.235196 milliseconds in repetition 123
tcp_ping received 65536 bytes back
Round trip time was 0.307193 milliseconds in repetition 124
tcp_ping received 65536 bytes back
Round trip time was 0.274446 milliseconds in repetition 125
tcp_ping received 65536 bytes back
Round trip time was 0.198104 milliseconds in repetition 126
tcp_ping received 65536 bytes back
Round trip time was 0.348826 milliseconds in repetition 127
tcp_ping received 65536 bytes back
Round trip time was 0.207138 milliseconds in repetition 128
tcp_ping received 65536 bytes back
Round trip time was 0.17921 milliseconds in repetition 129
tcp_ping received 65536 bytes back
Round trip time was 0.189428 milliseconds in repetition 130
tcp_ping received 65536 bytes back
Round trip time was 0.179322 milliseconds in repetition 131
tcp_ping received 65536 bytes back
Round trip time was 0.181751 milliseconds in repetition 132
tcp_ping received 65536 bytes back
Round trip time was 0.22955 milliseconds in repetition 133
tcp_ping received 65536 bytes back
Round trip time was 0.170499 milliseconds in repetition 134
tcp_ping received 65536 bytes back
Round trip time was 0.181352 milliseconds in repetition 135
tcp_ping received 65536 bytes back
Round trip time was 0.242241 milliseconds in repetition 136
tcp_ping received 65536 bytes back
Round trip time was 0.180658 milliseconds in repetition 137
tcp_ping received 65536 bytes back
Round trip time was 0.215924 milliseconds in repetition 138
tcp_ping received 65536 bytes back
Round trip time was 0.175624 milliseconds in repetition 139
tcp_ping received 65536 bytes back
Round trip time was 0.190929 milliseconds in repetition 140
tcp_ping received 65536 bytes back
Round trip time was 0.1955 milliseconds in repetition 141
tcp_ping received 65536 bytes back
Round trip time was 0.249847 milliseconds in repetition 142
tcp_ping received 65536 bytes back
Round trip time was 0.628977 milliseconds in repetition 143
tcp_ping received 65536 bytes back
Round trip time was 0.494848 milliseconds in repetition 144
tcp_ping received 65536 bytes back
Round trip time was 0.308389 milliseconds in repetition 145
tcp_ping received 65536 bytes back
Round trip time was 0.294015 milliseconds in repetition 146
tcp_ping received 65536 bytes back
Round trip time was 0.18459 milliseconds in repetition 147
tcp_ping received 65536 bytes back
Round trip time was 0.174836 milliseconds in repetition 148
tcp_ping received 65536 bytes back
Round trip time was 0.185892 milliseconds in repetition 149
tcp_ping received 65536 bytes back
Round trip time was 0.17915 milliseconds in repetition 150
tcp_ping received 65536 bytes back
Round trip time was 0.172914 milliseconds in repetition 151
tcp_ping received 65536 bytes back
Round trip time was 0.228607 milliseconds in repetition 152
tcp_ping received 65536 bytes back
Round trip time was 0.182084 milliseconds in repetition 153
tcp_ping received 65536 bytes back
Round trip time was 0.18738 milliseconds in repetition 154
tcp_ping received 65536 bytes back
Round trip time was 0.185285 milliseconds in repetition 155
tcp_ping received 65536 bytes back
Round trip time was 0.181666 milliseconds in repetition 156
tcp_ping received 65536 bytes back
Round trip time was 0.231917 milliseconds in repetition 157
tcp_ping received 65536 bytes back
Round trip time was 0.174114 milliseconds in repetition 158
tcp_ping received 65536 bytes back
Round trip time was 0.190384 milliseconds in repetition 159
tcp_ping received 65536 bytes back
Round trip time was 0.232527 milliseconds in repetition 160
tcp_ping received 65536 bytes back
Round trip time was 0.193919 milliseconds in repetition 161
tcp_ping received 65536 bytes back
Round trip time was 0.190683 milliseconds in repetition 162
tcp_ping received 65536 bytes back
Round trip time was 0.246999 milliseconds in repetition 163
tcp_ping received 65536 bytes back
Round trip time was 0.181702 milliseconds in repetition 164
tcp_ping received 65536 bytes back
Round trip time was 0.175424 milliseconds in repetition 165
tcp_ping received 65536 bytes back
Round trip time was 0.173085 milliseconds in repetition 166
tcp_ping received 65536 bytes back
Round trip time was 0.186308 milliseconds in repetition 167
tcp_ping received 65536 bytes back
Round trip time was 0.242767 milliseconds in repetition 168
tcp_ping received 65536 bytes back
Round trip time was 0.205961 milliseconds in repetition 169
tcp_ping received 65536 bytes back
Round trip time was 0.241916 milliseconds in repetition 170
tcp_ping received 65536 bytes back
Round trip time was 0.423363 milliseconds in repetition 171
tcp_ping received 65536 bytes back
Round trip time was 0.183013 milliseconds in repetition 172
tcp_ping received 65536 bytes back
Round trip time was 0.247415 milliseconds in repetition 173
tcp_ping received 65536 bytes back
Round trip time was 0.26544 milliseconds in repetition 174
tcp_ping received 65536 bytes back
Round trip time was 0.222736 milliseconds in repetition 175
tcp_ping received 65536 bytes back
Round trip time was 0.229535 milliseconds in repetition 176
tcp_ping received 65536 bytes back
Round trip time was 0.312434 milliseconds in repetition 177
tcp_ping received 65536 bytes back
Round trip time was 0.259813 milliseconds in repetition 178
tcp_ping received 65536 bytes back
Round trip time was 0.228101 milliseconds in repetition 179
tcp_ping received 65536 bytes back
Round trip time was 0.180504 milliseconds in repetition 180
tcp_ping received 65536 bytes back
Round trip time was 0.18442 milliseconds in repetition 181
tcp_ping received 65536 bytes back
Round trip time was 0.205695 milliseconds in repetition 182
tcp_ping received 65536 bytes back
Round trip time was 0.166968 milliseconds in repetition 183
tcp_ping received 65536 bytes back
Round trip time was 0.182589 milliseconds in repetition 184
tcp_ping received 65536 bytes back
Round trip time was 0.172117 milliseconds in repetition 185
tcp_ping received 65536 bytes back
Round trip time was 0.174437 milliseconds in repetition 186
tcp_ping received 65536 bytes back
Round trip time was 0.172465 milliseconds in repetition 187
tcp_ping received 65536 bytes back
Round trip time was 0.174889 milliseconds in repetition 188
tcp_ping received 65536 bytes back
Round trip time was 0.181785 milliseconds in repetition 189
tcp_ping received 65536 bytes back
Round trip time was 0.186749 milliseconds in repetition 190
tcp_ping received 65536 bytes back
Round trip time was 0.187715 milliseconds in repetition 191
tcp_ping received 65536 bytes back
Round trip time was 0.189174 milliseconds in repetition 192
tcp_ping received 65536 bytes back
Round trip time was 0.192696 milliseconds in repetition 193
tcp_ping received 65536 bytes back
Round trip time was 0.181889 milliseconds in repetition 194
tcp_ping received 65536 bytes back
Round trip time was 0.189375 milliseconds in repetition 195
tcp_ping received 65536 bytes back
Round trip time was 0.185213 milliseconds in repetition 196
tcp_ping received 65536 bytes back
Round trip time was 0.170459 milliseconds in repetition 197
tcp_ping received 65536 bytes back
Round trip time was 0.195036 milliseconds in repetition 198
tcp_ping received 65536 bytes back
Round trip time was 0.180804 milliseconds in repetition 199
tcp_ping received 65536 bytes back
Round trip time was 0.180345 milliseconds in repetition 200
tcp_ping received 65536 bytes back
Round trip time was 0.171175 milliseconds in repetition 201
tcp_ping received 65536 bytes back
Round trip time was 0.169265 milliseconds in repetition 202
tcp_ping received 65536 bytes back
Round trip time was 0.173494 milliseconds in repetition 203
tcp_ping received 65536 bytes back
Round trip time was 0.177337 milliseconds in repetition 204
tcp_ping received 65536 bytes back
Round trip time was 0.173298 milliseconds in repetition 205
tcp_ping received 65536 bytes back
Round trip time was 0.177569 milliseconds in repetition 206
tcp_ping received 65536 bytes back
Round trip time was 0.242823 milliseconds in repetition 207
tcp_ping received 65536 bytes back
Round trip time was 0.198997 milliseconds in repetition 208
tcp_ping received 65536 bytes back
Round trip time was 0.182143 milliseconds in repetition 209
tcp_ping received 65536 bytes back
Round trip time was 0.176048 milliseconds in repetition 210
tcp_ping received 65536 bytes back
Round trip time was 0.18191 milliseconds in repetition 211
tcp_ping received 65536 bytes back
Round trip time was 0.19596 milliseconds in repetition 212
tcp_ping received 65536 bytes back
Round trip time was 0.171898 milliseconds in repetition 213
tcp_ping received 65536 bytes back
Round trip time was 0.177935 milliseconds in repetition 214
tcp_ping received 65536 bytes back
Round trip time was 0.186898 milliseconds in repetition 215
tcp_ping received 65536 bytes back
Round trip time was 0.729192 milliseconds in repetition 216
tcp_ping received 65536 bytes back
Round trip time was 0.332884 milliseconds in repetition 217
tcp_ping received 65536 bytes back
Round trip time was 0.192228 milliseconds in repetition 218
tcp_ping received 65536 bytes back
Round trip time was 0.36248 milliseconds in repetition 219
tcp_ping received 65536 bytes back
Round trip time was 0.181862 milliseconds in repetition 220
tcp_ping received 65536 bytes back
Round trip time was 0.184136 milliseconds in repetition 221
tcp_ping received 65536 bytes back
Round trip time was 0.196795 milliseconds in repetition 222
tcp_ping received 65536 bytes back
Round trip time was 0.191035 milliseconds in repetition 223
tcp_ping received 65536 bytes back
Round trip time was 0.179621 milliseconds in repetition 224
tcp_ping received 65536 bytes back
Round trip time was 0.193086 milliseconds in repetition 225
tcp_ping received 65536 bytes back
Round trip time was 0.172481 milliseconds in repetition 226
tcp_ping received 65536 bytes back
Round trip time was 0.188944 milliseconds in repetition 227
tcp_ping received 65536 bytes back
Round trip time was 0.185672 milliseconds in repetition 228
tcp_ping received 65536 bytes back
Round trip time was 0.190368 milliseconds in repetition 229
tcp_ping received 65536 bytes back
Round trip time was 0.182688 milliseconds in repetition 230
tcp_ping received 65536 bytes back
Round trip time was 0.172021 milliseconds in repetition 231
tcp_ping received 65536 bytes back
Round trip time was 0.17072 milliseconds in repetition 232
tcp_ping received 65536 bytes back
Round trip time was 0.183781 milliseconds in repetition 233
tcp_ping received 65536 bytes back
Round trip time was 0.236967 milliseconds in repetition 234
tcp_ping received 65536 bytes back
Round trip time was 0.195125 milliseconds in repetition 235
tcp_ping received 65536 bytes back
Round trip time was 0.169005 milliseconds in repetition 236
tcp_ping received 65536 bytes back
Round trip time was 0.180597 milliseconds in repetition 237
tcp_ping received 65536 bytes back
Round trip time was 0.179707 milliseconds in repetition 238
tcp_ping received 65536 bytes back
Round trip time was 0.180922 milliseconds in repetition 239
tcp_ping received 65536 bytes back
Round trip time was 0.18801 milliseconds in repetition 240
tcp_ping received 65536 bytes back
Round trip time was 0.168778 milliseconds in repetition 241
tcp_ping received 65536 bytes back
Round trip time was 0.176506 milliseconds in repetition 242
tcp_ping received 65536 bytes back
Round trip time was 0.179681 milliseconds in repetition 243
tcp_ping received 65536 bytes back
Round trip time was 0.168848 milliseconds in repetition 244
tcp_ping received 65536 bytes back
Round trip time was 0.171076 milliseconds in repetition 245
tcp_ping received 65536 bytes back
Round trip time was 0.179623 milliseconds in repetition 246
tcp_ping received 65536 bytes back
Round trip time was 0.201268 milliseconds in repetition 247
tcp_ping received 65536 bytes back
Round trip time was 0.205955 milliseconds in repetition 248
tcp_ping received 65536 bytes back
Round trip time was 0.175863 milliseconds in repetition 249
tcp_ping received 65536 bytes back
Round trip time was 0.176952 milliseconds in repetition 250
tcp_ping received 65536 bytes back
Round trip time was 0.38438 milliseconds in repetition 251
tcp_ping received 65536 bytes back
Round trip time was 0.190317 milliseconds in repetition 252
tcp_ping received 65536 bytes back
Round trip time was 0.214603 milliseconds in repetition 253
tcp_ping received 65536 bytes back
Round trip time was 0.322141 milliseconds in repetition 254
tcp_ping received 65536 bytes back
Round trip time was 0.20145 milliseconds in repetition 255
tcp_ping received 65536 bytes back
Round trip time was 0.301595 milliseconds in repetition 256
tcp_ping received 65536 bytes back
Round trip time was 0.372491 milliseconds in repetition 257
tcp_ping received 65536 bytes back
Round trip time was 0.42388 milliseconds in repetition 258
tcp_ping received 65536 bytes back
Round trip time was 0.186754 milliseconds in repetition 259
tcp_ping received 65536 bytes back
Round trip time was 0.209674 milliseconds in repetition 260
tcp_ping received 65536 bytes back
Round trip time was 0.268563 milliseconds in repetition 261
tcp_ping received 65536 bytes back
Round trip time was 0.203936 milliseconds in repetition 262
tcp_ping received 65536 bytes back
Round trip time was 0.24787 milliseconds in repetition 263
tcp_ping received 65536 bytes back
Round trip time was 0.173439 milliseconds in repetition 264
tcp_ping received 65536 bytes back
Round trip time was 0.195352 milliseconds in repetition 265
tcp_ping received 65536 bytes back
Round trip time was 0.176667 milliseconds in repetition 266
tcp_ping received 65536 bytes back
Round trip time was 0.176062 milliseconds in repetition 267
tcp_ping received 65536 bytes back
Round trip time was 0.191717 milliseconds in repetition 268
tcp_ping received 65536 bytes back
Round trip time was 0.192439 milliseconds in repetition 269
tcp_ping received 65536 bytes back
Round trip time was 0.191512 milliseconds in repetition 270
tcp_ping received 65536 bytes back
Round trip time was 0.170147 milliseconds in repetition 271
tcp_ping received 65536 bytes back
Round trip time was 0.171603 milliseconds in repetition 272
tcp_ping received 65536 bytes back
Round trip time was 0.169403 milliseconds in repetition 273
tcp_ping received 65536 bytes back
Round trip time was 0.170841 milliseconds in repetition 274
tcp_ping received 65536 bytes back
Round trip time was 0.173577 milliseconds in repetition 275
tcp_ping received 65536 bytes back
Round trip time was 0.177313 milliseconds in repetition 276
tcp_ping received 65536 bytes back
Round trip time was 0.175001 milliseconds in repetition 277
tcp_ping received 65536 bytes back
Round trip time was 0.171988 milliseconds in repetition 278
tcp_ping received 65536 bytes back
Round trip time was 0.213616 milliseconds in repetition 279
tcp_ping received 65536 bytes back
Round trip time was 0.234636 milliseconds in repetition 280
tcp_ping received 65536 bytes back
Round trip time was 0.187987 milliseconds in repetition 281
tcp_ping received 65536 bytes back
Round trip time was 0.197125 milliseconds in repetition 282
tcp_ping received 65536 bytes back
Round trip time was 0.249646 milliseconds in repetition 283
tcp_ping received 65536 bytes back
Round trip time was 0.196459 milliseconds in repetition 284
tcp_ping received 65536 bytes back
Round trip time was 0.379948 milliseconds in repetition 285
tcp_ping received 65536 bytes back
Round trip time was 0.19626 milliseconds in repetition 286
tcp_ping received 65536 bytes back
Round trip time was 0.226019 milliseconds in repetition 287
tcp_ping received 65536 bytes back
Round trip time was 0.185109 milliseconds in repetition 288
tcp_ping received 65536 bytes back
Round trip time was 0.174374 milliseconds in repetition 289
tcp_ping received 65536 bytes back
Round trip time was 0.179643 milliseconds in repetition 290
tcp_ping received 65536 bytes back
Round trip time was 0.17716 milliseconds in repetition 291
tcp_ping received 65536 bytes back
Round trip time was 0.247824 milliseconds in repetition 292
tcp_ping received 65536 bytes back
Round trip time was 0.260515 milliseconds in repetition 293
tcp_ping received 65536 bytes back
Round trip time was 0.318299 milliseconds in repetition 294
tcp_ping received 65536 bytes back
Round trip time was 0.20189 milliseconds in repetition 295
tcp_ping received 65536 bytes back
Round trip time was 0.304229 milliseconds in repetition 296
tcp_ping received 65536 bytes back
Round trip time was 0.214513 milliseconds in repetition 297
tcp_ping received 65536 bytes back
Round trip time was 0.197316 milliseconds in repetition 298
tcp_ping received 65536 bytes back
Round trip time was 0.178182 milliseconds in repetition 299
tcp_ping received 65536 bytes back
Round trip time was 0.221075 milliseconds in repetition 300
tcp_ping received 65536 bytes back
Round trip time was 0.171376 milliseconds in repetition 301
tcp_ping received 65536 bytes back
Round trip time was 0.184924 milliseconds in repetition 302
tcp_ping received 65536 bytes back
Round trip time was 0.20632 milliseconds in repetition 303
tcp_ping received 65536 bytes back
Round trip time was 0.192455 milliseconds in repetition 304
tcp_ping received 65536 bytes back
Round trip time was 0.216226 milliseconds in repetition 305
tcp_ping received 65536 bytes back
Round trip time was 0.176498 milliseconds in repetition 306
tcp_ping received 65536 bytes back
Round trip time was 0.179628 milliseconds in repetition 307
tcp_ping received 65536 bytes back
Round trip time was 0.197295 milliseconds in repetition 308
tcp_ping received 65536 bytes back
Round trip time was 0.19848 milliseconds in repetition 309
tcp_ping received 65536 bytes back
Round trip time was 0.179314 milliseconds in repetition 310
tcp_ping received 65536 bytes back
Round trip time was 0.242887 milliseconds in repetition 311
tcp_ping received 65536 bytes back
Round trip time was 0.435078 milliseconds in repetition 312
tcp_ping received 65536 bytes back
Round trip time was 0.188214 milliseconds in repetition 313
tcp_ping received 65536 bytes back
Round trip time was 0.205413 milliseconds in repetition 314
tcp_ping received 65536 bytes back
Round trip time was 0.18852 milliseconds in repetition 315
tcp_ping received 65536 bytes back
Round trip time was 0.169848 milliseconds in repetition 316
tcp_ping received 65536 bytes back
Round trip time was 0.180543 milliseconds in repetition 317
tcp_ping received 65536 bytes back
Round trip time was 0.183624 milliseconds in repetition 318
tcp_ping received 65536 bytes back
Round trip time was 0.195726 milliseconds in repetition 319
tcp_ping received 65536 bytes back
Round trip time was 0.178803 milliseconds in repetition 320
tcp_ping received 65536 bytes back
Round trip time was 0.186059 milliseconds in repetition 321
tcp_ping received 65536 bytes back
Round trip time was 0.180524 milliseconds in repetition 322
tcp_ping received 65536 bytes back
Round trip time was 0.173533 milliseconds in repetition 323
tcp_ping received 65536 bytes back
Round trip time was 0.229402 milliseconds in repetition 324
tcp_ping received 65536 bytes back
Round trip time was 0.495873 milliseconds in repetition 325
tcp_ping received 65536 bytes back
Round trip time was 0.386808 milliseconds in repetition 326
tcp_ping received 65536 bytes back
Round trip time was 0.21157 milliseconds in repetition 327
tcp_ping received 65536 bytes back
Round trip time was 0.327039 milliseconds in repetition 328
tcp_ping received 65536 bytes back
Round trip time was 0.207009 milliseconds in repetition 329
tcp_ping received 65536 bytes back
Round trip time was 0.182952 milliseconds in repetition 330
tcp_ping received 65536 bytes back
Round trip time was 0.204354 milliseconds in repetition 331
tcp_ping received 65536 bytes back
Round trip time was 0.202861 milliseconds in repetition 332
tcp_ping received 65536 bytes back
Round trip time was 0.185085 milliseconds in repetition 333
tcp_ping received 65536 bytes back
Round trip time was 0.212716 milliseconds in repetition 334
tcp_ping received 65536 bytes back
Round trip time was 0.244641 milliseconds in repetition 335
tcp_ping received 65536 bytes back
Round trip time was 0.242623 milliseconds in repetition 336
tcp_ping received 65536 bytes back
Round trip time was 0.308783 milliseconds in repetition 337
tcp_ping received 65536 bytes back
Round trip time was 0.205422 milliseconds in repetition 338
tcp_ping received 65536 bytes back
Round trip time was 0.202776 milliseconds in repetition 339
tcp_ping received 65536 bytes back
Round trip time was 0.18738 milliseconds in repetition 340
tcp_ping received 65536 bytes back
Round trip time was 0.196242 milliseconds in repetition 341
tcp_ping received 65536 bytes back
Round trip time was 0.208131 milliseconds in repetition 342
tcp_ping received 65536 bytes back
Round trip time was 0.41276 milliseconds in repetition 343
tcp_ping received 65536 bytes back
Round trip time was 0.297204 milliseconds in repetition 344
tcp_ping received 65536 bytes back
Round trip time was 0.212136 milliseconds in repetition 345
tcp_ping received 65536 bytes back
Round trip time was 0.256132 milliseconds in repetition 346
tcp_ping received 65536 bytes back
Round trip time was 0.193277 milliseconds in repetition 347
tcp_ping received 65536 bytes back
Round trip time was 0.179176 milliseconds in repetition 348
tcp_ping received 65536 bytes back
Round trip time was 0.191394 milliseconds in repetition 349
tcp_ping received 65536 bytes back
Round trip time was 0.219251 milliseconds in repetition 350
tcp_ping received 65536 bytes back
Round trip time was 0.18003 milliseconds in repetition 351
tcp_ping received 65536 bytes back
Round trip time was 0.546934 milliseconds in repetition 352
tcp_ping received 65536 bytes back
Round trip time was 0.200292 milliseconds in repetition 353
tcp_ping received 65536 bytes back
Round trip time was 0.198976 milliseconds in repetition 354
tcp_ping received 65536 bytes back
Round trip time was 0.21232 milliseconds in repetition 355
tcp_ping received 65536 bytes back
Round trip time was 0.197258 milliseconds in repetition 356
tcp_ping received 65536 bytes back
Round trip time was 0.26494 milliseconds in repetition 357
tcp_ping received 65536 bytes back
Round trip time was 0.18136 milliseconds in repetition 358
tcp_ping received 65536 bytes back
Round trip time was 0.177506 milliseconds in repetition 359
tcp_ping received 65536 bytes back
Round trip time was 0.180434 milliseconds in repetition 360
tcp_ping received 65536 bytes back
Round trip time was 0.182723 milliseconds in repetition 361
tcp_ping received 65536 bytes back
Round trip time was 0.193563 milliseconds in repetition 362
tcp_ping received 65536 bytes back
Round trip time was 0.186213 milliseconds in repetition 363
tcp_ping received 65536 bytes back
Round trip time was 0.181822 milliseconds in repetition 364
tcp_ping received 65536 bytes back
Round trip time was 0.177603 milliseconds in repetition 365
tcp_ping received 65536 bytes back
Round trip time was 0.180935 milliseconds in repetition 366
tcp_ping received 65536 bytes back
Round trip time was 0.174761 milliseconds in repetition 367
tcp_ping received 65536 bytes back
Round trip time was 0.170388 milliseconds in repetition 368
tcp_ping received 65536 bytes back
Round trip time was 0.23784 milliseconds in repetition 369
tcp_ping received 65536 bytes back
Round trip time was 0.18857 milliseconds in repetition 370
tcp_ping received 65536 bytes back
Round trip time was 0.302141 milliseconds in repetition 371
tcp_ping received 65536 bytes back
Round trip time was 0.221752 milliseconds in repetition 372
tcp_ping received 65536 bytes back
Round trip time was 0.231179 milliseconds in repetition 373
tcp_ping received 65536 bytes back
Round trip time was 0.189884 milliseconds in repetition 374
tcp_ping received 65536 bytes back
Round trip time was 0.212961 milliseconds in repetition 375
tcp_ping received 65536 bytes back
Round trip time was 0.232526 milliseconds in repetition 376
tcp_ping received 65536 bytes back
Round trip time was 0.210628 milliseconds in repetition 377
tcp_ping received 65536 bytes back
Round trip time was 0.22365 milliseconds in repetition 378
tcp_ping received 65536 bytes back
Round trip time was 0.19801 milliseconds in repetition 379
tcp_ping received 65536 bytes back
Round trip time was 0.179134 milliseconds in repetition 380
tcp_ping received 65536 bytes back
Round trip time was 0.262504 milliseconds in repetition 381
tcp_ping received 65536 bytes back
Round trip time was 0.21499 milliseconds in repetition 382
tcp_ping received 65536 bytes back
Round trip time was 0.209137 milliseconds in repetition 383
tcp_ping received 65536 bytes back
Round trip time was 0.193401 milliseconds in repetition 384
tcp_ping received 65536 bytes back
Round trip time was 0.183762 milliseconds in repetition 385
tcp_ping received 65536 bytes back
Round trip time was 0.547986 milliseconds in repetition 386
tcp_ping received 65536 bytes back
Round trip time was 0.225358 milliseconds in repetition 387
tcp_ping received 65536 bytes back
Round trip time was 0.187734 milliseconds in repetition 388
tcp_ping received 65536 bytes back
Round trip time was 0.258109 milliseconds in repetition 389
tcp_ping received 65536 bytes back
Round trip time was 0.187609 milliseconds in repetition 390
tcp_ping received 65536 bytes back
Round trip time was 0.179303 milliseconds in repetition 391
tcp_ping received 65536 bytes back
Round trip time was 0.186664 milliseconds in repetition 392
tcp_ping received 65536 bytes back
Round trip time was 0.33331 milliseconds in repetition 393
tcp_ping received 65536 bytes back
Round trip time was 0.200938 milliseconds in repetition 394
tcp_ping received 65536 bytes back
Round trip time was 0.202576 milliseconds in repetition 395
tcp_ping received 65536 bytes back
Round trip time was 0.208809 milliseconds in repetition 396
tcp_ping received 65536 bytes back
Round trip time was 0.184055 milliseconds in repetition 397
tcp_ping received 65536 bytes back
Round trip time was 0.185218 milliseconds in repetition 398
tcp_ping received 65536 bytes back
Round trip time was 0.189921 milliseconds in repetition 399
tcp_ping received 65536 bytes back
Round trip time was 0.191278 milliseconds in repetition 400
tcp_ping received 65536 bytes back
Round trip time was 0.174992 milliseconds in repetition 401
tcp_ping received 65536 bytes back
Round trip time was 0.173234 milliseconds in repetition 402
tcp_ping received 65536 bytes back
Round trip time was 0.227748 milliseconds in repetition 403
tcp_ping received 65536 bytes back
Round trip time was 0.216913 milliseconds in repetition 404
tcp_ping received 65536 bytes back
Round trip time was 0.288654 milliseconds in repetition 405
tcp_ping received 65536 bytes back
Round trip time was 0.223285 milliseconds in repetition 406
tcp_ping received 65536 bytes back
Round trip time was 0.2596 milliseconds in repetition 407
tcp_ping received 65536 bytes back
Round trip time was 0.204488 milliseconds in repetition 408
tcp_ping received 65536 bytes back
Round trip time was 0.190389 milliseconds in repetition 409
tcp_ping received 65536 bytes back
Round trip time was 0.186024 milliseconds in repetition 410
tcp_ping received 65536 bytes back
Round trip time was 0.213288 milliseconds in repetition 411
tcp_ping received 65536 bytes back
Round trip time was 0.219128 milliseconds in repetition 412
tcp_ping received 65536 bytes back
Round trip time was 0.192909 milliseconds in repetition 413
tcp_ping received 65536 bytes back
Round trip time was 0.182317 milliseconds in repetition 414
tcp_ping received 65536 bytes back
Round trip time was 0.172813 milliseconds in repetition 415
tcp_ping received 65536 bytes back
Round trip time was 0.457004 milliseconds in repetition 416
tcp_ping received 65536 bytes back
Round trip time was 0.18085 milliseconds in repetition 417
tcp_ping received 65536 bytes back
Round trip time was 0.177779 milliseconds in repetition 418
tcp_ping received 65536 bytes back
Round trip time was 0.170886 milliseconds in repetition 419
tcp_ping received 65536 bytes back
Round trip time was 0.172402 milliseconds in repetition 420
tcp_ping received 65536 bytes back
Round trip time was 0.179354 milliseconds in repetition 421
tcp_ping received 65536 bytes back
Round trip time was 0.232972 milliseconds in repetition 422
tcp_ping received 65536 bytes back
Round trip time was 0.205557 milliseconds in repetition 423
tcp_ping received 65536 bytes back
Round trip time was 0.270023 milliseconds in repetition 424
tcp_ping received 65536 bytes back
Round trip time was 0.190419 milliseconds in repetition 425
tcp_ping received 65536 bytes back
Round trip time was 0.193988 milliseconds in repetition 426
tcp_ping received 65536 bytes back
Round trip time was 0.179827 milliseconds in repetition 427
tcp_ping received 65536 bytes back
Round trip time was 0.173615 milliseconds in repetition 428
tcp_ping received 65536 bytes back
Round trip time was 0.173418 milliseconds in repetition 429
tcp_ping received 65536 bytes back
Round trip time was 0.177817 milliseconds in repetition 430
tcp_ping received 65536 bytes back
Round trip time was 0.227352 milliseconds in repetition 431
tcp_ping received 65536 bytes back
Round trip time was 0.222509 milliseconds in repetition 432
tcp_ping received 65536 bytes back
Round trip time was 0.239933 milliseconds in repetition 433
tcp_ping received 65536 bytes back
Round trip time was 0.245198 milliseconds in repetition 434
tcp_ping received 65536 bytes back
Round trip time was 0.195413 milliseconds in repetition 435
tcp_ping received 65536 bytes back
Round trip time was 0.235079 milliseconds in repetition 436
tcp_ping received 65536 bytes back
Round trip time was 0.270915 milliseconds in repetition 437
tcp_ping received 65536 bytes back
Round trip time was 0.247939 milliseconds in repetition 438
tcp_ping received 65536 bytes back
Round trip time was 0.276854 milliseconds in repetition 439
tcp_ping received 65536 bytes back
Round trip time was 0.210931 milliseconds in repetition 440
tcp_ping received 65536 bytes back
Round trip time was 0.260796 milliseconds in repetition 441
tcp_ping received 65536 bytes back
Round trip time was 0.201499 milliseconds in repetition 442
tcp_ping received 65536 bytes back
Round trip time was 0.22522 milliseconds in repetition 443
tcp_ping received 65536 bytes back
Round trip time was 0.200859 milliseconds in repetition 444
tcp_ping received 65536 bytes back
Round trip time was 0.188476 milliseconds in repetition 445
tcp_ping received 65536 bytes back
Round trip time was 0.183885 milliseconds in repetition 446
tcp_ping received 65536 bytes back
Round trip time was 0.194594 milliseconds in repetition 447
tcp_ping received 65536 bytes back
Round trip time was 0.185062 milliseconds in repetition 448
tcp_ping received 65536 bytes back
Round trip time was 0.192526 milliseconds in repetition 449
tcp_ping received 65536 bytes back
Round trip time was 0.16546 milliseconds in repetition 450
tcp_ping received 65536 bytes back
Round trip time was 0.423416 milliseconds in repetition 451
tcp_ping received 65536 bytes back
Round trip time was 0.187067 milliseconds in repetition 452
tcp_ping received 65536 bytes back
Round trip time was 0.188504 milliseconds in repetition 453
tcp_ping received 65536 bytes back
Round trip time was 0.276945 milliseconds in repetition 454
tcp_ping received 65536 bytes back
Round trip time was 0.188397 milliseconds in repetition 455
tcp_ping received 65536 bytes back
Round trip time was 0.210266 milliseconds in repetition 456
tcp_ping received 65536 bytes back
Round trip time was 0.264314 milliseconds in repetition 457
tcp_ping received 65536 bytes back
Round trip time was 0.214339 milliseconds in repetition 458
tcp_ping received 65536 bytes back
Round trip time was 0.352638 milliseconds in repetition 459
tcp_ping received 65536 bytes back
Round trip time was 0.19994 milliseconds in repetition 460
tcp_ping received 65536 bytes back
Round trip time was 0.303825 milliseconds in repetition 461
tcp_ping received 65536 bytes back
Round trip time was 0.242283 milliseconds in repetition 462
tcp_ping received 65536 bytes back
Round trip time was 0.258945 milliseconds in repetition 463
tcp_ping received 65536 bytes back
Round trip time was 0.185514 milliseconds in repetition 464
tcp_ping received 65536 bytes back
Round trip time was 0.21089 milliseconds in repetition 465
tcp_ping received 65536 bytes back
Round trip time was 0.189197 milliseconds in repetition 466
tcp_ping received 65536 bytes back
Round trip time was 0.190246 milliseconds in repetition 467
tcp_ping received 65536 bytes back
Round trip time was 0.178185 milliseconds in repetition 468
tcp_ping received 65536 bytes back
Round trip time was 0.174644 milliseconds in repetition 469
tcp_ping received 65536 bytes back
Round trip time was 0.239152 milliseconds in repetition 470
tcp_ping received 65536 bytes back
Round trip time was 0.173348 milliseconds in repetition 471
tcp_ping received 65536 bytes back
Round trip time was 0.18845 milliseconds in repetition 472
tcp_ping received 65536 bytes back
Round trip time was 0.192508 milliseconds in repetition 473
tcp_ping received 65536 bytes back
Round trip time was 0.249931 milliseconds in repetition 474
tcp_ping received 65536 bytes back
Round trip time was 0.199126 milliseconds in repetition 475
tcp_ping received 65536 bytes back
Round trip time was 0.188159 milliseconds in repetition 476
tcp_ping received 65536 bytes back
Round trip time was 0.207465 milliseconds in repetition 477
tcp_ping received 65536 bytes back
Round trip time was 0.198347 milliseconds in repetition 478
tcp_ping received 65536 bytes back
Round trip time was 0.177626 milliseconds in repetition 479
tcp_ping received 65536 bytes back
Round trip time was 0.171285 milliseconds in repetition 480
tcp_ping received 65536 bytes back
Round trip time was 0.184789 milliseconds in repetition 481
tcp_ping received 65536 bytes back
Round trip time was 0.173674 milliseconds in repetition 482
tcp_ping received 65536 bytes back
Round trip time was 0.185715 milliseconds in repetition 483
tcp_ping received 65536 bytes back
Round trip time was 0.177344 milliseconds in repetition 484
tcp_ping received 65536 bytes back
Round trip time was 0.186704 milliseconds in repetition 485
tcp_ping received 65536 bytes back
Round trip time was 0.285706 milliseconds in repetition 486
tcp_ping received 65536 bytes back
Round trip time was 0.191994 milliseconds in repetition 487
tcp_ping received 65536 bytes back
Round trip time was 0.246303 milliseconds in repetition 488
tcp_ping received 65536 bytes back
Round trip time was 0.216852 milliseconds in repetition 489
tcp_ping received 65536 bytes back
Round trip time was 0.186422 milliseconds in repetition 490
tcp_ping received 65536 bytes back
Round trip time was 0.189099 milliseconds in repetition 491
tcp_ping received 65536 bytes back
Round trip time was 0.193174 milliseconds in repetition 492
tcp_ping received 65536 bytes back
Round trip time was 0.180429 milliseconds in repetition 493
tcp_ping received 65536 bytes back
Round trip time was 0.17714 milliseconds in repetition 494
tcp_ping received 65536 bytes back
Round trip time was 0.218423 milliseconds in repetition 495
tcp_ping received 65536 bytes back
Round trip time was 0.19648 milliseconds in repetition 496
tcp_ping received 65536 bytes back
Round trip time was 0.189907 milliseconds in repetition 497
tcp_ping received 65536 bytes back
Round trip time was 0.173287 milliseconds in repetition 498
tcp_ping received 65536 bytes back
Round trip time was 0.170875 milliseconds in repetition 499
tcp_ping received 65536 bytes back
Round trip time was 0.170534 milliseconds in repetition 500
tcp_ping received 65536 bytes back
Round trip time was 0.196076 milliseconds in repetition 501

 ... clock resolution was 1e-06
TCP Ping:  Statistics over 501 repetitions of 65536 byte messages

RTT : percentile 10: 0.173287, median: 0.189197, percentile 90: 0.26544, average: 0.212606, variance: 0.00418426

RTT histogram:
0.163244 100
0.191541 237
0.219838 66
0.248136 42
0.276433 15
0.304731 14
0.333028 5
0.361326 4
0.389623 3
0.417921 5
0.446218 2
0.474515 2
0.502813 2
0.53111 0
0.559408 2
0.587705 0
0.616003 1
0.6443 0
0.672598 0
0.700895 0
0.729192 1

   median Throughput : 692781 KB/s   overall Throughput : 616502 KB/s

